{"Event":{"System":{"Provider":{"@Name":"Microsoft-Windows-Sysmon","@Guid":"5770385f-c22a-43e0-bf4c-06f5698ffbd9"},"EventID":"1","Version":"5","Level":"4","Task":"1","Opcode":"0","Keywords":"0x8000000000000000","TimeCreated":{"@SystemTime":"2024-10-21 09:34:45.0200588"},"EventRecordID":"18003","Correlation":null,"Execution":{"@ProcessID":"2948","@ThreadID":"4496"},"Channel":"Microsoft-Windows-Sysmon/Operational","Computer":"Server002","Security":{"@UserID":"S-1-5-18"}},"EventData":{"Data":[{"@Name":"RuleName","#text":"-"},{"@Name":"UtcTime","#text":"2024-10-21 09:34:45.016"},{"@Name":"ProcessGuid","#text":"dbf410b3-2035-6716-db00-000000003900"},{"@Name":"ProcessId","#text":"736"},{"@Name":"Image","#text":"C:\\Windows\\System32\\nslookup.exe"},{"@Name":"FileVersion","#text":"10.0.19041.1 (WinBuild.160101.0800)"},{"@Name":"Description","#text":"nslookup"},{"@Name":"Product","#text":"Microsoft® Windows® Operating System"},{"@Name":"Company","#text":"Microsoft Corporation"},{"@Name":"OriginalFileName","#text":"nslookup.exe"},{"@Name":"CommandLine","#text":"nslookup  192.168.0.12"},{"@Name":"CurrentDirectory","#text":"C:\\Users\\admin_test\\AppData\\Local\\Temp\\"},{"@Name":"User","#text":"SERVER002\\admin_test"},{"@Name":"LogonGuid","#text":"dbf410b3-2044-6716-0b1e-0a0000000000"},{"@Name":"LogonId","#text":"0xA1E0B"},{"@Name":"TerminalSessionId","#text":"0"},{"@Name":"IntegrityLevel","#text":"High"},{"@Name":"Hashes","#text":"SHA256=55AB032D256ADBE3FDE40CF90FE83BA5EAB591E04AD720161ED8E6EF059CA747"},{"@Name":"ParentProcessGuid","#text":"dbf410b3-2035-6716-da00-000000003900"},{"@Name":"ParentProcessId","#text":"5988"},{"@Name":"ParentImage","#text":"C:\\Windows\\System32\\cmd.exe"},{"@Name":"ParentCommandLine","#text":"\"C:\\Windows\\system32\\cmd.exe\" /c nslookup 192.168.0.12"},{"@Name":"ParentUser","#text":"SERVER002\\admin_test"}]}}}
{"Event":{"System":{"Provider":{"@Name":"Microsoft-Windows-Sysmon","@Guid":"5770385f-c22a-43e0-bf4c-06f5698ffbd9"},"EventID":"5","Version":"3","Level":"4","Task":"5","Opcode":"0","Keywords":"0x8000000000000000","TimeCreated":{"@SystemTime":"2024-10-21 09:34:45.0580067"},"EventRecordID":"18004","Correlation":null,"Execution":{"@ProcessID":"2948","@ThreadID":"4496"},"Channel":"Microsoft-Windows-Sysmon/Operational","Computer":"Server002","Security":{"@UserID":"S-1-5-18"}},"EventData":{"Data":[{"@Name":"RuleName","#text":"-"},{"@Name":"UtcTime","#text":"2024-10-21 09:34:45.049"},{"@Name":"ProcessGuid","#text":"dbf410b3-2035-6716-db00-000000003900"},{"@Name":"ProcessId","#text":"736"},{"@Name":"Image","#text":"C:\\Windows\\System32\\nslookup.exe"},{"@Name":"User","#text":"SERVER002\\admin_test"}]}}}
{"Event":{"System":{"Provider":{"@Name":"Microsoft-Windows-Sysmon","@Guid":"5770385f-c22a-43e0-bf4c-06f5698ffbd9"},"EventID":"5","Version":"3","Level":"4","Task":"5","Opcode":"0","Keywords":"0x8000000000000000","TimeCreated":{"@SystemTime":"2024-10-21 09:34:45.0602024"},"EventRecordID":"18005","Correlation":null,"Execution":{"@ProcessID":"2948","@ThreadID":"4496"},"Channel":"Microsoft-Windows-Sysmon/Operational","Computer":"Server002","Security":{"@UserID":"S-1-5-18"}},"EventData":{"Data":[{"@Name":"RuleName","#text":"-"},{"@Name":"UtcTime","#text":"2024-10-21 09:34:45.049"},{"@Name":"ProcessGuid","#text":"dbf410b3-2035-6716-da00-000000003900"},{"@Name":"ProcessId","#text":"5988"},{"@Name":"Image","#text":"C:\\Windows\\System32\\cmd.exe"},{"@Name":"User","#text":"SERVER002\\admin_test"}]}}}
{"Event":{"System":{"Provider":{"@Name":"Microsoft-Windows-Sysmon","@Guid":"5770385f-c22a-43e0-bf4c-06f5698ffbd9"},"EventID":"1","Version":"5","Level":"4","Task":"1","Opcode":"0","Keywords":"0x8000000000000000","TimeCreated":{"@SystemTime":"2024-10-21 09:34:45.0718895"},"EventRecordID":"18006","Correlation":null,"Execution":{"@ProcessID":"2948","@ThreadID":"4496"},"Channel":"Microsoft-Windows-Sysmon/Operational","Computer":"Server002","Security":{"@UserID":"S-1-5-18"}},"EventData":{"Data":[{"@Name":"RuleName","#text":"-"},{"@Name":"UtcTime","#text":"2024-10-21 09:34:45.064"},{"@Name":"ProcessGuid","#text":"dbf410b3-2035-6716-dc00-000000003900"},{"@Name":"ProcessId","#text":"1592"},{"@Name":"Image","#text":"C:\\Windows\\System32\\cmd.exe"},{"@Name":"FileVersion","#text":"10.0.19041.4355 (WinBuild.160101.0800)"},{"@Name":"Description","#text":"Windows Command Processor"},{"@Name":"Product","#text":"Microsoft® Windows® Operating System"},{"@Name":"Company","#text":"Microsoft Corporation"},{"@Name":"OriginalFileName","#text":"Cmd.Exe"},{"@Name":"CommandLine","#text":"\"C:\\Windows\\system32\\cmd.exe\" /c nslookup 192.168.0.13"},{"@Name":"CurrentDirectory","#text":"C:\\Users\\admin_test\\AppData\\Local\\Temp\\"},{"@Name":"User","#text":"SERVER002\\admin_test"},{"@Name":"LogonGuid","#text":"dbf410b3-2044-6716-0b1e-0a0000000000"},{"@Name":"LogonId","#text":"0xA1E0B"},{"@Name":"TerminalSessionId","#text":"0"},{"@Name":"IntegrityLevel","#text":"High"},{"@Name":"Hashes","#text":"SHA256=BADF4752413CB0CBDC03FB95820CA167F0CDC63B597CCDB5EF43111180E088B0"},{"@Name":"ParentProcessGuid","#text":"dbf410b3-2031-6716-c000-000000003900"},{"@Name":"ParentProcessId","#text":"5156"},{"@Name":"ParentImage","#text":"C:\\Windows\\System32\\WindowsPowerShell\\v1.0\\powershell.exe"},{"@Name":"ParentCommandLine","#text":"\"powershell.exe\" &amp; {$localip = ((ipconfig | findstr [0-9].\\.)[0]).Split()[-1], $pieces = $localip.split(\\\"\".\\\"\"), $firstOctet = $pieces[0], $secondOctet = $pieces[1], $thirdOctet = $pieces[2], foreach ($ip in 1..255 | % { \\\"\"$firstOctet.$secondOctet.$thirdOctet.$_\\\"\" } ) {cmd.exe /c nslookup $ip}}"},{"@Name":"ParentUser","#text":"SERVER002\\admin_test"}]}}}
{"Event":{"System":{"Provider":{"@Name":"Microsoft-Windows-Sysmon","@Guid":"5770385f-c22a-43e0-bf4c-06f5698ffbd9"},"EventID":"1","Version":"5","Level":"4","Task":"1","Opcode":"0","Keywords":"0x8000000000000000","TimeCreated":{"@SystemTime":"2024-10-21 09:34:45.0987578"},"EventRecordID":"18007","Correlation":null,"Execution":{"@ProcessID":"2948","@ThreadID":"4496"},"Channel":"Microsoft-Windows-Sysmon/Operational","Computer":"Server002","Security":{"@UserID":"S-1-5-18"}},"EventData":{"Data":[{"@Name":"RuleName","#text":"-"},{"@Name":"UtcTime","#text":"2024-10-21 09:34:45.095"},{"@Name":"ProcessGuid","#text":"dbf410b3-2035-6716-dd00-000000003900"},{"@Name":"ProcessId","#text":"3588"},{"@Name":"Image","#text":"C:\\Windows\\System32\\nslookup.exe"},{"@Name":"FileVersion","#text":"10.0.19041.1 (WinBuild.160101.0800)"},{"@Name":"Description","#text":"nslookup"},{"@Name":"Product","#text":"Microsoft® Windows® Operating System"},{"@Name":"Company","#text":"Microsoft Corporation"},{"@Name":"OriginalFileName","#text":"nslookup.exe"},{"@Name":"CommandLine","#text":"nslookup  192.168.0.13"},{"@Name":"CurrentDirectory","#text":"C:\\Users\\admin_test\\AppData\\Local\\Temp\\"},{"@Name":"User","#text":"SERVER002\\admin_test"},{"@Name":"LogonGuid","#text":"dbf410b3-2044-6716-0b1e-0a0000000000"},{"@Name":"LogonId","#text":"0xA1E0B"},{"@Name":"TerminalSessionId","#text":"0"},{"@Name":"IntegrityLevel","#text":"High"},{"@Name":"Hashes","#text":"SHA256=55AB032D256ADBE3FDE40CF90FE83BA5EAB591E04AD720161ED8E6EF059CA747"},{"@Name":"ParentProcessGuid","#text":"dbf410b3-2035-6716-dc00-000000003900"},{"@Name":"ParentProcessId","#text":"1592"},{"@Name":"ParentImage","#text":"C:\\Windows\\System32\\cmd.exe"},{"@Name":"ParentCommandLine","#text":"\"C:\\Windows\\system32\\cmd.exe\" /c nslookup 192.168.0.13"},{"@Name":"ParentUser","#text":"SERVER002\\admin_test"}]}}}
{"Event":{"System":{"Provider":{"@Name":"Microsoft-Windows-Sysmon","@Guid":"5770385f-c22a-43e0-bf4c-06f5698ffbd9"},"EventID":"5","Version":"3","Level":"4","Task":"5","Opcode":"0","Keywords":"0x8000000000000000","TimeCreated":{"@SystemTime":"2024-10-21 09:34:45.1329889"},"EventRecordID":"18008","Correlation":null,"Execution":{"@ProcessID":"2948","@ThreadID":"4496"},"Channel":"Microsoft-Windows-Sysmon/Operational","Computer":"Server002","Security":{"@UserID":"S-1-5-18"}},"EventData":{"Data":[{"@Name":"RuleName","#text":"-"},{"@Name":"UtcTime","#text":"2024-10-21 09:34:45.116"},{"@Name":"ProcessGuid","#text":"dbf410b3-2035-6716-dd00-000000003900"},{"@Name":"ProcessId","#text":"3588"},{"@Name":"Image","#text":"C:\\Windows\\System32\\nslookup.exe"},{"@Name":"User","#text":"SERVER002\\admin_test"}]}}}
{"Event":{"System":{"Provider":{"@Name":"Microsoft-Windows-Sysmon","@Guid":"5770385f-c22a-43e0-bf4c-06f5698ffbd9"},"EventID":"5","Version":"3","Level":"4","Task":"5","Opcode":"0","Keywords":"0x8000000000000000","TimeCreated":{"@SystemTime":"2024-10-21 09:34:45.1357477"},"EventRecordID":"18009","Correlation":null,"Execution":{"@ProcessID":"2948","@ThreadID":"4496"},"Channel":"Microsoft-Windows-Sysmon/Operational","Computer":"Server002","Security":{"@UserID":"S-1-5-18"}},"EventData":{"Data":[{"@Name":"RuleName","#text":"-"},{"@Name":"UtcTime","#text":"2024-10-21 09:34:45.132"},{"@Name":"ProcessGuid","#text":"dbf410b3-2035-6716-dc00-000000003900"},{"@Name":"ProcessId","#text":"1592"},{"@Name":"Image","#text":"C:\\Windows\\System32\\cmd.exe"},{"@Name":"User","#text":"SERVER002\\admin_test"}]}}}
{"Event":{"System":{"Provider":{"@Name":"Microsoft-Windows-Sysmon","@Guid":"5770385f-c22a-43e0-bf4c-06f5698ffbd9"},"EventID":"1","Version":"5","Level":"4","Task":"1","Opcode":"0","Keywords":"0x8000000000000000","TimeCreated":{"@SystemTime":"2024-10-21 09:34:45.1494914"},"EventRecordID":"18010","Correlation":null,"Execution":{"@ProcessID":"2948","@ThreadID":"4496"},"Channel":"Microsoft-Windows-Sysmon/Operational","Computer":"Server002","Security":{"@UserID":"S-1-5-18"}},"EventData":{"Data":[{"@Name":"RuleName","#text":"-"},{"@Name":"UtcTime","#text":"2024-10-21 09:34:45.140"},{"@Name":"ProcessGuid","#text":"dbf410b3-2035-6716-de00-000000003900"},{"@Name":"ProcessId","#text":"5772"},{"@Name":"Image","#text":"C:\\Windows\\System32\\cmd.exe"},{"@Name":"FileVersion","#text":"10.0.19041.4355 (WinBuild.160101.0800)"},{"@Name":"Description","#text":"Windows Command Processor"},{"@Name":"Product","#text":"Microsoft® Windows® Operating System"},{"@Name":"Company","#text":"Microsoft Corporation"},{"@Name":"OriginalFileName","#text":"Cmd.Exe"},{"@Name":"CommandLine","#text":"\"C:\\Windows\\system32\\cmd.exe\" /c nslookup 192.168.0.14"},{"@Name":"CurrentDirectory","#text":"C:\\Users\\admin_test\\AppData\\Local\\Temp\\"},{"@Name":"User","#text":"SERVER002\\admin_test"},{"@Name":"LogonGuid","#text":"dbf410b3-2044-6716-0b1e-0a0000000000"},{"@Name":"LogonId","#text":"0xA1E0B"},{"@Name":"TerminalSessionId","#text":"0"},{"@Name":"IntegrityLevel","#text":"High"},{"@Name":"Hashes","#text":"SHA256=BADF4752413CB0CBDC03FB95820CA167F0CDC63B597CCDB5EF43111180E088B0"},{"@Name":"ParentProcessGuid","#text":"dbf410b3-2031-6716-c000-000000003900"},{"@Name":"ParentProcessId","#text":"5156"},{"@Name":"ParentImage","#text":"C:\\Windows\\System32\\WindowsPowerShell\\v1.0\\powershell.exe"},{"@Name":"ParentCommandLine","#text":"\"powershell.exe\" &amp; {$localip = ((ipconfig | findstr [0-9].\\.)[0]).Split()[-1], $pieces = $localip.split(\\\"\".\\\"\"), $firstOctet = $pieces[0], $secondOctet = $pieces[1], $thirdOctet = $pieces[2], foreach ($ip in 1..255 | % { \\\"\"$firstOctet.$secondOctet.$thirdOctet.$_\\\"\" } ) {cmd.exe /c nslookup $ip}}"},{"@Name":"ParentUser","#text":"SERVER002\\admin_test"}]}}}
{"Event":{"System":{"Provider":{"@Name":"Microsoft-Windows-Sysmon","@Guid":"5770385f-c22a-43e0-bf4c-06f5698ffbd9"},"EventID":"1","Version":"5","Level":"4","Task":"1","Opcode":"0","Keywords":"0x8000000000000000","TimeCreated":{"@SystemTime":"2024-10-21 09:34:45.1688470"},"EventRecordID":"18011","Correlation":null,"Execution":{"@ProcessID":"2948","@ThreadID":"4496"},"Channel":"Microsoft-Windows-Sysmon/Operational","Computer":"Server002","Security":{"@UserID":"S-1-5-18"}},"EventData":{"Data":[{"@Name":"RuleName","#text":"-"},{"@Name":"UtcTime","#text":"2024-10-21 09:34:45.163"},{"@Name":"ProcessGuid","#text":"dbf410b3-2035-6716-df00-000000003900"},{"@Name":"ProcessId","#text":"4240"},{"@Name":"Image","#text":"C:\\Windows\\System32\\nslookup.exe"},{"@Name":"FileVersion","#text":"10.0.19041.1 (WinBuild.160101.0800)"},{"@Name":"Description","#text":"nslookup"},{"@Name":"Product","#text":"Microsoft® Windows® Operating System"},{"@Name":"Company","#text":"Microsoft Corporation"},{"@Name":"OriginalFileName","#text":"nslookup.exe"},{"@Name":"CommandLine","#text":"nslookup  192.168.0.14"},{"@Name":"CurrentDirectory","#text":"C:\\Users\\admin_test\\AppData\\Local\\Temp\\"},{"@Name":"User","#text":"SERVER002\\admin_test"},{"@Name":"LogonGuid","#text":"dbf410b3-2044-6716-0b1e-0a0000000000"},{"@Name":"LogonId","#text":"0xA1E0B"},{"@Name":"TerminalSessionId","#text":"0"},{"@Name":"IntegrityLevel","#text":"High"},{"@Name":"Hashes","#text":"SHA256=55AB032D256ADBE3FDE40CF90FE83BA5EAB591E04AD720161ED8E6EF059CA747"},{"@Name":"ParentProcessGuid","#text":"dbf410b3-2035-6716-de00-000000003900"},{"@Name":"ParentProcessId","#text":"5772"},{"@Name":"ParentImage","#text":"C:\\Windows\\System32\\cmd.exe"},{"@Name":"ParentCommandLine","#text":"\"C:\\Windows\\system32\\cmd.exe\" /c nslookup 192.168.0.14"},{"@Name":"ParentUser","#text":"SERVER002\\admin_test"}]}}}
{"Event":{"System":{"Provider":{"@Name":"Microsoft-Windows-Sysmon","@Guid":"5770385f-c22a-43e0-bf4c-06f5698ffbd9"},"EventID":"5","Version":"3","Level":"4","Task":"5","Opcode":"0","Keywords":"0x8000000000000000","TimeCreated":{"@SystemTime":"2024-10-21 09:34:45.2039744"},"EventRecordID":"18012","Correlation":null,"Execution":{"@ProcessID":"2948","@ThreadID":"4496"},"Channel":"Microsoft-Windows-Sysmon/Operational","Computer":"Server002","Security":{"@UserID":"S-1-5-18"}},"EventData":{"Data":[{"@Name":"RuleName","#text":"-"},{"@Name":"UtcTime","#text":"2024-10-21 09:34:45.203"},{"@Name":"ProcessGuid","#text":"dbf410b3-2035-6716-df00-000000003900"},{"@Name":"ProcessId","#text":"4240"},{"@Name":"Image","#text":"C:\\Windows\\System32\\nslookup.exe"},{"@Name":"User","#text":"SERVER002\\admin_test"}]}}}
{"Event":{"System":{"Provider":{"@Name":"Microsoft-Windows-Sysmon","@Guid":"5770385f-c22a-43e0-bf4c-06f5698ffbd9"},"EventID":"5","Version":"3","Level":"4","Task":"5","Opcode":"0","Keywords":"0x8000000000000000","TimeCreated":{"@SystemTime":"2024-10-21 09:34:45.2061726"},"EventRecordID":"18013","Correlation":null,"Execution":{"@ProcessID":"2948","@ThreadID":"4496"},"Channel":"Microsoft-Windows-Sysmon/Operational","Computer":"Server002","Security":{"@UserID":"S-1-5-18"}},"EventData":{"Data":[{"@Name":"RuleName","#text":"-"},{"@Name":"UtcTime","#text":"2024-10-21 09:34:45.203"},{"@Name":"ProcessGuid","#text":"dbf410b3-2035-6716-de00-000000003900"},{"@Name":"ProcessId","#text":"5772"},{"@Name":"Image","#text":"C:\\Windows\\System32\\cmd.exe"},{"@Name":"User","#text":"SERVER002\\admin_test"}]}}}
{"Event":{"System":{"Provider":{"@Name":"Microsoft-Windows-Sysmon","@Guid":"5770385f-c22a-43e0-bf4c-06f5698ffbd9"},"EventID":"1","Version":"5","Level":"4","Task":"1","Opcode":"0","Keywords":"0x8000000000000000","TimeCreated":{"@SystemTime":"2024-10-21 09:34:45.2205837"},"EventRecordID":"18014","Correlation":null,"Execution":{"@ProcessID":"2948","@ThreadID":"4496"},"Channel":"Microsoft-Windows-Sysmon/Operational","Computer":"Server002","Security":{"@UserID":"S-1-5-18"}},"EventData":{"Data":[{"@Name":"RuleName","#text":"-"},{"@Name":"UtcTime","#text":"2024-10-21 09:34:45.210"},{"@Name":"ProcessGuid","#text":"dbf410b3-2035-6716-e000-000000003900"},{"@Name":"ProcessId","#text":"3348"},{"@Name":"Image","#text":"C:\\Windows\\System32\\cmd.exe"},{"@Name":"FileVersion","#text":"10.0.19041.4355 (WinBuild.160101.0800)"},{"@Name":"Description","#text":"Windows Command Processor"},{"@Name":"Product","#text":"Microsoft® Windows® Operating System"},{"@Name":"Company","#text":"Microsoft Corporation"},{"@Name":"OriginalFileName","#text":"Cmd.Exe"},{"@Name":"CommandLine","#text":"\"C:\\Windows\\system32\\cmd.exe\" /c nslookup 192.168.0.15"},{"@Name":"CurrentDirectory","#text":"C:\\Users\\admin_test\\AppData\\Local\\Temp\\"},{"@Name":"User","#text":"SERVER002\\admin_test"},{"@Name":"LogonGuid","#text":"dbf410b3-2044-6716-0b1e-0a0000000000"},{"@Name":"LogonId","#text":"0xA1E0B"},{"@Name":"TerminalSessionId","#text":"0"},{"@Name":"IntegrityLevel","#text":"High"},{"@Name":"Hashes","#text":"SHA256=BADF4752413CB0CBDC03FB95820CA167F0CDC63B597CCDB5EF43111180E088B0"},{"@Name":"ParentProcessGuid","#text":"dbf410b3-2031-6716-c000-000000003900"},{"@Name":"ParentProcessId","#text":"5156"},{"@Name":"ParentImage","#text":"C:\\Windows\\System32\\WindowsPowerShell\\v1.0\\powershell.exe"},{"@Name":"ParentCommandLine","#text":"\"powershell.exe\" &amp; {$localip = ((ipconfig | findstr [0-9].\\.)[0]).Split()[-1], $pieces = $localip.split(\\\"\".\\\"\"), $firstOctet = $pieces[0], $secondOctet = $pieces[1], $thirdOctet = $pieces[2], foreach ($ip in 1..255 | % { \\\"\"$firstOctet.$secondOctet.$thirdOctet.$_\\\"\" } ) {cmd.exe /c nslookup $ip}}"},{"@Name":"ParentUser","#text":"SERVER002\\admin_test"}]}}}
{"Event":{"System":{"Provider":{"@Name":"Microsoft-Windows-Sysmon","@Guid":"5770385f-c22a-43e0-bf4c-06f5698ffbd9"},"EventID":"1","Version":"5","Level":"4","Task":"1","Opcode":"0","Keywords":"0x8000000000000000","TimeCreated":{"@SystemTime":"2024-10-21 09:34:45.2334490"},"EventRecordID":"18015","Correlation":null,"Execution":{"@ProcessID":"2948","@ThreadID":"4496"},"Channel":"Microsoft-Windows-Sysmon/Operational","Computer":"Server002","Security":{"@UserID":"S-1-5-18"}},"EventData":{"Data":[{"@Name":"RuleName","#text":"-"},{"@Name":"UtcTime","#text":"2024-10-21 09:34:45.230"},{"@Name":"ProcessGuid","#text":"dbf410b3-2035-6716-e100-000000003900"},{"@Name":"ProcessId","#text":"4932"},{"@Name":"Image","#text":"C:\\Windows\\System32\\nslookup.exe"},{"@Name":"FileVersion","#text":"10.0.19041.1 (WinBuild.160101.0800)"},{"@Name":"Description","#text":"nslookup"},{"@Name":"Product","#text":"Microsoft® Windows® Operating System"},{"@Name":"Company","#text":"Microsoft Corporation"},{"@Name":"OriginalFileName","#text":"nslookup.exe"},{"@Name":"CommandLine","#text":"nslookup  192.168.0.15"},{"@Name":"CurrentDirectory","#text":"C:\\Users\\admin_test\\AppData\\Local\\Temp\\"},{"@Name":"User","#text":"SERVER002\\admin_test"},{"@Name":"LogonGuid","#text":"dbf410b3-2044-6716-0b1e-0a0000000000"},{"@Name":"LogonId","#text":"0xA1E0B"},{"@Name":"TerminalSessionId","#text":"0"},{"@Name":"IntegrityLevel","#text":"High"},{"@Name":"Hashes","#text":"SHA256=55AB032D256ADBE3FDE40CF90FE83BA5EAB591E04AD720161ED8E6EF059CA747"},{"@Name":"ParentProcessGuid","#text":"dbf410b3-2035-6716-e000-000000003900"},{"@Name":"ParentProcessId","#text":"3348"},{"@Name":"ParentImage","#text":"C:\\Windows\\System32\\cmd.exe"},{"@Name":"ParentCommandLine","#text":"\"C:\\Windows\\system32\\cmd.exe\" /c nslookup 192.168.0.15"},{"@Name":"ParentUser","#text":"SERVER002\\admin_test"}]}}}
{"Event":{"System":{"Provider":{"@Name":"Microsoft-Windows-Sysmon","@Guid":"5770385f-c22a-43e0-bf4c-06f5698ffbd9"},"EventID":"5","Version":"3","Level":"4","Task":"5","Opcode":"0","Keywords":"0x8000000000000000","TimeCreated":{"@SystemTime":"2024-10-21 09:34:45.2626744"},"EventRecordID":"18016","Correlation":null,"Execution":{"@ProcessID":"2948","@ThreadID":"4496"},"Channel":"Microsoft-Windows-Sysmon/Operational","Computer":"Server002","Security":{"@UserID":"S-1-5-18"}},"EventData":{"Data":[{"@Name":"RuleName","#text":"-"},{"@Name":"UtcTime","#text":"2024-10-21 09:34:45.255"},{"@Name":"ProcessGuid","#text":"dbf410b3-2035-6716-e100-000000003900"},{"@Name":"ProcessId","#text":"4932"},{"@Name":"Image","#text":"C:\\Windows\\System32\\nslookup.exe"},{"@Name":"User","#text":"SERVER002\\admin_test"}]}}}
{"Event":{"System":{"Provider":{"@Name":"Microsoft-Windows-Sysmon","@Guid":"5770385f-c22a-43e0-bf4c-06f5698ffbd9"},"EventID":"5","Version":"3","Level":"4","Task":"5","Opcode":"0","Keywords":"0x8000000000000000","TimeCreated":{"@SystemTime":"2024-10-21 09:34:45.2653573"},"EventRecordID":"18017","Correlation":null,"Execution":{"@ProcessID":"2948","@ThreadID":"4496"},"Channel":"Microsoft-Windows-Sysmon/Operational","Computer":"Server002","Security":{"@UserID":"S-1-5-18"}},"EventData":{"Data":[{"@Name":"RuleName","#text":"-"},{"@Name":"UtcTime","#text":"2024-10-21 09:34:45.255"},{"@Name":"ProcessGuid","#text":"dbf410b3-2035-6716-e000-000000003900"},{"@Name":"ProcessId","#text":"3348"},{"@Name":"Image","#text":"C:\\Windows\\System32\\cmd.exe"},{"@Name":"User","#text":"SERVER002\\admin_test"}]}}}
{"Event":{"System":{"Provider":{"@Name":"Microsoft-Windows-Sysmon","@Guid":"5770385f-c22a-43e0-bf4c-06f5698ffbd9"},"EventID":"1","Version":"5","Level":"4","Task":"1","Opcode":"0","Keywords":"0x8000000000000000","TimeCreated":{"@SystemTime":"2024-10-21 09:34:45.2762717"},"EventRecordID":"18018","Correlation":null,"Execution":{"@ProcessID":"2948","@ThreadID":"4496"},"Channel":"Microsoft-Windows-Sysmon/Operational","Computer":"Server002","Security":{"@UserID":"S-1-5-18"}},"EventData":{"Data":[{"@Name":"RuleName","#text":"-"},{"@Name":"UtcTime","#text":"2024-10-21 09:34:45.268"},{"@Name":"ProcessGuid","#text":"dbf410b3-2035-6716-e200-000000003900"},{"@Name":"ProcessId","#text":"3804"},{"@Name":"Image","#text":"C:\\Windows\\System32\\cmd.exe"},{"@Name":"FileVersion","#text":"10.0.19041.4355 (WinBuild.160101.0800)"},{"@Name":"Description","#text":"Windows Command Processor"},{"@Name":"Product","#text":"Microsoft® Windows® Operating System"},{"@Name":"Company","#text":"Microsoft Corporation"},{"@Name":"OriginalFileName","#text":"Cmd.Exe"},{"@Name":"CommandLine","#text":"\"C:\\Windows\\system32\\cmd.exe\" /c nslookup 192.168.0.16"},{"@Name":"CurrentDirectory","#text":"C:\\Users\\admin_test\\AppData\\Local\\Temp\\"},{"@Name":"User","#text":"SERVER002\\admin_test"},{"@Name":"LogonGuid","#text":"dbf410b3-2044-6716-0b1e-0a0000000000"},{"@Name":"LogonId","#text":"0xA1E0B"},{"@Name":"TerminalSessionId","#text":"0"},{"@Name":"IntegrityLevel","#text":"High"},{"@Name":"Hashes","#text":"SHA256=BADF4752413CB0CBDC03FB95820CA167F0CDC63B597CCDB5EF43111180E088B0"},{"@Name":"ParentProcessGuid","#text":"dbf410b3-2031-6716-c000-000000003900"},{"@Name":"ParentProcessId","#text":"5156"},{"@Name":"ParentImage","#text":"C:\\Windows\\System32\\WindowsPowerShell\\v1.0\\powershell.exe"},{"@Name":"ParentCommandLine","#text":"\"powershell.exe\" &amp; {$localip = ((ipconfig | findstr [0-9].\\.)[0]).Split()[-1], $pieces = $localip.split(\\\"\".\\\"\"), $firstOctet = $pieces[0], $secondOctet = $pieces[1], $thirdOctet = $pieces[2], foreach ($ip in 1..255 | % { \\\"\"$firstOctet.$secondOctet.$thirdOctet.$_\\\"\" } ) {cmd.exe /c nslookup $ip}}"},{"@Name":"ParentUser","#text":"SERVER002\\admin_test"}]}}}
{"Event":{"System":{"Provider":{"@Name":"Microsoft-Windows-Sysmon","@Guid":"5770385f-c22a-43e0-bf4c-06f5698ffbd9"},"EventID":"1","Version":"5","Level":"4","Task":"1","Opcode":"0","Keywords":"0x8000000000000000","TimeCreated":{"@SystemTime":"2024-10-21 09:34:45.2871601"},"EventRecordID":"18019","Correlation":null,"Execution":{"@ProcessID":"2948","@ThreadID":"4496"},"Channel":"Microsoft-Windows-Sysmon/Operational","Computer":"Server002","Security":{"@UserID":"S-1-5-18"}},"EventData":{"Data":[{"@Name":"RuleName","#text":"-"},{"@Name":"UtcTime","#text":"2024-10-21 09:34:45.283"},{"@Name":"ProcessGuid","#text":"dbf410b3-2035-6716-e300-000000003900"},{"@Name":"ProcessId","#text":"4372"},{"@Name":"Image","#text":"C:\\Windows\\System32\\nslookup.exe"},{"@Name":"FileVersion","#text":"10.0.19041.1 (WinBuild.160101.0800)"},{"@Name":"Description","#text":"nslookup"},{"@Name":"Product","#text":"Microsoft® Windows® Operating System"},{"@Name":"Company","#text":"Microsoft Corporation"},{"@Name":"OriginalFileName","#text":"nslookup.exe"},{"@Name":"CommandLine","#text":"nslookup  192.168.0.16"},{"@Name":"CurrentDirectory","#text":"C:\\Users\\admin_test\\AppData\\Local\\Temp\\"},{"@Name":"User","#text":"SERVER002\\admin_test"},{"@Name":"LogonGuid","#text":"dbf410b3-2044-6716-0b1e-0a0000000000"},{"@Name":"LogonId","#text":"0xA1E0B"},{"@Name":"TerminalSessionId","#text":"0"},{"@Name":"IntegrityLevel","#text":"High"},{"@Name":"Hashes","#text":"SHA256=55AB032D256ADBE3FDE40CF90FE83BA5EAB591E04AD720161ED8E6EF059CA747"},{"@Name":"ParentProcessGuid","#text":"dbf410b3-2035-6716-e200-000000003900"},{"@Name":"ParentProcessId","#text":"3804"},{"@Name":"ParentImage","#text":"C:\\Windows\\System32\\cmd.exe"},{"@Name":"ParentCommandLine","#text":"\"C:\\Windows\\system32\\cmd.exe\" /c nslookup 192.168.0.16"},{"@Name":"ParentUser","#text":"SERVER002\\admin_test"}]}}}
{"Event":{"System":{"Provider":{"@Name":"Microsoft-Windows-Sysmon","@Guid":"5770385f-c22a-43e0-bf4c-06f5698ffbd9"},"EventID":"5","Version":"3","Level":"4","Task":"5","Opcode":"0","Keywords":"0x8000000000000000","TimeCreated":{"@SystemTime":"2024-10-21 09:34:45.3165527"},"EventRecordID":"18020","Correlation":null,"Execution":{"@ProcessID":"2948","@ThreadID":"4496"},"Channel":"Microsoft-Windows-Sysmon/Operational","Computer":"Server002","Security":{"@UserID":"S-1-5-18"}},"EventData":{"Data":[{"@Name":"RuleName","#text":"-"},{"@Name":"UtcTime","#text":"2024-10-21 09:34:45.311"},{"@Name":"ProcessGuid","#text":"dbf410b3-2035-6716-e300-000000003900"},{"@Name":"ProcessId","#text":"4372"},{"@Name":"Image","#text":"C:\\Windows\\System32\\nslookup.exe"},{"@Name":"User","#text":"SERVER002\\admin_test"}]}}}
{"Event":{"System":{"Provider":{"@Name":"Microsoft-Windows-Sysmon","@Guid":"5770385f-c22a-43e0-bf4c-06f5698ffbd9"},"EventID":"5","Version":"3","Level":"4","Task":"5","Opcode":"0","Keywords":"0x8000000000000000","TimeCreated":{"@SystemTime":"2024-10-21 09:34:45.3203887"},"EventRecordID":"18021","Correlation":null,"Execution":{"@ProcessID":"2948","@ThreadID":"4496"},"Channel":"Microsoft-Windows-Sysmon/Operational","Computer":"Server002","Security":{"@UserID":"S-1-5-18"}},"EventData":{"Data":[{"@Name":"RuleName","#text":"-"},{"@Name":"UtcTime","#text":"2024-10-21 09:34:45.311"},{"@Name":"ProcessGuid","#text":"dbf410b3-2035-6716-e200-000000003900"},{"@Name":"ProcessId","#text":"3804"},{"@Name":"Image","#text":"C:\\Windows\\System32\\cmd.exe"},{"@Name":"User","#text":"SERVER002\\admin_test"}]}}}
{"Event":{"System":{"Provider":{"@Name":"Microsoft-Windows-Sysmon","@Guid":"5770385f-c22a-43e0-bf4c-06f5698ffbd9"},"EventID":"1","Version":"5","Level":"4","Task":"1","Opcode":"0","Keywords":"0x8000000000000000","TimeCreated":{"@SystemTime":"2024-10-21 09:34:45.3291408"},"EventRecordID":"18022","Correlation":null,"Execution":{"@ProcessID":"2948","@ThreadID":"4496"},"Channel":"Microsoft-Windows-Sysmon/Operational","Computer":"Server002","Security":{"@UserID":"S-1-5-18"}},"EventData":{"Data":[{"@Name":"RuleName","#text":"-"},{"@Name":"UtcTime","#text":"2024-10-21 09:34:45.323"},{"@Name":"ProcessGuid","#text":"dbf410b3-2035-6716-e400-000000003900"},{"@Name":"ProcessId","#text":"4908"},{"@Name":"Image","#text":"C:\\Windows\\System32\\cmd.exe"},{"@Name":"FileVersion","#text":"10.0.19041.4355 (WinBuild.160101.0800)"},{"@Name":"Description","#text":"Windows Command Processor"},{"@Name":"Product","#text":"Microsoft® Windows® Operating System"},{"@Name":"Company","#text":"Microsoft Corporation"},{"@Name":"OriginalFileName","#text":"Cmd.Exe"},{"@Name":"CommandLine","#text":"\"C:\\Windows\\system32\\cmd.exe\" /c nslookup 192.168.0.17"},{"@Name":"CurrentDirectory","#text":"C:\\Users\\admin_test\\AppData\\Local\\Temp\\"},{"@Name":"User","#text":"SERVER002\\admin_test"},{"@Name":"LogonGuid","#text":"dbf410b3-2044-6716-0b1e-0a0000000000"},{"@Name":"LogonId","#text":"0xA1E0B"},{"@Name":"TerminalSessionId","#text":"0"},{"@Name":"IntegrityLevel","#text":"High"},{"@Name":"Hashes","#text":"SHA256=BADF4752413CB0CBDC03FB95820CA167F0CDC63B597CCDB5EF43111180E088B0"},{"@Name":"ParentProcessGuid","#text":"dbf410b3-2031-6716-c000-000000003900"},{"@Name":"ParentProcessId","#text":"5156"},{"@Name":"ParentImage","#text":"C:\\Windows\\System32\\WindowsPowerShell\\v1.0\\powershell.exe"},{"@Name":"ParentCommandLine","#text":"\"powershell.exe\" &amp; {$localip = ((ipconfig | findstr [0-9].\\.)[0]).Split()[-1], $pieces = $localip.split(\\\"\".\\\"\"), $firstOctet = $pieces[0], $secondOctet = $pieces[1], $thirdOctet = $pieces[2], foreach ($ip in 1..255 | % { \\\"\"$firstOctet.$secondOctet.$thirdOctet.$_\\\"\" } ) {cmd.exe /c nslookup $ip}}"},{"@Name":"ParentUser","#text":"SERVER002\\admin_test"}]}}}
{"Event":{"System":{"Provider":{"@Name":"Microsoft-Windows-Sysmon","@Guid":"5770385f-c22a-43e0-bf4c-06f5698ffbd9"},"EventID":"1","Version":"5","Level":"4","Task":"1","Opcode":"0","Keywords":"0x8000000000000000","TimeCreated":{"@SystemTime":"2024-10-21 09:34:45.3463726"},"EventRecordID":"18023","Correlation":null,"Execution":{"@ProcessID":"2948","@ThreadID":"4496"},"Channel":"Microsoft-Windows-Sysmon/Operational","Computer":"Server002","Security":{"@UserID":"S-1-5-18"}},"EventData":{"Data":[{"@Name":"RuleName","#text":"-"},{"@Name":"UtcTime","#text":"2024-10-21 09:34:45.342"},{"@Name":"ProcessGuid","#text":"dbf410b3-2035-6716-e500-000000003900"},{"@Name":"ProcessId","#text":"2720"},{"@Name":"Image","#text":"C:\\Windows\\System32\\nslookup.exe"},{"@Name":"FileVersion","#text":"10.0.19041.1 (WinBuild.160101.0800)"},{"@Name":"Description","#text":"nslookup"},{"@Name":"Product","#text":"Microsoft® Windows® Operating System"},{"@Name":"Company","#text":"Microsoft Corporation"},{"@Name":"OriginalFileName","#text":"nslookup.exe"},{"@Name":"CommandLine","#text":"nslookup  192.168.0.17"},{"@Name":"CurrentDirectory","#text":"C:\\Users\\admin_test\\AppData\\Local\\Temp\\"},{"@Name":"User","#text":"SERVER002\\admin_test"},{"@Name":"LogonGuid","#text":"dbf410b3-2044-6716-0b1e-0a0000000000"},{"@Name":"LogonId","#text":"0xA1E0B"},{"@Name":"TerminalSessionId","#text":"0"},{"@Name":"IntegrityLevel","#text":"High"},{"@Name":"Hashes","#text":"SHA256=55AB032D256ADBE3FDE40CF90FE83BA5EAB591E04AD720161ED8E6EF059CA747"},{"@Name":"ParentProcessGuid","#text":"dbf410b3-2035-6716-e400-000000003900"},{"@Name":"ParentProcessId","#text":"4908"},{"@Name":"ParentImage","#text":"C:\\Windows\\System32\\cmd.exe"},{"@Name":"ParentCommandLine","#text":"\"C:\\Windows\\system32\\cmd.exe\" /c nslookup 192.168.0.17"},{"@Name":"ParentUser","#text":"SERVER002\\admin_test"}]}}}
{"Event":{"System":{"Provider":{"@Name":"Microsoft-Windows-Sysmon","@Guid":"5770385f-c22a-43e0-bf4c-06f5698ffbd9"},"EventID":"5","Version":"3","Level":"4","Task":"5","Opcode":"0","Keywords":"0x8000000000000000","TimeCreated":{"@SystemTime":"2024-10-21 09:34:45.3765432"},"EventRecordID":"18024","Correlation":null,"Execution":{"@ProcessID":"2948","@ThreadID":"4496"},"Channel":"Microsoft-Windows-Sysmon/Operational","Computer":"Server002","Security":{"@UserID":"S-1-5-18"}},"EventData":{"Data":[{"@Name":"RuleName","#text":"-"},{"@Name":"UtcTime","#text":"2024-10-21 09:34:45.355"},{"@Name":"ProcessGuid","#text":"dbf410b3-2035-6716-e500-000000003900"},{"@Name":"ProcessId","#text":"2720"},{"@Name":"Image","#text":"C:\\Windows\\System32\\nslookup.exe"},{"@Name":"User","#text":"SERVER002\\admin_test"}]}}}
{"Event":{"System":{"Provider":{"@Name":"Microsoft-Windows-Sysmon","@Guid":"5770385f-c22a-43e0-bf4c-06f5698ffbd9"},"EventID":"5","Version":"3","Level":"4","Task":"5","Opcode":"0","Keywords":"0x8000000000000000","TimeCreated":{"@SystemTime":"2024-10-21 09:34:45.3797003"},"EventRecordID":"18025","Correlation":null,"Execution":{"@ProcessID":"2948","@ThreadID":"4496"},"Channel":"Microsoft-Windows-Sysmon/Operational","Computer":"Server002","Security":{"@UserID":"S-1-5-18"}},"EventData":{"Data":[{"@Name":"RuleName","#text":"-"},{"@Name":"UtcTime","#text":"2024-10-21 09:34:45.377"},{"@Name":"ProcessGuid","#text":"dbf410b3-2035-6716-e400-000000003900"},{"@Name":"ProcessId","#text":"4908"},{"@Name":"Image","#text":"C:\\Windows\\System32\\cmd.exe"},{"@Name":"User","#text":"SERVER002\\admin_test"}]}}}
{"Event":{"System":{"Provider":{"@Name":"Microsoft-Windows-Sysmon","@Guid":"5770385f-c22a-43e0-bf4c-06f5698ffbd9"},"EventID":"1","Version":"5","Level":"4","Task":"1","Opcode":"0","Keywords":"0x8000000000000000","TimeCreated":{"@SystemTime":"2024-10-21 09:34:45.3910477"},"EventRecordID":"18026","Correlation":null,"Execution":{"@ProcessID":"2948","@ThreadID":"4496"},"Channel":"Microsoft-Windows-Sysmon/Operational","Computer":"Server002","Security":{"@UserID":"S-1-5-18"}},"EventData":{"Data":[{"@Name":"RuleName","#text":"-"},{"@Name":"UtcTime","#text":"2024-10-21 09:34:45.383"},{"@Name":"ProcessGuid","#text":"dbf410b3-2035-6716-e600-000000003900"},{"@Name":"ProcessId","#text":"3184"},{"@Name":"Image","#text":"C:\\Windows\\System32\\cmd.exe"},{"@Name":"FileVersion","#text":"10.0.19041.4355 (WinBuild.160101.0800)"},{"@Name":"Description","#text":"Windows Command Processor"},{"@Name":"Product","#text":"Microsoft® Windows® Operating System"},{"@Name":"Company","#text":"Microsoft Corporation"},{"@Name":"OriginalFileName","#text":"Cmd.Exe"},{"@Name":"CommandLine","#text":"\"C:\\Windows\\system32\\cmd.exe\" /c nslookup 192.168.0.18"},{"@Name":"CurrentDirectory","#text":"C:\\Users\\admin_test\\AppData\\Local\\Temp\\"},{"@Name":"User","#text":"SERVER002\\admin_test"},{"@Name":"LogonGuid","#text":"dbf410b3-2044-6716-0b1e-0a0000000000"},{"@Name":"LogonId","#text":"0xA1E0B"},{"@Name":"TerminalSessionId","#text":"0"},{"@Name":"IntegrityLevel","#text":"High"},{"@Name":"Hashes","#text":"SHA256=BADF4752413CB0CBDC03FB95820CA167F0CDC63B597CCDB5EF43111180E088B0"},{"@Name":"ParentProcessGuid","#text":"dbf410b3-2031-6716-c000-000000003900"},{"@Name":"ParentProcessId","#text":"5156"},{"@Name":"ParentImage","#text":"C:\\Windows\\System32\\WindowsPowerShell\\v1.0\\powershell.exe"},{"@Name":"ParentCommandLine","#text":"\"powershell.exe\" &amp; {$localip = ((ipconfig | findstr [0-9].\\.)[0]).Split()[-1], $pieces = $localip.split(\\\"\".\\\"\"), $firstOctet = $pieces[0], $secondOctet = $pieces[1], $thirdOctet = $pieces[2], foreach ($ip in 1..255 | % { \\\"\"$firstOctet.$secondOctet.$thirdOctet.$_\\\"\" } ) {cmd.exe /c nslookup $ip}}"},{"@Name":"ParentUser","#text":"SERVER002\\admin_test"}]}}}
{"Event":{"System":{"Provider":{"@Name":"Microsoft-Windows-Sysmon","@Guid":"5770385f-c22a-43e0-bf4c-06f5698ffbd9"},"EventID":"1","Version":"5","Level":"4","Task":"1","Opcode":"0","Keywords":"0x8000000000000000","TimeCreated":{"@SystemTime":"2024-10-21 09:34:45.4054918"},"EventRecordID":"18027","Correlation":null,"Execution":{"@ProcessID":"2948","@ThreadID":"4496"},"Channel":"Microsoft-Windows-Sysmon/Operational","Computer":"Server002","Security":{"@UserID":"S-1-5-18"}},"EventData":{"Data":[{"@Name":"RuleName","#text":"-"},{"@Name":"UtcTime","#text":"2024-10-21 09:34:45.401"},{"@Name":"ProcessGuid","#text":"dbf410b3-2035-6716-e700-000000003900"},{"@Name":"ProcessId","#text":"2364"},{"@Name":"Image","#text":"C:\\Windows\\System32\\nslookup.exe"},{"@Name":"FileVersion","#text":"10.0.19041.1 (WinBuild.160101.0800)"},{"@Name":"Description","#text":"nslookup"},{"@Name":"Product","#text":"Microsoft® Windows® Operating System"},{"@Name":"Company","#text":"Microsoft Corporation"},{"@Name":"OriginalFileName","#text":"nslookup.exe"},{"@Name":"CommandLine","#text":"nslookup  192.168.0.18"},{"@Name":"CurrentDirectory","#text":"C:\\Users\\admin_test\\AppData\\Local\\Temp\\"},{"@Name":"User","#text":"SERVER002\\admin_test"},{"@Name":"LogonGuid","#text":"dbf410b3-2044-6716-0b1e-0a0000000000"},{"@Name":"LogonId","#text":"0xA1E0B"},{"@Name":"TerminalSessionId","#text":"0"},{"@Name":"IntegrityLevel","#text":"High"},{"@Name":"Hashes","#text":"SHA256=55AB032D256ADBE3FDE40CF90FE83BA5EAB591E04AD720161ED8E6EF059CA747"},{"@Name":"ParentProcessGuid","#text":"dbf410b3-2035-6716-e600-000000003900"},{"@Name":"ParentProcessId","#text":"3184"},{"@Name":"ParentImage","#text":"C:\\Windows\\System32\\cmd.exe"},{"@Name":"ParentCommandLine","#text":"\"C:\\Windows\\system32\\cmd.exe\" /c nslookup 192.168.0.18"},{"@Name":"ParentUser","#text":"SERVER002\\admin_test"}]}}}
{"Event":{"System":{"Provider":{"@Name":"Microsoft-Windows-Sysmon","@Guid":"5770385f-c22a-43e0-bf4c-06f5698ffbd9"},"EventID":"5","Version":"3","Level":"4","Task":"5","Opcode":"0","Keywords":"0x8000000000000000","TimeCreated":{"@SystemTime":"2024-10-21 09:34:45.4364360"},"EventRecordID":"18028","Correlation":null,"Execution":{"@ProcessID":"2948","@ThreadID":"4496"},"Channel":"Microsoft-Windows-Sysmon/Operational","Computer":"Server002","Security":{"@UserID":"S-1-5-18"}},"EventData":{"Data":[{"@Name":"RuleName","#text":"-"},{"@Name":"UtcTime","#text":"2024-10-21 09:34:45.426"},{"@Name":"ProcessGuid","#text":"dbf410b3-2035-6716-e700-000000003900"},{"@Name":"ProcessId","#text":"2364"},{"@Name":"Image","#text":"C:\\Windows\\System32\\nslookup.exe"},{"@Name":"User","#text":"SERVER002\\admin_test"}]}}}
{"Event":{"System":{"Provider":{"@Name":"Microsoft-Windows-Sysmon","@Guid":"5770385f-c22a-43e0-bf4c-06f5698ffbd9"},"EventID":"5","Version":"3","Level":"4","Task":"5","Opcode":"0","Keywords":"0x8000000000000000","TimeCreated":{"@SystemTime":"2024-10-21 09:34:45.4408267"},"EventRecordID":"18029","Correlation":null,"Execution":{"@ProcessID":"2948","@ThreadID":"4496"},"Channel":"Microsoft-Windows-Sysmon/Operational","Computer":"Server002","Security":{"@UserID":"S-1-5-18"}},"EventData":{"Data":[{"@Name":"RuleName","#text":"-"},{"@Name":"UtcTime","#text":"2024-10-21 09:34:45.440"},{"@Name":"ProcessGuid","#text":"dbf410b3-2035-6716-e600-000000003900"},{"@Name":"ProcessId","#text":"3184"},{"@Name":"Image","#text":"C:\\Windows\\System32\\cmd.exe"},{"@Name":"User","#text":"SERVER002\\admin_test"}]}}}
{"Event":{"System":{"Provider":{"@Name":"Microsoft-Windows-Sysmon","@Guid":"5770385f-c22a-43e0-bf4c-06f5698ffbd9"},"EventID":"1","Version":"5","Level":"4","Task":"1","Opcode":"0","Keywords":"0x8000000000000000","TimeCreated":{"@SystemTime":"2024-10-21 09:34:45.4525986"},"EventRecordID":"18030","Correlation":null,"Execution":{"@ProcessID":"2948","@ThreadID":"4496"},"Channel":"Microsoft-Windows-Sysmon/Operational","Computer":"Server002","Security":{"@UserID":"S-1-5-18"}},"EventData":{"Data":[{"@Name":"RuleName","#text":"-"},{"@Name":"UtcTime","#text":"2024-10-21 09:34:45.445"},{"@Name":"ProcessGuid","#text":"dbf410b3-2035-6716-e800-000000003900"},{"@Name":"ProcessId","#text":"2104"},{"@Name":"Image","#text":"C:\\Windows\\System32\\cmd.exe"},{"@Name":"FileVersion","#text":"10.0.19041.4355 (WinBuild.160101.0800)"},{"@Name":"Description","#text":"Windows Command Processor"},{"@Name":"Product","#text":"Microsoft® Windows® Operating System"},{"@Name":"Company","#text":"Microsoft Corporation"},{"@Name":"OriginalFileName","#text":"Cmd.Exe"},{"@Name":"CommandLine","#text":"\"C:\\Windows\\system32\\cmd.exe\" /c nslookup 192.168.0.19"},{"@Name":"CurrentDirectory","#text":"C:\\Users\\admin_test\\AppData\\Local\\Temp\\"},{"@Name":"User","#text":"SERVER002\\admin_test"},{"@Name":"LogonGuid","#text":"dbf410b3-2044-6716-0b1e-0a0000000000"},{"@Name":"LogonId","#text":"0xA1E0B"},{"@Name":"TerminalSessionId","#text":"0"},{"@Name":"IntegrityLevel","#text":"High"},{"@Name":"Hashes","#text":"SHA256=BADF4752413CB0CBDC03FB95820CA167F0CDC63B597CCDB5EF43111180E088B0"},{"@Name":"ParentProcessGuid","#text":"dbf410b3-2031-6716-c000-000000003900"},{"@Name":"ParentProcessId","#text":"5156"},{"@Name":"ParentImage","#text":"C:\\Windows\\System32\\WindowsPowerShell\\v1.0\\powershell.exe"},{"@Name":"ParentCommandLine","#text":"\"powershell.exe\" &amp; {$localip = ((ipconfig | findstr [0-9].\\.)[0]).Split()[-1], $pieces = $localip.split(\\\"\".\\\"\"), $firstOctet = $pieces[0], $secondOctet = $pieces[1], $thirdOctet = $pieces[2], foreach ($ip in 1..255 | % { \\\"\"$firstOctet.$secondOctet.$thirdOctet.$_\\\"\" } ) {cmd.exe /c nslookup $ip}}"},{"@Name":"ParentUser","#text":"SERVER002\\admin_test"}]}}}
{"Event":{"System":{"Provider":{"@Name":"Microsoft-Windows-Sysmon","@Guid":"5770385f-c22a-43e0-bf4c-06f5698ffbd9"},"EventID":"1","Version":"5","Level":"4","Task":"1","Opcode":"0","Keywords":"0x8000000000000000","TimeCreated":{"@SystemTime":"2024-10-21 09:34:45.4667804"},"EventRecordID":"18031","Correlation":null,"Execution":{"@ProcessID":"2948","@ThreadID":"4496"},"Channel":"Microsoft-Windows-Sysmon/Operational","Computer":"Server002","Security":{"@UserID":"S-1-5-18"}},"EventData":{"Data":[{"@Name":"RuleName","#text":"-"},{"@Name":"UtcTime","#text":"2024-10-21 09:34:45.463"},{"@Name":"ProcessGuid","#text":"dbf410b3-2035-6716-e900-000000003900"},{"@Name":"ProcessId","#text":"3060"},{"@Name":"Image","#text":"C:\\Windows\\System32\\nslookup.exe"},{"@Name":"FileVersion","#text":"10.0.19041.1 (WinBuild.160101.0800)"},{"@Name":"Description","#text":"nslookup"},{"@Name":"Product","#text":"Microsoft® Windows® Operating System"},{"@Name":"Company","#text":"Microsoft Corporation"},{"@Name":"OriginalFileName","#text":"nslookup.exe"},{"@Name":"CommandLine","#text":"nslookup  192.168.0.19"},{"@Name":"CurrentDirectory","#text":"C:\\Users\\admin_test\\AppData\\Local\\Temp\\"},{"@Name":"User","#text":"SERVER002\\admin_test"},{"@Name":"LogonGuid","#text":"dbf410b3-2044-6716-0b1e-0a0000000000"},{"@Name":"LogonId","#text":"0xA1E0B"},{"@Name":"TerminalSessionId","#text":"0"},{"@Name":"IntegrityLevel","#text":"High"},{"@Name":"Hashes","#text":"SHA256=55AB032D256ADBE3FDE40CF90FE83BA5EAB591E04AD720161ED8E6EF059CA747"},{"@Name":"ParentProcessGuid","#text":"dbf410b3-2035-6716-e800-000000003900"},{"@Name":"ParentProcessId","#text":"2104"},{"@Name":"ParentImage","#text":"C:\\Windows\\System32\\cmd.exe"},{"@Name":"ParentCommandLine","#text":"\"C:\\Windows\\system32\\cmd.exe\" /c nslookup 192.168.0.19"},{"@Name":"ParentUser","#text":"SERVER002\\admin_test"}]}}}
{"Event":{"System":{"Provider":{"@Name":"Microsoft-Windows-Sysmon","@Guid":"5770385f-c22a-43e0-bf4c-06f5698ffbd9"},"EventID":"5","Version":"3","Level":"4","Task":"5","Opcode":"0","Keywords":"0x8000000000000000","TimeCreated":{"@SystemTime":"2024-10-21 09:34:45.5005559"},"EventRecordID":"18032","Correlation":null,"Execution":{"@ProcessID":"2948","@ThreadID":"4496"},"Channel":"Microsoft-Windows-Sysmon/Operational","Computer":"Server002","Security":{"@UserID":"S-1-5-18"}},"EventData":{"Data":[{"@Name":"RuleName","#text":"-"},{"@Name":"UtcTime","#text":"2024-10-21 09:34:45.495"},{"@Name":"ProcessGuid","#text":"dbf410b3-2035-6716-e900-000000003900"},{"@Name":"ProcessId","#text":"3060"},{"@Name":"Image","#text":"C:\\Windows\\System32\\nslookup.exe"},{"@Name":"User","#text":"SERVER002\\admin_test"}]}}}
{"Event":{"System":{"Provider":{"@Name":"Microsoft-Windows-Sysmon","@Guid":"5770385f-c22a-43e0-bf4c-06f5698ffbd9"},"EventID":"5","Version":"3","Level":"4","Task":"5","Opcode":"0","Keywords":"0x8000000000000000","TimeCreated":{"@SystemTime":"2024-10-21 09:34:45.5029458"},"EventRecordID":"18033","Correlation":null,"Execution":{"@ProcessID":"2948","@ThreadID":"4496"},"Channel":"Microsoft-Windows-Sysmon/Operational","Computer":"Server002","Security":{"@UserID":"S-1-5-18"}},"EventData":{"Data":[{"@Name":"RuleName","#text":"-"},{"@Name":"UtcTime","#text":"2024-10-21 09:34:45.495"},{"@Name":"ProcessGuid","#text":"dbf410b3-2035-6716-e800-000000003900"},{"@Name":"ProcessId","#text":"2104"},{"@Name":"Image","#text":"C:\\Windows\\System32\\cmd.exe"},{"@Name":"User","#text":"SERVER002\\admin_test"}]}}}
{"Event":{"System":{"Provider":{"@Name":"Microsoft-Windows-Sysmon","@Guid":"5770385f-c22a-43e0-bf4c-06f5698ffbd9"},"EventID":"1","Version":"5","Level":"4","Task":"1","Opcode":"0","Keywords":"0x8000000000000000","TimeCreated":{"@SystemTime":"2024-10-21 09:34:45.5137689"},"EventRecordID":"18034","Correlation":null,"Execution":{"@ProcessID":"2948","@ThreadID":"4496"},"Channel":"Microsoft-Windows-Sysmon/Operational","Computer":"Server002","Security":{"@UserID":"S-1-5-18"}},"EventData":{"Data":[{"@Name":"RuleName","#text":"-"},{"@Name":"UtcTime","#text":"2024-10-21 09:34:45.506"},{"@Name":"ProcessGuid","#text":"dbf410b3-2035-6716-ea00-000000003900"},{"@Name":"ProcessId","#text":"5152"},{"@Name":"Image","#text":"C:\\Windows\\System32\\cmd.exe"},{"@Name":"FileVersion","#text":"10.0.19041.4355 (WinBuild.160101.0800)"},{"@Name":"Description","#text":"Windows Command Processor"},{"@Name":"Product","#text":"Microsoft® Windows® Operating System"},{"@Name":"Company","#text":"Microsoft Corporation"},{"@Name":"OriginalFileName","#text":"Cmd.Exe"},{"@Name":"CommandLine","#text":"\"C:\\Windows\\system32\\cmd.exe\" /c nslookup 192.168.0.20"},{"@Name":"CurrentDirectory","#text":"C:\\Users\\admin_test\\AppData\\Local\\Temp\\"},{"@Name":"User","#text":"SERVER002\\admin_test"},{"@Name":"LogonGuid","#text":"dbf410b3-2044-6716-0b1e-0a0000000000"},{"@Name":"LogonId","#text":"0xA1E0B"},{"@Name":"TerminalSessionId","#text":"0"},{"@Name":"IntegrityLevel","#text":"High"},{"@Name":"Hashes","#text":"SHA256=BADF4752413CB0CBDC03FB95820CA167F0CDC63B597CCDB5EF43111180E088B0"},{"@Name":"ParentProcessGuid","#text":"dbf410b3-2031-6716-c000-000000003900"},{"@Name":"ParentProcessId","#text":"5156"},{"@Name":"ParentImage","#text":"C:\\Windows\\System32\\WindowsPowerShell\\v1.0\\powershell.exe"},{"@Name":"ParentCommandLine","#text":"\"powershell.exe\" &amp; {$localip = ((ipconfig | findstr [0-9].\\.)[0]).Split()[-1], $pieces = $localip.split(\\\"\".\\\"\"), $firstOctet = $pieces[0], $secondOctet = $pieces[1], $thirdOctet = $pieces[2], foreach ($ip in 1..255 | % { \\\"\"$firstOctet.$secondOctet.$thirdOctet.$_\\\"\" } ) {cmd.exe /c nslookup $ip}}"},{"@Name":"ParentUser","#text":"SERVER002\\admin_test"}]}}}
{"Event":{"System":{"Provider":{"@Name":"Microsoft-Windows-Sysmon","@Guid":"5770385f-c22a-43e0-bf4c-06f5698ffbd9"},"EventID":"1","Version":"5","Level":"4","Task":"1","Opcode":"0","Keywords":"0x8000000000000000","TimeCreated":{"@SystemTime":"2024-10-21 09:34:45.5287754"},"EventRecordID":"18035","Correlation":null,"Execution":{"@ProcessID":"2948","@ThreadID":"4496"},"Channel":"Microsoft-Windows-Sysmon/Operational","Computer":"Server002","Security":{"@UserID":"S-1-5-18"}},"EventData":{"Data":[{"@Name":"RuleName","#text":"-"},{"@Name":"UtcTime","#text":"2024-10-21 09:34:45.524"},{"@Name":"ProcessGuid","#text":"dbf410b3-2035-6716-eb00-000000003900"},{"@Name":"ProcessId","#text":"4916"},{"@Name":"Image","#text":"C:\\Windows\\System32\\nslookup.exe"},{"@Name":"FileVersion","#text":"10.0.19041.1 (WinBuild.160101.0800)"},{"@Name":"Description","#text":"nslookup"},{"@Name":"Product","#text":"Microsoft® Windows® Operating System"},{"@Name":"Company","#text":"Microsoft Corporation"},{"@Name":"OriginalFileName","#text":"nslookup.exe"},{"@Name":"CommandLine","#text":"nslookup  192.168.0.20"},{"@Name":"CurrentDirectory","#text":"C:\\Users\\admin_test\\AppData\\Local\\Temp\\"},{"@Name":"User","#text":"SERVER002\\admin_test"},{"@Name":"LogonGuid","#text":"dbf410b3-2044-6716-0b1e-0a0000000000"},{"@Name":"LogonId","#text":"0xA1E0B"},{"@Name":"TerminalSessionId","#text":"0"},{"@Name":"IntegrityLevel","#text":"High"},{"@Name":"Hashes","#text":"SHA256=55AB032D256ADBE3FDE40CF90FE83BA5EAB591E04AD720161ED8E6EF059CA747"},{"@Name":"ParentProcessGuid","#text":"dbf410b3-2035-6716-ea00-000000003900"},{"@Name":"ParentProcessId","#text":"5152"},{"@Name":"ParentImage","#text":"C:\\Windows\\System32\\cmd.exe"},{"@Name":"ParentCommandLine","#text":"\"C:\\Windows\\system32\\cmd.exe\" /c nslookup 192.168.0.20"},{"@Name":"ParentUser","#text":"SERVER002\\admin_test"}]}}}
{"Event":{"System":{"Provider":{"@Name":"Microsoft-Windows-Sysmon","@Guid":"5770385f-c22a-43e0-bf4c-06f5698ffbd9"},"EventID":"5","Version":"3","Level":"4","Task":"5","Opcode":"0","Keywords":"0x8000000000000000","TimeCreated":{"@SystemTime":"2024-10-21 09:34:45.5620426"},"EventRecordID":"18036","Correlation":null,"Execution":{"@ProcessID":"2948","@ThreadID":"4496"},"Channel":"Microsoft-Windows-Sysmon/Operational","Computer":"Server002","Security":{"@UserID":"S-1-5-18"}},"EventData":{"Data":[{"@Name":"RuleName","#text":"-"},{"@Name":"UtcTime","#text":"2024-10-21 09:34:45.560"},{"@Name":"ProcessGuid","#text":"dbf410b3-2035-6716-eb00-000000003900"},{"@Name":"ProcessId","#text":"4916"},{"@Name":"Image","#text":"C:\\Windows\\System32\\nslookup.exe"},{"@Name":"User","#text":"SERVER002\\admin_test"}]}}}
{"Event":{"System":{"Provider":{"@Name":"Microsoft-Windows-Sysmon","@Guid":"5770385f-c22a-43e0-bf4c-06f5698ffbd9"},"EventID":"5","Version":"3","Level":"4","Task":"5","Opcode":"0","Keywords":"0x8000000000000000","TimeCreated":{"@SystemTime":"2024-10-21 09:34:45.5650206"},"EventRecordID":"18037","Correlation":null,"Execution":{"@ProcessID":"2948","@ThreadID":"4496"},"Channel":"Microsoft-Windows-Sysmon/Operational","Computer":"Server002","Security":{"@UserID":"S-1-5-18"}},"EventData":{"Data":[{"@Name":"RuleName","#text":"-"},{"@Name":"UtcTime","#text":"2024-10-21 09:34:45.560"},{"@Name":"ProcessGuid","#text":"dbf410b3-2035-6716-ea00-000000003900"},{"@Name":"ProcessId","#text":"5152"},{"@Name":"Image","#text":"C:\\Windows\\System32\\cmd.exe"},{"@Name":"User","#text":"SERVER002\\admin_test"}]}}}
