{"Event":{"System":{"Provider":{"@Name":"Microsoft-Windows-Sysmon","@Guid":"5770385f-c22a-43e0-bf4c-06f5698ffbd9"},"EventID":"5","Version":"3","Level":"4","Task":"5","Opcode":"0","Keywords":"0x8000000000000000","TimeCreated":{"@SystemTime":"2024-10-21 09:34:46.1526582"},"EventRecordID":"18072","Correlation":null,"Execution":{"@ProcessID":"2948","@ThreadID":"4496"},"Channel":"Microsoft-Windows-Sysmon/Operational","Computer":"Server002","Security":{"@UserID":"S-1-5-18"}},"EventData":{"Data":[{"@Name":"RuleName","#text":"-"},{"@Name":"UtcTime","#text":"2024-10-21 09:34:46.147"},{"@Name":"ProcessGuid","#text":"dbf410b3-2036-6716-fd00-000000003900"},{"@Name":"ProcessId","#text":"3176"},{"@Name":"Image","#text":"C:\\Windows\\System32\\nslookup.exe"},{"@Name":"User","#text":"SERVER002\\admin_test"}]}}}
{"Event":{"System":{"Provider":{"@Name":"Microsoft-Windows-Sysmon","@Guid":"5770385f-c22a-43e0-bf4c-06f5698ffbd9"},"EventID":"5","Version":"3","Level":"4","Task":"5","Opcode":"0","Keywords":"0x8000000000000000","TimeCreated":{"@SystemTime":"2024-10-21 09:34:46.1567344"},"EventRecordID":"18073","Correlation":null,"Execution":{"@ProcessID":"2948","@ThreadID":"4496"},"Channel":"Microsoft-Windows-Sysmon/Operational","Computer":"Server002","Security":{"@UserID":"S-1-5-18"}},"EventData":{"Data":[{"@Name":"RuleName","#text":"-"},{"@Name":"UtcTime","#text":"2024-10-21 09:34:46.147"},{"@Name":"ProcessGuid","#text":"dbf410b3-2036-6716-fc00-000000003900"},{"@Name":"ProcessId","#text":"3180"},{"@Name":"Image","#text":"C:\\Windows\\System32\\cmd.exe"},{"@Name":"User","#text":"SERVER002\\admin_test"}]}}}
{"Event":{"System":{"Provider":{"@Name":"Microsoft-Windows-Sysmon","@Guid":"5770385f-c22a-43e0-bf4c-06f5698ffbd9"},"EventID":"1","Version":"5","Level":"4","Task":"1","Opcode":"0","Keywords":"0x8000000000000000","TimeCreated":{"@SystemTime":"2024-10-21 09:34:46.1685129"},"EventRecordID":"18074","Correlation":null,"Execution":{"@ProcessID":"2948","@ThreadID":"4496"},"Channel":"Microsoft-Windows-Sysmon/Operational","Computer":"Server002","Security":{"@UserID":"S-1-5-18"}},"EventData":{"Data":[{"@Name":"RuleName","#text":"-"},{"@Name":"UtcTime","#text":"2024-10-21 09:34:46.161"},{"@Name":"ProcessGuid","#text":"dbf410b3-2036-6716-fe00-000000003900"},{"@Name":"ProcessId","#text":"1448"},{"@Name":"Image","#text":"C:\\Windows\\System32\\cmd.exe"},{"@Name":"FileVersion","#text":"10.0.19041.4355 (WinBuild.160101.0800)"},{"@Name":"Description","#text":"Windows Command Processor"},{"@Name":"Product","#text":"Microsoft® Windows® Operating System"},{"@Name":"Company","#text":"Microsoft Corporation"},{"@Name":"OriginalFileName","#text":"Cmd.Exe"},{"@Name":"CommandLine","#text":"\"C:\\Windows\\system32\\cmd.exe\" /c nslookup 192.168.0.30"},{"@Name":"CurrentDirectory","#text":"C:\\Users\\admin_test\\AppData\\Local\\Temp\\"},{"@Name":"User","#text":"SERVER002\\admin_test"},{"@Name":"LogonGuid","#text":"dbf410b3-2044-6716-0b1e-0a0000000000"},{"@Name":"LogonId","#text":"0xA1E0B"},{"@Name":"TerminalSessionId","#text":"0"},{"@Name":"IntegrityLevel","#text":"High"},{"@Name":"Hashes","#text":"SHA256=BADF4752413CB0CBDC03FB95820CA167F0CDC63B597CCDB5EF43111180E088B0"},{"@Name":"ParentProcessGuid","#text":"dbf410b3-2031-6716-c000-000000003900"},{"@Name":"ParentProcessId","#text":"5156"},{"@Name":"ParentImage","#text":"C:\\Windows\\System32\\WindowsPowerShell\\v1.0\\powershell.exe"},{"@Name":"ParentCommandLine","#text":"\"powershell.exe\" &amp; {$localip = ((ipconfig | findstr [0-9].\\.)[0]).Split()[-1], $pieces = $localip.split(\\\"\".\\\"\"), $firstOctet = $pieces[0], $secondOctet = $pieces[1], $thirdOctet = $pieces[2], foreach ($ip in 1..255 | % { \\\"\"$firstOctet.$secondOctet.$thirdOctet.$_\\\"\" } ) {cmd.exe /c nslookup $ip}}"},{"@Name":"ParentUser","#text":"SERVER002\\admin_test"}]}}}
{"Event":{"System":{"Provider":{"@Name":"Microsoft-Windows-Sysmon","@Guid":"5770385f-c22a-43e0-bf4c-06f5698ffbd9"},"EventID":"1","Version":"5","Level":"4","Task":"1","Opcode":"0","Keywords":"0x8000000000000000","TimeCreated":{"@SystemTime":"2024-10-21 09:34:46.1851418"},"EventRecordID":"18075","Correlation":null,"Execution":{"@ProcessID":"2948","@ThreadID":"4496"},"Channel":"Microsoft-Windows-Sysmon/Operational","Computer":"Server002","Security":{"@UserID":"S-1-5-18"}},"EventData":{"Data":[{"@Name":"RuleName","#text":"-"},{"@Name":"UtcTime","#text":"2024-10-21 09:34:46.180"},{"@Name":"ProcessGuid","#text":"dbf410b3-2036-6716-ff00-000000003900"},{"@Name":"ProcessId","#text":"4888"},{"@Name":"Image","#text":"C:\\Windows\\System32\\nslookup.exe"},{"@Name":"FileVersion","#text":"10.0.19041.1 (WinBuild.160101.0800)"},{"@Name":"Description","#text":"nslookup"},{"@Name":"Product","#text":"Microsoft® Windows® Operating System"},{"@Name":"Company","#text":"Microsoft Corporation"},{"@Name":"OriginalFileName","#text":"nslookup.exe"},{"@Name":"CommandLine","#text":"nslookup  192.168.0.30"},{"@Name":"CurrentDirectory","#text":"C:\\Users\\admin_test\\AppData\\Local\\Temp\\"},{"@Name":"User","#text":"SERVER002\\admin_test"},{"@Name":"LogonGuid","#text":"dbf410b3-2044-6716-0b1e-0a0000000000"},{"@Name":"LogonId","#text":"0xA1E0B"},{"@Name":"TerminalSessionId","#text":"0"},{"@Name":"IntegrityLevel","#text":"High"},{"@Name":"Hashes","#text":"SHA256=55AB032D256ADBE3FDE40CF90FE83BA5EAB591E04AD720161ED8E6EF059CA747"},{"@Name":"ParentProcessGuid","#text":"dbf410b3-2036-6716-fe00-000000003900"},{"@Name":"ParentProcessId","#text":"1448"},{"@Name":"ParentImage","#text":"C:\\Windows\\System32\\cmd.exe"},{"@Name":"ParentCommandLine","#text":"\"C:\\Windows\\system32\\cmd.exe\" /c nslookup 192.168.0.30"},{"@Name":"ParentUser","#text":"SERVER002\\admin_test"}]}}}
{"Event":{"System":{"Provider":{"@Name":"Microsoft-Windows-Sysmon","@Guid":"5770385f-c22a-43e0-bf4c-06f5698ffbd9"},"EventID":"5","Version":"3","Level":"4","Task":"5","Opcode":"0","Keywords":"0x8000000000000000","TimeCreated":{"@SystemTime":"2024-10-21 09:34:46.2197155"},"EventRecordID":"18076","Correlation":null,"Execution":{"@ProcessID":"2948","@ThreadID":"4496"},"Channel":"Microsoft-Windows-Sysmon/Operational","Computer":"Server002","Security":{"@UserID":"S-1-5-18"}},"EventData":{"Data":[{"@Name":"RuleName","#text":"-"},{"@Name":"UtcTime","#text":"2024-10-21 09:34:46.201"},{"@Name":"ProcessGuid","#text":"dbf410b3-2036-6716-ff00-000000003900"},{"@Name":"ProcessId","#text":"4888"},{"@Name":"Image","#text":"C:\\Windows\\System32\\nslookup.exe"},{"@Name":"User","#text":"SERVER002\\admin_test"}]}}}
{"Event":{"System":{"Provider":{"@Name":"Microsoft-Windows-Sysmon","@Guid":"5770385f-c22a-43e0-bf4c-06f5698ffbd9"},"EventID":"5","Version":"3","Level":"4","Task":"5","Opcode":"0","Keywords":"0x8000000000000000","TimeCreated":{"@SystemTime":"2024-10-21 09:34:46.2224446"},"EventRecordID":"18077","Correlation":null,"Execution":{"@ProcessID":"2948","@ThreadID":"4496"},"Channel":"Microsoft-Windows-Sysmon/Operational","Computer":"Server002","Security":{"@UserID":"S-1-5-18"}},"EventData":{"Data":[{"@Name":"RuleName","#text":"-"},{"@Name":"UtcTime","#text":"2024-10-21 09:34:46.219"},{"@Name":"ProcessGuid","#text":"dbf410b3-2036-6716-fe00-000000003900"},{"@Name":"ProcessId","#text":"1448"},{"@Name":"Image","#text":"C:\\Windows\\System32\\cmd.exe"},{"@Name":"User","#text":"SERVER002\\admin_test"}]}}}
{"Event":{"System":{"Provider":{"@Name":"Microsoft-Windows-Sysmon","@Guid":"5770385f-c22a-43e0-bf4c-06f5698ffbd9"},"EventID":"1","Version":"5","Level":"4","Task":"1","Opcode":"0","Keywords":"0x8000000000000000","TimeCreated":{"@SystemTime":"2024-10-21 09:34:46.2340808"},"EventRecordID":"18078","Correlation":null,"Execution":{"@ProcessID":"2948","@ThreadID":"4496"},"Channel":"Microsoft-Windows-Sysmon/Operational","Computer":"Server002","Security":{"@UserID":"S-1-5-18"}},"EventData":{"Data":[{"@Name":"RuleName","#text":"-"},{"@Name":"UtcTime","#text":"2024-10-21 09:34:46.226"},{"@Name":"ProcessGuid","#text":"dbf410b3-2036-6716-0001-000000003900"},{"@Name":"ProcessId","#text":"3488"},{"@Name":"Image","#text":"C:\\Windows\\System32\\cmd.exe"},{"@Name":"FileVersion","#text":"10.0.19041.4355 (WinBuild.160101.0800)"},{"@Name":"Description","#text":"Windows Command Processor"},{"@Name":"Product","#text":"Microsoft® Windows® Operating System"},{"@Name":"Company","#text":"Microsoft Corporation"},{"@Name":"OriginalFileName","#text":"Cmd.Exe"},{"@Name":"CommandLine","#text":"\"C:\\Windows\\system32\\cmd.exe\" /c nslookup 192.168.0.31"},{"@Name":"CurrentDirectory","#text":"C:\\Users\\admin_test\\AppData\\Local\\Temp\\"},{"@Name":"User","#text":"SERVER002\\admin_test"},{"@Name":"LogonGuid","#text":"dbf410b3-2044-6716-0b1e-0a0000000000"},{"@Name":"LogonId","#text":"0xA1E0B"},{"@Name":"TerminalSessionId","#text":"0"},{"@Name":"IntegrityLevel","#text":"High"},{"@Name":"Hashes","#text":"SHA256=BADF4752413CB0CBDC03FB95820CA167F0CDC63B597CCDB5EF43111180E088B0"},{"@Name":"ParentProcessGuid","#text":"dbf410b3-2031-6716-c000-000000003900"},{"@Name":"ParentProcessId","#text":"5156"},{"@Name":"ParentImage","#text":"C:\\Windows\\System32\\WindowsPowerShell\\v1.0\\powershell.exe"},{"@Name":"ParentCommandLine","#text":"\"powershell.exe\" &amp; {$localip = ((ipconfig | findstr [0-9].\\.)[0]).Split()[-1], $pieces = $localip.split(\\\"\".\\\"\"), $firstOctet = $pieces[0], $secondOctet = $pieces[1], $thirdOctet = $pieces[2], foreach ($ip in 1..255 | % { \\\"\"$firstOctet.$secondOctet.$thirdOctet.$_\\\"\" } ) {cmd.exe /c nslookup $ip}}"},{"@Name":"ParentUser","#text":"SERVER002\\admin_test"}]}}}
{"Event":{"System":{"Provider":{"@Name":"Microsoft-Windows-Sysmon","@Guid":"5770385f-c22a-43e0-bf4c-06f5698ffbd9"},"EventID":"1","Version":"5","Level":"4","Task":"1","Opcode":"0","Keywords":"0x8000000000000000","TimeCreated":{"@SystemTime":"2024-10-21 09:34:46.2531138"},"EventRecordID":"18079","Correlation":null,"Execution":{"@ProcessID":"2948","@ThreadID":"4496"},"Channel":"Microsoft-Windows-Sysmon/Operational","Computer":"Server002","Security":{"@UserID":"S-1-5-18"}},"EventData":{"Data":[{"@Name":"RuleName","#text":"-"},{"@Name":"UtcTime","#text":"2024-10-21 09:34:46.246"},{"@Name":"ProcessGuid","#text":"dbf410b3-2036-6716-0101-000000003900"},{"@Name":"ProcessId","#text":"3396"},{"@Name":"Image","#text":"C:\\Windows\\System32\\nslookup.exe"},{"@Name":"FileVersion","#text":"10.0.19041.1 (WinBuild.160101.0800)"},{"@Name":"Description","#text":"nslookup"},{"@Name":"Product","#text":"Microsoft® Windows® Operating System"},{"@Name":"Company","#text":"Microsoft Corporation"},{"@Name":"OriginalFileName","#text":"nslookup.exe"},{"@Name":"CommandLine","#text":"nslookup  192.168.0.31"},{"@Name":"CurrentDirectory","#text":"C:\\Users\\admin_test\\AppData\\Local\\Temp\\"},{"@Name":"User","#text":"SERVER002\\admin_test"},{"@Name":"LogonGuid","#text":"dbf410b3-2044-6716-0b1e-0a0000000000"},{"@Name":"LogonId","#text":"0xA1E0B"},{"@Name":"TerminalSessionId","#text":"0"},{"@Name":"IntegrityLevel","#text":"High"},{"@Name":"Hashes","#text":"SHA256=55AB032D256ADBE3FDE40CF90FE83BA5EAB591E04AD720161ED8E6EF059CA747"},{"@Name":"ParentProcessGuid","#text":"dbf410b3-2036-6716-0001-000000003900"},{"@Name":"ParentProcessId","#text":"3488"},{"@Name":"ParentImage","#text":"C:\\Windows\\System32\\cmd.exe"},{"@Name":"ParentCommandLine","#text":"\"C:\\Windows\\system32\\cmd.exe\" /c nslookup 192.168.0.31"},{"@Name":"ParentUser","#text":"SERVER002\\admin_test"}]}}}
{"Event":{"System":{"Provider":{"@Name":"Microsoft-Windows-Sysmon","@Guid":"5770385f-c22a-43e0-bf4c-06f5698ffbd9"},"EventID":"5","Version":"3","Level":"4","Task":"5","Opcode":"0","Keywords":"0x8000000000000000","TimeCreated":{"@SystemTime":"2024-10-21 09:34:46.2896992"},"EventRecordID":"18080","Correlation":null,"Execution":{"@ProcessID":"2948","@ThreadID":"4496"},"Channel":"Microsoft-Windows-Sysmon/Operational","Computer":"Server002","Security":{"@UserID":"S-1-5-18"}},"EventData":{"Data":[{"@Name":"RuleName","#text":"-"},{"@Name":"UtcTime","#text":"2024-10-21 09:34:46.274"},{"@Name":"ProcessGuid","#text":"dbf410b3-2036-6716-0101-000000003900"},{"@Name":"ProcessId","#text":"3396"},{"@Name":"Image","#text":"C:\\Windows\\System32\\nslookup.exe"},{"@Name":"User","#text":"SERVER002\\admin_test"}]}}}
{"Event":{"System":{"Provider":{"@Name":"Microsoft-Windows-Sysmon","@Guid":"5770385f-c22a-43e0-bf4c-06f5698ffbd9"},"EventID":"5","Version":"3","Level":"4","Task":"5","Opcode":"0","Keywords":"0x8000000000000000","TimeCreated":{"@SystemTime":"2024-10-21 09:34:46.2934352"},"EventRecordID":"18081","Correlation":null,"Execution":{"@ProcessID":"2948","@ThreadID":"4496"},"Channel":"Microsoft-Windows-Sysmon/Operational","Computer":"Server002","Security":{"@UserID":"S-1-5-18"}},"EventData":{"Data":[{"@Name":"RuleName","#text":"-"},{"@Name":"UtcTime","#text":"2024-10-21 09:34:46.290"},{"@Name":"ProcessGuid","#text":"dbf410b3-2036-6716-0001-000000003900"},{"@Name":"ProcessId","#text":"3488"},{"@Name":"Image","#text":"C:\\Windows\\System32\\cmd.exe"},{"@Name":"User","#text":"SERVER002\\admin_test"}]}}}
{"Event":{"System":{"Provider":{"@Name":"Microsoft-Windows-Sysmon","@Guid":"5770385f-c22a-43e0-bf4c-06f5698ffbd9"},"EventID":"1","Version":"5","Level":"4","Task":"1","Opcode":"0","Keywords":"0x8000000000000000","TimeCreated":{"@SystemTime":"2024-10-21 09:34:46.3038155"},"EventRecordID":"18082","Correlation":null,"Execution":{"@ProcessID":"2948","@ThreadID":"4496"},"Channel":"Microsoft-Windows-Sysmon/Operational","Computer":"Server002","Security":{"@UserID":"S-1-5-18"}},"EventData":{"Data":[{"@Name":"RuleName","#text":"-"},{"@Name":"UtcTime","#text":"2024-10-21 09:34:46.297"},{"@Name":"ProcessGuid","#text":"dbf410b3-2036-6716-0201-000000003900"},{"@Name":"ProcessId","#text":"5244"},{"@Name":"Image","#text":"C:\\Windows\\System32\\cmd.exe"},{"@Name":"FileVersion","#text":"10.0.19041.4355 (WinBuild.160101.0800)"},{"@Name":"Description","#text":"Windows Command Processor"},{"@Name":"Product","#text":"Microsoft® Windows® Operating System"},{"@Name":"Company","#text":"Microsoft Corporation"},{"@Name":"OriginalFileName","#text":"Cmd.Exe"},{"@Name":"CommandLine","#text":"\"C:\\Windows\\system32\\cmd.exe\" /c nslookup 192.168.0.32"},{"@Name":"CurrentDirectory","#text":"C:\\Users\\admin_test\\AppData\\Local\\Temp\\"},{"@Name":"User","#text":"SERVER002\\admin_test"},{"@Name":"LogonGuid","#text":"dbf410b3-2044-6716-0b1e-0a0000000000"},{"@Name":"LogonId","#text":"0xA1E0B"},{"@Name":"TerminalSessionId","#text":"0"},{"@Name":"IntegrityLevel","#text":"High"},{"@Name":"Hashes","#text":"SHA256=BADF4752413CB0CBDC03FB95820CA167F0CDC63B597CCDB5EF43111180E088B0"},{"@Name":"ParentProcessGuid","#text":"dbf410b3-2031-6716-c000-000000003900"},{"@Name":"ParentProcessId","#text":"5156"},{"@Name":"ParentImage","#text":"C:\\Windows\\System32\\WindowsPowerShell\\v1.0\\powershell.exe"},{"@Name":"ParentCommandLine","#text":"\"powershell.exe\" &amp; {$localip = ((ipconfig | findstr [0-9].\\.)[0]).Split()[-1], $pieces = $localip.split(\\\"\".\\\"\"), $firstOctet = $pieces[0], $secondOctet = $pieces[1], $thirdOctet = $pieces[2], foreach ($ip in 1..255 | % { \\\"\"$firstOctet.$secondOctet.$thirdOctet.$_\\\"\" } ) {cmd.exe /c nslookup $ip}}"},{"@Name":"ParentUser","#text":"SERVER002\\admin_test"}]}}}
{"Event":{"System":{"Provider":{"@Name":"Microsoft-Windows-Sysmon","@Guid":"5770385f-c22a-43e0-bf4c-06f5698ffbd9"},"EventID":"1","Version":"5","Level":"4","Task":"1","Opcode":"0","Keywords":"0x8000000000000000","TimeCreated":{"@SystemTime":"2024-10-21 09:34:46.3196398"},"EventRecordID":"18083","Correlation":null,"Execution":{"@ProcessID":"2948","@ThreadID":"4496"},"Channel":"Microsoft-Windows-Sysmon/Operational","Computer":"Server002","Security":{"@UserID":"S-1-5-18"}},"EventData":{"Data":[{"@Name":"RuleName","#text":"-"},{"@Name":"UtcTime","#text":"2024-10-21 09:34:46.314"},{"@Name":"ProcessGuid","#text":"dbf410b3-2036-6716-0301-000000003900"},{"@Name":"ProcessId","#text":"4348"},{"@Name":"Image","#text":"C:\\Windows\\System32\\nslookup.exe"},{"@Name":"FileVersion","#text":"10.0.19041.1 (WinBuild.160101.0800)"},{"@Name":"Description","#text":"nslookup"},{"@Name":"Product","#text":"Microsoft® Windows® Operating System"},{"@Name":"Company","#text":"Microsoft Corporation"},{"@Name":"OriginalFileName","#text":"nslookup.exe"},{"@Name":"CommandLine","#text":"nslookup  192.168.0.32"},{"@Name":"CurrentDirectory","#text":"C:\\Users\\admin_test\\AppData\\Local\\Temp\\"},{"@Name":"User","#text":"SERVER002\\admin_test"},{"@Name":"LogonGuid","#text":"dbf410b3-2044-6716-0b1e-0a0000000000"},{"@Name":"LogonId","#text":"0xA1E0B"},{"@Name":"TerminalSessionId","#text":"0"},{"@Name":"IntegrityLevel","#text":"High"},{"@Name":"Hashes","#text":"SHA256=55AB032D256ADBE3FDE40CF90FE83BA5EAB591E04AD720161ED8E6EF059CA747"},{"@Name":"ParentProcessGuid","#text":"dbf410b3-2036-6716-0201-000000003900"},{"@Name":"ParentProcessId","#text":"5244"},{"@Name":"ParentImage","#text":"C:\\Windows\\System32\\cmd.exe"},{"@Name":"ParentCommandLine","#text":"\"C:\\Windows\\system32\\cmd.exe\" /c nslookup 192.168.0.32"},{"@Name":"ParentUser","#text":"SERVER002\\admin_test"}]}}}
{"Event":{"System":{"Provider":{"@Name":"Microsoft-Windows-Sysmon","@Guid":"5770385f-c22a-43e0-bf4c-06f5698ffbd9"},"EventID":"5","Version":"3","Level":"4","Task":"5","Opcode":"0","Keywords":"0x8000000000000000","TimeCreated":{"@SystemTime":"2024-10-21 09:34:46.3551513"},"EventRecordID":"18084","Correlation":null,"Execution":{"@ProcessID":"2948","@ThreadID":"4496"},"Channel":"Microsoft-Windows-Sysmon/Operational","Computer":"Server002","Security":{"@UserID":"S-1-5-18"}},"EventData":{"Data":[{"@Name":"RuleName","#text":"-"},{"@Name":"UtcTime","#text":"2024-10-21 09:34:46.334"},{"@Name":"ProcessGuid","#text":"dbf410b3-2036-6716-0301-000000003900"},{"@Name":"ProcessId","#text":"4348"},{"@Name":"Image","#text":"C:\\Windows\\System32\\nslookup.exe"},{"@Name":"User","#text":"SERVER002\\admin_test"}]}}}
{"Event":{"System":{"Provider":{"@Name":"Microsoft-Windows-Sysmon","@Guid":"5770385f-c22a-43e0-bf4c-06f5698ffbd9"},"EventID":"5","Version":"3","Level":"4","Task":"5","Opcode":"0","Keywords":"0x8000000000000000","TimeCreated":{"@SystemTime":"2024-10-21 09:34:46.3584171"},"EventRecordID":"18085","Correlation":null,"Execution":{"@ProcessID":"2948","@ThreadID":"4496"},"Channel":"Microsoft-Windows-Sysmon/Operational","Computer":"Server002","Security":{"@UserID":"S-1-5-18"}},"EventData":{"Data":[{"@Name":"RuleName","#text":"-"},{"@Name":"UtcTime","#text":"2024-10-21 09:34:46.334"},{"@Name":"ProcessGuid","#text":"dbf410b3-2036-6716-0201-000000003900"},{"@Name":"ProcessId","#text":"5244"},{"@Name":"Image","#text":"C:\\Windows\\System32\\cmd.exe"},{"@Name":"User","#text":"SERVER002\\admin_test"}]}}}
{"Event":{"System":{"Provider":{"@Name":"Microsoft-Windows-Sysmon","@Guid":"5770385f-c22a-43e0-bf4c-06f5698ffbd9"},"EventID":"1","Version":"5","Level":"4","Task":"1","Opcode":"0","Keywords":"0x8000000000000000","TimeCreated":{"@SystemTime":"2024-10-21 09:34:46.3718827"},"EventRecordID":"18086","Correlation":null,"Execution":{"@ProcessID":"2948","@ThreadID":"4496"},"Channel":"Microsoft-Windows-Sysmon/Operational","Computer":"Server002","Security":{"@UserID":"S-1-5-18"}},"EventData":{"Data":[{"@Name":"RuleName","#text":"-"},{"@Name":"UtcTime","#text":"2024-10-21 09:34:46.362"},{"@Name":"ProcessGuid","#text":"dbf410b3-2036-6716-0401-000000003900"},{"@Name":"ProcessId","#text":"4264"},{"@Name":"Image","#text":"C:\\Windows\\System32\\cmd.exe"},{"@Name":"FileVersion","#text":"10.0.19041.4355 (WinBuild.160101.0800)"},{"@Name":"Description","#text":"Windows Command Processor"},{"@Name":"Product","#text":"Microsoft® Windows® Operating System"},{"@Name":"Company","#text":"Microsoft Corporation"},{"@Name":"OriginalFileName","#text":"Cmd.Exe"},{"@Name":"CommandLine","#text":"\"C:\\Windows\\system32\\cmd.exe\" /c nslookup 192.168.0.33"},{"@Name":"CurrentDirectory","#text":"C:\\Users\\admin_test\\AppData\\Local\\Temp\\"},{"@Name":"User","#text":"SERVER002\\admin_test"},{"@Name":"LogonGuid","#text":"dbf410b3-2044-6716-0b1e-0a0000000000"},{"@Name":"LogonId","#text":"0xA1E0B"},{"@Name":"TerminalSessionId","#text":"0"},{"@Name":"IntegrityLevel","#text":"High"},{"@Name":"Hashes","#text":"SHA256=BADF4752413CB0CBDC03FB95820CA167F0CDC63B597CCDB5EF43111180E088B0"},{"@Name":"ParentProcessGuid","#text":"dbf410b3-2031-6716-c000-000000003900"},{"@Name":"ParentProcessId","#text":"5156"},{"@Name":"ParentImage","#text":"C:\\Windows\\System32\\WindowsPowerShell\\v1.0\\powershell.exe"},{"@Name":"ParentCommandLine","#text":"\"powershell.exe\" &amp; {$localip = ((ipconfig | findstr [0-9].\\.)[0]).Split()[-1], $pieces = $localip.split(\\\"\".\\\"\"), $firstOctet = $pieces[0], $secondOctet = $pieces[1], $thirdOctet = $pieces[2], foreach ($ip in 1..255 | % { \\\"\"$firstOctet.$secondOctet.$thirdOctet.$_\\\"\" } ) {cmd.exe /c nslookup $ip}}"},{"@Name":"ParentUser","#text":"SERVER002\\admin_test"}]}}}
{"Event":{"System":{"Provider":{"@Name":"Microsoft-Windows-Sysmon","@Guid":"5770385f-c22a-43e0-bf4c-06f5698ffbd9"},"EventID":"1","Version":"5","Level":"4","Task":"1","Opcode":"0","Keywords":"0x8000000000000000","TimeCreated":{"@SystemTime":"2024-10-21 09:34:46.3883497"},"EventRecordID":"18087","Correlation":null,"Execution":{"@ProcessID":"2948","@ThreadID":"4496"},"Channel":"Microsoft-Windows-Sysmon/Operational","Computer":"Server002","Security":{"@UserID":"S-1-5-18"}},"EventData":{"Data":[{"@Name":"RuleName","#text":"-"},{"@Name":"UtcTime","#text":"2024-10-21 09:34:46.382"},{"@Name":"ProcessGuid","#text":"dbf410b3-2036-6716-0501-000000003900"},{"@Name":"ProcessId","#text":"4160"},{"@Name":"Image","#text":"C:\\Windows\\System32\\nslookup.exe"},{"@Name":"FileVersion","#text":"10.0.19041.1 (WinBuild.160101.0800)"},{"@Name":"Description","#text":"nslookup"},{"@Name":"Product","#text":"Microsoft® Windows® Operating System"},{"@Name":"Company","#text":"Microsoft Corporation"},{"@Name":"OriginalFileName","#text":"nslookup.exe"},{"@Name":"CommandLine","#text":"nslookup  192.168.0.33"},{"@Name":"CurrentDirectory","#text":"C:\\Users\\admin_test\\AppData\\Local\\Temp\\"},{"@Name":"User","#text":"SERVER002\\admin_test"},{"@Name":"LogonGuid","#text":"dbf410b3-2044-6716-0b1e-0a0000000000"},{"@Name":"LogonId","#text":"0xA1E0B"},{"@Name":"TerminalSessionId","#text":"0"},{"@Name":"IntegrityLevel","#text":"High"},{"@Name":"Hashes","#text":"SHA256=55AB032D256ADBE3FDE40CF90FE83BA5EAB591E04AD720161ED8E6EF059CA747"},{"@Name":"ParentProcessGuid","#text":"dbf410b3-2036-6716-0401-000000003900"},{"@Name":"ParentProcessId","#text":"4264"},{"@Name":"ParentImage","#text":"C:\\Windows\\System32\\cmd.exe"},{"@Name":"ParentCommandLine","#text":"\"C:\\Windows\\system32\\cmd.exe\" /c nslookup 192.168.0.33"},{"@Name":"ParentUser","#text":"SERVER002\\admin_test"}]}}}
{"Event":{"System":{"Provider":{"@Name":"Microsoft-Windows-Sysmon","@Guid":"5770385f-c22a-43e0-bf4c-06f5698ffbd9"},"EventID":"5","Version":"3","Level":"4","Task":"5","Opcode":"0","Keywords":"0x8000000000000000","TimeCreated":{"@SystemTime":"2024-10-21 09:34:46.4284512"},"EventRecordID":"18088","Correlation":null,"Execution":{"@ProcessID":"2948","@ThreadID":"4496"},"Channel":"Microsoft-Windows-Sysmon/Operational","Computer":"Server002","Security":{"@UserID":"S-1-5-18"}},"EventData":{"Data":[{"@Name":"RuleName","#text":"-"},{"@Name":"UtcTime","#text":"2024-10-21 09:34:46.423"},{"@Name":"ProcessGuid","#text":"dbf410b3-2036-6716-0501-000000003900"},{"@Name":"ProcessId","#text":"4160"},{"@Name":"Image","#text":"C:\\Windows\\System32\\nslookup.exe"},{"@Name":"User","#text":"SERVER002\\admin_test"}]}}}
{"Event":{"System":{"Provider":{"@Name":"Microsoft-Windows-Sysmon","@Guid":"5770385f-c22a-43e0-bf4c-06f5698ffbd9"},"EventID":"5","Version":"3","Level":"4","Task":"5","Opcode":"0","Keywords":"0x8000000000000000","TimeCreated":{"@SystemTime":"2024-10-21 09:34:46.4323515"},"EventRecordID":"18089","Correlation":null,"Execution":{"@ProcessID":"2948","@ThreadID":"4496"},"Channel":"Microsoft-Windows-Sysmon/Operational","Computer":"Server002","Security":{"@UserID":"S-1-5-18"}},"EventData":{"Data":[{"@Name":"RuleName","#text":"-"},{"@Name":"UtcTime","#text":"2024-10-21 09:34:46.423"},{"@Name":"ProcessGuid","#text":"dbf410b3-2036-6716-0401-000000003900"},{"@Name":"ProcessId","#text":"4264"},{"@Name":"Image","#text":"C:\\Windows\\System32\\cmd.exe"},{"@Name":"User","#text":"SERVER002\\admin_test"}]}}}
{"Event":{"System":{"Provider":{"@Name":"Microsoft-Windows-Sysmon","@Guid":"5770385f-c22a-43e0-bf4c-06f5698ffbd9"},"EventID":"1","Version":"5","Level":"4","Task":"1","Opcode":"0","Keywords":"0x8000000000000000","TimeCreated":{"@SystemTime":"2024-10-21 09:34:46.4444236"},"EventRecordID":"18090","Correlation":null,"Execution":{"@ProcessID":"2948","@ThreadID":"4496"},"Channel":"Microsoft-Windows-Sysmon/Operational","Computer":"Server002","Security":{"@UserID":"S-1-5-18"}},"EventData":{"Data":[{"@Name":"RuleName","#text":"-"},{"@Name":"UtcTime","#text":"2024-10-21 09:34:46.435"},{"@Name":"ProcessGuid","#text":"dbf410b3-2036-6716-0601-000000003900"},{"@Name":"ProcessId","#text":"1220"},{"@Name":"Image","#text":"C:\\Windows\\System32\\cmd.exe"},{"@Name":"FileVersion","#text":"10.0.19041.4355 (WinBuild.160101.0800)"},{"@Name":"Description","#text":"Windows Command Processor"},{"@Name":"Product","#text":"Microsoft® Windows® Operating System"},{"@Name":"Company","#text":"Microsoft Corporation"},{"@Name":"OriginalFileName","#text":"Cmd.Exe"},{"@Name":"CommandLine","#text":"\"C:\\Windows\\system32\\cmd.exe\" /c nslookup 192.168.0.34"},{"@Name":"CurrentDirectory","#text":"C:\\Users\\admin_test\\AppData\\Local\\Temp\\"},{"@Name":"User","#text":"SERVER002\\admin_test"},{"@Name":"LogonGuid","#text":"dbf410b3-2044-6716-0b1e-0a0000000000"},{"@Name":"LogonId","#text":"0xA1E0B"},{"@Name":"TerminalSessionId","#text":"0"},{"@Name":"IntegrityLevel","#text":"High"},{"@Name":"Hashes","#text":"SHA256=BADF4752413CB0CBDC03FB95820CA167F0CDC63B597CCDB5EF43111180E088B0"},{"@Name":"ParentProcessGuid","#text":"dbf410b3-2031-6716-c000-000000003900"},{"@Name":"ParentProcessId","#text":"5156"},{"@Name":"ParentImage","#text":"C:\\Windows\\System32\\WindowsPowerShell\\v1.0\\powershell.exe"},{"@Name":"ParentCommandLine","#text":"\"powershell.exe\" &amp; {$localip = ((ipconfig | findstr [0-9].\\.)[0]).Split()[-1], $pieces = $localip.split(\\\"\".\\\"\"), $firstOctet = $pieces[0], $secondOctet = $pieces[1], $thirdOctet = $pieces[2], foreach ($ip in 1..255 | % { \\\"\"$firstOctet.$secondOctet.$thirdOctet.$_\\\"\" } ) {cmd.exe /c nslookup $ip}}"},{"@Name":"ParentUser","#text":"SERVER002\\admin_test"}]}}}
{"Event":{"System":{"Provider":{"@Name":"Microsoft-Windows-Sysmon","@Guid":"5770385f-c22a-43e0-bf4c-06f5698ffbd9"},"EventID":"1","Version":"5","Level":"4","Task":"1","Opcode":"0","Keywords":"0x8000000000000000","TimeCreated":{"@SystemTime":"2024-10-21 09:34:46.4568004"},"EventRecordID":"18091","Correlation":null,"Execution":{"@ProcessID":"2948","@ThreadID":"4496"},"Channel":"Microsoft-Windows-Sysmon/Operational","Computer":"Server002","Security":{"@UserID":"S-1-5-18"}},"EventData":{"Data":[{"@Name":"RuleName","#text":"-"},{"@Name":"UtcTime","#text":"2024-10-21 09:34:46.453"},{"@Name":"ProcessGuid","#text":"dbf410b3-2036-6716-0701-000000003900"},{"@Name":"ProcessId","#text":"5692"},{"@Name":"Image","#text":"C:\\Windows\\System32\\nslookup.exe"},{"@Name":"FileVersion","#text":"10.0.19041.1 (WinBuild.160101.0800)"},{"@Name":"Description","#text":"nslookup"},{"@Name":"Product","#text":"Microsoft® Windows® Operating System"},{"@Name":"Company","#text":"Microsoft Corporation"},{"@Name":"OriginalFileName","#text":"nslookup.exe"},{"@Name":"CommandLine","#text":"nslookup  192.168.0.34"},{"@Name":"CurrentDirectory","#text":"C:\\Users\\admin_test\\AppData\\Local\\Temp\\"},{"@Name":"User","#text":"SERVER002\\admin_test"},{"@Name":"LogonGuid","#text":"dbf410b3-2044-6716-0b1e-0a0000000000"},{"@Name":"LogonId","#text":"0xA1E0B"},{"@Name":"TerminalSessionId","#text":"0"},{"@Name":"IntegrityLevel","#text":"High"},{"@Name":"Hashes","#text":"SHA256=55AB032D256ADBE3FDE40CF90FE83BA5EAB591E04AD720161ED8E6EF059CA747"},{"@Name":"ParentProcessGuid","#text":"dbf410b3-2036-6716-0601-000000003900"},{"@Name":"ParentProcessId","#text":"1220"},{"@Name":"ParentImage","#text":"C:\\Windows\\System32\\cmd.exe"},{"@Name":"ParentCommandLine","#text":"\"C:\\Windows\\system32\\cmd.exe\" /c nslookup 192.168.0.34"},{"@Name":"ParentUser","#text":"SERVER002\\admin_test"}]}}}
{"Event":{"System":{"Provider":{"@Name":"Microsoft-Windows-Sysmon","@Guid":"5770385f-c22a-43e0-bf4c-06f5698ffbd9"},"EventID":"5","Version":"3","Level":"4","Task":"5","Opcode":"0","Keywords":"0x8000000000000000","TimeCreated":{"@SystemTime":"2024-10-21 09:34:46.4831206"},"EventRecordID":"18092","Correlation":null,"Execution":{"@ProcessID":"2948","@ThreadID":"4496"},"Channel":"Microsoft-Windows-Sysmon/Operational","Computer":"Server002","Security":{"@UserID":"S-1-5-18"}},"EventData":{"Data":[{"@Name":"RuleName","#text":"-"},{"@Name":"UtcTime","#text":"2024-10-21 09:34:46.474"},{"@Name":"ProcessGuid","#text":"dbf410b3-203a-6716-9900-000000003900"},{"@Name":"ProcessId","#text":"1388"},{"@Name":"Image","#text":"C:\\Windows\\system32\\taskhostw.exe"},{"@Name":"User","#text":"NT AUTHORITY\\SYSTEM"}]}}}
{"Event":{"System":{"Provider":{"@Name":"Microsoft-Windows-Sysmon","@Guid":"5770385f-c22a-43e0-bf4c-06f5698ffbd9"},"EventID":"5","Version":"3","Level":"4","Task":"5","Opcode":"0","Keywords":"0x8000000000000000","TimeCreated":{"@SystemTime":"2024-10-21 09:34:46.4864003"},"EventRecordID":"18093","Correlation":null,"Execution":{"@ProcessID":"2948","@ThreadID":"4496"},"Channel":"Microsoft-Windows-Sysmon/Operational","Computer":"Server002","Security":{"@UserID":"S-1-5-18"}},"EventData":{"Data":[{"@Name":"RuleName","#text":"-"},{"@Name":"UtcTime","#text":"2024-10-21 09:34:46.474"},{"@Name":"ProcessGuid","#text":"dbf410b3-2036-6716-0701-000000003900"},{"@Name":"ProcessId","#text":"5692"},{"@Name":"Image","#text":"C:\\Windows\\System32\\nslookup.exe"},{"@Name":"User","#text":"SERVER002\\admin_test"}]}}}
{"Event":{"System":{"Provider":{"@Name":"Microsoft-Windows-Sysmon","@Guid":"5770385f-c22a-43e0-bf4c-06f5698ffbd9"},"EventID":"5","Version":"3","Level":"4","Task":"5","Opcode":"0","Keywords":"0x8000000000000000","TimeCreated":{"@SystemTime":"2024-10-21 09:34:46.4893023"},"EventRecordID":"18094","Correlation":null,"Execution":{"@ProcessID":"2948","@ThreadID":"4496"},"Channel":"Microsoft-Windows-Sysmon/Operational","Computer":"Server002","Security":{"@UserID":"S-1-5-18"}},"EventData":{"Data":[{"@Name":"RuleName","#text":"-"},{"@Name":"UtcTime","#text":"2024-10-21 09:34:46.474"},{"@Name":"ProcessGuid","#text":"dbf410b3-2036-6716-0601-000000003900"},{"@Name":"ProcessId","#text":"1220"},{"@Name":"Image","#text":"C:\\Windows\\System32\\cmd.exe"},{"@Name":"User","#text":"SERVER002\\admin_test"}]}}}
{"Event":{"System":{"Provider":{"@Name":"Microsoft-Windows-Sysmon","@Guid":"5770385f-c22a-43e0-bf4c-06f5698ffbd9"},"EventID":"1","Version":"5","Level":"4","Task":"1","Opcode":"0","Keywords":"0x8000000000000000","TimeCreated":{"@SystemTime":"2024-10-21 09:34:46.4996153"},"EventRecordID":"18095","Correlation":null,"Execution":{"@ProcessID":"2948","@ThreadID":"4496"},"Channel":"Microsoft-Windows-Sysmon/Operational","Computer":"Server002","Security":{"@UserID":"S-1-5-18"}},"EventData":{"Data":[{"@Name":"RuleName","#text":"-"},{"@Name":"UtcTime","#text":"2024-10-21 09:34:46.493"},{"@Name":"ProcessGuid","#text":"dbf410b3-2036-6716-0801-000000003900"},{"@Name":"ProcessId","#text":"5696"},{"@Name":"Image","#text":"C:\\Windows\\System32\\cmd.exe"},{"@Name":"FileVersion","#text":"10.0.19041.4355 (WinBuild.160101.0800)"},{"@Name":"Description","#text":"Windows Command Processor"},{"@Name":"Product","#text":"Microsoft® Windows® Operating System"},{"@Name":"Company","#text":"Microsoft Corporation"},{"@Name":"OriginalFileName","#text":"Cmd.Exe"},{"@Name":"CommandLine","#text":"\"C:\\Windows\\system32\\cmd.exe\" /c nslookup 192.168.0.35"},{"@Name":"CurrentDirectory","#text":"C:\\Users\\admin_test\\AppData\\Local\\Temp\\"},{"@Name":"User","#text":"SERVER002\\admin_test"},{"@Name":"LogonGuid","#text":"dbf410b3-2044-6716-0b1e-0a0000000000"},{"@Name":"LogonId","#text":"0xA1E0B"},{"@Name":"TerminalSessionId","#text":"0"},{"@Name":"IntegrityLevel","#text":"High"},{"@Name":"Hashes","#text":"SHA256=BADF4752413CB0CBDC03FB95820CA167F0CDC63B597CCDB5EF43111180E088B0"},{"@Name":"ParentProcessGuid","#text":"dbf410b3-2031-6716-c000-000000003900"},{"@Name":"ParentProcessId","#text":"5156"},{"@Name":"ParentImage","#text":"C:\\Windows\\System32\\WindowsPowerShell\\v1.0\\powershell.exe"},{"@Name":"ParentCommandLine","#text":"\"powershell.exe\" &amp; {$localip = ((ipconfig | findstr [0-9].\\.)[0]).Split()[-1], $pieces = $localip.split(\\\"\".\\\"\"), $firstOctet = $pieces[0], $secondOctet = $pieces[1], $thirdOctet = $pieces[2], foreach ($ip in 1..255 | % { \\\"\"$firstOctet.$secondOctet.$thirdOctet.$_\\\"\" } ) {cmd.exe /c nslookup $ip}}"},{"@Name":"ParentUser","#text":"SERVER002\\admin_test"}]}}}
{"Event":{"System":{"Provider":{"@Name":"Microsoft-Windows-Sysmon","@Guid":"5770385f-c22a-43e0-bf4c-06f5698ffbd9"},"EventID":"1","Version":"5","Level":"4","Task":"1","Opcode":"0","Keywords":"0x8000000000000000","TimeCreated":{"@SystemTime":"2024-10-21 09:34:46.5139191"},"EventRecordID":"18096","Correlation":null,"Execution":{"@ProcessID":"2948","@ThreadID":"4496"},"Channel":"Microsoft-Windows-Sysmon/Operational","Computer":"Server002","Security":{"@UserID":"S-1-5-18"}},"EventData":{"Data":[{"@Name":"RuleName","#text":"-"},{"@Name":"UtcTime","#text":"2024-10-21 09:34:46.510"},{"@Name":"ProcessGuid","#text":"dbf410b3-2036-6716-0901-000000003900"},{"@Name":"ProcessId","#text":"1540"},{"@Name":"Image","#text":"C:\\Windows\\System32\\nslookup.exe"},{"@Name":"FileVersion","#text":"10.0.19041.1 (WinBuild.160101.0800)"},{"@Name":"Description","#text":"nslookup"},{"@Name":"Product","#text":"Microsoft® Windows® Operating System"},{"@Name":"Company","#text":"Microsoft Corporation"},{"@Name":"OriginalFileName","#text":"nslookup.exe"},{"@Name":"CommandLine","#text":"nslookup  192.168.0.35"},{"@Name":"CurrentDirectory","#text":"C:\\Users\\admin_test\\AppData\\Local\\Temp\\"},{"@Name":"User","#text":"SERVER002\\admin_test"},{"@Name":"LogonGuid","#text":"dbf410b3-2044-6716-0b1e-0a0000000000"},{"@Name":"LogonId","#text":"0xA1E0B"},{"@Name":"TerminalSessionId","#text":"0"},{"@Name":"IntegrityLevel","#text":"High"},{"@Name":"Hashes","#text":"SHA256=55AB032D256ADBE3FDE40CF90FE83BA5EAB591E04AD720161ED8E6EF059CA747"},{"@Name":"ParentProcessGuid","#text":"dbf410b3-2036-6716-0801-000000003900"},{"@Name":"ParentProcessId","#text":"5696"},{"@Name":"ParentImage","#text":"C:\\Windows\\System32\\cmd.exe"},{"@Name":"ParentCommandLine","#text":"\"C:\\Windows\\system32\\cmd.exe\" /c nslookup 192.168.0.35"},{"@Name":"ParentUser","#text":"SERVER002\\admin_test"}]}}}
{"Event":{"System":{"Provider":{"@Name":"Microsoft-Windows-Sysmon","@Guid":"5770385f-c22a-43e0-bf4c-06f5698ffbd9"},"EventID":"5","Version":"3","Level":"4","Task":"5","Opcode":"0","Keywords":"0x8000000000000000","TimeCreated":{"@SystemTime":"2024-10-21 09:34:46.5442709"},"EventRecordID":"18097","Correlation":null,"Execution":{"@ProcessID":"2948","@ThreadID":"4496"},"Channel":"Microsoft-Windows-Sysmon/Operational","Computer":"Server002","Security":{"@UserID":"S-1-5-18"}},"EventData":{"Data":[{"@Name":"RuleName","#text":"-"},{"@Name":"UtcTime","#text":"2024-10-21 09:34:46.543"},{"@Name":"ProcessGuid","#text":"dbf410b3-2036-6716-0901-000000003900"},{"@Name":"ProcessId","#text":"1540"},{"@Name":"Image","#text":"C:\\Windows\\System32\\nslookup.exe"},{"@Name":"User","#text":"SERVER002\\admin_test"}]}}}
{"Event":{"System":{"Provider":{"@Name":"Microsoft-Windows-Sysmon","@Guid":"5770385f-c22a-43e0-bf4c-06f5698ffbd9"},"EventID":"5","Version":"3","Level":"4","Task":"5","Opcode":"0","Keywords":"0x8000000000000000","TimeCreated":{"@SystemTime":"2024-10-21 09:34:46.5463525"},"EventRecordID":"18098","Correlation":null,"Execution":{"@ProcessID":"2948","@ThreadID":"4496"},"Channel":"Microsoft-Windows-Sysmon/Operational","Computer":"Server002","Security":{"@UserID":"S-1-5-18"}},"EventData":{"Data":[{"@Name":"RuleName","#text":"-"},{"@Name":"UtcTime","#text":"2024-10-21 09:34:46.543"},{"@Name":"ProcessGuid","#text":"dbf410b3-2036-6716-0801-000000003900"},{"@Name":"ProcessId","#text":"5696"},{"@Name":"Image","#text":"C:\\Windows\\System32\\cmd.exe"},{"@Name":"User","#text":"SERVER002\\admin_test"}]}}}
{"Event":{"System":{"Provider":{"@Name":"Microsoft-Windows-Sysmon","@Guid":"5770385f-c22a-43e0-bf4c-06f5698ffbd9"},"EventID":"1","Version":"5","Level":"4","Task":"1","Opcode":"0","Keywords":"0x8000000000000000","TimeCreated":{"@SystemTime":"2024-10-21 09:34:46.5572499"},"EventRecordID":"18099","Correlation":null,"Execution":{"@ProcessID":"2948","@ThreadID":"4496"},"Channel":"Microsoft-Windows-Sysmon/Operational","Computer":"Server002","Security":{"@UserID":"S-1-5-18"}},"EventData":{"Data":[{"@Name":"RuleName","#text":"-"},{"@Name":"UtcTime","#text":"2024-10-21 09:34:46.550"},{"@Name":"ProcessGuid","#text":"dbf410b3-2036-6716-0a01-000000003900"},{"@Name":"ProcessId","#text":"648"},{"@Name":"Image","#text":"C:\\Windows\\System32\\cmd.exe"},{"@Name":"FileVersion","#text":"10.0.19041.4355 (WinBuild.160101.0800)"},{"@Name":"Description","#text":"Windows Command Processor"},{"@Name":"Product","#text":"Microsoft® Windows® Operating System"},{"@Name":"Company","#text":"Microsoft Corporation"},{"@Name":"OriginalFileName","#text":"Cmd.Exe"},{"@Name":"CommandLine","#text":"\"C:\\Windows\\system32\\cmd.exe\" /c nslookup 192.168.0.36"},{"@Name":"CurrentDirectory","#text":"C:\\Users\\admin_test\\AppData\\Local\\Temp\\"},{"@Name":"User","#text":"SERVER002\\admin_test"},{"@Name":"LogonGuid","#text":"dbf410b3-2044-6716-0b1e-0a0000000000"},{"@Name":"LogonId","#text":"0xA1E0B"},{"@Name":"TerminalSessionId","#text":"0"},{"@Name":"IntegrityLevel","#text":"High"},{"@Name":"Hashes","#text":"SHA256=BADF4752413CB0CBDC03FB95820CA167F0CDC63B597CCDB5EF43111180E088B0"},{"@Name":"ParentProcessGuid","#text":"dbf410b3-2031-6716-c000-000000003900"},{"@Name":"ParentProcessId","#text":"5156"},{"@Name":"ParentImage","#text":"C:\\Windows\\System32\\WindowsPowerShell\\v1.0\\powershell.exe"},{"@Name":"ParentCommandLine","#text":"\"powershell.exe\" &amp; {$localip = ((ipconfig | findstr [0-9].\\.)[0]).Split()[-1], $pieces = $localip.split(\\\"\".\\\"\"), $firstOctet = $pieces[0], $secondOctet = $pieces[1], $thirdOctet = $pieces[2], foreach ($ip in 1..255 | % { \\\"\"$firstOctet.$secondOctet.$thirdOctet.$_\\\"\" } ) {cmd.exe /c nslookup $ip}}"},{"@Name":"ParentUser","#text":"SERVER002\\admin_test"}]}}}
{"Event":{"System":{"Provider":{"@Name":"Microsoft-Windows-Sysmon","@Guid":"5770385f-c22a-43e0-bf4c-06f5698ffbd9"},"EventID":"1","Version":"5","Level":"4","Task":"1","Opcode":"0","Keywords":"0x8000000000000000","TimeCreated":{"@SystemTime":"2024-10-21 09:34:46.5715958"},"EventRecordID":"18100","Correlation":null,"Execution":{"@ProcessID":"2948","@ThreadID":"4496"},"Channel":"Microsoft-Windows-Sysmon/Operational","Computer":"Server002","Security":{"@UserID":"S-1-5-18"}},"EventData":{"Data":[{"@Name":"RuleName","#text":"-"},{"@Name":"UtcTime","#text":"2024-10-21 09:34:46.568"},{"@Name":"ProcessGuid","#text":"dbf410b3-2036-6716-0b01-000000003900"},{"@Name":"ProcessId","#text":"1732"},{"@Name":"Image","#text":"C:\\Windows\\System32\\nslookup.exe"},{"@Name":"FileVersion","#text":"10.0.19041.1 (WinBuild.160101.0800)"},{"@Name":"Description","#text":"nslookup"},{"@Name":"Product","#text":"Microsoft® Windows® Operating System"},{"@Name":"Company","#text":"Microsoft Corporation"},{"@Name":"OriginalFileName","#text":"nslookup.exe"},{"@Name":"CommandLine","#text":"nslookup  192.168.0.36"},{"@Name":"CurrentDirectory","#text":"C:\\Users\\admin_test\\AppData\\Local\\Temp\\"},{"@Name":"User","#text":"SERVER002\\admin_test"},{"@Name":"LogonGuid","#text":"dbf410b3-2044-6716-0b1e-0a0000000000"},{"@Name":"LogonId","#text":"0xA1E0B"},{"@Name":"TerminalSessionId","#text":"0"},{"@Name":"IntegrityLevel","#text":"High"},{"@Name":"Hashes","#text":"SHA256=55AB032D256ADBE3FDE40CF90FE83BA5EAB591E04AD720161ED8E6EF059CA747"},{"@Name":"ParentProcessGuid","#text":"dbf410b3-2036-6716-0a01-000000003900"},{"@Name":"ParentProcessId","#text":"648"},{"@Name":"ParentImage","#text":"C:\\Windows\\System32\\cmd.exe"},{"@Name":"ParentCommandLine","#text":"\"C:\\Windows\\system32\\cmd.exe\" /c nslookup 192.168.0.36"},{"@Name":"ParentUser","#text":"SERVER002\\admin_test"}]}}}
{"Event":{"System":{"Provider":{"@Name":"Microsoft-Windows-Sysmon","@Guid":"5770385f-c22a-43e0-bf4c-06f5698ffbd9"},"EventID":"5","Version":"3","Level":"4","Task":"5","Opcode":"0","Keywords":"0x8000000000000000","TimeCreated":{"@SystemTime":"2024-10-21 09:34:46.6017298"},"EventRecordID":"18101","Correlation":null,"Execution":{"@ProcessID":"2948","@ThreadID":"4496"},"Channel":"Microsoft-Windows-Sysmon/Operational","Computer":"Server002","Security":{"@UserID":"S-1-5-18"}},"EventData":{"Data":[{"@Name":"RuleName","#text":"-"},{"@Name":"UtcTime","#text":"2024-10-21 09:34:46.594"},{"@Name":"ProcessGuid","#text":"dbf410b3-2036-6716-0b01-000000003900"},{"@Name":"ProcessId","#text":"1732"},{"@Name":"Image","#text":"C:\\Windows\\System32\\nslookup.exe"},{"@Name":"User","#text":"SERVER002\\admin_test"}]}}}
{"Event":{"System":{"Provider":{"@Name":"Microsoft-Windows-Sysmon","@Guid":"5770385f-c22a-43e0-bf4c-06f5698ffbd9"},"EventID":"5","Version":"3","Level":"4","Task":"5","Opcode":"0","Keywords":"0x8000000000000000","TimeCreated":{"@SystemTime":"2024-10-21 09:34:46.6043691"},"EventRecordID":"18102","Correlation":null,"Execution":{"@ProcessID":"2948","@ThreadID":"4496"},"Channel":"Microsoft-Windows-Sysmon/Operational","Computer":"Server002","Security":{"@UserID":"S-1-5-18"}},"EventData":{"Data":[{"@Name":"RuleName","#text":"-"},{"@Name":"UtcTime","#text":"2024-10-21 09:34:46.594"},{"@Name":"ProcessGuid","#text":"dbf410b3-2036-6716-0a01-000000003900"},{"@Name":"ProcessId","#text":"648"},{"@Name":"Image","#text":"C:\\Windows\\System32\\cmd.exe"},{"@Name":"User","#text":"SERVER002\\admin_test"}]}}}
{"Event":{"System":{"Provider":{"@Name":"Microsoft-Windows-Sysmon","@Guid":"5770385f-c22a-43e0-bf4c-06f5698ffbd9"},"EventID":"1","Version":"5","Level":"4","Task":"1","Opcode":"0","Keywords":"0x8000000000000000","TimeCreated":{"@SystemTime":"2024-10-21 09:34:46.6139605"},"EventRecordID":"18103","Correlation":null,"Execution":{"@ProcessID":"2948","@ThreadID":"4496"},"Channel":"Microsoft-Windows-Sysmon/Operational","Computer":"Server002","Security":{"@UserID":"S-1-5-18"}},"EventData":{"Data":[{"@Name":"RuleName","#text":"-"},{"@Name":"UtcTime","#text":"2024-10-21 09:34:46.607"},{"@Name":"ProcessGuid","#text":"dbf410b3-2036-6716-0c01-000000003900"},{"@Name":"ProcessId","#text":"1332"},{"@Name":"Image","#text":"C:\\Windows\\System32\\cmd.exe"},{"@Name":"FileVersion","#text":"10.0.19041.4355 (WinBuild.160101.0800)"},{"@Name":"Description","#text":"Windows Command Processor"},{"@Name":"Product","#text":"Microsoft® Windows® Operating System"},{"@Name":"Company","#text":"Microsoft Corporation"},{"@Name":"OriginalFileName","#text":"Cmd.Exe"},{"@Name":"CommandLine","#text":"\"C:\\Windows\\system32\\cmd.exe\" /c nslookup 192.168.0.37"},{"@Name":"CurrentDirectory","#text":"C:\\Users\\admin_test\\AppData\\Local\\Temp\\"},{"@Name":"User","#text":"SERVER002\\admin_test"},{"@Name":"LogonGuid","#text":"dbf410b3-2044-6716-0b1e-0a0000000000"},{"@Name":"LogonId","#text":"0xA1E0B"},{"@Name":"TerminalSessionId","#text":"0"},{"@Name":"IntegrityLevel","#text":"High"},{"@Name":"Hashes","#text":"SHA256=BADF4752413CB0CBDC03FB95820CA167F0CDC63B597CCDB5EF43111180E088B0"},{"@Name":"ParentProcessGuid","#text":"dbf410b3-2031-6716-c000-000000003900"},{"@Name":"ParentProcessId","#text":"5156"},{"@Name":"ParentImage","#text":"C:\\Windows\\System32\\WindowsPowerShell\\v1.0\\powershell.exe"},{"@Name":"ParentCommandLine","#text":"\"powershell.exe\" &amp; {$localip = ((ipconfig | findstr [0-9].\\.)[0]).Split()[-1], $pieces = $localip.split(\\\"\".\\\"\"), $firstOctet = $pieces[0], $secondOctet = $pieces[1], $thirdOctet = $pieces[2], foreach ($ip in 1..255 | % { \\\"\"$firstOctet.$secondOctet.$thirdOctet.$_\\\"\" } ) {cmd.exe /c nslookup $ip}}"},{"@Name":"ParentUser","#text":"SERVER002\\admin_test"}]}}}
{"Event":{"System":{"Provider":{"@Name":"Microsoft-Windows-Sysmon","@Guid":"5770385f-c22a-43e0-bf4c-06f5698ffbd9"},"EventID":"1","Version":"5","Level":"4","Task":"1","Opcode":"0","Keywords":"0x8000000000000000","TimeCreated":{"@SystemTime":"2024-10-21 09:34:46.6289234"},"EventRecordID":"18104","Correlation":null,"Execution":{"@ProcessID":"2948","@ThreadID":"4496"},"Channel":"Microsoft-Windows-Sysmon/Operational","Computer":"Server002","Security":{"@UserID":"S-1-5-18"}},"EventData":{"Data":[{"@Name":"RuleName","#text":"-"},{"@Name":"UtcTime","#text":"2024-10-21 09:34:46.624"},{"@Name":"ProcessGuid","#text":"dbf410b3-2036-6716-0d01-000000003900"},{"@Name":"ProcessId","#text":"1100"},{"@Name":"Image","#text":"C:\\Windows\\System32\\nslookup.exe"},{"@Name":"FileVersion","#text":"10.0.19041.1 (WinBuild.160101.0800)"},{"@Name":"Description","#text":"nslookup"},{"@Name":"Product","#text":"Microsoft® Windows® Operating System"},{"@Name":"Company","#text":"Microsoft Corporation"},{"@Name":"OriginalFileName","#text":"nslookup.exe"},{"@Name":"CommandLine","#text":"nslookup  192.168.0.37"},{"@Name":"CurrentDirectory","#text":"C:\\Users\\admin_test\\AppData\\Local\\Temp\\"},{"@Name":"User","#text":"SERVER002\\admin_test"},{"@Name":"LogonGuid","#text":"dbf410b3-2044-6716-0b1e-0a0000000000"},{"@Name":"LogonId","#text":"0xA1E0B"},{"@Name":"TerminalSessionId","#text":"0"},{"@Name":"IntegrityLevel","#text":"High"},{"@Name":"Hashes","#text":"SHA256=55AB032D256ADBE3FDE40CF90FE83BA5EAB591E04AD720161ED8E6EF059CA747"},{"@Name":"ParentProcessGuid","#text":"dbf410b3-2036-6716-0c01-000000003900"},{"@Name":"ParentProcessId","#text":"1332"},{"@Name":"ParentImage","#text":"C:\\Windows\\System32\\cmd.exe"},{"@Name":"ParentCommandLine","#text":"\"C:\\Windows\\system32\\cmd.exe\" /c nslookup 192.168.0.37"},{"@Name":"ParentUser","#text":"SERVER002\\admin_test"}]}}}
{"Event":{"System":{"Provider":{"@Name":"Microsoft-Windows-Sysmon","@Guid":"5770385f-c22a-43e0-bf4c-06f5698ffbd9"},"EventID":"5","Version":"3","Level":"4","Task":"5","Opcode":"0","Keywords":"0x8000000000000000","TimeCreated":{"@SystemTime":"2024-10-21 09:34:46.6581297"},"EventRecordID":"18105","Correlation":null,"Execution":{"@ProcessID":"2948","@ThreadID":"4496"},"Channel":"Microsoft-Windows-Sysmon/Operational","Computer":"Server002","Security":{"@UserID":"S-1-5-18"}},"EventData":{"Data":[{"@Name":"RuleName","#text":"-"},{"@Name":"UtcTime","#text":"2024-10-21 09:34:46.650"},{"@Name":"ProcessGuid","#text":"dbf410b3-2036-6716-0d01-000000003900"},{"@Name":"ProcessId","#text":"1100"},{"@Name":"Image","#text":"C:\\Windows\\System32\\nslookup.exe"},{"@Name":"User","#text":"SERVER002\\admin_test"}]}}}
{"Event":{"System":{"Provider":{"@Name":"Microsoft-Windows-Sysmon","@Guid":"5770385f-c22a-43e0-bf4c-06f5698ffbd9"},"EventID":"5","Version":"3","Level":"4","Task":"5","Opcode":"0","Keywords":"0x8000000000000000","TimeCreated":{"@SystemTime":"2024-10-21 09:34:46.6636203"},"EventRecordID":"18106","Correlation":null,"Execution":{"@ProcessID":"2948","@ThreadID":"4496"},"Channel":"Microsoft-Windows-Sysmon/Operational","Computer":"Server002","Security":{"@UserID":"S-1-5-18"}},"EventData":{"Data":[{"@Name":"RuleName","#text":"-"},{"@Name":"UtcTime","#text":"2024-10-21 09:34:46.661"},{"@Name":"ProcessGuid","#text":"dbf410b3-2036-6716-0c01-000000003900"},{"@Name":"ProcessId","#text":"1332"},{"@Name":"Image","#text":"C:\\Windows\\System32\\cmd.exe"},{"@Name":"User","#text":"SERVER002\\admin_test"}]}}}
