{"Event":{"System":{"Provider":{"@Name":"Microsoft-Windows-Sysmon","@Guid":"5770385f-c22a-43e0-bf4c-06f5698ffbd9"},"EventID":"1","Version":"5","Level":"4","Task":"1","Opcode":"0","Keywords":"0x8000000000000000","TimeCreated":{"@SystemTime":"2024-10-21 09:34:51.3564480"},"EventRecordID":"18384","Correlation":null,"Execution":{"@ProcessID":"2948","@ThreadID":"4496"},"Channel":"Microsoft-Windows-Sysmon/Operational","Computer":"Server002","Security":{"@UserID":"S-1-5-18"}},"EventData":{"Data":[{"@Name":"RuleName","#text":"-"},{"@Name":"UtcTime","#text":"2024-10-21 09:34:51.352"},{"@Name":"ProcessGuid","#text":"dbf410b3-203b-6716-9901-000000003900"},{"@Name":"ProcessId","#text":"3568"},{"@Name":"Image","#text":"C:\\Windows\\System32\\nslookup.exe"},{"@Name":"FileVersion","#text":"10.0.19041.1 (WinBuild.160101.0800)"},{"@Name":"Description","#text":"nslookup"},{"@Name":"Product","#text":"Microsoft® Windows® Operating System"},{"@Name":"Company","#text":"Microsoft Corporation"},{"@Name":"OriginalFileName","#text":"nslookup.exe"},{"@Name":"CommandLine","#text":"nslookup  192.168.0.107"},{"@Name":"CurrentDirectory","#text":"C:\\Users\\admin_test\\AppData\\Local\\Temp\\"},{"@Name":"User","#text":"SERVER002\\admin_test"},{"@Name":"LogonGuid","#text":"dbf410b3-2044-6716-0b1e-0a0000000000"},{"@Name":"LogonId","#text":"0xA1E0B"},{"@Name":"TerminalSessionId","#text":"0"},{"@Name":"IntegrityLevel","#text":"High"},{"@Name":"Hashes","#text":"SHA256=55AB032D256ADBE3FDE40CF90FE83BA5EAB591E04AD720161ED8E6EF059CA747"},{"@Name":"ParentProcessGuid","#text":"dbf410b3-203b-6716-9801-000000003900"},{"@Name":"ParentProcessId","#text":"3220"},{"@Name":"ParentImage","#text":"C:\\Windows\\System32\\cmd.exe"},{"@Name":"ParentCommandLine","#text":"\"C:\\Windows\\system32\\cmd.exe\" /c nslookup 192.168.0.107"},{"@Name":"ParentUser","#text":"SERVER002\\admin_test"}]}}}
{"Event":{"System":{"Provider":{"@Name":"Microsoft-Windows-Sysmon","@Guid":"5770385f-c22a-43e0-bf4c-06f5698ffbd9"},"EventID":"5","Version":"3","Level":"4","Task":"5","Opcode":"0","Keywords":"0x8000000000000000","TimeCreated":{"@SystemTime":"2024-10-21 09:34:51.4281782"},"EventRecordID":"18385","Correlation":null,"Execution":{"@ProcessID":"2948","@ThreadID":"4496"},"Channel":"Microsoft-Windows-Sysmon/Operational","Computer":"Server002","Security":{"@UserID":"S-1-5-18"}},"EventData":{"Data":[{"@Name":"RuleName","#text":"-"},{"@Name":"UtcTime","#text":"2024-10-21 09:34:51.422"},{"@Name":"ProcessGuid","#text":"dbf410b3-203b-6716-9901-000000003900"},{"@Name":"ProcessId","#text":"3568"},{"@Name":"Image","#text":"C:\\Windows\\System32\\nslookup.exe"},{"@Name":"User","#text":"SERVER002\\admin_test"}]}}}
{"Event":{"System":{"Provider":{"@Name":"Microsoft-Windows-Sysmon","@Guid":"5770385f-c22a-43e0-bf4c-06f5698ffbd9"},"EventID":"5","Version":"3","Level":"4","Task":"5","Opcode":"0","Keywords":"0x8000000000000000","TimeCreated":{"@SystemTime":"2024-10-21 09:34:51.4312716"},"EventRecordID":"18386","Correlation":null,"Execution":{"@ProcessID":"2948","@ThreadID":"4496"},"Channel":"Microsoft-Windows-Sysmon/Operational","Computer":"Server002","Security":{"@UserID":"S-1-5-18"}},"EventData":{"Data":[{"@Name":"RuleName","#text":"-"},{"@Name":"UtcTime","#text":"2024-10-21 09:34:51.422"},{"@Name":"ProcessGuid","#text":"dbf410b3-203b-6716-9801-000000003900"},{"@Name":"ProcessId","#text":"3220"},{"@Name":"Image","#text":"C:\\Windows\\System32\\cmd.exe"},{"@Name":"User","#text":"SERVER002\\admin_test"}]}}}
{"Event":{"System":{"Provider":{"@Name":"Microsoft-Windows-Sysmon","@Guid":"5770385f-c22a-43e0-bf4c-06f5698ffbd9"},"EventID":"1","Version":"5","Level":"4","Task":"1","Opcode":"0","Keywords":"0x8000000000000000","TimeCreated":{"@SystemTime":"2024-10-21 09:34:51.4454280"},"EventRecordID":"18387","Correlation":null,"Execution":{"@ProcessID":"2948","@ThreadID":"4496"},"Channel":"Microsoft-Windows-Sysmon/Operational","Computer":"Server002","Security":{"@UserID":"S-1-5-18"}},"EventData":{"Data":[{"@Name":"RuleName","#text":"-"},{"@Name":"UtcTime","#text":"2024-10-21 09:34:51.436"},{"@Name":"ProcessGuid","#text":"dbf410b3-203b-6716-9a01-000000003900"},{"@Name":"ProcessId","#text":"3352"},{"@Name":"Image","#text":"C:\\Windows\\System32\\cmd.exe"},{"@Name":"FileVersion","#text":"10.0.19041.4355 (WinBuild.160101.0800)"},{"@Name":"Description","#text":"Windows Command Processor"},{"@Name":"Product","#text":"Microsoft® Windows® Operating System"},{"@Name":"Company","#text":"Microsoft Corporation"},{"@Name":"OriginalFileName","#text":"Cmd.Exe"},{"@Name":"CommandLine","#text":"\"C:\\Windows\\system32\\cmd.exe\" /c nslookup 192.168.0.108"},{"@Name":"CurrentDirectory","#text":"C:\\Users\\admin_test\\AppData\\Local\\Temp\\"},{"@Name":"User","#text":"SERVER002\\admin_test"},{"@Name":"LogonGuid","#text":"dbf410b3-2044-6716-0b1e-0a0000000000"},{"@Name":"LogonId","#text":"0xA1E0B"},{"@Name":"TerminalSessionId","#text":"0"},{"@Name":"IntegrityLevel","#text":"High"},{"@Name":"Hashes","#text":"SHA256=BADF4752413CB0CBDC03FB95820CA167F0CDC63B597CCDB5EF43111180E088B0"},{"@Name":"ParentProcessGuid","#text":"dbf410b3-2031-6716-c000-000000003900"},{"@Name":"ParentProcessId","#text":"5156"},{"@Name":"ParentImage","#text":"C:\\Windows\\System32\\WindowsPowerShell\\v1.0\\powershell.exe"},{"@Name":"ParentCommandLine","#text":"\"powershell.exe\" &amp; {$localip = ((ipconfig | findstr [0-9].\\.)[0]).Split()[-1], $pieces = $localip.split(\\\"\".\\\"\"), $firstOctet = $pieces[0], $secondOctet = $pieces[1], $thirdOctet = $pieces[2], foreach ($ip in 1..255 | % { \\\"\"$firstOctet.$secondOctet.$thirdOctet.$_\\\"\" } ) {cmd.exe /c nslookup $ip}}"},{"@Name":"ParentUser","#text":"SERVER002\\admin_test"}]}}}
{"Event":{"System":{"Provider":{"@Name":"Microsoft-Windows-Sysmon","@Guid":"5770385f-c22a-43e0-bf4c-06f5698ffbd9"},"EventID":"1","Version":"5","Level":"4","Task":"1","Opcode":"0","Keywords":"0x8000000000000000","TimeCreated":{"@SystemTime":"2024-10-21 09:34:51.4675114"},"EventRecordID":"18388","Correlation":null,"Execution":{"@ProcessID":"2948","@ThreadID":"4496"},"Channel":"Microsoft-Windows-Sysmon/Operational","Computer":"Server002","Security":{"@UserID":"S-1-5-18"}},"EventData":{"Data":[{"@Name":"RuleName","#text":"-"},{"@Name":"UtcTime","#text":"2024-10-21 09:34:51.462"},{"@Name":"ProcessGuid","#text":"dbf410b3-203b-6716-9b01-000000003900"},{"@Name":"ProcessId","#text":"3412"},{"@Name":"Image","#text":"C:\\Windows\\System32\\nslookup.exe"},{"@Name":"FileVersion","#text":"10.0.19041.1 (WinBuild.160101.0800)"},{"@Name":"Description","#text":"nslookup"},{"@Name":"Product","#text":"Microsoft® Windows® Operating System"},{"@Name":"Company","#text":"Microsoft Corporation"},{"@Name":"OriginalFileName","#text":"nslookup.exe"},{"@Name":"CommandLine","#text":"nslookup  192.168.0.108"},{"@Name":"CurrentDirectory","#text":"C:\\Users\\admin_test\\AppData\\Local\\Temp\\"},{"@Name":"User","#text":"SERVER002\\admin_test"},{"@Name":"LogonGuid","#text":"dbf410b3-2044-6716-0b1e-0a0000000000"},{"@Name":"LogonId","#text":"0xA1E0B"},{"@Name":"TerminalSessionId","#text":"0"},{"@Name":"IntegrityLevel","#text":"High"},{"@Name":"Hashes","#text":"SHA256=55AB032D256ADBE3FDE40CF90FE83BA5EAB591E04AD720161ED8E6EF059CA747"},{"@Name":"ParentProcessGuid","#text":"dbf410b3-203b-6716-9a01-000000003900"},{"@Name":"ParentProcessId","#text":"3352"},{"@Name":"ParentImage","#text":"C:\\Windows\\System32\\cmd.exe"},{"@Name":"ParentCommandLine","#text":"\"C:\\Windows\\system32\\cmd.exe\" /c nslookup 192.168.0.108"},{"@Name":"ParentUser","#text":"SERVER002\\admin_test"}]}}}
{"Event":{"System":{"Provider":{"@Name":"Microsoft-Windows-Sysmon","@Guid":"5770385f-c22a-43e0-bf4c-06f5698ffbd9"},"EventID":"5","Version":"3","Level":"4","Task":"5","Opcode":"0","Keywords":"0x8000000000000000","TimeCreated":{"@SystemTime":"2024-10-21 09:34:51.5246199"},"EventRecordID":"18389","Correlation":null,"Execution":{"@ProcessID":"2948","@ThreadID":"4496"},"Channel":"Microsoft-Windows-Sysmon/Operational","Computer":"Server002","Security":{"@UserID":"S-1-5-18"}},"EventData":{"Data":[{"@Name":"RuleName","#text":"-"},{"@Name":"UtcTime","#text":"2024-10-21 09:34:51.511"},{"@Name":"ProcessGuid","#text":"dbf410b3-203b-6716-9b01-000000003900"},{"@Name":"ProcessId","#text":"3412"},{"@Name":"Image","#text":"C:\\Windows\\System32\\nslookup.exe"},{"@Name":"User","#text":"SERVER002\\admin_test"}]}}}
{"Event":{"System":{"Provider":{"@Name":"Microsoft-Windows-Sysmon","@Guid":"5770385f-c22a-43e0-bf4c-06f5698ffbd9"},"EventID":"5","Version":"3","Level":"4","Task":"5","Opcode":"0","Keywords":"0x8000000000000000","TimeCreated":{"@SystemTime":"2024-10-21 09:34:51.5280781"},"EventRecordID":"18390","Correlation":null,"Execution":{"@ProcessID":"2948","@ThreadID":"4496"},"Channel":"Microsoft-Windows-Sysmon/Operational","Computer":"Server002","Security":{"@UserID":"S-1-5-18"}},"EventData":{"Data":[{"@Name":"RuleName","#text":"-"},{"@Name":"UtcTime","#text":"2024-10-21 09:34:51.525"},{"@Name":"ProcessGuid","#text":"dbf410b3-203b-6716-9a01-000000003900"},{"@Name":"ProcessId","#text":"3352"},{"@Name":"Image","#text":"C:\\Windows\\System32\\cmd.exe"},{"@Name":"User","#text":"SERVER002\\admin_test"}]}}}
{"Event":{"System":{"Provider":{"@Name":"Microsoft-Windows-Sysmon","@Guid":"5770385f-c22a-43e0-bf4c-06f5698ffbd9"},"EventID":"1","Version":"5","Level":"4","Task":"1","Opcode":"0","Keywords":"0x8000000000000000","TimeCreated":{"@SystemTime":"2024-10-21 09:34:51.5387723"},"EventRecordID":"18391","Correlation":null,"Execution":{"@ProcessID":"2948","@ThreadID":"4496"},"Channel":"Microsoft-Windows-Sysmon/Operational","Computer":"Server002","Security":{"@UserID":"S-1-5-18"}},"EventData":{"Data":[{"@Name":"RuleName","#text":"-"},{"@Name":"UtcTime","#text":"2024-10-21 09:34:51.532"},{"@Name":"ProcessGuid","#text":"dbf410b3-203b-6716-9c01-000000003900"},{"@Name":"ProcessId","#text":"3444"},{"@Name":"Image","#text":"C:\\Windows\\System32\\cmd.exe"},{"@Name":"FileVersion","#text":"10.0.19041.4355 (WinBuild.160101.0800)"},{"@Name":"Description","#text":"Windows Command Processor"},{"@Name":"Product","#text":"Microsoft® Windows® Operating System"},{"@Name":"Company","#text":"Microsoft Corporation"},{"@Name":"OriginalFileName","#text":"Cmd.Exe"},{"@Name":"CommandLine","#text":"\"C:\\Windows\\system32\\cmd.exe\" /c nslookup 192.168.0.109"},{"@Name":"CurrentDirectory","#text":"C:\\Users\\admin_test\\AppData\\Local\\Temp\\"},{"@Name":"User","#text":"SERVER002\\admin_test"},{"@Name":"LogonGuid","#text":"dbf410b3-2044-6716-0b1e-0a0000000000"},{"@Name":"LogonId","#text":"0xA1E0B"},{"@Name":"TerminalSessionId","#text":"0"},{"@Name":"IntegrityLevel","#text":"High"},{"@Name":"Hashes","#text":"SHA256=BADF4752413CB0CBDC03FB95820CA167F0CDC63B597CCDB5EF43111180E088B0"},{"@Name":"ParentProcessGuid","#text":"dbf410b3-2031-6716-c000-000000003900"},{"@Name":"ParentProcessId","#text":"5156"},{"@Name":"ParentImage","#text":"C:\\Windows\\System32\\WindowsPowerShell\\v1.0\\powershell.exe"},{"@Name":"ParentCommandLine","#text":"\"powershell.exe\" &amp; {$localip = ((ipconfig | findstr [0-9].\\.)[0]).Split()[-1], $pieces = $localip.split(\\\"\".\\\"\"), $firstOctet = $pieces[0], $secondOctet = $pieces[1], $thirdOctet = $pieces[2], foreach ($ip in 1..255 | % { \\\"\"$firstOctet.$secondOctet.$thirdOctet.$_\\\"\" } ) {cmd.exe /c nslookup $ip}}"},{"@Name":"ParentUser","#text":"SERVER002\\admin_test"}]}}}
{"Event":{"System":{"Provider":{"@Name":"Microsoft-Windows-Sysmon","@Guid":"5770385f-c22a-43e0-bf4c-06f5698ffbd9"},"EventID":"1","Version":"5","Level":"4","Task":"1","Opcode":"0","Keywords":"0x8000000000000000","TimeCreated":{"@SystemTime":"2024-10-21 09:34:51.5528469"},"EventRecordID":"18392","Correlation":null,"Execution":{"@ProcessID":"2948","@ThreadID":"4496"},"Channel":"Microsoft-Windows-Sysmon/Operational","Computer":"Server002","Security":{"@UserID":"S-1-5-18"}},"EventData":{"Data":[{"@Name":"RuleName","#text":"-"},{"@Name":"UtcTime","#text":"2024-10-21 09:34:51.549"},{"@Name":"ProcessGuid","#text":"dbf410b3-203b-6716-9d01-000000003900"},{"@Name":"ProcessId","#text":"3988"},{"@Name":"Image","#text":"C:\\Windows\\System32\\nslookup.exe"},{"@Name":"FileVersion","#text":"10.0.19041.1 (WinBuild.160101.0800)"},{"@Name":"Description","#text":"nslookup"},{"@Name":"Product","#text":"Microsoft® Windows® Operating System"},{"@Name":"Company","#text":"Microsoft Corporation"},{"@Name":"OriginalFileName","#text":"nslookup.exe"},{"@Name":"CommandLine","#text":"nslookup  192.168.0.109"},{"@Name":"CurrentDirectory","#text":"C:\\Users\\admin_test\\AppData\\Local\\Temp\\"},{"@Name":"User","#text":"SERVER002\\admin_test"},{"@Name":"LogonGuid","#text":"dbf410b3-2044-6716-0b1e-0a0000000000"},{"@Name":"LogonId","#text":"0xA1E0B"},{"@Name":"TerminalSessionId","#text":"0"},{"@Name":"IntegrityLevel","#text":"High"},{"@Name":"Hashes","#text":"SHA256=55AB032D256ADBE3FDE40CF90FE83BA5EAB591E04AD720161ED8E6EF059CA747"},{"@Name":"ParentProcessGuid","#text":"dbf410b3-203b-6716-9c01-000000003900"},{"@Name":"ParentProcessId","#text":"3444"},{"@Name":"ParentImage","#text":"C:\\Windows\\System32\\cmd.exe"},{"@Name":"ParentCommandLine","#text":"\"C:\\Windows\\system32\\cmd.exe\" /c nslookup 192.168.0.109"},{"@Name":"ParentUser","#text":"SERVER002\\admin_test"}]}}}
{"Event":{"System":{"Provider":{"@Name":"Microsoft-Windows-Sysmon","@Guid":"5770385f-c22a-43e0-bf4c-06f5698ffbd9"},"EventID":"5","Version":"3","Level":"4","Task":"5","Opcode":"0","Keywords":"0x8000000000000000","TimeCreated":{"@SystemTime":"2024-10-21 09:34:51.6285479"},"EventRecordID":"18393","Correlation":null,"Execution":{"@ProcessID":"2948","@ThreadID":"4496"},"Channel":"Microsoft-Windows-Sysmon/Operational","Computer":"Server002","Security":{"@UserID":"S-1-5-18"}},"EventData":{"Data":[{"@Name":"RuleName","#text":"-"},{"@Name":"UtcTime","#text":"2024-10-21 09:34:51.611"},{"@Name":"ProcessGuid","#text":"dbf410b3-203b-6716-9d01-000000003900"},{"@Name":"ProcessId","#text":"3988"},{"@Name":"Image","#text":"C:\\Windows\\System32\\nslookup.exe"},{"@Name":"User","#text":"SERVER002\\admin_test"}]}}}
{"Event":{"System":{"Provider":{"@Name":"Microsoft-Windows-Sysmon","@Guid":"5770385f-c22a-43e0-bf4c-06f5698ffbd9"},"EventID":"5","Version":"3","Level":"4","Task":"5","Opcode":"0","Keywords":"0x8000000000000000","TimeCreated":{"@SystemTime":"2024-10-21 09:34:51.6329334"},"EventRecordID":"18394","Correlation":null,"Execution":{"@ProcessID":"2948","@ThreadID":"4496"},"Channel":"Microsoft-Windows-Sysmon/Operational","Computer":"Server002","Security":{"@UserID":"S-1-5-18"}},"EventData":{"Data":[{"@Name":"RuleName","#text":"-"},{"@Name":"UtcTime","#text":"2024-10-21 09:34:51.628"},{"@Name":"ProcessGuid","#text":"dbf410b3-203b-6716-9c01-000000003900"},{"@Name":"ProcessId","#text":"3444"},{"@Name":"Image","#text":"C:\\Windows\\System32\\cmd.exe"},{"@Name":"User","#text":"SERVER002\\admin_test"}]}}}
{"Event":{"System":{"Provider":{"@Name":"Microsoft-Windows-Sysmon","@Guid":"5770385f-c22a-43e0-bf4c-06f5698ffbd9"},"EventID":"1","Version":"5","Level":"4","Task":"1","Opcode":"0","Keywords":"0x8000000000000000","TimeCreated":{"@SystemTime":"2024-10-21 09:34:51.6437884"},"EventRecordID":"18395","Correlation":null,"Execution":{"@ProcessID":"2948","@ThreadID":"4496"},"Channel":"Microsoft-Windows-Sysmon/Operational","Computer":"Server002","Security":{"@UserID":"S-1-5-18"}},"EventData":{"Data":[{"@Name":"RuleName","#text":"-"},{"@Name":"UtcTime","#text":"2024-10-21 09:34:51.635"},{"@Name":"ProcessGuid","#text":"dbf410b3-203b-6716-9e01-000000003900"},{"@Name":"ProcessId","#text":"5248"},{"@Name":"Image","#text":"C:\\Windows\\System32\\cmd.exe"},{"@Name":"FileVersion","#text":"10.0.19041.4355 (WinBuild.160101.0800)"},{"@Name":"Description","#text":"Windows Command Processor"},{"@Name":"Product","#text":"Microsoft® Windows® Operating System"},{"@Name":"Company","#text":"Microsoft Corporation"},{"@Name":"OriginalFileName","#text":"Cmd.Exe"},{"@Name":"CommandLine","#text":"\"C:\\Windows\\system32\\cmd.exe\" /c nslookup 192.168.0.110"},{"@Name":"CurrentDirectory","#text":"C:\\Users\\admin_test\\AppData\\Local\\Temp\\"},{"@Name":"User","#text":"SERVER002\\admin_test"},{"@Name":"LogonGuid","#text":"dbf410b3-2044-6716-0b1e-0a0000000000"},{"@Name":"LogonId","#text":"0xA1E0B"},{"@Name":"TerminalSessionId","#text":"0"},{"@Name":"IntegrityLevel","#text":"High"},{"@Name":"Hashes","#text":"SHA256=BADF4752413CB0CBDC03FB95820CA167F0CDC63B597CCDB5EF43111180E088B0"},{"@Name":"ParentProcessGuid","#text":"dbf410b3-2031-6716-c000-000000003900"},{"@Name":"ParentProcessId","#text":"5156"},{"@Name":"ParentImage","#text":"C:\\Windows\\System32\\WindowsPowerShell\\v1.0\\powershell.exe"},{"@Name":"ParentCommandLine","#text":"\"powershell.exe\" &amp; {$localip = ((ipconfig | findstr [0-9].\\.)[0]).Split()[-1], $pieces = $localip.split(\\\"\".\\\"\"), $firstOctet = $pieces[0], $secondOctet = $pieces[1], $thirdOctet = $pieces[2], foreach ($ip in 1..255 | % { \\\"\"$firstOctet.$secondOctet.$thirdOctet.$_\\\"\" } ) {cmd.exe /c nslookup $ip}}"},{"@Name":"ParentUser","#text":"SERVER002\\admin_test"}]}}}
{"Event":{"System":{"Provider":{"@Name":"Microsoft-Windows-Sysmon","@Guid":"5770385f-c22a-43e0-bf4c-06f5698ffbd9"},"EventID":"1","Version":"5","Level":"4","Task":"1","Opcode":"0","Keywords":"0x8000000000000000","TimeCreated":{"@SystemTime":"2024-10-21 09:34:51.6670743"},"EventRecordID":"18396","Correlation":null,"Execution":{"@ProcessID":"2948","@ThreadID":"4496"},"Channel":"Microsoft-Windows-Sysmon/Operational","Computer":"Server002","Security":{"@UserID":"S-1-5-18"}},"EventData":{"Data":[{"@Name":"RuleName","#text":"-"},{"@Name":"UtcTime","#text":"2024-10-21 09:34:51.662"},{"@Name":"ProcessGuid","#text":"dbf410b3-203b-6716-9f01-000000003900"},{"@Name":"ProcessId","#text":"3972"},{"@Name":"Image","#text":"C:\\Windows\\System32\\nslookup.exe"},{"@Name":"FileVersion","#text":"10.0.19041.1 (WinBuild.160101.0800)"},{"@Name":"Description","#text":"nslookup"},{"@Name":"Product","#text":"Microsoft® Windows® Operating System"},{"@Name":"Company","#text":"Microsoft Corporation"},{"@Name":"OriginalFileName","#text":"nslookup.exe"},{"@Name":"CommandLine","#text":"nslookup  192.168.0.110"},{"@Name":"CurrentDirectory","#text":"C:\\Users\\admin_test\\AppData\\Local\\Temp\\"},{"@Name":"User","#text":"SERVER002\\admin_test"},{"@Name":"LogonGuid","#text":"dbf410b3-2044-6716-0b1e-0a0000000000"},{"@Name":"LogonId","#text":"0xA1E0B"},{"@Name":"TerminalSessionId","#text":"0"},{"@Name":"IntegrityLevel","#text":"High"},{"@Name":"Hashes","#text":"SHA256=55AB032D256ADBE3FDE40CF90FE83BA5EAB591E04AD720161ED8E6EF059CA747"},{"@Name":"ParentProcessGuid","#text":"dbf410b3-203b-6716-9e01-000000003900"},{"@Name":"ParentProcessId","#text":"5248"},{"@Name":"ParentImage","#text":"C:\\Windows\\System32\\cmd.exe"},{"@Name":"ParentCommandLine","#text":"\"C:\\Windows\\system32\\cmd.exe\" /c nslookup 192.168.0.110"},{"@Name":"ParentUser","#text":"SERVER002\\admin_test"}]}}}
{"Event":{"System":{"Provider":{"@Name":"Microsoft-Windows-Sysmon","@Guid":"5770385f-c22a-43e0-bf4c-06f5698ffbd9"},"EventID":"5","Version":"3","Level":"4","Task":"5","Opcode":"0","Keywords":"0x8000000000000000","TimeCreated":{"@SystemTime":"2024-10-21 09:34:51.7112703"},"EventRecordID":"18397","Correlation":null,"Execution":{"@ProcessID":"2948","@ThreadID":"4496"},"Channel":"Microsoft-Windows-Sysmon/Operational","Computer":"Server002","Security":{"@UserID":"S-1-5-18"}},"EventData":{"Data":[{"@Name":"RuleName","#text":"-"},{"@Name":"UtcTime","#text":"2024-10-21 09:34:51.700"},{"@Name":"ProcessGuid","#text":"dbf410b3-203b-6716-9f01-000000003900"},{"@Name":"ProcessId","#text":"3972"},{"@Name":"Image","#text":"C:\\Windows\\System32\\nslookup.exe"},{"@Name":"User","#text":"SERVER002\\admin_test"}]}}}
{"Event":{"System":{"Provider":{"@Name":"Microsoft-Windows-Sysmon","@Guid":"5770385f-c22a-43e0-bf4c-06f5698ffbd9"},"EventID":"5","Version":"3","Level":"4","Task":"5","Opcode":"0","Keywords":"0x8000000000000000","TimeCreated":{"@SystemTime":"2024-10-21 09:34:51.7146064"},"EventRecordID":"18398","Correlation":null,"Execution":{"@ProcessID":"2948","@ThreadID":"4496"},"Channel":"Microsoft-Windows-Sysmon/Operational","Computer":"Server002","Security":{"@UserID":"S-1-5-18"}},"EventData":{"Data":[{"@Name":"RuleName","#text":"-"},{"@Name":"UtcTime","#text":"2024-10-21 09:34:51.714"},{"@Name":"ProcessGuid","#text":"dbf410b3-203b-6716-9e01-000000003900"},{"@Name":"ProcessId","#text":"5248"},{"@Name":"Image","#text":"C:\\Windows\\System32\\cmd.exe"},{"@Name":"User","#text":"SERVER002\\admin_test"}]}}}
{"Event":{"System":{"Provider":{"@Name":"Microsoft-Windows-Sysmon","@Guid":"5770385f-c22a-43e0-bf4c-06f5698ffbd9"},"EventID":"1","Version":"5","Level":"4","Task":"1","Opcode":"0","Keywords":"0x8000000000000000","TimeCreated":{"@SystemTime":"2024-10-21 09:34:51.7389794"},"EventRecordID":"18399","Correlation":null,"Execution":{"@ProcessID":"2948","@ThreadID":"4496"},"Channel":"Microsoft-Windows-Sysmon/Operational","Computer":"Server002","Security":{"@UserID":"S-1-5-18"}},"EventData":{"Data":[{"@Name":"RuleName","#text":"-"},{"@Name":"UtcTime","#text":"2024-10-21 09:34:51.721"},{"@Name":"ProcessGuid","#text":"dbf410b3-203b-6716-a001-000000003900"},{"@Name":"ProcessId","#text":"2084"},{"@Name":"Image","#text":"C:\\Windows\\System32\\cmd.exe"},{"@Name":"FileVersion","#text":"10.0.19041.4355 (WinBuild.160101.0800)"},{"@Name":"Description","#text":"Windows Command Processor"},{"@Name":"Product","#text":"Microsoft® Windows® Operating System"},{"@Name":"Company","#text":"Microsoft Corporation"},{"@Name":"OriginalFileName","#text":"Cmd.Exe"},{"@Name":"CommandLine","#text":"\"C:\\Windows\\system32\\cmd.exe\" /c nslookup 192.168.0.111"},{"@Name":"CurrentDirectory","#text":"C:\\Users\\admin_test\\AppData\\Local\\Temp\\"},{"@Name":"User","#text":"SERVER002\\admin_test"},{"@Name":"LogonGuid","#text":"dbf410b3-2044-6716-0b1e-0a0000000000"},{"@Name":"LogonId","#text":"0xA1E0B"},{"@Name":"TerminalSessionId","#text":"0"},{"@Name":"IntegrityLevel","#text":"High"},{"@Name":"Hashes","#text":"SHA256=BADF4752413CB0CBDC03FB95820CA167F0CDC63B597CCDB5EF43111180E088B0"},{"@Name":"ParentProcessGuid","#text":"dbf410b3-2031-6716-c000-000000003900"},{"@Name":"ParentProcessId","#text":"5156"},{"@Name":"ParentImage","#text":"C:\\Windows\\System32\\WindowsPowerShell\\v1.0\\powershell.exe"},{"@Name":"ParentCommandLine","#text":"\"powershell.exe\" &amp; {$localip = ((ipconfig | findstr [0-9].\\.)[0]).Split()[-1], $pieces = $localip.split(\\\"\".\\\"\"), $firstOctet = $pieces[0], $secondOctet = $pieces[1], $thirdOctet = $pieces[2], foreach ($ip in 1..255 | % { \\\"\"$firstOctet.$secondOctet.$thirdOctet.$_\\\"\" } ) {cmd.exe /c nslookup $ip}}"},{"@Name":"ParentUser","#text":"SERVER002\\admin_test"}]}}}
{"Event":{"System":{"Provider":{"@Name":"Microsoft-Windows-Sysmon","@Guid":"5770385f-c22a-43e0-bf4c-06f5698ffbd9"},"EventID":"1","Version":"5","Level":"4","Task":"1","Opcode":"0","Keywords":"0x8000000000000000","TimeCreated":{"@SystemTime":"2024-10-21 09:34:51.7599710"},"EventRecordID":"18400","Correlation":null,"Execution":{"@ProcessID":"2948","@ThreadID":"4496"},"Channel":"Microsoft-Windows-Sysmon/Operational","Computer":"Server002","Security":{"@UserID":"S-1-5-18"}},"EventData":{"Data":[{"@Name":"RuleName","#text":"-"},{"@Name":"UtcTime","#text":"2024-10-21 09:34:51.754"},{"@Name":"ProcessGuid","#text":"dbf410b3-203b-6716-a101-000000003900"},{"@Name":"ProcessId","#text":"4312"},{"@Name":"Image","#text":"C:\\Windows\\System32\\nslookup.exe"},{"@Name":"FileVersion","#text":"10.0.19041.1 (WinBuild.160101.0800)"},{"@Name":"Description","#text":"nslookup"},{"@Name":"Product","#text":"Microsoft® Windows® Operating System"},{"@Name":"Company","#text":"Microsoft Corporation"},{"@Name":"OriginalFileName","#text":"nslookup.exe"},{"@Name":"CommandLine","#text":"nslookup  192.168.0.111"},{"@Name":"CurrentDirectory","#text":"C:\\Users\\admin_test\\AppData\\Local\\Temp\\"},{"@Name":"User","#text":"SERVER002\\admin_test"},{"@Name":"LogonGuid","#text":"dbf410b3-2044-6716-0b1e-0a0000000000"},{"@Name":"LogonId","#text":"0xA1E0B"},{"@Name":"TerminalSessionId","#text":"0"},{"@Name":"IntegrityLevel","#text":"High"},{"@Name":"Hashes","#text":"SHA256=55AB032D256ADBE3FDE40CF90FE83BA5EAB591E04AD720161ED8E6EF059CA747"},{"@Name":"ParentProcessGuid","#text":"dbf410b3-203b-6716-a001-000000003900"},{"@Name":"ParentProcessId","#text":"2084"},{"@Name":"ParentImage","#text":"C:\\Windows\\System32\\cmd.exe"},{"@Name":"ParentCommandLine","#text":"\"C:\\Windows\\system32\\cmd.exe\" /c nslookup 192.168.0.111"},{"@Name":"ParentUser","#text":"SERVER002\\admin_test"}]}}}
{"Event":{"System":{"Provider":{"@Name":"Microsoft-Windows-Sysmon","@Guid":"5770385f-c22a-43e0-bf4c-06f5698ffbd9"},"EventID":"5","Version":"3","Level":"4","Task":"5","Opcode":"0","Keywords":"0x8000000000000000","TimeCreated":{"@SystemTime":"2024-10-21 09:34:51.8539086"},"EventRecordID":"18401","Correlation":null,"Execution":{"@ProcessID":"2948","@ThreadID":"4496"},"Channel":"Microsoft-Windows-Sysmon/Operational","Computer":"Server002","Security":{"@UserID":"S-1-5-18"}},"EventData":{"Data":[{"@Name":"RuleName","#text":"-"},{"@Name":"UtcTime","#text":"2024-10-21 09:34:51.836"},{"@Name":"ProcessGuid","#text":"dbf410b3-203b-6716-a101-000000003900"},{"@Name":"ProcessId","#text":"4312"},{"@Name":"Image","#text":"C:\\Windows\\System32\\nslookup.exe"},{"@Name":"User","#text":"SERVER002\\admin_test"}]}}}
{"Event":{"System":{"Provider":{"@Name":"Microsoft-Windows-Sysmon","@Guid":"5770385f-c22a-43e0-bf4c-06f5698ffbd9"},"EventID":"5","Version":"3","Level":"4","Task":"5","Opcode":"0","Keywords":"0x8000000000000000","TimeCreated":{"@SystemTime":"2024-10-21 09:34:51.8611139"},"EventRecordID":"18402","Correlation":null,"Execution":{"@ProcessID":"2948","@ThreadID":"4496"},"Channel":"Microsoft-Windows-Sysmon/Operational","Computer":"Server002","Security":{"@UserID":"S-1-5-18"}},"EventData":{"Data":[{"@Name":"RuleName","#text":"-"},{"@Name":"UtcTime","#text":"2024-10-21 09:34:51.854"},{"@Name":"ProcessGuid","#text":"dbf410b3-203b-6716-a001-000000003900"},{"@Name":"ProcessId","#text":"2084"},{"@Name":"Image","#text":"C:\\Windows\\System32\\cmd.exe"},{"@Name":"User","#text":"SERVER002\\admin_test"}]}}}
{"Event":{"System":{"Provider":{"@Name":"Microsoft-Windows-Sysmon","@Guid":"5770385f-c22a-43e0-bf4c-06f5698ffbd9"},"EventID":"1","Version":"5","Level":"4","Task":"1","Opcode":"0","Keywords":"0x8000000000000000","TimeCreated":{"@SystemTime":"2024-10-21 09:34:51.8760192"},"EventRecordID":"18403","Correlation":null,"Execution":{"@ProcessID":"2948","@ThreadID":"4496"},"Channel":"Microsoft-Windows-Sysmon/Operational","Computer":"Server002","Security":{"@UserID":"S-1-5-18"}},"EventData":{"Data":[{"@Name":"RuleName","#text":"-"},{"@Name":"UtcTime","#text":"2024-10-21 09:34:51.866"},{"@Name":"ProcessGuid","#text":"dbf410b3-203b-6716-a201-000000003900"},{"@Name":"ProcessId","#text":"2804"},{"@Name":"Image","#text":"C:\\Windows\\System32\\cmd.exe"},{"@Name":"FileVersion","#text":"10.0.19041.4355 (WinBuild.160101.0800)"},{"@Name":"Description","#text":"Windows Command Processor"},{"@Name":"Product","#text":"Microsoft® Windows® Operating System"},{"@Name":"Company","#text":"Microsoft Corporation"},{"@Name":"OriginalFileName","#text":"Cmd.Exe"},{"@Name":"CommandLine","#text":"\"C:\\Windows\\system32\\cmd.exe\" /c nslookup 192.168.0.112"},{"@Name":"CurrentDirectory","#text":"C:\\Users\\admin_test\\AppData\\Local\\Temp\\"},{"@Name":"User","#text":"SERVER002\\admin_test"},{"@Name":"LogonGuid","#text":"dbf410b3-2044-6716-0b1e-0a0000000000"},{"@Name":"LogonId","#text":"0xA1E0B"},{"@Name":"TerminalSessionId","#text":"0"},{"@Name":"IntegrityLevel","#text":"High"},{"@Name":"Hashes","#text":"SHA256=BADF4752413CB0CBDC03FB95820CA167F0CDC63B597CCDB5EF43111180E088B0"},{"@Name":"ParentProcessGuid","#text":"dbf410b3-2031-6716-c000-000000003900"},{"@Name":"ParentProcessId","#text":"5156"},{"@Name":"ParentImage","#text":"C:\\Windows\\System32\\WindowsPowerShell\\v1.0\\powershell.exe"},{"@Name":"ParentCommandLine","#text":"\"powershell.exe\" &amp; {$localip = ((ipconfig | findstr [0-9].\\.)[0]).Split()[-1], $pieces = $localip.split(\\\"\".\\\"\"), $firstOctet = $pieces[0], $secondOctet = $pieces[1], $thirdOctet = $pieces[2], foreach ($ip in 1..255 | % { \\\"\"$firstOctet.$secondOctet.$thirdOctet.$_\\\"\" } ) {cmd.exe /c nslookup $ip}}"},{"@Name":"ParentUser","#text":"SERVER002\\admin_test"}]}}}
{"Event":{"System":{"Provider":{"@Name":"Microsoft-Windows-Sysmon","@Guid":"5770385f-c22a-43e0-bf4c-06f5698ffbd9"},"EventID":"1","Version":"5","Level":"4","Task":"1","Opcode":"0","Keywords":"0x8000000000000000","TimeCreated":{"@SystemTime":"2024-10-21 09:34:51.8956712"},"EventRecordID":"18404","Correlation":null,"Execution":{"@ProcessID":"2948","@ThreadID":"4496"},"Channel":"Microsoft-Windows-Sysmon/Operational","Computer":"Server002","Security":{"@UserID":"S-1-5-18"}},"EventData":{"Data":[{"@Name":"RuleName","#text":"-"},{"@Name":"UtcTime","#text":"2024-10-21 09:34:51.890"},{"@Name":"ProcessGuid","#text":"dbf410b3-203b-6716-a301-000000003900"},{"@Name":"ProcessId","#text":"1428"},{"@Name":"Image","#text":"C:\\Windows\\System32\\nslookup.exe"},{"@Name":"FileVersion","#text":"10.0.19041.1 (WinBuild.160101.0800)"},{"@Name":"Description","#text":"nslookup"},{"@Name":"Product","#text":"Microsoft® Windows® Operating System"},{"@Name":"Company","#text":"Microsoft Corporation"},{"@Name":"OriginalFileName","#text":"nslookup.exe"},{"@Name":"CommandLine","#text":"nslookup  192.168.0.112"},{"@Name":"CurrentDirectory","#text":"C:\\Users\\admin_test\\AppData\\Local\\Temp\\"},{"@Name":"User","#text":"SERVER002\\admin_test"},{"@Name":"LogonGuid","#text":"dbf410b3-2044-6716-0b1e-0a0000000000"},{"@Name":"LogonId","#text":"0xA1E0B"},{"@Name":"TerminalSessionId","#text":"0"},{"@Name":"IntegrityLevel","#text":"High"},{"@Name":"Hashes","#text":"SHA256=55AB032D256ADBE3FDE40CF90FE83BA5EAB591E04AD720161ED8E6EF059CA747"},{"@Name":"ParentProcessGuid","#text":"dbf410b3-203b-6716-a201-000000003900"},{"@Name":"ParentProcessId","#text":"2804"},{"@Name":"ParentImage","#text":"C:\\Windows\\System32\\cmd.exe"},{"@Name":"ParentCommandLine","#text":"\"C:\\Windows\\system32\\cmd.exe\" /c nslookup 192.168.0.112"},{"@Name":"ParentUser","#text":"SERVER002\\admin_test"}]}}}
{"Event":{"System":{"Provider":{"@Name":"Microsoft-Windows-Sysmon","@Guid":"5770385f-c22a-43e0-bf4c-06f5698ffbd9"},"EventID":"5","Version":"3","Level":"4","Task":"5","Opcode":"0","Keywords":"0x8000000000000000","TimeCreated":{"@SystemTime":"2024-10-21 09:34:52.0168893"},"EventRecordID":"18405","Correlation":null,"Execution":{"@ProcessID":"2948","@ThreadID":"4496"},"Channel":"Microsoft-Windows-Sysmon/Operational","Computer":"Server002","Security":{"@UserID":"S-1-5-18"}},"EventData":{"Data":[{"@Name":"RuleName","#text":"-"},{"@Name":"UtcTime","#text":"2024-10-21 09:34:52.008"},{"@Name":"ProcessGuid","#text":"dbf410b3-203b-6716-a301-000000003900"},{"@Name":"ProcessId","#text":"1428"},{"@Name":"Image","#text":"C:\\Windows\\System32\\nslookup.exe"},{"@Name":"User","#text":"SERVER002\\admin_test"}]}}}
{"Event":{"System":{"Provider":{"@Name":"Microsoft-Windows-Sysmon","@Guid":"5770385f-c22a-43e0-bf4c-06f5698ffbd9"},"EventID":"5","Version":"3","Level":"4","Task":"5","Opcode":"0","Keywords":"0x8000000000000000","TimeCreated":{"@SystemTime":"2024-10-21 09:34:52.0238806"},"EventRecordID":"18406","Correlation":null,"Execution":{"@ProcessID":"2948","@ThreadID":"4496"},"Channel":"Microsoft-Windows-Sysmon/Operational","Computer":"Server002","Security":{"@UserID":"S-1-5-18"}},"EventData":{"Data":[{"@Name":"RuleName","#text":"-"},{"@Name":"UtcTime","#text":"2024-10-21 09:34:52.021"},{"@Name":"ProcessGuid","#text":"dbf410b3-203b-6716-a201-000000003900"},{"@Name":"ProcessId","#text":"2804"},{"@Name":"Image","#text":"C:\\Windows\\System32\\cmd.exe"},{"@Name":"User","#text":"SERVER002\\admin_test"}]}}}
{"Event":{"System":{"Provider":{"@Name":"Microsoft-Windows-Sysmon","@Guid":"5770385f-c22a-43e0-bf4c-06f5698ffbd9"},"EventID":"1","Version":"5","Level":"4","Task":"1","Opcode":"0","Keywords":"0x8000000000000000","TimeCreated":{"@SystemTime":"2024-10-21 09:34:52.0360124"},"EventRecordID":"18407","Correlation":null,"Execution":{"@ProcessID":"2948","@ThreadID":"4496"},"Channel":"Microsoft-Windows-Sysmon/Operational","Computer":"Server002","Security":{"@UserID":"S-1-5-18"}},"EventData":{"Data":[{"@Name":"RuleName","#text":"-"},{"@Name":"UtcTime","#text":"2024-10-21 09:34:52.028"},{"@Name":"ProcessGuid","#text":"dbf410b3-203c-6716-a401-000000003900"},{"@Name":"ProcessId","#text":"1508"},{"@Name":"Image","#text":"C:\\Windows\\System32\\cmd.exe"},{"@Name":"FileVersion","#text":"10.0.19041.4355 (WinBuild.160101.0800)"},{"@Name":"Description","#text":"Windows Command Processor"},{"@Name":"Product","#text":"Microsoft® Windows® Operating System"},{"@Name":"Company","#text":"Microsoft Corporation"},{"@Name":"OriginalFileName","#text":"Cmd.Exe"},{"@Name":"CommandLine","#text":"\"C:\\Windows\\system32\\cmd.exe\" /c nslookup 192.168.0.113"},{"@Name":"CurrentDirectory","#text":"C:\\Users\\admin_test\\AppData\\Local\\Temp\\"},{"@Name":"User","#text":"SERVER002\\admin_test"},{"@Name":"LogonGuid","#text":"dbf410b3-2044-6716-0b1e-0a0000000000"},{"@Name":"LogonId","#text":"0xA1E0B"},{"@Name":"TerminalSessionId","#text":"0"},{"@Name":"IntegrityLevel","#text":"High"},{"@Name":"Hashes","#text":"SHA256=BADF4752413CB0CBDC03FB95820CA167F0CDC63B597CCDB5EF43111180E088B0"},{"@Name":"ParentProcessGuid","#text":"dbf410b3-2031-6716-c000-000000003900"},{"@Name":"ParentProcessId","#text":"5156"},{"@Name":"ParentImage","#text":"C:\\Windows\\System32\\WindowsPowerShell\\v1.0\\powershell.exe"},{"@Name":"ParentCommandLine","#text":"\"powershell.exe\" &amp; {$localip = ((ipconfig | findstr [0-9].\\.)[0]).Split()[-1], $pieces = $localip.split(\\\"\".\\\"\"), $firstOctet = $pieces[0], $secondOctet = $pieces[1], $thirdOctet = $pieces[2], foreach ($ip in 1..255 | % { \\\"\"$firstOctet.$secondOctet.$thirdOctet.$_\\\"\" } ) {cmd.exe /c nslookup $ip}}"},{"@Name":"ParentUser","#text":"SERVER002\\admin_test"}]}}}
{"Event":{"System":{"Provider":{"@Name":"Microsoft-Windows-Sysmon","@Guid":"5770385f-c22a-43e0-bf4c-06f5698ffbd9"},"EventID":"1","Version":"5","Level":"4","Task":"1","Opcode":"0","Keywords":"0x8000000000000000","TimeCreated":{"@SystemTime":"2024-10-21 09:34:52.0543144"},"EventRecordID":"18408","Correlation":null,"Execution":{"@ProcessID":"2948","@ThreadID":"4496"},"Channel":"Microsoft-Windows-Sysmon/Operational","Computer":"Server002","Security":{"@UserID":"S-1-5-18"}},"EventData":{"Data":[{"@Name":"RuleName","#text":"-"},{"@Name":"UtcTime","#text":"2024-10-21 09:34:52.047"},{"@Name":"ProcessGuid","#text":"dbf410b3-203c-6716-a501-000000003900"},{"@Name":"ProcessId","#text":"4196"},{"@Name":"Image","#text":"C:\\Windows\\System32\\nslookup.exe"},{"@Name":"FileVersion","#text":"10.0.19041.1 (WinBuild.160101.0800)"},{"@Name":"Description","#text":"nslookup"},{"@Name":"Product","#text":"Microsoft® Windows® Operating System"},{"@Name":"Company","#text":"Microsoft Corporation"},{"@Name":"OriginalFileName","#text":"nslookup.exe"},{"@Name":"CommandLine","#text":"nslookup  192.168.0.113"},{"@Name":"CurrentDirectory","#text":"C:\\Users\\admin_test\\AppData\\Local\\Temp\\"},{"@Name":"User","#text":"SERVER002\\admin_test"},{"@Name":"LogonGuid","#text":"dbf410b3-2044-6716-0b1e-0a0000000000"},{"@Name":"LogonId","#text":"0xA1E0B"},{"@Name":"TerminalSessionId","#text":"0"},{"@Name":"IntegrityLevel","#text":"High"},{"@Name":"Hashes","#text":"SHA256=55AB032D256ADBE3FDE40CF90FE83BA5EAB591E04AD720161ED8E6EF059CA747"},{"@Name":"ParentProcessGuid","#text":"dbf410b3-203c-6716-a401-000000003900"},{"@Name":"ParentProcessId","#text":"1508"},{"@Name":"ParentImage","#text":"C:\\Windows\\System32\\cmd.exe"},{"@Name":"ParentCommandLine","#text":"\"C:\\Windows\\system32\\cmd.exe\" /c nslookup 192.168.0.113"},{"@Name":"ParentUser","#text":"SERVER002\\admin_test"}]}}}
{"Event":{"System":{"Provider":{"@Name":"Microsoft-Windows-Sysmon","@Guid":"5770385f-c22a-43e0-bf4c-06f5698ffbd9"},"EventID":"5","Version":"3","Level":"4","Task":"5","Opcode":"0","Keywords":"0x8000000000000000","TimeCreated":{"@SystemTime":"2024-10-21 09:34:52.1309903"},"EventRecordID":"18409","Correlation":null,"Execution":{"@ProcessID":"2948","@ThreadID":"4496"},"Channel":"Microsoft-Windows-Sysmon/Operational","Computer":"Server002","Security":{"@UserID":"S-1-5-18"}},"EventData":{"Data":[{"@Name":"RuleName","#text":"-"},{"@Name":"UtcTime","#text":"2024-10-21 09:34:52.127"},{"@Name":"ProcessGuid","#text":"dbf410b3-203c-6716-a501-000000003900"},{"@Name":"ProcessId","#text":"4196"},{"@Name":"Image","#text":"C:\\Windows\\System32\\nslookup.exe"},{"@Name":"User","#text":"SERVER002\\admin_test"}]}}}
{"Event":{"System":{"Provider":{"@Name":"Microsoft-Windows-Sysmon","@Guid":"5770385f-c22a-43e0-bf4c-06f5698ffbd9"},"EventID":"5","Version":"3","Level":"4","Task":"5","Opcode":"0","Keywords":"0x8000000000000000","TimeCreated":{"@SystemTime":"2024-10-21 09:34:52.1354987"},"EventRecordID":"18410","Correlation":null,"Execution":{"@ProcessID":"2948","@ThreadID":"4496"},"Channel":"Microsoft-Windows-Sysmon/Operational","Computer":"Server002","Security":{"@UserID":"S-1-5-18"}},"EventData":{"Data":[{"@Name":"RuleName","#text":"-"},{"@Name":"UtcTime","#text":"2024-10-21 09:34:52.127"},{"@Name":"ProcessGuid","#text":"dbf410b3-203c-6716-a401-000000003900"},{"@Name":"ProcessId","#text":"1508"},{"@Name":"Image","#text":"C:\\Windows\\System32\\cmd.exe"},{"@Name":"User","#text":"SERVER002\\admin_test"}]}}}
{"Event":{"System":{"Provider":{"@Name":"Microsoft-Windows-Sysmon","@Guid":"5770385f-c22a-43e0-bf4c-06f5698ffbd9"},"EventID":"1","Version":"5","Level":"4","Task":"1","Opcode":"0","Keywords":"0x8000000000000000","TimeCreated":{"@SystemTime":"2024-10-21 09:34:52.1515852"},"EventRecordID":"18411","Correlation":null,"Execution":{"@ProcessID":"2948","@ThreadID":"4496"},"Channel":"Microsoft-Windows-Sysmon/Operational","Computer":"Server002","Security":{"@UserID":"S-1-5-18"}},"EventData":{"Data":[{"@Name":"RuleName","#text":"-"},{"@Name":"UtcTime","#text":"2024-10-21 09:34:52.143"},{"@Name":"ProcessGuid","#text":"dbf410b3-203c-6716-a601-000000003900"},{"@Name":"ProcessId","#text":"5112"},{"@Name":"Image","#text":"C:\\Windows\\System32\\cmd.exe"},{"@Name":"FileVersion","#text":"10.0.19041.4355 (WinBuild.160101.0800)"},{"@Name":"Description","#text":"Windows Command Processor"},{"@Name":"Product","#text":"Microsoft® Windows® Operating System"},{"@Name":"Company","#text":"Microsoft Corporation"},{"@Name":"OriginalFileName","#text":"Cmd.Exe"},{"@Name":"CommandLine","#text":"\"C:\\Windows\\system32\\cmd.exe\" /c nslookup 192.168.0.114"},{"@Name":"CurrentDirectory","#text":"C:\\Users\\admin_test\\AppData\\Local\\Temp\\"},{"@Name":"User","#text":"SERVER002\\admin_test"},{"@Name":"LogonGuid","#text":"dbf410b3-2044-6716-0b1e-0a0000000000"},{"@Name":"LogonId","#text":"0xA1E0B"},{"@Name":"TerminalSessionId","#text":"0"},{"@Name":"IntegrityLevel","#text":"High"},{"@Name":"Hashes","#text":"SHA256=BADF4752413CB0CBDC03FB95820CA167F0CDC63B597CCDB5EF43111180E088B0"},{"@Name":"ParentProcessGuid","#text":"dbf410b3-2031-6716-c000-000000003900"},{"@Name":"ParentProcessId","#text":"5156"},{"@Name":"ParentImage","#text":"C:\\Windows\\System32\\WindowsPowerShell\\v1.0\\powershell.exe"},{"@Name":"ParentCommandLine","#text":"\"powershell.exe\" &amp; {$localip = ((ipconfig | findstr [0-9].\\.)[0]).Split()[-1], $pieces = $localip.split(\\\"\".\\\"\"), $firstOctet = $pieces[0], $secondOctet = $pieces[1], $thirdOctet = $pieces[2], foreach ($ip in 1..255 | % { \\\"\"$firstOctet.$secondOctet.$thirdOctet.$_\\\"\" } ) {cmd.exe /c nslookup $ip}}"},{"@Name":"ParentUser","#text":"SERVER002\\admin_test"}]}}}
{"Event":{"System":{"Provider":{"@Name":"Microsoft-Windows-Sysmon","@Guid":"5770385f-c22a-43e0-bf4c-06f5698ffbd9"},"EventID":"1","Version":"5","Level":"4","Task":"1","Opcode":"0","Keywords":"0x8000000000000000","TimeCreated":{"@SystemTime":"2024-10-21 09:34:52.1725825"},"EventRecordID":"18412","Correlation":null,"Execution":{"@ProcessID":"2948","@ThreadID":"4496"},"Channel":"Microsoft-Windows-Sysmon/Operational","Computer":"Server002","Security":{"@UserID":"S-1-5-18"}},"EventData":{"Data":[{"@Name":"RuleName","#text":"-"},{"@Name":"UtcTime","#text":"2024-10-21 09:34:52.167"},{"@Name":"ProcessGuid","#text":"dbf410b3-203c-6716-a701-000000003900"},{"@Name":"ProcessId","#text":"3908"},{"@Name":"Image","#text":"C:\\Windows\\System32\\nslookup.exe"},{"@Name":"FileVersion","#text":"10.0.19041.1 (WinBuild.160101.0800)"},{"@Name":"Description","#text":"nslookup"},{"@Name":"Product","#text":"Microsoft® Windows® Operating System"},{"@Name":"Company","#text":"Microsoft Corporation"},{"@Name":"OriginalFileName","#text":"nslookup.exe"},{"@Name":"CommandLine","#text":"nslookup  192.168.0.114"},{"@Name":"CurrentDirectory","#text":"C:\\Users\\admin_test\\AppData\\Local\\Temp\\"},{"@Name":"User","#text":"SERVER002\\admin_test"},{"@Name":"LogonGuid","#text":"dbf410b3-2044-6716-0b1e-0a0000000000"},{"@Name":"LogonId","#text":"0xA1E0B"},{"@Name":"TerminalSessionId","#text":"0"},{"@Name":"IntegrityLevel","#text":"High"},{"@Name":"Hashes","#text":"SHA256=55AB032D256ADBE3FDE40CF90FE83BA5EAB591E04AD720161ED8E6EF059CA747"},{"@Name":"ParentProcessGuid","#text":"dbf410b3-203c-6716-a601-000000003900"},{"@Name":"ParentProcessId","#text":"5112"},{"@Name":"ParentImage","#text":"C:\\Windows\\System32\\cmd.exe"},{"@Name":"ParentCommandLine","#text":"\"C:\\Windows\\system32\\cmd.exe\" /c nslookup 192.168.0.114"},{"@Name":"ParentUser","#text":"SERVER002\\admin_test"}]}}}
{"Event":{"System":{"Provider":{"@Name":"Microsoft-Windows-Sysmon","@Guid":"5770385f-c22a-43e0-bf4c-06f5698ffbd9"},"EventID":"5","Version":"3","Level":"4","Task":"5","Opcode":"0","Keywords":"0x8000000000000000","TimeCreated":{"@SystemTime":"2024-10-21 09:34:52.2238656"},"EventRecordID":"18413","Correlation":null,"Execution":{"@ProcessID":"2948","@ThreadID":"4496"},"Channel":"Microsoft-Windows-Sysmon/Operational","Computer":"Server002","Security":{"@UserID":"S-1-5-18"}},"EventData":{"Data":[{"@Name":"RuleName","#text":"-"},{"@Name":"UtcTime","#text":"2024-10-21 09:34:52.215"},{"@Name":"ProcessGuid","#text":"dbf410b3-203c-6716-a701-000000003900"},{"@Name":"ProcessId","#text":"3908"},{"@Name":"Image","#text":"C:\\Windows\\System32\\nslookup.exe"},{"@Name":"User","#text":"SERVER002\\admin_test"}]}}}
{"Event":{"System":{"Provider":{"@Name":"Microsoft-Windows-Sysmon","@Guid":"5770385f-c22a-43e0-bf4c-06f5698ffbd9"},"EventID":"5","Version":"3","Level":"4","Task":"5","Opcode":"0","Keywords":"0x8000000000000000","TimeCreated":{"@SystemTime":"2024-10-21 09:34:52.2277214"},"EventRecordID":"18414","Correlation":null,"Execution":{"@ProcessID":"2948","@ThreadID":"4496"},"Channel":"Microsoft-Windows-Sysmon/Operational","Computer":"Server002","Security":{"@UserID":"S-1-5-18"}},"EventData":{"Data":[{"@Name":"RuleName","#text":"-"},{"@Name":"UtcTime","#text":"2024-10-21 09:34:52.215"},{"@Name":"ProcessGuid","#text":"dbf410b3-203c-6716-a601-000000003900"},{"@Name":"ProcessId","#text":"5112"},{"@Name":"Image","#text":"C:\\Windows\\System32\\cmd.exe"},{"@Name":"User","#text":"SERVER002\\admin_test"}]}}}
{"Event":{"System":{"Provider":{"@Name":"Microsoft-Windows-Sysmon","@Guid":"5770385f-c22a-43e0-bf4c-06f5698ffbd9"},"EventID":"1","Version":"5","Level":"4","Task":"1","Opcode":"0","Keywords":"0x8000000000000000","TimeCreated":{"@SystemTime":"2024-10-21 09:34:52.2432363"},"EventRecordID":"18415","Correlation":null,"Execution":{"@ProcessID":"2948","@ThreadID":"4496"},"Channel":"Microsoft-Windows-Sysmon/Operational","Computer":"Server002","Security":{"@UserID":"S-1-5-18"}},"EventData":{"Data":[{"@Name":"RuleName","#text":"-"},{"@Name":"UtcTime","#text":"2024-10-21 09:34:52.236"},{"@Name":"ProcessGuid","#text":"dbf410b3-203c-6716-a801-000000003900"},{"@Name":"ProcessId","#text":"4344"},{"@Name":"Image","#text":"C:\\Windows\\System32\\cmd.exe"},{"@Name":"FileVersion","#text":"10.0.19041.4355 (WinBuild.160101.0800)"},{"@Name":"Description","#text":"Windows Command Processor"},{"@Name":"Product","#text":"Microsoft® Windows® Operating System"},{"@Name":"Company","#text":"Microsoft Corporation"},{"@Name":"OriginalFileName","#text":"Cmd.Exe"},{"@Name":"CommandLine","#text":"\"C:\\Windows\\system32\\cmd.exe\" /c nslookup 192.168.0.115"},{"@Name":"CurrentDirectory","#text":"C:\\Users\\admin_test\\AppData\\Local\\Temp\\"},{"@Name":"User","#text":"SERVER002\\admin_test"},{"@Name":"LogonGuid","#text":"dbf410b3-2044-6716-0b1e-0a0000000000"},{"@Name":"LogonId","#text":"0xA1E0B"},{"@Name":"TerminalSessionId","#text":"0"},{"@Name":"IntegrityLevel","#text":"High"},{"@Name":"Hashes","#text":"SHA256=BADF4752413CB0CBDC03FB95820CA167F0CDC63B597CCDB5EF43111180E088B0"},{"@Name":"ParentProcessGuid","#text":"dbf410b3-2031-6716-c000-000000003900"},{"@Name":"ParentProcessId","#text":"5156"},{"@Name":"ParentImage","#text":"C:\\Windows\\System32\\WindowsPowerShell\\v1.0\\powershell.exe"},{"@Name":"ParentCommandLine","#text":"\"powershell.exe\" &amp; {$localip = ((ipconfig | findstr [0-9].\\.)[0]).Split()[-1], $pieces = $localip.split(\\\"\".\\\"\"), $firstOctet = $pieces[0], $secondOctet = $pieces[1], $thirdOctet = $pieces[2], foreach ($ip in 1..255 | % { \\\"\"$firstOctet.$secondOctet.$thirdOctet.$_\\\"\" } ) {cmd.exe /c nslookup $ip}}"},{"@Name":"ParentUser","#text":"SERVER002\\admin_test"}]}}}
{"Event":{"System":{"Provider":{"@Name":"Microsoft-Windows-Sysmon","@Guid":"5770385f-c22a-43e0-bf4c-06f5698ffbd9"},"EventID":"1","Version":"5","Level":"4","Task":"1","Opcode":"0","Keywords":"0x8000000000000000","TimeCreated":{"@SystemTime":"2024-10-21 09:34:52.2614254"},"EventRecordID":"18416","Correlation":null,"Execution":{"@ProcessID":"2948","@ThreadID":"4496"},"Channel":"Microsoft-Windows-Sysmon/Operational","Computer":"Server002","Security":{"@UserID":"S-1-5-18"}},"EventData":{"Data":[{"@Name":"RuleName","#text":"-"},{"@Name":"UtcTime","#text":"2024-10-21 09:34:52.257"},{"@Name":"ProcessGuid","#text":"dbf410b3-203c-6716-a901-000000003900"},{"@Name":"ProcessId","#text":"1108"},{"@Name":"Image","#text":"C:\\Windows\\System32\\nslookup.exe"},{"@Name":"FileVersion","#text":"10.0.19041.1 (WinBuild.160101.0800)"},{"@Name":"Description","#text":"nslookup"},{"@Name":"Product","#text":"Microsoft® Windows® Operating System"},{"@Name":"Company","#text":"Microsoft Corporation"},{"@Name":"OriginalFileName","#text":"nslookup.exe"},{"@Name":"CommandLine","#text":"nslookup  192.168.0.115"},{"@Name":"CurrentDirectory","#text":"C:\\Users\\admin_test\\AppData\\Local\\Temp\\"},{"@Name":"User","#text":"SERVER002\\admin_test"},{"@Name":"LogonGuid","#text":"dbf410b3-2044-6716-0b1e-0a0000000000"},{"@Name":"LogonId","#text":"0xA1E0B"},{"@Name":"TerminalSessionId","#text":"0"},{"@Name":"IntegrityLevel","#text":"High"},{"@Name":"Hashes","#text":"SHA256=55AB032D256ADBE3FDE40CF90FE83BA5EAB591E04AD720161ED8E6EF059CA747"},{"@Name":"ParentProcessGuid","#text":"dbf410b3-203c-6716-a801-000000003900"},{"@Name":"ParentProcessId","#text":"4344"},{"@Name":"ParentImage","#text":"C:\\Windows\\System32\\cmd.exe"},{"@Name":"ParentCommandLine","#text":"\"C:\\Windows\\system32\\cmd.exe\" /c nslookup 192.168.0.115"},{"@Name":"ParentUser","#text":"SERVER002\\admin_test"}]}}}
{"Event":{"System":{"Provider":{"@Name":"Microsoft-Windows-Sysmon","@Guid":"5770385f-c22a-43e0-bf4c-06f5698ffbd9"},"EventID":"5","Version":"3","Level":"4","Task":"5","Opcode":"0","Keywords":"0x8000000000000000","TimeCreated":{"@SystemTime":"2024-10-21 09:34:52.3528324"},"EventRecordID":"18417","Correlation":null,"Execution":{"@ProcessID":"2948","@ThreadID":"4496"},"Channel":"Microsoft-Windows-Sysmon/Operational","Computer":"Server002","Security":{"@UserID":"S-1-5-18"}},"EventData":{"Data":[{"@Name":"RuleName","#text":"-"},{"@Name":"UtcTime","#text":"2024-10-21 09:34:52.350"},{"@Name":"ProcessGuid","#text":"dbf410b3-203c-6716-a901-000000003900"},{"@Name":"ProcessId","#text":"1108"},{"@Name":"Image","#text":"C:\\Windows\\System32\\nslookup.exe"},{"@Name":"User","#text":"SERVER002\\admin_test"}]}}}
{"Event":{"System":{"Provider":{"@Name":"Microsoft-Windows-Sysmon","@Guid":"5770385f-c22a-43e0-bf4c-06f5698ffbd9"},"EventID":"5","Version":"3","Level":"4","Task":"5","Opcode":"0","Keywords":"0x8000000000000000","TimeCreated":{"@SystemTime":"2024-10-21 09:34:52.3587396"},"EventRecordID":"18418","Correlation":null,"Execution":{"@ProcessID":"2948","@ThreadID":"4496"},"Channel":"Microsoft-Windows-Sysmon/Operational","Computer":"Server002","Security":{"@UserID":"S-1-5-18"}},"EventData":{"Data":[{"@Name":"RuleName","#text":"-"},{"@Name":"UtcTime","#text":"2024-10-21 09:34:52.350"},{"@Name":"ProcessGuid","#text":"dbf410b3-203c-6716-a801-000000003900"},{"@Name":"ProcessId","#text":"4344"},{"@Name":"Image","#text":"C:\\Windows\\System32\\cmd.exe"},{"@Name":"User","#text":"SERVER002\\admin_test"}]}}}
