{"Event":{"System":{"Provider":{"@Name":"Microsoft-Windows-Sysmon","@Guid":"5770385f-c22a-43e0-bf4c-06f5698ffbd9"},"EventID":"1","Version":"5","Level":"4","Task":"1","Opcode":"0","Keywords":"0x8000000000000000","TimeCreated":{"@SystemTime":"2024-10-21 09:35:02.3998044"},"EventRecordID":"18868","Correlation":null,"Execution":{"@ProcessID":"2948","@ThreadID":"4496"},"Channel":"Microsoft-Windows-Sysmon/Operational","Computer":"Server002","Security":{"@UserID":"S-1-5-18"}},"EventData":{"Data":[{"@Name":"RuleName","#text":"-"},{"@Name":"UtcTime","#text":"2024-10-21 09:35:02.393"},{"@Name":"ProcessGuid","#text":"dbf410b3-2046-6716-8d02-000000003900"},{"@Name":"ProcessId","#text":"2972"},{"@Name":"Image","#text":"C:\\Windows\\System32\\nslookup.exe"},{"@Name":"FileVersion","#text":"10.0.19041.1 (WinBuild.160101.0800)"},{"@Name":"Description","#text":"nslookup"},{"@Name":"Product","#text":"Microsoft® Windows® Operating System"},{"@Name":"Company","#text":"Microsoft Corporation"},{"@Name":"OriginalFileName","#text":"nslookup.exe"},{"@Name":"CommandLine","#text":"nslookup  192.168.0.227"},{"@Name":"CurrentDirectory","#text":"C:\\Users\\admin_test\\AppData\\Local\\Temp\\"},{"@Name":"User","#text":"SERVER002\\admin_test"},{"@Name":"LogonGuid","#text":"dbf410b3-2044-6716-0b1e-0a0000000000"},{"@Name":"LogonId","#text":"0xA1E0B"},{"@Name":"TerminalSessionId","#text":"0"},{"@Name":"IntegrityLevel","#text":"High"},{"@Name":"Hashes","#text":"SHA256=55AB032D256ADBE3FDE40CF90FE83BA5EAB591E04AD720161ED8E6EF059CA747"},{"@Name":"ParentProcessGuid","#text":"dbf410b3-2046-6716-8c02-000000003900"},{"@Name":"ParentProcessId","#text":"2020"},{"@Name":"ParentImage","#text":"C:\\Windows\\System32\\cmd.exe"},{"@Name":"ParentCommandLine","#text":"\"C:\\Windows\\system32\\cmd.exe\" /c nslookup 192.168.0.227"},{"@Name":"ParentUser","#text":"SERVER002\\admin_test"}]}}}
{"Event":{"System":{"Provider":{"@Name":"Microsoft-Windows-Sysmon","@Guid":"5770385f-c22a-43e0-bf4c-06f5698ffbd9"},"EventID":"5","Version":"3","Level":"4","Task":"5","Opcode":"0","Keywords":"0x8000000000000000","TimeCreated":{"@SystemTime":"2024-10-21 09:35:02.4455934"},"EventRecordID":"18869","Correlation":null,"Execution":{"@ProcessID":"2948","@ThreadID":"4496"},"Channel":"Microsoft-Windows-Sysmon/Operational","Computer":"Server002","Security":{"@UserID":"S-1-5-18"}},"EventData":{"Data":[{"@Name":"RuleName","#text":"-"},{"@Name":"UtcTime","#text":"2024-10-21 09:35:02.426"},{"@Name":"ProcessGuid","#text":"dbf410b3-2046-6716-8d02-000000003900"},{"@Name":"ProcessId","#text":"2972"},{"@Name":"Image","#text":"C:\\Windows\\System32\\nslookup.exe"},{"@Name":"User","#text":"SERVER002\\admin_test"}]}}}
{"Event":{"System":{"Provider":{"@Name":"Microsoft-Windows-Sysmon","@Guid":"5770385f-c22a-43e0-bf4c-06f5698ffbd9"},"EventID":"5","Version":"3","Level":"4","Task":"5","Opcode":"0","Keywords":"0x8000000000000000","TimeCreated":{"@SystemTime":"2024-10-21 09:35:02.4477984"},"EventRecordID":"18870","Correlation":null,"Execution":{"@ProcessID":"2948","@ThreadID":"4496"},"Channel":"Microsoft-Windows-Sysmon/Operational","Computer":"Server002","Security":{"@UserID":"S-1-5-18"}},"EventData":{"Data":[{"@Name":"RuleName","#text":"-"},{"@Name":"UtcTime","#text":"2024-10-21 09:35:02.426"},{"@Name":"ProcessGuid","#text":"dbf410b3-2046-6716-8c02-000000003900"},{"@Name":"ProcessId","#text":"2020"},{"@Name":"Image","#text":"C:\\Windows\\System32\\cmd.exe"},{"@Name":"User","#text":"SERVER002\\admin_test"}]}}}
{"Event":{"System":{"Provider":{"@Name":"Microsoft-Windows-Sysmon","@Guid":"5770385f-c22a-43e0-bf4c-06f5698ffbd9"},"EventID":"1","Version":"5","Level":"4","Task":"1","Opcode":"0","Keywords":"0x8000000000000000","TimeCreated":{"@SystemTime":"2024-10-21 09:35:02.4631589"},"EventRecordID":"18871","Correlation":null,"Execution":{"@ProcessID":"2948","@ThreadID":"4496"},"Channel":"Microsoft-Windows-Sysmon/Operational","Computer":"Server002","Security":{"@UserID":"S-1-5-18"}},"EventData":{"Data":[{"@Name":"RuleName","#text":"-"},{"@Name":"UtcTime","#text":"2024-10-21 09:35:02.451"},{"@Name":"ProcessGuid","#text":"dbf410b3-2046-6716-8e02-000000003900"},{"@Name":"ProcessId","#text":"4456"},{"@Name":"Image","#text":"C:\\Windows\\System32\\cmd.exe"},{"@Name":"FileVersion","#text":"10.0.19041.4355 (WinBuild.160101.0800)"},{"@Name":"Description","#text":"Windows Command Processor"},{"@Name":"Product","#text":"Microsoft® Windows® Operating System"},{"@Name":"Company","#text":"Microsoft Corporation"},{"@Name":"OriginalFileName","#text":"Cmd.Exe"},{"@Name":"CommandLine","#text":"\"C:\\Windows\\system32\\cmd.exe\" /c nslookup 192.168.0.228"},{"@Name":"CurrentDirectory","#text":"C:\\Users\\admin_test\\AppData\\Local\\Temp\\"},{"@Name":"User","#text":"SERVER002\\admin_test"},{"@Name":"LogonGuid","#text":"dbf410b3-2044-6716-0b1e-0a0000000000"},{"@Name":"LogonId","#text":"0xA1E0B"},{"@Name":"TerminalSessionId","#text":"0"},{"@Name":"IntegrityLevel","#text":"High"},{"@Name":"Hashes","#text":"SHA256=BADF4752413CB0CBDC03FB95820CA167F0CDC63B597CCDB5EF43111180E088B0"},{"@Name":"ParentProcessGuid","#text":"dbf410b3-2031-6716-c000-000000003900"},{"@Name":"ParentProcessId","#text":"5156"},{"@Name":"ParentImage","#text":"C:\\Windows\\System32\\WindowsPowerShell\\v1.0\\powershell.exe"},{"@Name":"ParentCommandLine","#text":"\"powershell.exe\" &amp; {$localip = ((ipconfig | findstr [0-9].\\.)[0]).Split()[-1], $pieces = $localip.split(\\\"\".\\\"\"), $firstOctet = $pieces[0], $secondOctet = $pieces[1], $thirdOctet = $pieces[2], foreach ($ip in 1..255 | % { \\\"\"$firstOctet.$secondOctet.$thirdOctet.$_\\\"\" } ) {cmd.exe /c nslookup $ip}}"},{"@Name":"ParentUser","#text":"SERVER002\\admin_test"}]}}}
{"Event":{"System":{"Provider":{"@Name":"Microsoft-Windows-Sysmon","@Guid":"5770385f-c22a-43e0-bf4c-06f5698ffbd9"},"EventID":"1","Version":"5","Level":"4","Task":"1","Opcode":"0","Keywords":"0x8000000000000000","TimeCreated":{"@SystemTime":"2024-10-21 09:35:02.4813251"},"EventRecordID":"18872","Correlation":null,"Execution":{"@ProcessID":"2948","@ThreadID":"4496"},"Channel":"Microsoft-Windows-Sysmon/Operational","Computer":"Server002","Security":{"@UserID":"S-1-5-18"}},"EventData":{"Data":[{"@Name":"RuleName","#text":"-"},{"@Name":"UtcTime","#text":"2024-10-21 09:35:02.477"},{"@Name":"ProcessGuid","#text":"dbf410b3-2046-6716-8f02-000000003900"},{"@Name":"ProcessId","#text":"2280"},{"@Name":"Image","#text":"C:\\Windows\\System32\\nslookup.exe"},{"@Name":"FileVersion","#text":"10.0.19041.1 (WinBuild.160101.0800)"},{"@Name":"Description","#text":"nslookup"},{"@Name":"Product","#text":"Microsoft® Windows® Operating System"},{"@Name":"Company","#text":"Microsoft Corporation"},{"@Name":"OriginalFileName","#text":"nslookup.exe"},{"@Name":"CommandLine","#text":"nslookup  192.168.0.228"},{"@Name":"CurrentDirectory","#text":"C:\\Users\\admin_test\\AppData\\Local\\Temp\\"},{"@Name":"User","#text":"SERVER002\\admin_test"},{"@Name":"LogonGuid","#text":"dbf410b3-2044-6716-0b1e-0a0000000000"},{"@Name":"LogonId","#text":"0xA1E0B"},{"@Name":"TerminalSessionId","#text":"0"},{"@Name":"IntegrityLevel","#text":"High"},{"@Name":"Hashes","#text":"SHA256=55AB032D256ADBE3FDE40CF90FE83BA5EAB591E04AD720161ED8E6EF059CA747"},{"@Name":"ParentProcessGuid","#text":"dbf410b3-2046-6716-8e02-000000003900"},{"@Name":"ParentProcessId","#text":"4456"},{"@Name":"ParentImage","#text":"C:\\Windows\\System32\\cmd.exe"},{"@Name":"ParentCommandLine","#text":"\"C:\\Windows\\system32\\cmd.exe\" /c nslookup 192.168.0.228"},{"@Name":"ParentUser","#text":"SERVER002\\admin_test"}]}}}
{"Event":{"System":{"Provider":{"@Name":"Microsoft-Windows-Sysmon","@Guid":"5770385f-c22a-43e0-bf4c-06f5698ffbd9"},"EventID":"5","Version":"3","Level":"4","Task":"5","Opcode":"0","Keywords":"0x8000000000000000","TimeCreated":{"@SystemTime":"2024-10-21 09:35:02.5203835"},"EventRecordID":"18873","Correlation":null,"Execution":{"@ProcessID":"2948","@ThreadID":"4496"},"Channel":"Microsoft-Windows-Sysmon/Operational","Computer":"Server002","Security":{"@UserID":"S-1-5-18"}},"EventData":{"Data":[{"@Name":"RuleName","#text":"-"},{"@Name":"UtcTime","#text":"2024-10-21 09:35:02.504"},{"@Name":"ProcessGuid","#text":"dbf410b3-2046-6716-8f02-000000003900"},{"@Name":"ProcessId","#text":"2280"},{"@Name":"Image","#text":"C:\\Windows\\System32\\nslookup.exe"},{"@Name":"User","#text":"SERVER002\\admin_test"}]}}}
{"Event":{"System":{"Provider":{"@Name":"Microsoft-Windows-Sysmon","@Guid":"5770385f-c22a-43e0-bf4c-06f5698ffbd9"},"EventID":"5","Version":"3","Level":"4","Task":"5","Opcode":"0","Keywords":"0x8000000000000000","TimeCreated":{"@SystemTime":"2024-10-21 09:35:02.5236620"},"EventRecordID":"18874","Correlation":null,"Execution":{"@ProcessID":"2948","@ThreadID":"4496"},"Channel":"Microsoft-Windows-Sysmon/Operational","Computer":"Server002","Security":{"@UserID":"S-1-5-18"}},"EventData":{"Data":[{"@Name":"RuleName","#text":"-"},{"@Name":"UtcTime","#text":"2024-10-21 09:35:02.504"},{"@Name":"ProcessGuid","#text":"dbf410b3-2046-6716-8e02-000000003900"},{"@Name":"ProcessId","#text":"4456"},{"@Name":"Image","#text":"C:\\Windows\\System32\\cmd.exe"},{"@Name":"User","#text":"SERVER002\\admin_test"}]}}}
{"Event":{"System":{"Provider":{"@Name":"Microsoft-Windows-Sysmon","@Guid":"5770385f-c22a-43e0-bf4c-06f5698ffbd9"},"EventID":"1","Version":"5","Level":"4","Task":"1","Opcode":"0","Keywords":"0x8000000000000000","TimeCreated":{"@SystemTime":"2024-10-21 09:35:02.5535480"},"EventRecordID":"18875","Correlation":null,"Execution":{"@ProcessID":"2948","@ThreadID":"4496"},"Channel":"Microsoft-Windows-Sysmon/Operational","Computer":"Server002","Security":{"@UserID":"S-1-5-18"}},"EventData":{"Data":[{"@Name":"RuleName","#text":"-"},{"@Name":"UtcTime","#text":"2024-10-21 09:35:02.543"},{"@Name":"ProcessGuid","#text":"dbf410b3-2046-6716-9002-000000003900"},{"@Name":"ProcessId","#text":"4184"},{"@Name":"Image","#text":"C:\\Windows\\System32\\cmd.exe"},{"@Name":"FileVersion","#text":"10.0.19041.4355 (WinBuild.160101.0800)"},{"@Name":"Description","#text":"Windows Command Processor"},{"@Name":"Product","#text":"Microsoft® Windows® Operating System"},{"@Name":"Company","#text":"Microsoft Corporation"},{"@Name":"OriginalFileName","#text":"Cmd.Exe"},{"@Name":"CommandLine","#text":"\"C:\\Windows\\system32\\cmd.exe\" /c nslookup 192.168.0.229"},{"@Name":"CurrentDirectory","#text":"C:\\Users\\admin_test\\AppData\\Local\\Temp\\"},{"@Name":"User","#text":"SERVER002\\admin_test"},{"@Name":"LogonGuid","#text":"dbf410b3-2044-6716-0b1e-0a0000000000"},{"@Name":"LogonId","#text":"0xA1E0B"},{"@Name":"TerminalSessionId","#text":"0"},{"@Name":"IntegrityLevel","#text":"High"},{"@Name":"Hashes","#text":"SHA256=BADF4752413CB0CBDC03FB95820CA167F0CDC63B597CCDB5EF43111180E088B0"},{"@Name":"ParentProcessGuid","#text":"dbf410b3-2031-6716-c000-000000003900"},{"@Name":"ParentProcessId","#text":"5156"},{"@Name":"ParentImage","#text":"C:\\Windows\\System32\\WindowsPowerShell\\v1.0\\powershell.exe"},{"@Name":"ParentCommandLine","#text":"\"powershell.exe\" &amp; {$localip = ((ipconfig | findstr [0-9].\\.)[0]).Split()[-1], $pieces = $localip.split(\\\"\".\\\"\"), $firstOctet = $pieces[0], $secondOctet = $pieces[1], $thirdOctet = $pieces[2], foreach ($ip in 1..255 | % { \\\"\"$firstOctet.$secondOctet.$thirdOctet.$_\\\"\" } ) {cmd.exe /c nslookup $ip}}"},{"@Name":"ParentUser","#text":"SERVER002\\admin_test"}]}}}
{"Event":{"System":{"Provider":{"@Name":"Microsoft-Windows-Sysmon","@Guid":"5770385f-c22a-43e0-bf4c-06f5698ffbd9"},"EventID":"1","Version":"5","Level":"4","Task":"1","Opcode":"0","Keywords":"0x8000000000000000","TimeCreated":{"@SystemTime":"2024-10-21 09:35:02.5709208"},"EventRecordID":"18876","Correlation":null,"Execution":{"@ProcessID":"2948","@ThreadID":"4496"},"Channel":"Microsoft-Windows-Sysmon/Operational","Computer":"Server002","Security":{"@UserID":"S-1-5-18"}},"EventData":{"Data":[{"@Name":"RuleName","#text":"-"},{"@Name":"UtcTime","#text":"2024-10-21 09:35:02.566"},{"@Name":"ProcessGuid","#text":"dbf410b3-2046-6716-9102-000000003900"},{"@Name":"ProcessId","#text":"3156"},{"@Name":"Image","#text":"C:\\Windows\\System32\\nslookup.exe"},{"@Name":"FileVersion","#text":"10.0.19041.1 (WinBuild.160101.0800)"},{"@Name":"Description","#text":"nslookup"},{"@Name":"Product","#text":"Microsoft® Windows® Operating System"},{"@Name":"Company","#text":"Microsoft Corporation"},{"@Name":"OriginalFileName","#text":"nslookup.exe"},{"@Name":"CommandLine","#text":"nslookup  192.168.0.229"},{"@Name":"CurrentDirectory","#text":"C:\\Users\\admin_test\\AppData\\Local\\Temp\\"},{"@Name":"User","#text":"SERVER002\\admin_test"},{"@Name":"LogonGuid","#text":"dbf410b3-2044-6716-0b1e-0a0000000000"},{"@Name":"LogonId","#text":"0xA1E0B"},{"@Name":"TerminalSessionId","#text":"0"},{"@Name":"IntegrityLevel","#text":"High"},{"@Name":"Hashes","#text":"SHA256=55AB032D256ADBE3FDE40CF90FE83BA5EAB591E04AD720161ED8E6EF059CA747"},{"@Name":"ParentProcessGuid","#text":"dbf410b3-2046-6716-9002-000000003900"},{"@Name":"ParentProcessId","#text":"4184"},{"@Name":"ParentImage","#text":"C:\\Windows\\System32\\cmd.exe"},{"@Name":"ParentCommandLine","#text":"\"C:\\Windows\\system32\\cmd.exe\" /c nslookup 192.168.0.229"},{"@Name":"ParentUser","#text":"SERVER002\\admin_test"}]}}}
{"Event":{"System":{"Provider":{"@Name":"Microsoft-Windows-Sysmon","@Guid":"5770385f-c22a-43e0-bf4c-06f5698ffbd9"},"EventID":"5","Version":"3","Level":"4","Task":"5","Opcode":"0","Keywords":"0x8000000000000000","TimeCreated":{"@SystemTime":"2024-10-21 09:35:02.6417584"},"EventRecordID":"18877","Correlation":null,"Execution":{"@ProcessID":"2948","@ThreadID":"4496"},"Channel":"Microsoft-Windows-Sysmon/Operational","Computer":"Server002","Security":{"@UserID":"S-1-5-18"}},"EventData":{"Data":[{"@Name":"RuleName","#text":"-"},{"@Name":"UtcTime","#text":"2024-10-21 09:35:02.623"},{"@Name":"ProcessGuid","#text":"dbf410b3-2046-6716-9102-000000003900"},{"@Name":"ProcessId","#text":"3156"},{"@Name":"Image","#text":"C:\\Windows\\System32\\nslookup.exe"},{"@Name":"User","#text":"SERVER002\\admin_test"}]}}}
{"Event":{"System":{"Provider":{"@Name":"Microsoft-Windows-Sysmon","@Guid":"5770385f-c22a-43e0-bf4c-06f5698ffbd9"},"EventID":"5","Version":"3","Level":"4","Task":"5","Opcode":"0","Keywords":"0x8000000000000000","TimeCreated":{"@SystemTime":"2024-10-21 09:35:02.6447533"},"EventRecordID":"18878","Correlation":null,"Execution":{"@ProcessID":"2948","@ThreadID":"4496"},"Channel":"Microsoft-Windows-Sysmon/Operational","Computer":"Server002","Security":{"@UserID":"S-1-5-18"}},"EventData":{"Data":[{"@Name":"RuleName","#text":"-"},{"@Name":"UtcTime","#text":"2024-10-21 09:35:02.644"},{"@Name":"ProcessGuid","#text":"dbf410b3-2046-6716-9002-000000003900"},{"@Name":"ProcessId","#text":"4184"},{"@Name":"Image","#text":"C:\\Windows\\System32\\cmd.exe"},{"@Name":"User","#text":"SERVER002\\admin_test"}]}}}
{"Event":{"System":{"Provider":{"@Name":"Microsoft-Windows-Sysmon","@Guid":"5770385f-c22a-43e0-bf4c-06f5698ffbd9"},"EventID":"1","Version":"5","Level":"4","Task":"1","Opcode":"0","Keywords":"0x8000000000000000","TimeCreated":{"@SystemTime":"2024-10-21 09:35:02.6625528"},"EventRecordID":"18879","Correlation":null,"Execution":{"@ProcessID":"2948","@ThreadID":"4496"},"Channel":"Microsoft-Windows-Sysmon/Operational","Computer":"Server002","Security":{"@UserID":"S-1-5-18"}},"EventData":{"Data":[{"@Name":"RuleName","#text":"-"},{"@Name":"UtcTime","#text":"2024-10-21 09:35:02.653"},{"@Name":"ProcessGuid","#text":"dbf410b3-2046-6716-9202-000000003900"},{"@Name":"ProcessId","#text":"3240"},{"@Name":"Image","#text":"C:\\Windows\\System32\\cmd.exe"},{"@Name":"FileVersion","#text":"10.0.19041.4355 (WinBuild.160101.0800)"},{"@Name":"Description","#text":"Windows Command Processor"},{"@Name":"Product","#text":"Microsoft® Windows® Operating System"},{"@Name":"Company","#text":"Microsoft Corporation"},{"@Name":"OriginalFileName","#text":"Cmd.Exe"},{"@Name":"CommandLine","#text":"\"C:\\Windows\\system32\\cmd.exe\" /c nslookup 192.168.0.230"},{"@Name":"CurrentDirectory","#text":"C:\\Users\\admin_test\\AppData\\Local\\Temp\\"},{"@Name":"User","#text":"SERVER002\\admin_test"},{"@Name":"LogonGuid","#text":"dbf410b3-2044-6716-0b1e-0a0000000000"},{"@Name":"LogonId","#text":"0xA1E0B"},{"@Name":"TerminalSessionId","#text":"0"},{"@Name":"IntegrityLevel","#text":"High"},{"@Name":"Hashes","#text":"SHA256=BADF4752413CB0CBDC03FB95820CA167F0CDC63B597CCDB5EF43111180E088B0"},{"@Name":"ParentProcessGuid","#text":"dbf410b3-2031-6716-c000-000000003900"},{"@Name":"ParentProcessId","#text":"5156"},{"@Name":"ParentImage","#text":"C:\\Windows\\System32\\WindowsPowerShell\\v1.0\\powershell.exe"},{"@Name":"ParentCommandLine","#text":"\"powershell.exe\" &amp; {$localip = ((ipconfig | findstr [0-9].\\.)[0]).Split()[-1], $pieces = $localip.split(\\\"\".\\\"\"), $firstOctet = $pieces[0], $secondOctet = $pieces[1], $thirdOctet = $pieces[2], foreach ($ip in 1..255 | % { \\\"\"$firstOctet.$secondOctet.$thirdOctet.$_\\\"\" } ) {cmd.exe /c nslookup $ip}}"},{"@Name":"ParentUser","#text":"SERVER002\\admin_test"}]}}}
{"Event":{"System":{"Provider":{"@Name":"Microsoft-Windows-Sysmon","@Guid":"5770385f-c22a-43e0-bf4c-06f5698ffbd9"},"EventID":"1","Version":"5","Level":"4","Task":"1","Opcode":"0","Keywords":"0x8000000000000000","TimeCreated":{"@SystemTime":"2024-10-21 09:35:02.6800579"},"EventRecordID":"18880","Correlation":null,"Execution":{"@ProcessID":"2948","@ThreadID":"4496"},"Channel":"Microsoft-Windows-Sysmon/Operational","Computer":"Server002","Security":{"@UserID":"S-1-5-18"}},"EventData":{"Data":[{"@Name":"RuleName","#text":"-"},{"@Name":"UtcTime","#text":"2024-10-21 09:35:02.674"},{"@Name":"ProcessGuid","#text":"dbf410b3-2046-6716-9302-000000003900"},{"@Name":"ProcessId","#text":"3568"},{"@Name":"Image","#text":"C:\\Windows\\System32\\nslookup.exe"},{"@Name":"FileVersion","#text":"10.0.19041.1 (WinBuild.160101.0800)"},{"@Name":"Description","#text":"nslookup"},{"@Name":"Product","#text":"Microsoft® Windows® Operating System"},{"@Name":"Company","#text":"Microsoft Corporation"},{"@Name":"OriginalFileName","#text":"nslookup.exe"},{"@Name":"CommandLine","#text":"nslookup  192.168.0.230"},{"@Name":"CurrentDirectory","#text":"C:\\Users\\admin_test\\AppData\\Local\\Temp\\"},{"@Name":"User","#text":"SERVER002\\admin_test"},{"@Name":"LogonGuid","#text":"dbf410b3-2044-6716-0b1e-0a0000000000"},{"@Name":"LogonId","#text":"0xA1E0B"},{"@Name":"TerminalSessionId","#text":"0"},{"@Name":"IntegrityLevel","#text":"High"},{"@Name":"Hashes","#text":"SHA256=55AB032D256ADBE3FDE40CF90FE83BA5EAB591E04AD720161ED8E6EF059CA747"},{"@Name":"ParentProcessGuid","#text":"dbf410b3-2046-6716-9202-000000003900"},{"@Name":"ParentProcessId","#text":"3240"},{"@Name":"ParentImage","#text":"C:\\Windows\\System32\\cmd.exe"},{"@Name":"ParentCommandLine","#text":"\"C:\\Windows\\system32\\cmd.exe\" /c nslookup 192.168.0.230"},{"@Name":"ParentUser","#text":"SERVER002\\admin_test"}]}}}
{"Event":{"System":{"Provider":{"@Name":"Microsoft-Windows-Sysmon","@Guid":"5770385f-c22a-43e0-bf4c-06f5698ffbd9"},"EventID":"5","Version":"3","Level":"4","Task":"5","Opcode":"0","Keywords":"0x8000000000000000","TimeCreated":{"@SystemTime":"2024-10-21 09:35:02.7286945"},"EventRecordID":"18881","Correlation":null,"Execution":{"@ProcessID":"2948","@ThreadID":"4496"},"Channel":"Microsoft-Windows-Sysmon/Operational","Computer":"Server002","Security":{"@UserID":"S-1-5-18"}},"EventData":{"Data":[{"@Name":"RuleName","#text":"-"},{"@Name":"UtcTime","#text":"2024-10-21 09:35:02.708"},{"@Name":"ProcessGuid","#text":"dbf410b3-2046-6716-9302-000000003900"},{"@Name":"ProcessId","#text":"3568"},{"@Name":"Image","#text":"C:\\Windows\\System32\\nslookup.exe"},{"@Name":"User","#text":"SERVER002\\admin_test"}]}}}
{"Event":{"System":{"Provider":{"@Name":"Microsoft-Windows-Sysmon","@Guid":"5770385f-c22a-43e0-bf4c-06f5698ffbd9"},"EventID":"5","Version":"3","Level":"4","Task":"5","Opcode":"0","Keywords":"0x8000000000000000","TimeCreated":{"@SystemTime":"2024-10-21 09:35:02.7486147"},"EventRecordID":"18882","Correlation":null,"Execution":{"@ProcessID":"2948","@ThreadID":"4496"},"Channel":"Microsoft-Windows-Sysmon/Operational","Computer":"Server002","Security":{"@UserID":"S-1-5-18"}},"EventData":{"Data":[{"@Name":"RuleName","#text":"-"},{"@Name":"UtcTime","#text":"2024-10-21 09:35:02.730"},{"@Name":"ProcessGuid","#text":"dbf410b3-2046-6716-9202-000000003900"},{"@Name":"ProcessId","#text":"3240"},{"@Name":"Image","#text":"C:\\Windows\\System32\\cmd.exe"},{"@Name":"User","#text":"SERVER002\\admin_test"}]}}}
{"Event":{"System":{"Provider":{"@Name":"Microsoft-Windows-Sysmon","@Guid":"5770385f-c22a-43e0-bf4c-06f5698ffbd9"},"EventID":"1","Version":"5","Level":"4","Task":"1","Opcode":"0","Keywords":"0x8000000000000000","TimeCreated":{"@SystemTime":"2024-10-21 09:35:02.7660953"},"EventRecordID":"18883","Correlation":null,"Execution":{"@ProcessID":"2948","@ThreadID":"4496"},"Channel":"Microsoft-Windows-Sysmon/Operational","Computer":"Server002","Security":{"@UserID":"S-1-5-18"}},"EventData":{"Data":[{"@Name":"RuleName","#text":"-"},{"@Name":"UtcTime","#text":"2024-10-21 09:35:02.754"},{"@Name":"ProcessGuid","#text":"dbf410b3-2046-6716-9402-000000003900"},{"@Name":"ProcessId","#text":"612"},{"@Name":"Image","#text":"C:\\Windows\\System32\\cmd.exe"},{"@Name":"FileVersion","#text":"10.0.19041.4355 (WinBuild.160101.0800)"},{"@Name":"Description","#text":"Windows Command Processor"},{"@Name":"Product","#text":"Microsoft® Windows® Operating System"},{"@Name":"Company","#text":"Microsoft Corporation"},{"@Name":"OriginalFileName","#text":"Cmd.Exe"},{"@Name":"CommandLine","#text":"\"C:\\Windows\\system32\\cmd.exe\" /c nslookup 192.168.0.231"},{"@Name":"CurrentDirectory","#text":"C:\\Users\\admin_test\\AppData\\Local\\Temp\\"},{"@Name":"User","#text":"SERVER002\\admin_test"},{"@Name":"LogonGuid","#text":"dbf410b3-2044-6716-0b1e-0a0000000000"},{"@Name":"LogonId","#text":"0xA1E0B"},{"@Name":"TerminalSessionId","#text":"0"},{"@Name":"IntegrityLevel","#text":"High"},{"@Name":"Hashes","#text":"SHA256=BADF4752413CB0CBDC03FB95820CA167F0CDC63B597CCDB5EF43111180E088B0"},{"@Name":"ParentProcessGuid","#text":"dbf410b3-2031-6716-c000-000000003900"},{"@Name":"ParentProcessId","#text":"5156"},{"@Name":"ParentImage","#text":"C:\\Windows\\System32\\WindowsPowerShell\\v1.0\\powershell.exe"},{"@Name":"ParentCommandLine","#text":"\"powershell.exe\" &amp; {$localip = ((ipconfig | findstr [0-9].\\.)[0]).Split()[-1], $pieces = $localip.split(\\\"\".\\\"\"), $firstOctet = $pieces[0], $secondOctet = $pieces[1], $thirdOctet = $pieces[2], foreach ($ip in 1..255 | % { \\\"\"$firstOctet.$secondOctet.$thirdOctet.$_\\\"\" } ) {cmd.exe /c nslookup $ip}}"},{"@Name":"ParentUser","#text":"SERVER002\\admin_test"}]}}}
{"Event":{"System":{"Provider":{"@Name":"Microsoft-Windows-Sysmon","@Guid":"5770385f-c22a-43e0-bf4c-06f5698ffbd9"},"EventID":"1","Version":"5","Level":"4","Task":"1","Opcode":"0","Keywords":"0x8000000000000000","TimeCreated":{"@SystemTime":"2024-10-21 09:35:02.7942314"},"EventRecordID":"18884","Correlation":null,"Execution":{"@ProcessID":"2948","@ThreadID":"4496"},"Channel":"Microsoft-Windows-Sysmon/Operational","Computer":"Server002","Security":{"@UserID":"S-1-5-18"}},"EventData":{"Data":[{"@Name":"RuleName","#text":"-"},{"@Name":"UtcTime","#text":"2024-10-21 09:35:02.787"},{"@Name":"ProcessGuid","#text":"dbf410b3-2046-6716-9502-000000003900"},{"@Name":"ProcessId","#text":"3148"},{"@Name":"Image","#text":"C:\\Windows\\System32\\nslookup.exe"},{"@Name":"FileVersion","#text":"10.0.19041.1 (WinBuild.160101.0800)"},{"@Name":"Description","#text":"nslookup"},{"@Name":"Product","#text":"Microsoft® Windows® Operating System"},{"@Name":"Company","#text":"Microsoft Corporation"},{"@Name":"OriginalFileName","#text":"nslookup.exe"},{"@Name":"CommandLine","#text":"nslookup  192.168.0.231"},{"@Name":"CurrentDirectory","#text":"C:\\Users\\admin_test\\AppData\\Local\\Temp\\"},{"@Name":"User","#text":"SERVER002\\admin_test"},{"@Name":"LogonGuid","#text":"dbf410b3-2044-6716-0b1e-0a0000000000"},{"@Name":"LogonId","#text":"0xA1E0B"},{"@Name":"TerminalSessionId","#text":"0"},{"@Name":"IntegrityLevel","#text":"High"},{"@Name":"Hashes","#text":"SHA256=55AB032D256ADBE3FDE40CF90FE83BA5EAB591E04AD720161ED8E6EF059CA747"},{"@Name":"ParentProcessGuid","#text":"dbf410b3-2046-6716-9402-000000003900"},{"@Name":"ParentProcessId","#text":"612"},{"@Name":"ParentImage","#text":"C:\\Windows\\System32\\cmd.exe"},{"@Name":"ParentCommandLine","#text":"\"C:\\Windows\\system32\\cmd.exe\" /c nslookup 192.168.0.231"},{"@Name":"ParentUser","#text":"SERVER002\\admin_test"}]}}}
{"Event":{"System":{"Provider":{"@Name":"Microsoft-Windows-Sysmon","@Guid":"5770385f-c22a-43e0-bf4c-06f5698ffbd9"},"EventID":"5","Version":"3","Level":"4","Task":"5","Opcode":"0","Keywords":"0x8000000000000000","TimeCreated":{"@SystemTime":"2024-10-21 09:35:02.8394340"},"EventRecordID":"18885","Correlation":null,"Execution":{"@ProcessID":"2948","@ThreadID":"4496"},"Channel":"Microsoft-Windows-Sysmon/Operational","Computer":"Server002","Security":{"@UserID":"S-1-5-18"}},"EventData":{"Data":[{"@Name":"RuleName","#text":"-"},{"@Name":"UtcTime","#text":"2024-10-21 09:35:02.823"},{"@Name":"ProcessGuid","#text":"dbf410b3-2046-6716-9502-000000003900"},{"@Name":"ProcessId","#text":"3148"},{"@Name":"Image","#text":"C:\\Windows\\System32\\nslookup.exe"},{"@Name":"User","#text":"SERVER002\\admin_test"}]}}}
{"Event":{"System":{"Provider":{"@Name":"Microsoft-Windows-Sysmon","@Guid":"5770385f-c22a-43e0-bf4c-06f5698ffbd9"},"EventID":"5","Version":"3","Level":"4","Task":"5","Opcode":"0","Keywords":"0x8000000000000000","TimeCreated":{"@SystemTime":"2024-10-21 09:35:02.8439043"},"EventRecordID":"18886","Correlation":null,"Execution":{"@ProcessID":"2948","@ThreadID":"4496"},"Channel":"Microsoft-Windows-Sysmon/Operational","Computer":"Server002","Security":{"@UserID":"S-1-5-18"}},"EventData":{"Data":[{"@Name":"RuleName","#text":"-"},{"@Name":"UtcTime","#text":"2024-10-21 09:35:02.841"},{"@Name":"ProcessGuid","#text":"dbf410b3-2046-6716-9402-000000003900"},{"@Name":"ProcessId","#text":"612"},{"@Name":"Image","#text":"C:\\Windows\\System32\\cmd.exe"},{"@Name":"User","#text":"SERVER002\\admin_test"}]}}}
{"Event":{"System":{"Provider":{"@Name":"Microsoft-Windows-Sysmon","@Guid":"5770385f-c22a-43e0-bf4c-06f5698ffbd9"},"EventID":"1","Version":"5","Level":"4","Task":"1","Opcode":"0","Keywords":"0x8000000000000000","TimeCreated":{"@SystemTime":"2024-10-21 09:35:02.8620129"},"EventRecordID":"18887","Correlation":null,"Execution":{"@ProcessID":"2948","@ThreadID":"4496"},"Channel":"Microsoft-Windows-Sysmon/Operational","Computer":"Server002","Security":{"@UserID":"S-1-5-18"}},"EventData":{"Data":[{"@Name":"RuleName","#text":"-"},{"@Name":"UtcTime","#text":"2024-10-21 09:35:02.849"},{"@Name":"ProcessGuid","#text":"dbf410b3-2046-6716-9602-000000003900"},{"@Name":"ProcessId","#text":"3220"},{"@Name":"Image","#text":"C:\\Windows\\System32\\cmd.exe"},{"@Name":"FileVersion","#text":"10.0.19041.4355 (WinBuild.160101.0800)"},{"@Name":"Description","#text":"Windows Command Processor"},{"@Name":"Product","#text":"Microsoft® Windows® Operating System"},{"@Name":"Company","#text":"Microsoft Corporation"},{"@Name":"OriginalFileName","#text":"Cmd.Exe"},{"@Name":"CommandLine","#text":"\"C:\\Windows\\system32\\cmd.exe\" /c nslookup 192.168.0.232"},{"@Name":"CurrentDirectory","#text":"C:\\Users\\admin_test\\AppData\\Local\\Temp\\"},{"@Name":"User","#text":"SERVER002\\admin_test"},{"@Name":"LogonGuid","#text":"dbf410b3-2044-6716-0b1e-0a0000000000"},{"@Name":"LogonId","#text":"0xA1E0B"},{"@Name":"TerminalSessionId","#text":"0"},{"@Name":"IntegrityLevel","#text":"High"},{"@Name":"Hashes","#text":"SHA256=BADF4752413CB0CBDC03FB95820CA167F0CDC63B597CCDB5EF43111180E088B0"},{"@Name":"ParentProcessGuid","#text":"dbf410b3-2031-6716-c000-000000003900"},{"@Name":"ParentProcessId","#text":"5156"},{"@Name":"ParentImage","#text":"C:\\Windows\\System32\\WindowsPowerShell\\v1.0\\powershell.exe"},{"@Name":"ParentCommandLine","#text":"\"powershell.exe\" &amp; {$localip = ((ipconfig | findstr [0-9].\\.)[0]).Split()[-1], $pieces = $localip.split(\\\"\".\\\"\"), $firstOctet = $pieces[0], $secondOctet = $pieces[1], $thirdOctet = $pieces[2], foreach ($ip in 1..255 | % { \\\"\"$firstOctet.$secondOctet.$thirdOctet.$_\\\"\" } ) {cmd.exe /c nslookup $ip}}"},{"@Name":"ParentUser","#text":"SERVER002\\admin_test"}]}}}
{"Event":{"System":{"Provider":{"@Name":"Microsoft-Windows-Sysmon","@Guid":"5770385f-c22a-43e0-bf4c-06f5698ffbd9"},"EventID":"1","Version":"5","Level":"4","Task":"1","Opcode":"0","Keywords":"0x8000000000000000","TimeCreated":{"@SystemTime":"2024-10-21 09:35:02.8824222"},"EventRecordID":"18888","Correlation":null,"Execution":{"@ProcessID":"2948","@ThreadID":"4496"},"Channel":"Microsoft-Windows-Sysmon/Operational","Computer":"Server002","Security":{"@UserID":"S-1-5-18"}},"EventData":{"Data":[{"@Name":"RuleName","#text":"-"},{"@Name":"UtcTime","#text":"2024-10-21 09:35:02.878"},{"@Name":"ProcessGuid","#text":"dbf410b3-2046-6716-9702-000000003900"},{"@Name":"ProcessId","#text":"5696"},{"@Name":"Image","#text":"C:\\Windows\\System32\\nslookup.exe"},{"@Name":"FileVersion","#text":"10.0.19041.1 (WinBuild.160101.0800)"},{"@Name":"Description","#text":"nslookup"},{"@Name":"Product","#text":"Microsoft® Windows® Operating System"},{"@Name":"Company","#text":"Microsoft Corporation"},{"@Name":"OriginalFileName","#text":"nslookup.exe"},{"@Name":"CommandLine","#text":"nslookup  192.168.0.232"},{"@Name":"CurrentDirectory","#text":"C:\\Users\\admin_test\\AppData\\Local\\Temp\\"},{"@Name":"User","#text":"SERVER002\\admin_test"},{"@Name":"LogonGuid","#text":"dbf410b3-2044-6716-0b1e-0a0000000000"},{"@Name":"LogonId","#text":"0xA1E0B"},{"@Name":"TerminalSessionId","#text":"0"},{"@Name":"IntegrityLevel","#text":"High"},{"@Name":"Hashes","#text":"SHA256=55AB032D256ADBE3FDE40CF90FE83BA5EAB591E04AD720161ED8E6EF059CA747"},{"@Name":"ParentProcessGuid","#text":"dbf410b3-2046-6716-9602-000000003900"},{"@Name":"ParentProcessId","#text":"3220"},{"@Name":"ParentImage","#text":"C:\\Windows\\System32\\cmd.exe"},{"@Name":"ParentCommandLine","#text":"\"C:\\Windows\\system32\\cmd.exe\" /c nslookup 192.168.0.232"},{"@Name":"ParentUser","#text":"SERVER002\\admin_test"}]}}}
{"Event":{"System":{"Provider":{"@Name":"Microsoft-Windows-Sysmon","@Guid":"5770385f-c22a-43e0-bf4c-06f5698ffbd9"},"EventID":"5","Version":"3","Level":"4","Task":"5","Opcode":"0","Keywords":"0x8000000000000000","TimeCreated":{"@SystemTime":"2024-10-21 09:35:02.9350490"},"EventRecordID":"18889","Correlation":null,"Execution":{"@ProcessID":"2948","@ThreadID":"4496"},"Channel":"Microsoft-Windows-Sysmon/Operational","Computer":"Server002","Security":{"@UserID":"S-1-5-18"}},"EventData":{"Data":[{"@Name":"RuleName","#text":"-"},{"@Name":"UtcTime","#text":"2024-10-21 09:35:02.916"},{"@Name":"ProcessGuid","#text":"dbf410b3-2046-6716-9702-000000003900"},{"@Name":"ProcessId","#text":"5696"},{"@Name":"Image","#text":"C:\\Windows\\System32\\nslookup.exe"},{"@Name":"User","#text":"SERVER002\\admin_test"}]}}}
{"Event":{"System":{"Provider":{"@Name":"Microsoft-Windows-Sysmon","@Guid":"5770385f-c22a-43e0-bf4c-06f5698ffbd9"},"EventID":"5","Version":"3","Level":"4","Task":"5","Opcode":"0","Keywords":"0x8000000000000000","TimeCreated":{"@SystemTime":"2024-10-21 09:35:02.9723589"},"EventRecordID":"18890","Correlation":null,"Execution":{"@ProcessID":"2948","@ThreadID":"4496"},"Channel":"Microsoft-Windows-Sysmon/Operational","Computer":"Server002","Security":{"@UserID":"S-1-5-18"}},"EventData":{"Data":[{"@Name":"RuleName","#text":"-"},{"@Name":"UtcTime","#text":"2024-10-21 09:35:02.916"},{"@Name":"ProcessGuid","#text":"dbf410b3-2046-6716-9602-000000003900"},{"@Name":"ProcessId","#text":"3220"},{"@Name":"Image","#text":"C:\\Windows\\System32\\cmd.exe"},{"@Name":"User","#text":"SERVER002\\admin_test"}]}}}
{"Event":{"System":{"Provider":{"@Name":"Microsoft-Windows-Sysmon","@Guid":"5770385f-c22a-43e0-bf4c-06f5698ffbd9"},"EventID":"1","Version":"5","Level":"4","Task":"1","Opcode":"0","Keywords":"0x8000000000000000","TimeCreated":{"@SystemTime":"2024-10-21 09:35:02.9943735"},"EventRecordID":"18891","Correlation":null,"Execution":{"@ProcessID":"2948","@ThreadID":"4496"},"Channel":"Microsoft-Windows-Sysmon/Operational","Computer":"Server002","Security":{"@UserID":"S-1-5-18"}},"EventData":{"Data":[{"@Name":"RuleName","#text":"-"},{"@Name":"UtcTime","#text":"2024-10-21 09:35:02.979"},{"@Name":"ProcessGuid","#text":"dbf410b3-2046-6716-9802-000000003900"},{"@Name":"ProcessId","#text":"3432"},{"@Name":"Image","#text":"C:\\Windows\\System32\\cmd.exe"},{"@Name":"FileVersion","#text":"10.0.19041.4355 (WinBuild.160101.0800)"},{"@Name":"Description","#text":"Windows Command Processor"},{"@Name":"Product","#text":"Microsoft® Windows® Operating System"},{"@Name":"Company","#text":"Microsoft Corporation"},{"@Name":"OriginalFileName","#text":"Cmd.Exe"},{"@Name":"CommandLine","#text":"\"C:\\Windows\\system32\\cmd.exe\" /c nslookup 192.168.0.233"},{"@Name":"CurrentDirectory","#text":"C:\\Users\\admin_test\\AppData\\Local\\Temp\\"},{"@Name":"User","#text":"SERVER002\\admin_test"},{"@Name":"LogonGuid","#text":"dbf410b3-2044-6716-0b1e-0a0000000000"},{"@Name":"LogonId","#text":"0xA1E0B"},{"@Name":"TerminalSessionId","#text":"0"},{"@Name":"IntegrityLevel","#text":"High"},{"@Name":"Hashes","#text":"SHA256=BADF4752413CB0CBDC03FB95820CA167F0CDC63B597CCDB5EF43111180E088B0"},{"@Name":"ParentProcessGuid","#text":"dbf410b3-2031-6716-c000-000000003900"},{"@Name":"ParentProcessId","#text":"5156"},{"@Name":"ParentImage","#text":"C:\\Windows\\System32\\WindowsPowerShell\\v1.0\\powershell.exe"},{"@Name":"ParentCommandLine","#text":"\"powershell.exe\" &amp; {$localip = ((ipconfig | findstr [0-9].\\.)[0]).Split()[-1], $pieces = $localip.split(\\\"\".\\\"\"), $firstOctet = $pieces[0], $secondOctet = $pieces[1], $thirdOctet = $pieces[2], foreach ($ip in 1..255 | % { \\\"\"$firstOctet.$secondOctet.$thirdOctet.$_\\\"\" } ) {cmd.exe /c nslookup $ip}}"},{"@Name":"ParentUser","#text":"SERVER002\\admin_test"}]}}}
{"Event":{"System":{"Provider":{"@Name":"Microsoft-Windows-Sysmon","@Guid":"5770385f-c22a-43e0-bf4c-06f5698ffbd9"},"EventID":"1","Version":"5","Level":"4","Task":"1","Opcode":"0","Keywords":"0x8000000000000000","TimeCreated":{"@SystemTime":"2024-10-21 09:35:03.0152938"},"EventRecordID":"18892","Correlation":null,"Execution":{"@ProcessID":"2948","@ThreadID":"4496"},"Channel":"Microsoft-Windows-Sysmon/Operational","Computer":"Server002","Security":{"@UserID":"S-1-5-18"}},"EventData":{"Data":[{"@Name":"RuleName","#text":"-"},{"@Name":"UtcTime","#text":"2024-10-21 09:35:03.011"},{"@Name":"ProcessGuid","#text":"dbf410b3-2047-6716-9902-000000003900"},{"@Name":"ProcessId","#text":"5608"},{"@Name":"Image","#text":"C:\\Windows\\System32\\nslookup.exe"},{"@Name":"FileVersion","#text":"10.0.19041.1 (WinBuild.160101.0800)"},{"@Name":"Description","#text":"nslookup"},{"@Name":"Product","#text":"Microsoft® Windows® Operating System"},{"@Name":"Company","#text":"Microsoft Corporation"},{"@Name":"OriginalFileName","#text":"nslookup.exe"},{"@Name":"CommandLine","#text":"nslookup  192.168.0.233"},{"@Name":"CurrentDirectory","#text":"C:\\Users\\admin_test\\AppData\\Local\\Temp\\"},{"@Name":"User","#text":"SERVER002\\admin_test"},{"@Name":"LogonGuid","#text":"dbf410b3-2044-6716-0b1e-0a0000000000"},{"@Name":"LogonId","#text":"0xA1E0B"},{"@Name":"TerminalSessionId","#text":"0"},{"@Name":"IntegrityLevel","#text":"High"},{"@Name":"Hashes","#text":"SHA256=55AB032D256ADBE3FDE40CF90FE83BA5EAB591E04AD720161ED8E6EF059CA747"},{"@Name":"ParentProcessGuid","#text":"dbf410b3-2046-6716-9802-000000003900"},{"@Name":"ParentProcessId","#text":"3432"},{"@Name":"ParentImage","#text":"C:\\Windows\\System32\\cmd.exe"},{"@Name":"ParentCommandLine","#text":"\"C:\\Windows\\system32\\cmd.exe\" /c nslookup 192.168.0.233"},{"@Name":"ParentUser","#text":"SERVER002\\admin_test"}]}}}
{"Event":{"System":{"Provider":{"@Name":"Microsoft-Windows-Sysmon","@Guid":"5770385f-c22a-43e0-bf4c-06f5698ffbd9"},"EventID":"5","Version":"3","Level":"4","Task":"5","Opcode":"0","Keywords":"0x8000000000000000","TimeCreated":{"@SystemTime":"2024-10-21 09:35:03.0584447"},"EventRecordID":"18893","Correlation":null,"Execution":{"@ProcessID":"2948","@ThreadID":"4496"},"Channel":"Microsoft-Windows-Sysmon/Operational","Computer":"Server002","Security":{"@UserID":"S-1-5-18"}},"EventData":{"Data":[{"@Name":"RuleName","#text":"-"},{"@Name":"UtcTime","#text":"2024-10-21 09:35:03.049"},{"@Name":"ProcessGuid","#text":"dbf410b3-2047-6716-9902-000000003900"},{"@Name":"ProcessId","#text":"5608"},{"@Name":"Image","#text":"C:\\Windows\\System32\\nslookup.exe"},{"@Name":"User","#text":"SERVER002\\admin_test"}]}}}
{"Event":{"System":{"Provider":{"@Name":"Microsoft-Windows-Sysmon","@Guid":"5770385f-c22a-43e0-bf4c-06f5698ffbd9"},"EventID":"5","Version":"3","Level":"4","Task":"5","Opcode":"0","Keywords":"0x8000000000000000","TimeCreated":{"@SystemTime":"2024-10-21 09:35:03.0631423"},"EventRecordID":"18894","Correlation":null,"Execution":{"@ProcessID":"2948","@ThreadID":"4496"},"Channel":"Microsoft-Windows-Sysmon/Operational","Computer":"Server002","Security":{"@UserID":"S-1-5-18"}},"EventData":{"Data":[{"@Name":"RuleName","#text":"-"},{"@Name":"UtcTime","#text":"2024-10-21 09:35:03.049"},{"@Name":"ProcessGuid","#text":"dbf410b3-2046-6716-9802-000000003900"},{"@Name":"ProcessId","#text":"3432"},{"@Name":"Image","#text":"C:\\Windows\\System32\\cmd.exe"},{"@Name":"User","#text":"SERVER002\\admin_test"}]}}}
{"Event":{"System":{"Provider":{"@Name":"Microsoft-Windows-Sysmon","@Guid":"5770385f-c22a-43e0-bf4c-06f5698ffbd9"},"EventID":"1","Version":"5","Level":"4","Task":"1","Opcode":"0","Keywords":"0x8000000000000000","TimeCreated":{"@SystemTime":"2024-10-21 09:35:03.0796298"},"EventRecordID":"18895","Correlation":null,"Execution":{"@ProcessID":"2948","@ThreadID":"4496"},"Channel":"Microsoft-Windows-Sysmon/Operational","Computer":"Server002","Security":{"@UserID":"S-1-5-18"}},"EventData":{"Data":[{"@Name":"RuleName","#text":"-"},{"@Name":"UtcTime","#text":"2024-10-21 09:35:03.066"},{"@Name":"ProcessGuid","#text":"dbf410b3-2047-6716-9a02-000000003900"},{"@Name":"ProcessId","#text":"3988"},{"@Name":"Image","#text":"C:\\Windows\\System32\\cmd.exe"},{"@Name":"FileVersion","#text":"10.0.19041.4355 (WinBuild.160101.0800)"},{"@Name":"Description","#text":"Windows Command Processor"},{"@Name":"Product","#text":"Microsoft® Windows® Operating System"},{"@Name":"Company","#text":"Microsoft Corporation"},{"@Name":"OriginalFileName","#text":"Cmd.Exe"},{"@Name":"CommandLine","#text":"\"C:\\Windows\\system32\\cmd.exe\" /c nslookup 192.168.0.234"},{"@Name":"CurrentDirectory","#text":"C:\\Users\\admin_test\\AppData\\Local\\Temp\\"},{"@Name":"User","#text":"SERVER002\\admin_test"},{"@Name":"LogonGuid","#text":"dbf410b3-2044-6716-0b1e-0a0000000000"},{"@Name":"LogonId","#text":"0xA1E0B"},{"@Name":"TerminalSessionId","#text":"0"},{"@Name":"IntegrityLevel","#text":"High"},{"@Name":"Hashes","#text":"SHA256=BADF4752413CB0CBDC03FB95820CA167F0CDC63B597CCDB5EF43111180E088B0"},{"@Name":"ParentProcessGuid","#text":"dbf410b3-2031-6716-c000-000000003900"},{"@Name":"ParentProcessId","#text":"5156"},{"@Name":"ParentImage","#text":"C:\\Windows\\System32\\WindowsPowerShell\\v1.0\\powershell.exe"},{"@Name":"ParentCommandLine","#text":"\"powershell.exe\" &amp; {$localip = ((ipconfig | findstr [0-9].\\.)[0]).Split()[-1], $pieces = $localip.split(\\\"\".\\\"\"), $firstOctet = $pieces[0], $secondOctet = $pieces[1], $thirdOctet = $pieces[2], foreach ($ip in 1..255 | % { \\\"\"$firstOctet.$secondOctet.$thirdOctet.$_\\\"\" } ) {cmd.exe /c nslookup $ip}}"},{"@Name":"ParentUser","#text":"SERVER002\\admin_test"}]}}}
{"Event":{"System":{"Provider":{"@Name":"Microsoft-Windows-Sysmon","@Guid":"5770385f-c22a-43e0-bf4c-06f5698ffbd9"},"EventID":"1","Version":"5","Level":"4","Task":"1","Opcode":"0","Keywords":"0x8000000000000000","TimeCreated":{"@SystemTime":"2024-10-21 09:35:03.1015424"},"EventRecordID":"18896","Correlation":null,"Execution":{"@ProcessID":"2948","@ThreadID":"4496"},"Channel":"Microsoft-Windows-Sysmon/Operational","Computer":"Server002","Security":{"@UserID":"S-1-5-18"}},"EventData":{"Data":[{"@Name":"RuleName","#text":"-"},{"@Name":"UtcTime","#text":"2024-10-21 09:35:03.095"},{"@Name":"ProcessGuid","#text":"dbf410b3-2047-6716-9b02-000000003900"},{"@Name":"ProcessId","#text":"4116"},{"@Name":"Image","#text":"C:\\Windows\\System32\\nslookup.exe"},{"@Name":"FileVersion","#text":"10.0.19041.1 (WinBuild.160101.0800)"},{"@Name":"Description","#text":"nslookup"},{"@Name":"Product","#text":"Microsoft® Windows® Operating System"},{"@Name":"Company","#text":"Microsoft Corporation"},{"@Name":"OriginalFileName","#text":"nslookup.exe"},{"@Name":"CommandLine","#text":"nslookup  192.168.0.234"},{"@Name":"CurrentDirectory","#text":"C:\\Users\\admin_test\\AppData\\Local\\Temp\\"},{"@Name":"User","#text":"SERVER002\\admin_test"},{"@Name":"LogonGuid","#text":"dbf410b3-2044-6716-0b1e-0a0000000000"},{"@Name":"LogonId","#text":"0xA1E0B"},{"@Name":"TerminalSessionId","#text":"0"},{"@Name":"IntegrityLevel","#text":"High"},{"@Name":"Hashes","#text":"SHA256=55AB032D256ADBE3FDE40CF90FE83BA5EAB591E04AD720161ED8E6EF059CA747"},{"@Name":"ParentProcessGuid","#text":"dbf410b3-2047-6716-9a02-000000003900"},{"@Name":"ParentProcessId","#text":"3988"},{"@Name":"ParentImage","#text":"C:\\Windows\\System32\\cmd.exe"},{"@Name":"ParentCommandLine","#text":"\"C:\\Windows\\system32\\cmd.exe\" /c nslookup 192.168.0.234"},{"@Name":"ParentUser","#text":"SERVER002\\admin_test"}]}}}
{"Event":{"System":{"Provider":{"@Name":"Microsoft-Windows-Sysmon","@Guid":"5770385f-c22a-43e0-bf4c-06f5698ffbd9"},"EventID":"5","Version":"3","Level":"4","Task":"5","Opcode":"0","Keywords":"0x8000000000000000","TimeCreated":{"@SystemTime":"2024-10-21 09:35:03.1553842"},"EventRecordID":"18897","Correlation":null,"Execution":{"@ProcessID":"2948","@ThreadID":"4496"},"Channel":"Microsoft-Windows-Sysmon/Operational","Computer":"Server002","Security":{"@UserID":"S-1-5-18"}},"EventData":{"Data":[{"@Name":"RuleName","#text":"-"},{"@Name":"UtcTime","#text":"2024-10-21 09:35:03.145"},{"@Name":"ProcessGuid","#text":"dbf410b3-2047-6716-9b02-000000003900"},{"@Name":"ProcessId","#text":"4116"},{"@Name":"Image","#text":"C:\\Windows\\System32\\nslookup.exe"},{"@Name":"User","#text":"SERVER002\\admin_test"}]}}}
{"Event":{"System":{"Provider":{"@Name":"Microsoft-Windows-Sysmon","@Guid":"5770385f-c22a-43e0-bf4c-06f5698ffbd9"},"EventID":"5","Version":"3","Level":"4","Task":"5","Opcode":"0","Keywords":"0x8000000000000000","TimeCreated":{"@SystemTime":"2024-10-21 09:35:03.1601081"},"EventRecordID":"18898","Correlation":null,"Execution":{"@ProcessID":"2948","@ThreadID":"4496"},"Channel":"Microsoft-Windows-Sysmon/Operational","Computer":"Server002","Security":{"@UserID":"S-1-5-18"}},"EventData":{"Data":[{"@Name":"RuleName","#text":"-"},{"@Name":"UtcTime","#text":"2024-10-21 09:35:03.145"},{"@Name":"ProcessGuid","#text":"dbf410b3-2047-6716-9a02-000000003900"},{"@Name":"ProcessId","#text":"3988"},{"@Name":"Image","#text":"C:\\Windows\\System32\\cmd.exe"},{"@Name":"User","#text":"SERVER002\\admin_test"}]}}}
{"Event":{"System":{"Provider":{"@Name":"Microsoft-Windows-Sysmon","@Guid":"5770385f-c22a-43e0-bf4c-06f5698ffbd9"},"EventID":"1","Version":"5","Level":"4","Task":"1","Opcode":"0","Keywords":"0x8000000000000000","TimeCreated":{"@SystemTime":"2024-10-21 09:35:03.1795585"},"EventRecordID":"18899","Correlation":null,"Execution":{"@ProcessID":"2948","@ThreadID":"4496"},"Channel":"Microsoft-Windows-Sysmon/Operational","Computer":"Server002","Security":{"@UserID":"S-1-5-18"}},"EventData":{"Data":[{"@Name":"RuleName","#text":"-"},{"@Name":"UtcTime","#text":"2024-10-21 09:35:03.166"},{"@Name":"ProcessGuid","#text":"dbf410b3-2047-6716-9c02-000000003900"},{"@Name":"ProcessId","#text":"4312"},{"@Name":"Image","#text":"C:\\Windows\\System32\\cmd.exe"},{"@Name":"FileVersion","#text":"10.0.19041.4355 (WinBuild.160101.0800)"},{"@Name":"Description","#text":"Windows Command Processor"},{"@Name":"Product","#text":"Microsoft® Windows® Operating System"},{"@Name":"Company","#text":"Microsoft Corporation"},{"@Name":"OriginalFileName","#text":"Cmd.Exe"},{"@Name":"CommandLine","#text":"\"C:\\Windows\\system32\\cmd.exe\" /c nslookup 192.168.0.235"},{"@Name":"CurrentDirectory","#text":"C:\\Users\\admin_test\\AppData\\Local\\Temp\\"},{"@Name":"User","#text":"SERVER002\\admin_test"},{"@Name":"LogonGuid","#text":"dbf410b3-2044-6716-0b1e-0a0000000000"},{"@Name":"LogonId","#text":"0xA1E0B"},{"@Name":"TerminalSessionId","#text":"0"},{"@Name":"IntegrityLevel","#text":"High"},{"@Name":"Hashes","#text":"SHA256=BADF4752413CB0CBDC03FB95820CA167F0CDC63B597CCDB5EF43111180E088B0"},{"@Name":"ParentProcessGuid","#text":"dbf410b3-2031-6716-c000-000000003900"},{"@Name":"ParentProcessId","#text":"5156"},{"@Name":"ParentImage","#text":"C:\\Windows\\System32\\WindowsPowerShell\\v1.0\\powershell.exe"},{"@Name":"ParentCommandLine","#text":"\"powershell.exe\" &amp; {$localip = ((ipconfig | findstr [0-9].\\.)[0]).Split()[-1], $pieces = $localip.split(\\\"\".\\\"\"), $firstOctet = $pieces[0], $secondOctet = $pieces[1], $thirdOctet = $pieces[2], foreach ($ip in 1..255 | % { \\\"\"$firstOctet.$secondOctet.$thirdOctet.$_\\\"\" } ) {cmd.exe /c nslookup $ip}}"},{"@Name":"ParentUser","#text":"SERVER002\\admin_test"}]}}}
{"Event":{"System":{"Provider":{"@Name":"Microsoft-Windows-Sysmon","@Guid":"5770385f-c22a-43e0-bf4c-06f5698ffbd9"},"EventID":"1","Version":"5","Level":"4","Task":"1","Opcode":"0","Keywords":"0x8000000000000000","TimeCreated":{"@SystemTime":"2024-10-21 09:35:03.2216066"},"EventRecordID":"18900","Correlation":null,"Execution":{"@ProcessID":"2948","@ThreadID":"4496"},"Channel":"Microsoft-Windows-Sysmon/Operational","Computer":"Server002","Security":{"@UserID":"S-1-5-18"}},"EventData":{"Data":[{"@Name":"RuleName","#text":"-"},{"@Name":"UtcTime","#text":"2024-10-21 09:35:03.190"},{"@Name":"ProcessGuid","#text":"dbf410b3-2047-6716-9d02-000000003900"},{"@Name":"ProcessId","#text":"2804"},{"@Name":"Image","#text":"C:\\Windows\\System32\\nslookup.exe"},{"@Name":"FileVersion","#text":"10.0.19041.1 (WinBuild.160101.0800)"},{"@Name":"Description","#text":"nslookup"},{"@Name":"Product","#text":"Microsoft® Windows® Operating System"},{"@Name":"Company","#text":"Microsoft Corporation"},{"@Name":"OriginalFileName","#text":"nslookup.exe"},{"@Name":"CommandLine","#text":"nslookup  192.168.0.235"},{"@Name":"CurrentDirectory","#text":"C:\\Users\\admin_test\\AppData\\Local\\Temp\\"},{"@Name":"User","#text":"SERVER002\\admin_test"},{"@Name":"LogonGuid","#text":"dbf410b3-2044-6716-0b1e-0a0000000000"},{"@Name":"LogonId","#text":"0xA1E0B"},{"@Name":"TerminalSessionId","#text":"0"},{"@Name":"IntegrityLevel","#text":"High"},{"@Name":"Hashes","#text":"SHA256=55AB032D256ADBE3FDE40CF90FE83BA5EAB591E04AD720161ED8E6EF059CA747"},{"@Name":"ParentProcessGuid","#text":"dbf410b3-2047-6716-9c02-000000003900"},{"@Name":"ParentProcessId","#text":"4312"},{"@Name":"ParentImage","#text":"C:\\Windows\\System32\\cmd.exe"},{"@Name":"ParentCommandLine","#text":"\"C:\\Windows\\system32\\cmd.exe\" /c nslookup 192.168.0.235"},{"@Name":"ParentUser","#text":"SERVER002\\admin_test"}]}}}
{"Event":{"System":{"Provider":{"@Name":"Microsoft-Windows-Sysmon","@Guid":"5770385f-c22a-43e0-bf4c-06f5698ffbd9"},"EventID":"5","Version":"3","Level":"4","Task":"5","Opcode":"0","Keywords":"0x8000000000000000","TimeCreated":{"@SystemTime":"2024-10-21 09:35:03.2591961"},"EventRecordID":"18901","Correlation":null,"Execution":{"@ProcessID":"2948","@ThreadID":"4496"},"Channel":"Microsoft-Windows-Sysmon/Operational","Computer":"Server002","Security":{"@UserID":"S-1-5-18"}},"EventData":{"Data":[{"@Name":"RuleName","#text":"-"},{"@Name":"UtcTime","#text":"2024-10-21 09:35:03.241"},{"@Name":"ProcessGuid","#text":"dbf410b3-2047-6716-9d02-000000003900"},{"@Name":"ProcessId","#text":"2804"},{"@Name":"Image","#text":"C:\\Windows\\System32\\nslookup.exe"},{"@Name":"User","#text":"SERVER002\\admin_test"}]}}}
{"Event":{"System":{"Provider":{"@Name":"Microsoft-Windows-Sysmon","@Guid":"5770385f-c22a-43e0-bf4c-06f5698ffbd9"},"EventID":"5","Version":"3","Level":"4","Task":"5","Opcode":"0","Keywords":"0x8000000000000000","TimeCreated":{"@SystemTime":"2024-10-21 09:35:03.2630602"},"EventRecordID":"18902","Correlation":null,"Execution":{"@ProcessID":"2948","@ThreadID":"4496"},"Channel":"Microsoft-Windows-Sysmon/Operational","Computer":"Server002","Security":{"@UserID":"S-1-5-18"}},"EventData":{"Data":[{"@Name":"RuleName","#text":"-"},{"@Name":"UtcTime","#text":"2024-10-21 09:35:03.261"},{"@Name":"ProcessGuid","#text":"dbf410b3-2047-6716-9c02-000000003900"},{"@Name":"ProcessId","#text":"4312"},{"@Name":"Image","#text":"C:\\Windows\\System32\\cmd.exe"},{"@Name":"User","#text":"SERVER002\\admin_test"}]}}}
