{"Event":{"System":{"Provider":{"@Name":"Microsoft-Windows-Sysmon","@Guid":"5770385f-c22a-43e0-bf4c-06f5698ffbd9"},"EventID":"1","Version":"5","Level":"4","Task":"1","Opcode":"0","Keywords":"0x8000000000000000","TimeCreated":{"@SystemTime":"2024-10-26 17:32:36.7110808"},"EventRecordID":"18238","Correlation":null,"Execution":{"@ProcessID":"3032","@ThreadID":"3964"},"Channel":"Microsoft-Windows-Sysmon/Operational","Computer":"Server002","Security":{"@UserID":"S-1-5-18"}},"EventData":{"Data":[{"@Name":"RuleName","#text":"-"},{"@Name":"UtcTime","#text":"2024-10-26 17:32:36.709"},{"@Name":"ProcessGuid","#text":"dbf410b3-27b4-671d-4f01-000000003900"},{"@Name":"ProcessId","#text":"1160"},{"@Name":"Image","#text":"C:\\Windows\\System32\\conhost.exe"},{"@Name":"FileVersion","#text":"10.0.19041.4355 (WinBuild.160101.0800)"},{"@Name":"Description","#text":"Console Window Host"},{"@Name":"Product","#text":"Microsoft® Windows® Operating System"},{"@Name":"Company","#text":"Microsoft Corporation"},{"@Name":"OriginalFileName","#text":"CONHOST.EXE"},{"@Name":"CommandLine","#text":"\\??\\C:\\Windows\\system32\\conhost.exe 0xffffffff -ForceV1"},{"@Name":"CurrentDirectory","#text":"C:\\Windows"},{"@Name":"User","#text":"SERVER002\\admin_test"},{"@Name":"LogonGuid","#text":"dbf410b3-278d-671d-0cae-120000000000"},{"@Name":"LogonId","#text":"0x12AE0C"},{"@Name":"TerminalSessionId","#text":"0"},{"@Name":"IntegrityLevel","#text":"High"},{"@Name":"Hashes","#text":"SHA256=CC0A60CD15FA21E54615E46CD0F10CFBE86F496DC64D14B31D9F3B415D120EE1"},{"@Name":"ParentProcessGuid","#text":"dbf410b3-27b4-671d-4e01-000000003900"},{"@Name":"ParentProcessId","#text":"2524"},{"@Name":"ParentImage","#text":"C:\\Windows\\SysWOW64\\taskkill.exe"},{"@Name":"ParentCommandLine","#text":"\"taskkill.exe\" /f /im \"UltraViewer_Service.exe\""},{"@Name":"ParentUser","#text":"SERVER002\\admin_test"}]}}}
{"Event":{"System":{"Provider":{"@Name":"Microsoft-Windows-Sysmon","@Guid":"5770385f-c22a-43e0-bf4c-06f5698ffbd9"},"EventID":"5","Version":"3","Level":"4","Task":"5","Opcode":"0","Keywords":"0x8000000000000000","TimeCreated":{"@SystemTime":"2024-10-26 17:32:36.8025210"},"EventRecordID":"18239","Correlation":null,"Execution":{"@ProcessID":"3032","@ThreadID":"3964"},"Channel":"Microsoft-Windows-Sysmon/Operational","Computer":"Server002","Security":{"@UserID":"S-1-5-18"}},"EventData":{"Data":[{"@Name":"RuleName","#text":"-"},{"@Name":"UtcTime","#text":"2024-10-26 17:32:36.800"},{"@Name":"ProcessGuid","#text":"dbf410b3-27b4-671d-4e01-000000003900"},{"@Name":"ProcessId","#text":"2524"},{"@Name":"Image","#text":"C:\\Windows\\SysWOW64\\taskkill.exe"},{"@Name":"User","#text":"SERVER002\\admin_test"}]}}}
{"Event":{"System":{"Provider":{"@Name":"Microsoft-Windows-Sysmon","@Guid":"5770385f-c22a-43e0-bf4c-06f5698ffbd9"},"EventID":"5","Version":"3","Level":"4","Task":"5","Opcode":"0","Keywords":"0x8000000000000000","TimeCreated":{"@SystemTime":"2024-10-26 17:32:36.8040920"},"EventRecordID":"18240","Correlation":null,"Execution":{"@ProcessID":"3032","@ThreadID":"3964"},"Channel":"Microsoft-Windows-Sysmon/Operational","Computer":"Server002","Security":{"@UserID":"S-1-5-18"}},"EventData":{"Data":[{"@Name":"RuleName","#text":"-"},{"@Name":"UtcTime","#text":"2024-10-26 17:32:36.802"},{"@Name":"ProcessGuid","#text":"dbf410b3-27b4-671d-4f01-000000003900"},{"@Name":"ProcessId","#text":"1160"},{"@Name":"Image","#text":"C:\\Windows\\System32\\conhost.exe"},{"@Name":"User","#text":"SERVER002\\admin_test"}]}}}
{"Event":{"System":{"Provider":{"@Name":"Microsoft-Windows-Sysmon","@Guid":"5770385f-c22a-43e0-bf4c-06f5698ffbd9"},"EventID":"1","Version":"5","Level":"4","Task":"1","Opcode":"0","Keywords":"0x8000000000000000","TimeCreated":{"@SystemTime":"2024-10-26 17:32:36.8079936"},"EventRecordID":"18241","Correlation":null,"Execution":{"@ProcessID":"3032","@ThreadID":"3964"},"Channel":"Microsoft-Windows-Sysmon/Operational","Computer":"Server002","Security":{"@UserID":"S-1-5-18"}},"EventData":{"Data":[{"@Name":"RuleName","#text":"-"},{"@Name":"UtcTime","#text":"2024-10-26 17:32:36.806"},{"@Name":"ProcessGuid","#text":"dbf410b3-27b4-671d-5001-000000003900"},{"@Name":"ProcessId","#text":"4720"},{"@Name":"Image","#text":"C:\\Windows\\SysWOW64\\taskkill.exe"},{"@Name":"FileVersion","#text":"10.0.19041.1 (WinBuild.160101.0800)"},{"@Name":"Description","#text":"Terminates Processes"},{"@Name":"Product","#text":"Microsoft® Windows® Operating System"},{"@Name":"Company","#text":"Microsoft Corporation"},{"@Name":"OriginalFileName","#text":"taskkill.exe"},{"@Name":"CommandLine","#text":"\"taskkill.exe\" /f /im \"UltraViewer_Desktop.exe\""},{"@Name":"CurrentDirectory","#text":"C:\\Windows\\system32\\"},{"@Name":"User","#text":"SERVER002\\admin_test"},{"@Name":"LogonGuid","#text":"dbf410b3-278d-671d-0cae-120000000000"},{"@Name":"LogonId","#text":"0x12AE0C"},{"@Name":"TerminalSessionId","#text":"0"},{"@Name":"IntegrityLevel","#text":"High"},{"@Name":"Hashes","#text":"SHA256=4E664B35E8DE6C6B38E3231DFAF00744435FFB806E00355FECE1E0CC1D2121C1"},{"@Name":"ParentProcessGuid","#text":"dbf410b3-27a9-671d-d800-000000003900"},{"@Name":"ParentProcessId","#text":"6524"},{"@Name":"ParentImage","#text":"C:\\Users\\ADMIN_~1\\AppData\\Local\\Temp\\is-ETQNB.tmp\\T1219_UltraViewer.tmp"},{"@Name":"ParentCommandLine","#text":"\"C:\\Users\\ADMIN_~1\\AppData\\Local\\Temp\\is-ETQNB.tmp\\T1219_UltraViewer.tmp\" /SL5=\"$F007E,3233452,121344,C:\\Users\\ADMIN_~1\\AppData\\Local\\Temp\\ExternalPayloads\\T1219_UltraViewer.exe\" /silent "},{"@Name":"ParentUser","#text":"SERVER002\\admin_test"}]}}}
{"Event":{"System":{"Provider":{"@Name":"Microsoft-Windows-Sysmon","@Guid":"5770385f-c22a-43e0-bf4c-06f5698ffbd9"},"EventID":"1","Version":"5","Level":"4","Task":"1","Opcode":"0","Keywords":"0x8000000000000000","TimeCreated":{"@SystemTime":"2024-10-26 17:32:36.8137340"},"EventRecordID":"18242","Correlation":null,"Execution":{"@ProcessID":"3032","@ThreadID":"3964"},"Channel":"Microsoft-Windows-Sysmon/Operational","Computer":"Server002","Security":{"@UserID":"S-1-5-18"}},"EventData":{"Data":[{"@Name":"RuleName","#text":"-"},{"@Name":"UtcTime","#text":"2024-10-26 17:32:36.811"},{"@Name":"ProcessGuid","#text":"dbf410b3-27b4-671d-5101-000000003900"},{"@Name":"ProcessId","#text":"5860"},{"@Name":"Image","#text":"C:\\Windows\\System32\\conhost.exe"},{"@Name":"FileVersion","#text":"10.0.19041.4355 (WinBuild.160101.0800)"},{"@Name":"Description","#text":"Console Window Host"},{"@Name":"Product","#text":"Microsoft® Windows® Operating System"},{"@Name":"Company","#text":"Microsoft Corporation"},{"@Name":"OriginalFileName","#text":"CONHOST.EXE"},{"@Name":"CommandLine","#text":"\\??\\C:\\Windows\\system32\\conhost.exe 0xffffffff -ForceV1"},{"@Name":"CurrentDirectory","#text":"C:\\Windows"},{"@Name":"User","#text":"SERVER002\\admin_test"},{"@Name":"LogonGuid","#text":"dbf410b3-278d-671d-0cae-120000000000"},{"@Name":"LogonId","#text":"0x12AE0C"},{"@Name":"TerminalSessionId","#text":"0"},{"@Name":"IntegrityLevel","#text":"High"},{"@Name":"Hashes","#text":"SHA256=CC0A60CD15FA21E54615E46CD0F10CFBE86F496DC64D14B31D9F3B415D120EE1"},{"@Name":"ParentProcessGuid","#text":"dbf410b3-27b4-671d-5001-000000003900"},{"@Name":"ParentProcessId","#text":"4720"},{"@Name":"ParentImage","#text":"C:\\Windows\\SysWOW64\\taskkill.exe"},{"@Name":"ParentCommandLine","#text":"\"taskkill.exe\" /f /im \"UltraViewer_Desktop.exe\""},{"@Name":"ParentUser","#text":"SERVER002\\admin_test"}]}}}
{"Event":{"System":{"Provider":{"@Name":"Microsoft-Windows-Sysmon","@Guid":"5770385f-c22a-43e0-bf4c-06f5698ffbd9"},"EventID":"5","Version":"3","Level":"4","Task":"5","Opcode":"0","Keywords":"0x8000000000000000","TimeCreated":{"@SystemTime":"2024-10-26 17:32:36.9041732"},"EventRecordID":"18243","Correlation":null,"Execution":{"@ProcessID":"3032","@ThreadID":"3964"},"Channel":"Microsoft-Windows-Sysmon/Operational","Computer":"Server002","Security":{"@UserID":"S-1-5-18"}},"EventData":{"Data":[{"@Name":"RuleName","#text":"-"},{"@Name":"UtcTime","#text":"2024-10-26 17:32:36.902"},{"@Name":"ProcessGuid","#text":"dbf410b3-27b4-671d-5001-000000003900"},{"@Name":"ProcessId","#text":"4720"},{"@Name":"Image","#text":"C:\\Windows\\SysWOW64\\taskkill.exe"},{"@Name":"User","#text":"SERVER002\\admin_test"}]}}}
{"Event":{"System":{"Provider":{"@Name":"Microsoft-Windows-Sysmon","@Guid":"5770385f-c22a-43e0-bf4c-06f5698ffbd9"},"EventID":"5","Version":"3","Level":"4","Task":"5","Opcode":"0","Keywords":"0x8000000000000000","TimeCreated":{"@SystemTime":"2024-10-26 17:32:36.9061808"},"EventRecordID":"18244","Correlation":null,"Execution":{"@ProcessID":"3032","@ThreadID":"3964"},"Channel":"Microsoft-Windows-Sysmon/Operational","Computer":"Server002","Security":{"@UserID":"S-1-5-18"}},"EventData":{"Data":[{"@Name":"RuleName","#text":"-"},{"@Name":"UtcTime","#text":"2024-10-26 17:32:36.904"},{"@Name":"ProcessGuid","#text":"dbf410b3-27b4-671d-5101-000000003900"},{"@Name":"ProcessId","#text":"5860"},{"@Name":"Image","#text":"C:\\Windows\\System32\\conhost.exe"},{"@Name":"User","#text":"SERVER002\\admin_test"}]}}}
{"Event":{"System":{"Provider":{"@Name":"Microsoft-Windows-Sysmon","@Guid":"5770385f-c22a-43e0-bf4c-06f5698ffbd9"},"EventID":"1","Version":"5","Level":"4","Task":"1","Opcode":"0","Keywords":"0x8000000000000000","TimeCreated":{"@SystemTime":"2024-10-26 17:32:36.9096615"},"EventRecordID":"18245","Correlation":null,"Execution":{"@ProcessID":"3032","@ThreadID":"3964"},"Channel":"Microsoft-Windows-Sysmon/Operational","Computer":"Server002","Security":{"@UserID":"S-1-5-18"}},"EventData":{"Data":[{"@Name":"RuleName","#text":"-"},{"@Name":"UtcTime","#text":"2024-10-26 17:32:36.907"},{"@Name":"ProcessGuid","#text":"dbf410b3-27b4-671d-5201-000000003900"},{"@Name":"ProcessId","#text":"2776"},{"@Name":"Image","#text":"C:\\Windows\\SysWOW64\\taskkill.exe"},{"@Name":"FileVersion","#text":"10.0.19041.1 (WinBuild.160101.0800)"},{"@Name":"Description","#text":"Terminates Processes"},{"@Name":"Product","#text":"Microsoft® Windows® Operating System"},{"@Name":"Company","#text":"Microsoft Corporation"},{"@Name":"OriginalFileName","#text":"taskkill.exe"},{"@Name":"CommandLine","#text":"\"taskkill.exe\" /f /im \"UltraViewer_Service.exe\""},{"@Name":"CurrentDirectory","#text":"C:\\Windows\\system32\\"},{"@Name":"User","#text":"SERVER002\\admin_test"},{"@Name":"LogonGuid","#text":"dbf410b3-278d-671d-0cae-120000000000"},{"@Name":"LogonId","#text":"0x12AE0C"},{"@Name":"TerminalSessionId","#text":"0"},{"@Name":"IntegrityLevel","#text":"High"},{"@Name":"Hashes","#text":"SHA256=4E664B35E8DE6C6B38E3231DFAF00744435FFB806E00355FECE1E0CC1D2121C1"},{"@Name":"ParentProcessGuid","#text":"dbf410b3-27a9-671d-d800-000000003900"},{"@Name":"ParentProcessId","#text":"6524"},{"@Name":"ParentImage","#text":"C:\\Users\\ADMIN_~1\\AppData\\Local\\Temp\\is-ETQNB.tmp\\T1219_UltraViewer.tmp"},{"@Name":"ParentCommandLine","#text":"\"C:\\Users\\ADMIN_~1\\AppData\\Local\\Temp\\is-ETQNB.tmp\\T1219_UltraViewer.tmp\" /SL5=\"$F007E,3233452,121344,C:\\Users\\ADMIN_~1\\AppData\\Local\\Temp\\ExternalPayloads\\T1219_UltraViewer.exe\" /silent "},{"@Name":"ParentUser","#text":"SERVER002\\admin_test"}]}}}
{"Event":{"System":{"Provider":{"@Name":"Microsoft-Windows-Sysmon","@Guid":"5770385f-c22a-43e0-bf4c-06f5698ffbd9"},"EventID":"1","Version":"5","Level":"4","Task":"1","Opcode":"0","Keywords":"0x8000000000000000","TimeCreated":{"@SystemTime":"2024-10-26 17:32:36.9142819"},"EventRecordID":"18246","Correlation":null,"Execution":{"@ProcessID":"3032","@ThreadID":"3964"},"Channel":"Microsoft-Windows-Sysmon/Operational","Computer":"Server002","Security":{"@UserID":"S-1-5-18"}},"EventData":{"Data":[{"@Name":"RuleName","#text":"-"},{"@Name":"UtcTime","#text":"2024-10-26 17:32:36.912"},{"@Name":"ProcessGuid","#text":"dbf410b3-27b4-671d-5301-000000003900"},{"@Name":"ProcessId","#text":"4676"},{"@Name":"Image","#text":"C:\\Windows\\System32\\conhost.exe"},{"@Name":"FileVersion","#text":"10.0.19041.4355 (WinBuild.160101.0800)"},{"@Name":"Description","#text":"Console Window Host"},{"@Name":"Product","#text":"Microsoft® Windows® Operating System"},{"@Name":"Company","#text":"Microsoft Corporation"},{"@Name":"OriginalFileName","#text":"CONHOST.EXE"},{"@Name":"CommandLine","#text":"\\??\\C:\\Windows\\system32\\conhost.exe 0xffffffff -ForceV1"},{"@Name":"CurrentDirectory","#text":"C:\\Windows"},{"@Name":"User","#text":"SERVER002\\admin_test"},{"@Name":"LogonGuid","#text":"dbf410b3-278d-671d-0cae-120000000000"},{"@Name":"LogonId","#text":"0x12AE0C"},{"@Name":"TerminalSessionId","#text":"0"},{"@Name":"IntegrityLevel","#text":"High"},{"@Name":"Hashes","#text":"SHA256=CC0A60CD15FA21E54615E46CD0F10CFBE86F496DC64D14B31D9F3B415D120EE1"},{"@Name":"ParentProcessGuid","#text":"dbf410b3-27b4-671d-5201-000000003900"},{"@Name":"ParentProcessId","#text":"2776"},{"@Name":"ParentImage","#text":"C:\\Windows\\SysWOW64\\taskkill.exe"},{"@Name":"ParentCommandLine","#text":"\"taskkill.exe\" /f /im \"UltraViewer_Service.exe\""},{"@Name":"ParentUser","#text":"SERVER002\\admin_test"}]}}}
{"Event":{"System":{"Provider":{"@Name":"Microsoft-Windows-Sysmon","@Guid":"5770385f-c22a-43e0-bf4c-06f5698ffbd9"},"EventID":"5","Version":"3","Level":"4","Task":"5","Opcode":"0","Keywords":"0x8000000000000000","TimeCreated":{"@SystemTime":"2024-10-26 17:32:37.0013971"},"EventRecordID":"18247","Correlation":null,"Execution":{"@ProcessID":"3032","@ThreadID":"3964"},"Channel":"Microsoft-Windows-Sysmon/Operational","Computer":"Server002","Security":{"@UserID":"S-1-5-18"}},"EventData":{"Data":[{"@Name":"RuleName","#text":"-"},{"@Name":"UtcTime","#text":"2024-10-26 17:32:36.996"},{"@Name":"ProcessGuid","#text":"dbf410b3-27b4-671d-5201-000000003900"},{"@Name":"ProcessId","#text":"2776"},{"@Name":"Image","#text":"C:\\Windows\\SysWOW64\\taskkill.exe"},{"@Name":"User","#text":"SERVER002\\admin_test"}]}}}
{"Event":{"System":{"Provider":{"@Name":"Microsoft-Windows-Sysmon","@Guid":"5770385f-c22a-43e0-bf4c-06f5698ffbd9"},"EventID":"5","Version":"3","Level":"4","Task":"5","Opcode":"0","Keywords":"0x8000000000000000","TimeCreated":{"@SystemTime":"2024-10-26 17:32:37.0034052"},"EventRecordID":"18248","Correlation":null,"Execution":{"@ProcessID":"3032","@ThreadID":"3964"},"Channel":"Microsoft-Windows-Sysmon/Operational","Computer":"Server002","Security":{"@UserID":"S-1-5-18"}},"EventData":{"Data":[{"@Name":"RuleName","#text":"-"},{"@Name":"UtcTime","#text":"2024-10-26 17:32:37.001"},{"@Name":"ProcessGuid","#text":"dbf410b3-27b4-671d-5301-000000003900"},{"@Name":"ProcessId","#text":"4676"},{"@Name":"Image","#text":"C:\\Windows\\System32\\conhost.exe"},{"@Name":"User","#text":"SERVER002\\admin_test"}]}}}
{"Event":{"System":{"Provider":{"@Name":"Microsoft-Windows-Sysmon","@Guid":"5770385f-c22a-43e0-bf4c-06f5698ffbd9"},"EventID":"1","Version":"5","Level":"4","Task":"1","Opcode":"0","Keywords":"0x8000000000000000","TimeCreated":{"@SystemTime":"2024-10-26 17:32:37.0119907"},"EventRecordID":"18249","Correlation":null,"Execution":{"@ProcessID":"3032","@ThreadID":"3964"},"Channel":"Microsoft-Windows-Sysmon/Operational","Computer":"Server002","Security":{"@UserID":"S-1-5-18"}},"EventData":{"Data":[{"@Name":"RuleName","#text":"-"},{"@Name":"UtcTime","#text":"2024-10-26 17:32:37.009"},{"@Name":"ProcessGuid","#text":"dbf410b3-27b5-671d-5401-000000003900"},{"@Name":"ProcessId","#text":"3388"},{"@Name":"Image","#text":"C:\\Windows\\SysWOW64\\taskkill.exe"},{"@Name":"FileVersion","#text":"10.0.19041.1 (WinBuild.160101.0800)"},{"@Name":"Description","#text":"Terminates Processes"},{"@Name":"Product","#text":"Microsoft® Windows® Operating System"},{"@Name":"Company","#text":"Microsoft Corporation"},{"@Name":"OriginalFileName","#text":"taskkill.exe"},{"@Name":"CommandLine","#text":"\"taskkill.exe\" /f /im \"UltraViewer_Desktop.exe\""},{"@Name":"CurrentDirectory","#text":"C:\\Windows\\system32\\"},{"@Name":"User","#text":"SERVER002\\admin_test"},{"@Name":"LogonGuid","#text":"dbf410b3-278d-671d-0cae-120000000000"},{"@Name":"LogonId","#text":"0x12AE0C"},{"@Name":"TerminalSessionId","#text":"0"},{"@Name":"IntegrityLevel","#text":"High"},{"@Name":"Hashes","#text":"SHA256=4E664B35E8DE6C6B38E3231DFAF00744435FFB806E00355FECE1E0CC1D2121C1"},{"@Name":"ParentProcessGuid","#text":"dbf410b3-27a9-671d-d800-000000003900"},{"@Name":"ParentProcessId","#text":"6524"},{"@Name":"ParentImage","#text":"C:\\Users\\ADMIN_~1\\AppData\\Local\\Temp\\is-ETQNB.tmp\\T1219_UltraViewer.tmp"},{"@Name":"ParentCommandLine","#text":"\"C:\\Users\\ADMIN_~1\\AppData\\Local\\Temp\\is-ETQNB.tmp\\T1219_UltraViewer.tmp\" /SL5=\"$F007E,3233452,121344,C:\\Users\\ADMIN_~1\\AppData\\Local\\Temp\\ExternalPayloads\\T1219_UltraViewer.exe\" /silent "},{"@Name":"ParentUser","#text":"SERVER002\\admin_test"}]}}}
{"Event":{"System":{"Provider":{"@Name":"Microsoft-Windows-Sysmon","@Guid":"5770385f-c22a-43e0-bf4c-06f5698ffbd9"},"EventID":"1","Version":"5","Level":"4","Task":"1","Opcode":"0","Keywords":"0x8000000000000000","TimeCreated":{"@SystemTime":"2024-10-26 17:32:37.0173709"},"EventRecordID":"18250","Correlation":null,"Execution":{"@ProcessID":"3032","@ThreadID":"3964"},"Channel":"Microsoft-Windows-Sysmon/Operational","Computer":"Server002","Security":{"@UserID":"S-1-5-18"}},"EventData":{"Data":[{"@Name":"RuleName","#text":"-"},{"@Name":"UtcTime","#text":"2024-10-26 17:32:37.015"},{"@Name":"ProcessGuid","#text":"dbf410b3-27b5-671d-5501-000000003900"},{"@Name":"ProcessId","#text":"3124"},{"@Name":"Image","#text":"C:\\Windows\\System32\\conhost.exe"},{"@Name":"FileVersion","#text":"10.0.19041.4355 (WinBuild.160101.0800)"},{"@Name":"Description","#text":"Console Window Host"},{"@Name":"Product","#text":"Microsoft® Windows® Operating System"},{"@Name":"Company","#text":"Microsoft Corporation"},{"@Name":"OriginalFileName","#text":"CONHOST.EXE"},{"@Name":"CommandLine","#text":"\\??\\C:\\Windows\\system32\\conhost.exe 0xffffffff -ForceV1"},{"@Name":"CurrentDirectory","#text":"C:\\Windows"},{"@Name":"User","#text":"SERVER002\\admin_test"},{"@Name":"LogonGuid","#text":"dbf410b3-278d-671d-0cae-120000000000"},{"@Name":"LogonId","#text":"0x12AE0C"},{"@Name":"TerminalSessionId","#text":"0"},{"@Name":"IntegrityLevel","#text":"High"},{"@Name":"Hashes","#text":"SHA256=CC0A60CD15FA21E54615E46CD0F10CFBE86F496DC64D14B31D9F3B415D120EE1"},{"@Name":"ParentProcessGuid","#text":"dbf410b3-27b5-671d-5401-000000003900"},{"@Name":"ParentProcessId","#text":"3388"},{"@Name":"ParentImage","#text":"C:\\Windows\\SysWOW64\\taskkill.exe"},{"@Name":"ParentCommandLine","#text":"\"taskkill.exe\" /f /im \"UltraViewer_Desktop.exe\""},{"@Name":"ParentUser","#text":"SERVER002\\admin_test"}]}}}
{"Event":{"System":{"Provider":{"@Name":"Microsoft-Windows-Sysmon","@Guid":"5770385f-c22a-43e0-bf4c-06f5698ffbd9"},"EventID":"5","Version":"3","Level":"4","Task":"5","Opcode":"0","Keywords":"0x8000000000000000","TimeCreated":{"@SystemTime":"2024-10-26 17:32:37.1030611"},"EventRecordID":"18251","Correlation":null,"Execution":{"@ProcessID":"3032","@ThreadID":"3964"},"Channel":"Microsoft-Windows-Sysmon/Operational","Computer":"Server002","Security":{"@UserID":"S-1-5-18"}},"EventData":{"Data":[{"@Name":"RuleName","#text":"-"},{"@Name":"UtcTime","#text":"2024-10-26 17:32:37.098"},{"@Name":"ProcessGuid","#text":"dbf410b3-27b5-671d-5401-000000003900"},{"@Name":"ProcessId","#text":"3388"},{"@Name":"Image","#text":"C:\\Windows\\SysWOW64\\taskkill.exe"},{"@Name":"User","#text":"SERVER002\\admin_test"}]}}}
{"Event":{"System":{"Provider":{"@Name":"Microsoft-Windows-Sysmon","@Guid":"5770385f-c22a-43e0-bf4c-06f5698ffbd9"},"EventID":"5","Version":"3","Level":"4","Task":"5","Opcode":"0","Keywords":"0x8000000000000000","TimeCreated":{"@SystemTime":"2024-10-26 17:32:37.1047551"},"EventRecordID":"18252","Correlation":null,"Execution":{"@ProcessID":"3032","@ThreadID":"3964"},"Channel":"Microsoft-Windows-Sysmon/Operational","Computer":"Server002","Security":{"@UserID":"S-1-5-18"}},"EventData":{"Data":[{"@Name":"RuleName","#text":"-"},{"@Name":"UtcTime","#text":"2024-10-26 17:32:37.103"},{"@Name":"ProcessGuid","#text":"dbf410b3-27b5-671d-5501-000000003900"},{"@Name":"ProcessId","#text":"3124"},{"@Name":"Image","#text":"C:\\Windows\\System32\\conhost.exe"},{"@Name":"User","#text":"SERVER002\\admin_test"}]}}}
{"Event":{"System":{"Provider":{"@Name":"Microsoft-Windows-Sysmon","@Guid":"5770385f-c22a-43e0-bf4c-06f5698ffbd9"},"EventID":"1","Version":"5","Level":"4","Task":"1","Opcode":"0","Keywords":"0x8000000000000000","TimeCreated":{"@SystemTime":"2024-10-26 17:32:37.1095103"},"EventRecordID":"18253","Correlation":null,"Execution":{"@ProcessID":"3032","@ThreadID":"3964"},"Channel":"Microsoft-Windows-Sysmon/Operational","Computer":"Server002","Security":{"@UserID":"S-1-5-18"}},"EventData":{"Data":[{"@Name":"RuleName","#text":"-"},{"@Name":"UtcTime","#text":"2024-10-26 17:32:37.107"},{"@Name":"ProcessGuid","#text":"dbf410b3-27b5-671d-5601-000000003900"},{"@Name":"ProcessId","#text":"7156"},{"@Name":"Image","#text":"C:\\Windows\\SysWOW64\\taskkill.exe"},{"@Name":"FileVersion","#text":"10.0.19041.1 (WinBuild.160101.0800)"},{"@Name":"Description","#text":"Terminates Processes"},{"@Name":"Product","#text":"Microsoft® Windows® Operating System"},{"@Name":"Company","#text":"Microsoft Corporation"},{"@Name":"OriginalFileName","#text":"taskkill.exe"},{"@Name":"CommandLine","#text":"\"taskkill.exe\" /f /im \"UltraViewer_Service.exe\""},{"@Name":"CurrentDirectory","#text":"C:\\Windows\\system32\\"},{"@Name":"User","#text":"SERVER002\\admin_test"},{"@Name":"LogonGuid","#text":"dbf410b3-278d-671d-0cae-120000000000"},{"@Name":"LogonId","#text":"0x12AE0C"},{"@Name":"TerminalSessionId","#text":"0"},{"@Name":"IntegrityLevel","#text":"High"},{"@Name":"Hashes","#text":"SHA256=4E664B35E8DE6C6B38E3231DFAF00744435FFB806E00355FECE1E0CC1D2121C1"},{"@Name":"ParentProcessGuid","#text":"dbf410b3-27a9-671d-d800-000000003900"},{"@Name":"ParentProcessId","#text":"6524"},{"@Name":"ParentImage","#text":"C:\\Users\\ADMIN_~1\\AppData\\Local\\Temp\\is-ETQNB.tmp\\T1219_UltraViewer.tmp"},{"@Name":"ParentCommandLine","#text":"\"C:\\Users\\ADMIN_~1\\AppData\\Local\\Temp\\is-ETQNB.tmp\\T1219_UltraViewer.tmp\" /SL5=\"$F007E,3233452,121344,C:\\Users\\ADMIN_~1\\AppData\\Local\\Temp\\ExternalPayloads\\T1219_UltraViewer.exe\" /silent "},{"@Name":"ParentUser","#text":"SERVER002\\admin_test"}]}}}
{"Event":{"System":{"Provider":{"@Name":"Microsoft-Windows-Sysmon","@Guid":"5770385f-c22a-43e0-bf4c-06f5698ffbd9"},"EventID":"1","Version":"5","Level":"4","Task":"1","Opcode":"0","Keywords":"0x8000000000000000","TimeCreated":{"@SystemTime":"2024-10-26 17:32:37.1142522"},"EventRecordID":"18254","Correlation":null,"Execution":{"@ProcessID":"3032","@ThreadID":"3964"},"Channel":"Microsoft-Windows-Sysmon/Operational","Computer":"Server002","Security":{"@UserID":"S-1-5-18"}},"EventData":{"Data":[{"@Name":"RuleName","#text":"-"},{"@Name":"UtcTime","#text":"2024-10-26 17:32:37.111"},{"@Name":"ProcessGuid","#text":"dbf410b3-27b5-671d-5701-000000003900"},{"@Name":"ProcessId","#text":"172"},{"@Name":"Image","#text":"C:\\Windows\\System32\\conhost.exe"},{"@Name":"FileVersion","#text":"10.0.19041.4355 (WinBuild.160101.0800)"},{"@Name":"Description","#text":"Console Window Host"},{"@Name":"Product","#text":"Microsoft® Windows® Operating System"},{"@Name":"Company","#text":"Microsoft Corporation"},{"@Name":"OriginalFileName","#text":"CONHOST.EXE"},{"@Name":"CommandLine","#text":"\\??\\C:\\Windows\\system32\\conhost.exe 0xffffffff -ForceV1"},{"@Name":"CurrentDirectory","#text":"C:\\Windows"},{"@Name":"User","#text":"SERVER002\\admin_test"},{"@Name":"LogonGuid","#text":"dbf410b3-278d-671d-0cae-120000000000"},{"@Name":"LogonId","#text":"0x12AE0C"},{"@Name":"TerminalSessionId","#text":"0"},{"@Name":"IntegrityLevel","#text":"High"},{"@Name":"Hashes","#text":"SHA256=CC0A60CD15FA21E54615E46CD0F10CFBE86F496DC64D14B31D9F3B415D120EE1"},{"@Name":"ParentProcessGuid","#text":"dbf410b3-27b5-671d-5601-000000003900"},{"@Name":"ParentProcessId","#text":"7156"},{"@Name":"ParentImage","#text":"C:\\Windows\\SysWOW64\\taskkill.exe"},{"@Name":"ParentCommandLine","#text":"\"taskkill.exe\" /f /im \"UltraViewer_Service.exe\""},{"@Name":"ParentUser","#text":"SERVER002\\admin_test"}]}}}
{"Event":{"System":{"Provider":{"@Name":"Microsoft-Windows-Sysmon","@Guid":"5770385f-c22a-43e0-bf4c-06f5698ffbd9"},"EventID":"5","Version":"3","Level":"4","Task":"5","Opcode":"0","Keywords":"0x8000000000000000","TimeCreated":{"@SystemTime":"2024-10-26 17:32:37.2047000"},"EventRecordID":"18255","Correlation":null,"Execution":{"@ProcessID":"3032","@ThreadID":"3964"},"Channel":"Microsoft-Windows-Sysmon/Operational","Computer":"Server002","Security":{"@UserID":"S-1-5-18"}},"EventData":{"Data":[{"@Name":"RuleName","#text":"-"},{"@Name":"UtcTime","#text":"2024-10-26 17:32:37.201"},{"@Name":"ProcessGuid","#text":"dbf410b3-27b5-671d-5601-000000003900"},{"@Name":"ProcessId","#text":"7156"},{"@Name":"Image","#text":"C:\\Windows\\SysWOW64\\taskkill.exe"},{"@Name":"User","#text":"SERVER002\\admin_test"}]}}}
{"Event":{"System":{"Provider":{"@Name":"Microsoft-Windows-Sysmon","@Guid":"5770385f-c22a-43e0-bf4c-06f5698ffbd9"},"EventID":"5","Version":"3","Level":"4","Task":"5","Opcode":"0","Keywords":"0x8000000000000000","TimeCreated":{"@SystemTime":"2024-10-26 17:32:37.2083814"},"EventRecordID":"18256","Correlation":null,"Execution":{"@ProcessID":"3032","@ThreadID":"3964"},"Channel":"Microsoft-Windows-Sysmon/Operational","Computer":"Server002","Security":{"@UserID":"S-1-5-18"}},"EventData":{"Data":[{"@Name":"RuleName","#text":"-"},{"@Name":"UtcTime","#text":"2024-10-26 17:32:37.205"},{"@Name":"ProcessGuid","#text":"dbf410b3-27b5-671d-5701-000000003900"},{"@Name":"ProcessId","#text":"172"},{"@Name":"Image","#text":"C:\\Windows\\System32\\conhost.exe"},{"@Name":"User","#text":"SERVER002\\admin_test"}]}}}
{"Event":{"System":{"Provider":{"@Name":"Microsoft-Windows-Sysmon","@Guid":"5770385f-c22a-43e0-bf4c-06f5698ffbd9"},"EventID":"1","Version":"5","Level":"4","Task":"1","Opcode":"0","Keywords":"0x8000000000000000","TimeCreated":{"@SystemTime":"2024-10-26 17:32:37.2152279"},"EventRecordID":"18257","Correlation":null,"Execution":{"@ProcessID":"3032","@ThreadID":"3964"},"Channel":"Microsoft-Windows-Sysmon/Operational","Computer":"Server002","Security":{"@UserID":"S-1-5-18"}},"EventData":{"Data":[{"@Name":"RuleName","#text":"-"},{"@Name":"UtcTime","#text":"2024-10-26 17:32:37.212"},{"@Name":"ProcessGuid","#text":"dbf410b3-27b5-671d-5801-000000003900"},{"@Name":"ProcessId","#text":"4540"},{"@Name":"Image","#text":"C:\\Windows\\SysWOW64\\taskkill.exe"},{"@Name":"FileVersion","#text":"10.0.19041.1 (WinBuild.160101.0800)"},{"@Name":"Description","#text":"Terminates Processes"},{"@Name":"Product","#text":"Microsoft® Windows® Operating System"},{"@Name":"Company","#text":"Microsoft Corporation"},{"@Name":"OriginalFileName","#text":"taskkill.exe"},{"@Name":"CommandLine","#text":"\"taskkill.exe\" /f /im \"UltraViewer_Desktop.exe\""},{"@Name":"CurrentDirectory","#text":"C:\\Windows\\system32\\"},{"@Name":"User","#text":"SERVER002\\admin_test"},{"@Name":"LogonGuid","#text":"dbf410b3-278d-671d-0cae-120000000000"},{"@Name":"LogonId","#text":"0x12AE0C"},{"@Name":"TerminalSessionId","#text":"0"},{"@Name":"IntegrityLevel","#text":"High"},{"@Name":"Hashes","#text":"SHA256=4E664B35E8DE6C6B38E3231DFAF00744435FFB806E00355FECE1E0CC1D2121C1"},{"@Name":"ParentProcessGuid","#text":"dbf410b3-27a9-671d-d800-000000003900"},{"@Name":"ParentProcessId","#text":"6524"},{"@Name":"ParentImage","#text":"C:\\Users\\ADMIN_~1\\AppData\\Local\\Temp\\is-ETQNB.tmp\\T1219_UltraViewer.tmp"},{"@Name":"ParentCommandLine","#text":"\"C:\\Users\\ADMIN_~1\\AppData\\Local\\Temp\\is-ETQNB.tmp\\T1219_UltraViewer.tmp\" /SL5=\"$F007E,3233452,121344,C:\\Users\\ADMIN_~1\\AppData\\Local\\Temp\\ExternalPayloads\\T1219_UltraViewer.exe\" /silent "},{"@Name":"ParentUser","#text":"SERVER002\\admin_test"}]}}}
{"Event":{"System":{"Provider":{"@Name":"Microsoft-Windows-Sysmon","@Guid":"5770385f-c22a-43e0-bf4c-06f5698ffbd9"},"EventID":"1","Version":"5","Level":"4","Task":"1","Opcode":"0","Keywords":"0x8000000000000000","TimeCreated":{"@SystemTime":"2024-10-26 17:32:37.2202956"},"EventRecordID":"18258","Correlation":null,"Execution":{"@ProcessID":"3032","@ThreadID":"3964"},"Channel":"Microsoft-Windows-Sysmon/Operational","Computer":"Server002","Security":{"@UserID":"S-1-5-18"}},"EventData":{"Data":[{"@Name":"RuleName","#text":"-"},{"@Name":"UtcTime","#text":"2024-10-26 17:32:37.217"},{"@Name":"ProcessGuid","#text":"dbf410b3-27b5-671d-5901-000000003900"},{"@Name":"ProcessId","#text":"4564"},{"@Name":"Image","#text":"C:\\Windows\\System32\\conhost.exe"},{"@Name":"FileVersion","#text":"10.0.19041.4355 (WinBuild.160101.0800)"},{"@Name":"Description","#text":"Console Window Host"},{"@Name":"Product","#text":"Microsoft® Windows® Operating System"},{"@Name":"Company","#text":"Microsoft Corporation"},{"@Name":"OriginalFileName","#text":"CONHOST.EXE"},{"@Name":"CommandLine","#text":"\\??\\C:\\Windows\\system32\\conhost.exe 0xffffffff -ForceV1"},{"@Name":"CurrentDirectory","#text":"C:\\Windows"},{"@Name":"User","#text":"SERVER002\\admin_test"},{"@Name":"LogonGuid","#text":"dbf410b3-278d-671d-0cae-120000000000"},{"@Name":"LogonId","#text":"0x12AE0C"},{"@Name":"TerminalSessionId","#text":"0"},{"@Name":"IntegrityLevel","#text":"High"},{"@Name":"Hashes","#text":"SHA256=CC0A60CD15FA21E54615E46CD0F10CFBE86F496DC64D14B31D9F3B415D120EE1"},{"@Name":"ParentProcessGuid","#text":"dbf410b3-27b5-671d-5801-000000003900"},{"@Name":"ParentProcessId","#text":"4540"},{"@Name":"ParentImage","#text":"C:\\Windows\\SysWOW64\\taskkill.exe"},{"@Name":"ParentCommandLine","#text":"\"taskkill.exe\" /f /im \"UltraViewer_Desktop.exe\""},{"@Name":"ParentUser","#text":"SERVER002\\admin_test"}]}}}
{"Event":{"System":{"Provider":{"@Name":"Microsoft-Windows-Sysmon","@Guid":"5770385f-c22a-43e0-bf4c-06f5698ffbd9"},"EventID":"5","Version":"3","Level":"4","Task":"5","Opcode":"0","Keywords":"0x8000000000000000","TimeCreated":{"@SystemTime":"2024-10-26 17:32:37.3087354"},"EventRecordID":"18259","Correlation":null,"Execution":{"@ProcessID":"3032","@ThreadID":"3964"},"Channel":"Microsoft-Windows-Sysmon/Operational","Computer":"Server002","Security":{"@UserID":"S-1-5-18"}},"EventData":{"Data":[{"@Name":"RuleName","#text":"-"},{"@Name":"UtcTime","#text":"2024-10-26 17:32:37.304"},{"@Name":"ProcessGuid","#text":"dbf410b3-27b5-671d-5801-000000003900"},{"@Name":"ProcessId","#text":"4540"},{"@Name":"Image","#text":"C:\\Windows\\SysWOW64\\taskkill.exe"},{"@Name":"User","#text":"SERVER002\\admin_test"}]}}}
{"Event":{"System":{"Provider":{"@Name":"Microsoft-Windows-Sysmon","@Guid":"5770385f-c22a-43e0-bf4c-06f5698ffbd9"},"EventID":"5","Version":"3","Level":"4","Task":"5","Opcode":"0","Keywords":"0x8000000000000000","TimeCreated":{"@SystemTime":"2024-10-26 17:32:37.3106006"},"EventRecordID":"18260","Correlation":null,"Execution":{"@ProcessID":"3032","@ThreadID":"3964"},"Channel":"Microsoft-Windows-Sysmon/Operational","Computer":"Server002","Security":{"@UserID":"S-1-5-18"}},"EventData":{"Data":[{"@Name":"RuleName","#text":"-"},{"@Name":"UtcTime","#text":"2024-10-26 17:32:37.304"},{"@Name":"ProcessGuid","#text":"dbf410b3-27b5-671d-5901-000000003900"},{"@Name":"ProcessId","#text":"4564"},{"@Name":"Image","#text":"C:\\Windows\\System32\\conhost.exe"},{"@Name":"User","#text":"SERVER002\\admin_test"}]}}}
{"Event":{"System":{"Provider":{"@Name":"Microsoft-Windows-Sysmon","@Guid":"5770385f-c22a-43e0-bf4c-06f5698ffbd9"},"EventID":"1","Version":"5","Level":"4","Task":"1","Opcode":"0","Keywords":"0x8000000000000000","TimeCreated":{"@SystemTime":"2024-10-26 17:32:37.3137493"},"EventRecordID":"18261","Correlation":null,"Execution":{"@ProcessID":"3032","@ThreadID":"3964"},"Channel":"Microsoft-Windows-Sysmon/Operational","Computer":"Server002","Security":{"@UserID":"S-1-5-18"}},"EventData":{"Data":[{"@Name":"RuleName","#text":"-"},{"@Name":"UtcTime","#text":"2024-10-26 17:32:37.311"},{"@Name":"ProcessGuid","#text":"dbf410b3-27b5-671d-5a01-000000003900"},{"@Name":"ProcessId","#text":"2188"},{"@Name":"Image","#text":"C:\\Windows\\SysWOW64\\taskkill.exe"},{"@Name":"FileVersion","#text":"10.0.19041.1 (WinBuild.160101.0800)"},{"@Name":"Description","#text":"Terminates Processes"},{"@Name":"Product","#text":"Microsoft® Windows® Operating System"},{"@Name":"Company","#text":"Microsoft Corporation"},{"@Name":"OriginalFileName","#text":"taskkill.exe"},{"@Name":"CommandLine","#text":"\"taskkill.exe\" /f /im \"UltraViewer_Service.exe\""},{"@Name":"CurrentDirectory","#text":"C:\\Windows\\system32\\"},{"@Name":"User","#text":"SERVER002\\admin_test"},{"@Name":"LogonGuid","#text":"dbf410b3-278d-671d-0cae-120000000000"},{"@Name":"LogonId","#text":"0x12AE0C"},{"@Name":"TerminalSessionId","#text":"0"},{"@Name":"IntegrityLevel","#text":"High"},{"@Name":"Hashes","#text":"SHA256=4E664B35E8DE6C6B38E3231DFAF00744435FFB806E00355FECE1E0CC1D2121C1"},{"@Name":"ParentProcessGuid","#text":"dbf410b3-27a9-671d-d800-000000003900"},{"@Name":"ParentProcessId","#text":"6524"},{"@Name":"ParentImage","#text":"C:\\Users\\ADMIN_~1\\AppData\\Local\\Temp\\is-ETQNB.tmp\\T1219_UltraViewer.tmp"},{"@Name":"ParentCommandLine","#text":"\"C:\\Users\\ADMIN_~1\\AppData\\Local\\Temp\\is-ETQNB.tmp\\T1219_UltraViewer.tmp\" /SL5=\"$F007E,3233452,121344,C:\\Users\\ADMIN_~1\\AppData\\Local\\Temp\\ExternalPayloads\\T1219_UltraViewer.exe\" /silent "},{"@Name":"ParentUser","#text":"SERVER002\\admin_test"}]}}}
{"Event":{"System":{"Provider":{"@Name":"Microsoft-Windows-Sysmon","@Guid":"5770385f-c22a-43e0-bf4c-06f5698ffbd9"},"EventID":"1","Version":"5","Level":"4","Task":"1","Opcode":"0","Keywords":"0x8000000000000000","TimeCreated":{"@SystemTime":"2024-10-26 17:32:37.3187819"},"EventRecordID":"18262","Correlation":null,"Execution":{"@ProcessID":"3032","@ThreadID":"3964"},"Channel":"Microsoft-Windows-Sysmon/Operational","Computer":"Server002","Security":{"@UserID":"S-1-5-18"}},"EventData":{"Data":[{"@Name":"RuleName","#text":"-"},{"@Name":"UtcTime","#text":"2024-10-26 17:32:37.316"},{"@Name":"ProcessGuid","#text":"dbf410b3-27b5-671d-5b01-000000003900"},{"@Name":"ProcessId","#text":"956"},{"@Name":"Image","#text":"C:\\Windows\\System32\\conhost.exe"},{"@Name":"FileVersion","#text":"10.0.19041.4355 (WinBuild.160101.0800)"},{"@Name":"Description","#text":"Console Window Host"},{"@Name":"Product","#text":"Microsoft® Windows® Operating System"},{"@Name":"Company","#text":"Microsoft Corporation"},{"@Name":"OriginalFileName","#text":"CONHOST.EXE"},{"@Name":"CommandLine","#text":"\\??\\C:\\Windows\\system32\\conhost.exe 0xffffffff -ForceV1"},{"@Name":"CurrentDirectory","#text":"C:\\Windows"},{"@Name":"User","#text":"SERVER002\\admin_test"},{"@Name":"LogonGuid","#text":"dbf410b3-278d-671d-0cae-120000000000"},{"@Name":"LogonId","#text":"0x12AE0C"},{"@Name":"TerminalSessionId","#text":"0"},{"@Name":"IntegrityLevel","#text":"High"},{"@Name":"Hashes","#text":"SHA256=CC0A60CD15FA21E54615E46CD0F10CFBE86F496DC64D14B31D9F3B415D120EE1"},{"@Name":"ParentProcessGuid","#text":"dbf410b3-27b5-671d-5a01-000000003900"},{"@Name":"ParentProcessId","#text":"2188"},{"@Name":"ParentImage","#text":"C:\\Windows\\SysWOW64\\taskkill.exe"},{"@Name":"ParentCommandLine","#text":"\"taskkill.exe\" /f /im \"UltraViewer_Service.exe\""},{"@Name":"ParentUser","#text":"SERVER002\\admin_test"}]}}}
{"Event":{"System":{"Provider":{"@Name":"Microsoft-Windows-Sysmon","@Guid":"5770385f-c22a-43e0-bf4c-06f5698ffbd9"},"EventID":"5","Version":"3","Level":"4","Task":"5","Opcode":"0","Keywords":"0x8000000000000000","TimeCreated":{"@SystemTime":"2024-10-26 17:32:37.4059980"},"EventRecordID":"18263","Correlation":null,"Execution":{"@ProcessID":"3032","@ThreadID":"3964"},"Channel":"Microsoft-Windows-Sysmon/Operational","Computer":"Server002","Security":{"@UserID":"S-1-5-18"}},"EventData":{"Data":[{"@Name":"RuleName","#text":"-"},{"@Name":"UtcTime","#text":"2024-10-26 17:32:37.404"},{"@Name":"ProcessGuid","#text":"dbf410b3-27b5-671d-5a01-000000003900"},{"@Name":"ProcessId","#text":"2188"},{"@Name":"Image","#text":"C:\\Windows\\SysWOW64\\taskkill.exe"},{"@Name":"User","#text":"SERVER002\\admin_test"}]}}}
{"Event":{"System":{"Provider":{"@Name":"Microsoft-Windows-Sysmon","@Guid":"5770385f-c22a-43e0-bf4c-06f5698ffbd9"},"EventID":"5","Version":"3","Level":"4","Task":"5","Opcode":"0","Keywords":"0x8000000000000000","TimeCreated":{"@SystemTime":"2024-10-26 17:32:37.4076013"},"EventRecordID":"18264","Correlation":null,"Execution":{"@ProcessID":"3032","@ThreadID":"3964"},"Channel":"Microsoft-Windows-Sysmon/Operational","Computer":"Server002","Security":{"@UserID":"S-1-5-18"}},"EventData":{"Data":[{"@Name":"RuleName","#text":"-"},{"@Name":"UtcTime","#text":"2024-10-26 17:32:37.406"},{"@Name":"ProcessGuid","#text":"dbf410b3-27b5-671d-5b01-000000003900"},{"@Name":"ProcessId","#text":"956"},{"@Name":"Image","#text":"C:\\Windows\\System32\\conhost.exe"},{"@Name":"User","#text":"SERVER002\\admin_test"}]}}}
{"Event":{"System":{"Provider":{"@Name":"Microsoft-Windows-Sysmon","@Guid":"5770385f-c22a-43e0-bf4c-06f5698ffbd9"},"EventID":"1","Version":"5","Level":"4","Task":"1","Opcode":"0","Keywords":"0x8000000000000000","TimeCreated":{"@SystemTime":"2024-10-26 17:32:37.4157471"},"EventRecordID":"18265","Correlation":null,"Execution":{"@ProcessID":"3032","@ThreadID":"3964"},"Channel":"Microsoft-Windows-Sysmon/Operational","Computer":"Server002","Security":{"@UserID":"S-1-5-18"}},"EventData":{"Data":[{"@Name":"RuleName","#text":"-"},{"@Name":"UtcTime","#text":"2024-10-26 17:32:37.412"},{"@Name":"ProcessGuid","#text":"dbf410b3-27b5-671d-5c01-000000003900"},{"@Name":"ProcessId","#text":"4796"},{"@Name":"Image","#text":"C:\\Windows\\SysWOW64\\taskkill.exe"},{"@Name":"FileVersion","#text":"10.0.19041.1 (WinBuild.160101.0800)"},{"@Name":"Description","#text":"Terminates Processes"},{"@Name":"Product","#text":"Microsoft® Windows® Operating System"},{"@Name":"Company","#text":"Microsoft Corporation"},{"@Name":"OriginalFileName","#text":"taskkill.exe"},{"@Name":"CommandLine","#text":"\"taskkill.exe\" /f /im \"UltraViewer_Desktop.exe\""},{"@Name":"CurrentDirectory","#text":"C:\\Windows\\system32\\"},{"@Name":"User","#text":"SERVER002\\admin_test"},{"@Name":"LogonGuid","#text":"dbf410b3-278d-671d-0cae-120000000000"},{"@Name":"LogonId","#text":"0x12AE0C"},{"@Name":"TerminalSessionId","#text":"0"},{"@Name":"IntegrityLevel","#text":"High"},{"@Name":"Hashes","#text":"SHA256=4E664B35E8DE6C6B38E3231DFAF00744435FFB806E00355FECE1E0CC1D2121C1"},{"@Name":"ParentProcessGuid","#text":"dbf410b3-27a9-671d-d800-000000003900"},{"@Name":"ParentProcessId","#text":"6524"},{"@Name":"ParentImage","#text":"C:\\Users\\ADMIN_~1\\AppData\\Local\\Temp\\is-ETQNB.tmp\\T1219_UltraViewer.tmp"},{"@Name":"ParentCommandLine","#text":"\"C:\\Users\\ADMIN_~1\\AppData\\Local\\Temp\\is-ETQNB.tmp\\T1219_UltraViewer.tmp\" /SL5=\"$F007E,3233452,121344,C:\\Users\\ADMIN_~1\\AppData\\Local\\Temp\\ExternalPayloads\\T1219_UltraViewer.exe\" /silent "},{"@Name":"ParentUser","#text":"SERVER002\\admin_test"}]}}}
{"Event":{"System":{"Provider":{"@Name":"Microsoft-Windows-Sysmon","@Guid":"5770385f-c22a-43e0-bf4c-06f5698ffbd9"},"EventID":"1","Version":"5","Level":"4","Task":"1","Opcode":"0","Keywords":"0x8000000000000000","TimeCreated":{"@SystemTime":"2024-10-26 17:32:37.4200663"},"EventRecordID":"18266","Correlation":null,"Execution":{"@ProcessID":"3032","@ThreadID":"3964"},"Channel":"Microsoft-Windows-Sysmon/Operational","Computer":"Server002","Security":{"@UserID":"S-1-5-18"}},"EventData":{"Data":[{"@Name":"RuleName","#text":"-"},{"@Name":"UtcTime","#text":"2024-10-26 17:32:37.418"},{"@Name":"ProcessGuid","#text":"dbf410b3-27b5-671d-5d01-000000003900"},{"@Name":"ProcessId","#text":"1896"},{"@Name":"Image","#text":"C:\\Windows\\System32\\conhost.exe"},{"@Name":"FileVersion","#text":"10.0.19041.4355 (WinBuild.160101.0800)"},{"@Name":"Description","#text":"Console Window Host"},{"@Name":"Product","#text":"Microsoft® Windows® Operating System"},{"@Name":"Company","#text":"Microsoft Corporation"},{"@Name":"OriginalFileName","#text":"CONHOST.EXE"},{"@Name":"CommandLine","#text":"\\??\\C:\\Windows\\system32\\conhost.exe 0xffffffff -ForceV1"},{"@Name":"CurrentDirectory","#text":"C:\\Windows"},{"@Name":"User","#text":"SERVER002\\admin_test"},{"@Name":"LogonGuid","#text":"dbf410b3-278d-671d-0cae-120000000000"},{"@Name":"LogonId","#text":"0x12AE0C"},{"@Name":"TerminalSessionId","#text":"0"},{"@Name":"IntegrityLevel","#text":"High"},{"@Name":"Hashes","#text":"SHA256=CC0A60CD15FA21E54615E46CD0F10CFBE86F496DC64D14B31D9F3B415D120EE1"},{"@Name":"ParentProcessGuid","#text":"dbf410b3-27b5-671d-5c01-000000003900"},{"@Name":"ParentProcessId","#text":"4796"},{"@Name":"ParentImage","#text":"C:\\Windows\\SysWOW64\\taskkill.exe"},{"@Name":"ParentCommandLine","#text":"\"taskkill.exe\" /f /im \"UltraViewer_Desktop.exe\""},{"@Name":"ParentUser","#text":"SERVER002\\admin_test"}]}}}
{"Event":{"System":{"Provider":{"@Name":"Microsoft-Windows-Sysmon","@Guid":"5770385f-c22a-43e0-bf4c-06f5698ffbd9"},"EventID":"5","Version":"3","Level":"4","Task":"5","Opcode":"0","Keywords":"0x8000000000000000","TimeCreated":{"@SystemTime":"2024-10-26 17:32:37.5063950"},"EventRecordID":"18267","Correlation":null,"Execution":{"@ProcessID":"3032","@ThreadID":"3964"},"Channel":"Microsoft-Windows-Sysmon/Operational","Computer":"Server002","Security":{"@UserID":"S-1-5-18"}},"EventData":{"Data":[{"@Name":"RuleName","#text":"-"},{"@Name":"UtcTime","#text":"2024-10-26 17:32:37.505"},{"@Name":"ProcessGuid","#text":"dbf410b3-27b5-671d-5c01-000000003900"},{"@Name":"ProcessId","#text":"4796"},{"@Name":"Image","#text":"C:\\Windows\\SysWOW64\\taskkill.exe"},{"@Name":"User","#text":"SERVER002\\admin_test"}]}}}
{"Event":{"System":{"Provider":{"@Name":"Microsoft-Windows-Sysmon","@Guid":"5770385f-c22a-43e0-bf4c-06f5698ffbd9"},"EventID":"5","Version":"3","Level":"4","Task":"5","Opcode":"0","Keywords":"0x8000000000000000","TimeCreated":{"@SystemTime":"2024-10-26 17:32:37.5080842"},"EventRecordID":"18268","Correlation":null,"Execution":{"@ProcessID":"3032","@ThreadID":"3964"},"Channel":"Microsoft-Windows-Sysmon/Operational","Computer":"Server002","Security":{"@UserID":"S-1-5-18"}},"EventData":{"Data":[{"@Name":"RuleName","#text":"-"},{"@Name":"UtcTime","#text":"2024-10-26 17:32:37.506"},{"@Name":"ProcessGuid","#text":"dbf410b3-27b5-671d-5d01-000000003900"},{"@Name":"ProcessId","#text":"1896"},{"@Name":"Image","#text":"C:\\Windows\\System32\\conhost.exe"},{"@Name":"User","#text":"SERVER002\\admin_test"}]}}}
{"Event":{"System":{"Provider":{"@Name":"Microsoft-Windows-Sysmon","@Guid":"5770385f-c22a-43e0-bf4c-06f5698ffbd9"},"EventID":"1","Version":"5","Level":"4","Task":"1","Opcode":"0","Keywords":"0x8000000000000000","TimeCreated":{"@SystemTime":"2024-10-26 17:32:37.5141279"},"EventRecordID":"18269","Correlation":null,"Execution":{"@ProcessID":"3032","@ThreadID":"3964"},"Channel":"Microsoft-Windows-Sysmon/Operational","Computer":"Server002","Security":{"@UserID":"S-1-5-18"}},"EventData":{"Data":[{"@Name":"RuleName","#text":"-"},{"@Name":"UtcTime","#text":"2024-10-26 17:32:37.509"},{"@Name":"ProcessGuid","#text":"dbf410b3-27b5-671d-5e01-000000003900"},{"@Name":"ProcessId","#text":"4280"},{"@Name":"Image","#text":"C:\\Windows\\SysWOW64\\taskkill.exe"},{"@Name":"FileVersion","#text":"10.0.19041.1 (WinBuild.160101.0800)"},{"@Name":"Description","#text":"Terminates Processes"},{"@Name":"Product","#text":"Microsoft® Windows® Operating System"},{"@Name":"Company","#text":"Microsoft Corporation"},{"@Name":"OriginalFileName","#text":"taskkill.exe"},{"@Name":"CommandLine","#text":"\"taskkill.exe\" /f /im \"UltraViewer_Service.exe\""},{"@Name":"CurrentDirectory","#text":"C:\\Windows\\system32\\"},{"@Name":"User","#text":"SERVER002\\admin_test"},{"@Name":"LogonGuid","#text":"dbf410b3-278d-671d-0cae-120000000000"},{"@Name":"LogonId","#text":"0x12AE0C"},{"@Name":"TerminalSessionId","#text":"0"},{"@Name":"IntegrityLevel","#text":"High"},{"@Name":"Hashes","#text":"SHA256=4E664B35E8DE6C6B38E3231DFAF00744435FFB806E00355FECE1E0CC1D2121C1"},{"@Name":"ParentProcessGuid","#text":"dbf410b3-27a9-671d-d800-000000003900"},{"@Name":"ParentProcessId","#text":"6524"},{"@Name":"ParentImage","#text":"C:\\Users\\ADMIN_~1\\AppData\\Local\\Temp\\is-ETQNB.tmp\\T1219_UltraViewer.tmp"},{"@Name":"ParentCommandLine","#text":"\"C:\\Users\\ADMIN_~1\\AppData\\Local\\Temp\\is-ETQNB.tmp\\T1219_UltraViewer.tmp\" /SL5=\"$F007E,3233452,121344,C:\\Users\\ADMIN_~1\\AppData\\Local\\Temp\\ExternalPayloads\\T1219_UltraViewer.exe\" /silent "},{"@Name":"ParentUser","#text":"SERVER002\\admin_test"}]}}}
{"Event":{"System":{"Provider":{"@Name":"Microsoft-Windows-Sysmon","@Guid":"5770385f-c22a-43e0-bf4c-06f5698ffbd9"},"EventID":"1","Version":"5","Level":"4","Task":"1","Opcode":"0","Keywords":"0x8000000000000000","TimeCreated":{"@SystemTime":"2024-10-26 17:32:37.5173559"},"EventRecordID":"18270","Correlation":null,"Execution":{"@ProcessID":"3032","@ThreadID":"3964"},"Channel":"Microsoft-Windows-Sysmon/Operational","Computer":"Server002","Security":{"@UserID":"S-1-5-18"}},"EventData":{"Data":[{"@Name":"RuleName","#text":"-"},{"@Name":"UtcTime","#text":"2024-10-26 17:32:37.514"},{"@Name":"ProcessGuid","#text":"dbf410b3-27b5-671d-5f01-000000003900"},{"@Name":"ProcessId","#text":"1700"},{"@Name":"Image","#text":"C:\\Windows\\System32\\conhost.exe"},{"@Name":"FileVersion","#text":"10.0.19041.4355 (WinBuild.160101.0800)"},{"@Name":"Description","#text":"Console Window Host"},{"@Name":"Product","#text":"Microsoft® Windows® Operating System"},{"@Name":"Company","#text":"Microsoft Corporation"},{"@Name":"OriginalFileName","#text":"CONHOST.EXE"},{"@Name":"CommandLine","#text":"\\??\\C:\\Windows\\system32\\conhost.exe 0xffffffff -ForceV1"},{"@Name":"CurrentDirectory","#text":"C:\\Windows"},{"@Name":"User","#text":"SERVER002\\admin_test"},{"@Name":"LogonGuid","#text":"dbf410b3-278d-671d-0cae-120000000000"},{"@Name":"LogonId","#text":"0x12AE0C"},{"@Name":"TerminalSessionId","#text":"0"},{"@Name":"IntegrityLevel","#text":"High"},{"@Name":"Hashes","#text":"SHA256=CC0A60CD15FA21E54615E46CD0F10CFBE86F496DC64D14B31D9F3B415D120EE1"},{"@Name":"ParentProcessGuid","#text":"dbf410b3-27b5-671d-5e01-000000003900"},{"@Name":"ParentProcessId","#text":"4280"},{"@Name":"ParentImage","#text":"C:\\Windows\\SysWOW64\\taskkill.exe"},{"@Name":"ParentCommandLine","#text":"\"taskkill.exe\" /f /im \"UltraViewer_Service.exe\""},{"@Name":"ParentUser","#text":"SERVER002\\admin_test"}]}}}
{"Event":{"System":{"Provider":{"@Name":"Microsoft-Windows-Sysmon","@Guid":"5770385f-c22a-43e0-bf4c-06f5698ffbd9"},"EventID":"5","Version":"3","Level":"4","Task":"5","Opcode":"0","Keywords":"0x8000000000000000","TimeCreated":{"@SystemTime":"2024-10-26 17:32:37.5978548"},"EventRecordID":"18271","Correlation":null,"Execution":{"@ProcessID":"3032","@ThreadID":"3964"},"Channel":"Microsoft-Windows-Sysmon/Operational","Computer":"Server002","Security":{"@UserID":"S-1-5-18"}},"EventData":{"Data":[{"@Name":"RuleName","#text":"-"},{"@Name":"UtcTime","#text":"2024-10-26 17:32:37.596"},{"@Name":"ProcessGuid","#text":"dbf410b3-27b5-671d-5e01-000000003900"},{"@Name":"ProcessId","#text":"4280"},{"@Name":"Image","#text":"C:\\Windows\\SysWOW64\\taskkill.exe"},{"@Name":"User","#text":"SERVER002\\admin_test"}]}}}
{"Event":{"System":{"Provider":{"@Name":"Microsoft-Windows-Sysmon","@Guid":"5770385f-c22a-43e0-bf4c-06f5698ffbd9"},"EventID":"5","Version":"3","Level":"4","Task":"5","Opcode":"0","Keywords":"0x8000000000000000","TimeCreated":{"@SystemTime":"2024-10-26 17:32:37.5995071"},"EventRecordID":"18272","Correlation":null,"Execution":{"@ProcessID":"3032","@ThreadID":"3964"},"Channel":"Microsoft-Windows-Sysmon/Operational","Computer":"Server002","Security":{"@UserID":"S-1-5-18"}},"EventData":{"Data":[{"@Name":"RuleName","#text":"-"},{"@Name":"UtcTime","#text":"2024-10-26 17:32:37.597"},{"@Name":"ProcessGuid","#text":"dbf410b3-27b5-671d-5f01-000000003900"},{"@Name":"ProcessId","#text":"1700"},{"@Name":"Image","#text":"C:\\Windows\\System32\\conhost.exe"},{"@Name":"User","#text":"SERVER002\\admin_test"}]}}}
