{"Event":{"System":{"Provider":{"@Name":"Microsoft-Windows-Sysmon","@Guid":"5770385f-c22a-43e0-bf4c-06f5698ffbd9"},"EventID":"1","Version":"5","Level":"4","Task":"1","Opcode":"0","Keywords":"0x8000000000000000","TimeCreated":{"@SystemTime":"2024-10-26 17:32:41.1216525"},"EventRecordID":"18413","Correlation":null,"Execution":{"@ProcessID":"3032","@ThreadID":"3964"},"Channel":"Microsoft-Windows-Sysmon/Operational","Computer":"Server002","Security":{"@UserID":"S-1-5-18"}},"EventData":{"Data":[{"@Name":"RuleName","#text":"-"},{"@Name":"UtcTime","#text":"2024-10-26 17:32:41.118"},{"@Name":"ProcessGuid","#text":"dbf410b3-27b9-671d-a601-000000003900"},{"@Name":"ProcessId","#text":"64"},{"@Name":"Image","#text":"C:\\Windows\\SysWOW64\\taskkill.exe"},{"@Name":"FileVersion","#text":"10.0.19041.1 (WinBuild.160101.0800)"},{"@Name":"Description","#text":"Terminates Processes"},{"@Name":"Product","#text":"Microsoft® Windows® Operating System"},{"@Name":"Company","#text":"Microsoft Corporation"},{"@Name":"OriginalFileName","#text":"taskkill.exe"},{"@Name":"CommandLine","#text":"\"taskkill.exe\" /f /im \"UltraViewer_Service.exe\""},{"@Name":"CurrentDirectory","#text":"C:\\Windows\\system32\\"},{"@Name":"User","#text":"SERVER002\\admin_test"},{"@Name":"LogonGuid","#text":"dbf410b3-278d-671d-0cae-120000000000"},{"@Name":"LogonId","#text":"0x12AE0C"},{"@Name":"TerminalSessionId","#text":"0"},{"@Name":"IntegrityLevel","#text":"High"},{"@Name":"Hashes","#text":"SHA256=4E664B35E8DE6C6B38E3231DFAF00744435FFB806E00355FECE1E0CC1D2121C1"},{"@Name":"ParentProcessGuid","#text":"dbf410b3-27a9-671d-d800-000000003900"},{"@Name":"ParentProcessId","#text":"6524"},{"@Name":"ParentImage","#text":"C:\\Users\\ADMIN_~1\\AppData\\Local\\Temp\\is-ETQNB.tmp\\T1219_UltraViewer.tmp"},{"@Name":"ParentCommandLine","#text":"\"C:\\Users\\ADMIN_~1\\AppData\\Local\\Temp\\is-ETQNB.tmp\\T1219_UltraViewer.tmp\" /SL5=\"$F007E,3233452,121344,C:\\Users\\ADMIN_~1\\AppData\\Local\\Temp\\ExternalPayloads\\T1219_UltraViewer.exe\" /silent "},{"@Name":"ParentUser","#text":"SERVER002\\admin_test"}]}}}
{"Event":{"System":{"Provider":{"@Name":"Microsoft-Windows-Sysmon","@Guid":"5770385f-c22a-43e0-bf4c-06f5698ffbd9"},"EventID":"1","Version":"5","Level":"4","Task":"1","Opcode":"0","Keywords":"0x8000000000000000","TimeCreated":{"@SystemTime":"2024-10-26 17:32:41.1264917"},"EventRecordID":"18414","Correlation":null,"Execution":{"@ProcessID":"3032","@ThreadID":"3964"},"Channel":"Microsoft-Windows-Sysmon/Operational","Computer":"Server002","Security":{"@UserID":"S-1-5-18"}},"EventData":{"Data":[{"@Name":"RuleName","#text":"-"},{"@Name":"UtcTime","#text":"2024-10-26 17:32:41.124"},{"@Name":"ProcessGuid","#text":"dbf410b3-27b9-671d-a701-000000003900"},{"@Name":"ProcessId","#text":"4680"},{"@Name":"Image","#text":"C:\\Windows\\System32\\conhost.exe"},{"@Name":"FileVersion","#text":"10.0.19041.4355 (WinBuild.160101.0800)"},{"@Name":"Description","#text":"Console Window Host"},{"@Name":"Product","#text":"Microsoft® Windows® Operating System"},{"@Name":"Company","#text":"Microsoft Corporation"},{"@Name":"OriginalFileName","#text":"CONHOST.EXE"},{"@Name":"CommandLine","#text":"\\??\\C:\\Windows\\system32\\conhost.exe 0xffffffff -ForceV1"},{"@Name":"CurrentDirectory","#text":"C:\\Windows"},{"@Name":"User","#text":"SERVER002\\admin_test"},{"@Name":"LogonGuid","#text":"dbf410b3-278d-671d-0cae-120000000000"},{"@Name":"LogonId","#text":"0x12AE0C"},{"@Name":"TerminalSessionId","#text":"0"},{"@Name":"IntegrityLevel","#text":"High"},{"@Name":"Hashes","#text":"SHA256=CC0A60CD15FA21E54615E46CD0F10CFBE86F496DC64D14B31D9F3B415D120EE1"},{"@Name":"ParentProcessGuid","#text":"dbf410b3-27b9-671d-a601-000000003900"},{"@Name":"ParentProcessId","#text":"64"},{"@Name":"ParentImage","#text":"C:\\Windows\\SysWOW64\\taskkill.exe"},{"@Name":"ParentCommandLine","#text":"\"taskkill.exe\" /f /im \"UltraViewer_Service.exe\""},{"@Name":"ParentUser","#text":"SERVER002\\admin_test"}]}}}
{"Event":{"System":{"Provider":{"@Name":"Microsoft-Windows-Sysmon","@Guid":"5770385f-c22a-43e0-bf4c-06f5698ffbd9"},"EventID":"5","Version":"3","Level":"4","Task":"5","Opcode":"0","Keywords":"0x8000000000000000","TimeCreated":{"@SystemTime":"2024-10-26 17:32:41.2139345"},"EventRecordID":"18415","Correlation":null,"Execution":{"@ProcessID":"3032","@ThreadID":"3964"},"Channel":"Microsoft-Windows-Sysmon/Operational","Computer":"Server002","Security":{"@UserID":"S-1-5-18"}},"EventData":{"Data":[{"@Name":"RuleName","#text":"-"},{"@Name":"UtcTime","#text":"2024-10-26 17:32:41.211"},{"@Name":"ProcessGuid","#text":"dbf410b3-27b9-671d-a601-000000003900"},{"@Name":"ProcessId","#text":"64"},{"@Name":"Image","#text":"C:\\Windows\\SysWOW64\\taskkill.exe"},{"@Name":"User","#text":"SERVER002\\admin_test"}]}}}
{"Event":{"System":{"Provider":{"@Name":"Microsoft-Windows-Sysmon","@Guid":"5770385f-c22a-43e0-bf4c-06f5698ffbd9"},"EventID":"5","Version":"3","Level":"4","Task":"5","Opcode":"0","Keywords":"0x8000000000000000","TimeCreated":{"@SystemTime":"2024-10-26 17:32:41.2150811"},"EventRecordID":"18416","Correlation":null,"Execution":{"@ProcessID":"3032","@ThreadID":"3964"},"Channel":"Microsoft-Windows-Sysmon/Operational","Computer":"Server002","Security":{"@UserID":"S-1-5-18"}},"EventData":{"Data":[{"@Name":"RuleName","#text":"-"},{"@Name":"UtcTime","#text":"2024-10-26 17:32:41.211"},{"@Name":"ProcessGuid","#text":"dbf410b3-27b9-671d-a701-000000003900"},{"@Name":"ProcessId","#text":"4680"},{"@Name":"Image","#text":"C:\\Windows\\System32\\conhost.exe"},{"@Name":"User","#text":"SERVER002\\admin_test"}]}}}
{"Event":{"System":{"Provider":{"@Name":"Microsoft-Windows-Sysmon","@Guid":"5770385f-c22a-43e0-bf4c-06f5698ffbd9"},"EventID":"1","Version":"5","Level":"4","Task":"1","Opcode":"0","Keywords":"0x8000000000000000","TimeCreated":{"@SystemTime":"2024-10-26 17:32:41.2213839"},"EventRecordID":"18417","Correlation":null,"Execution":{"@ProcessID":"3032","@ThreadID":"3964"},"Channel":"Microsoft-Windows-Sysmon/Operational","Computer":"Server002","Security":{"@UserID":"S-1-5-18"}},"EventData":{"Data":[{"@Name":"RuleName","#text":"-"},{"@Name":"UtcTime","#text":"2024-10-26 17:32:41.219"},{"@Name":"ProcessGuid","#text":"dbf410b3-27b9-671d-a801-000000003900"},{"@Name":"ProcessId","#text":"5308"},{"@Name":"Image","#text":"C:\\Windows\\SysWOW64\\taskkill.exe"},{"@Name":"FileVersion","#text":"10.0.19041.1 (WinBuild.160101.0800)"},{"@Name":"Description","#text":"Terminates Processes"},{"@Name":"Product","#text":"Microsoft® Windows® Operating System"},{"@Name":"Company","#text":"Microsoft Corporation"},{"@Name":"OriginalFileName","#text":"taskkill.exe"},{"@Name":"CommandLine","#text":"\"taskkill.exe\" /f /im \"UltraViewer_Desktop.exe\""},{"@Name":"CurrentDirectory","#text":"C:\\Windows\\system32\\"},{"@Name":"User","#text":"SERVER002\\admin_test"},{"@Name":"LogonGuid","#text":"dbf410b3-278d-671d-0cae-120000000000"},{"@Name":"LogonId","#text":"0x12AE0C"},{"@Name":"TerminalSessionId","#text":"0"},{"@Name":"IntegrityLevel","#text":"High"},{"@Name":"Hashes","#text":"SHA256=4E664B35E8DE6C6B38E3231DFAF00744435FFB806E00355FECE1E0CC1D2121C1"},{"@Name":"ParentProcessGuid","#text":"dbf410b3-27a9-671d-d800-000000003900"},{"@Name":"ParentProcessId","#text":"6524"},{"@Name":"ParentImage","#text":"C:\\Users\\ADMIN_~1\\AppData\\Local\\Temp\\is-ETQNB.tmp\\T1219_UltraViewer.tmp"},{"@Name":"ParentCommandLine","#text":"\"C:\\Users\\ADMIN_~1\\AppData\\Local\\Temp\\is-ETQNB.tmp\\T1219_UltraViewer.tmp\" /SL5=\"$F007E,3233452,121344,C:\\Users\\ADMIN_~1\\AppData\\Local\\Temp\\ExternalPayloads\\T1219_UltraViewer.exe\" /silent "},{"@Name":"ParentUser","#text":"SERVER002\\admin_test"}]}}}
{"Event":{"System":{"Provider":{"@Name":"Microsoft-Windows-Sysmon","@Guid":"5770385f-c22a-43e0-bf4c-06f5698ffbd9"},"EventID":"1","Version":"5","Level":"4","Task":"1","Opcode":"0","Keywords":"0x8000000000000000","TimeCreated":{"@SystemTime":"2024-10-26 17:32:41.2267538"},"EventRecordID":"18418","Correlation":null,"Execution":{"@ProcessID":"3032","@ThreadID":"3964"},"Channel":"Microsoft-Windows-Sysmon/Operational","Computer":"Server002","Security":{"@UserID":"S-1-5-18"}},"EventData":{"Data":[{"@Name":"RuleName","#text":"-"},{"@Name":"UtcTime","#text":"2024-10-26 17:32:41.225"},{"@Name":"ProcessGuid","#text":"dbf410b3-27b9-671d-a901-000000003900"},{"@Name":"ProcessId","#text":"3828"},{"@Name":"Image","#text":"C:\\Windows\\System32\\conhost.exe"},{"@Name":"FileVersion","#text":"10.0.19041.4355 (WinBuild.160101.0800)"},{"@Name":"Description","#text":"Console Window Host"},{"@Name":"Product","#text":"Microsoft® Windows® Operating System"},{"@Name":"Company","#text":"Microsoft Corporation"},{"@Name":"OriginalFileName","#text":"CONHOST.EXE"},{"@Name":"CommandLine","#text":"\\??\\C:\\Windows\\system32\\conhost.exe 0xffffffff -ForceV1"},{"@Name":"CurrentDirectory","#text":"C:\\Windows"},{"@Name":"User","#text":"SERVER002\\admin_test"},{"@Name":"LogonGuid","#text":"dbf410b3-278d-671d-0cae-120000000000"},{"@Name":"LogonId","#text":"0x12AE0C"},{"@Name":"TerminalSessionId","#text":"0"},{"@Name":"IntegrityLevel","#text":"High"},{"@Name":"Hashes","#text":"SHA256=CC0A60CD15FA21E54615E46CD0F10CFBE86F496DC64D14B31D9F3B415D120EE1"},{"@Name":"ParentProcessGuid","#text":"dbf410b3-27b9-671d-a801-000000003900"},{"@Name":"ParentProcessId","#text":"5308"},{"@Name":"ParentImage","#text":"C:\\Windows\\SysWOW64\\taskkill.exe"},{"@Name":"ParentCommandLine","#text":"\"taskkill.exe\" /f /im \"UltraViewer_Desktop.exe\""},{"@Name":"ParentUser","#text":"SERVER002\\admin_test"}]}}}
{"Event":{"System":{"Provider":{"@Name":"Microsoft-Windows-Sysmon","@Guid":"5770385f-c22a-43e0-bf4c-06f5698ffbd9"},"EventID":"5","Version":"3","Level":"4","Task":"5","Opcode":"0","Keywords":"0x8000000000000000","TimeCreated":{"@SystemTime":"2024-10-26 17:32:41.3207863"},"EventRecordID":"18419","Correlation":null,"Execution":{"@ProcessID":"3032","@ThreadID":"3964"},"Channel":"Microsoft-Windows-Sysmon/Operational","Computer":"Server002","Security":{"@UserID":"S-1-5-18"}},"EventData":{"Data":[{"@Name":"RuleName","#text":"-"},{"@Name":"UtcTime","#text":"2024-10-26 17:32:41.319"},{"@Name":"ProcessGuid","#text":"dbf410b3-27b9-671d-a801-000000003900"},{"@Name":"ProcessId","#text":"5308"},{"@Name":"Image","#text":"C:\\Windows\\SysWOW64\\taskkill.exe"},{"@Name":"User","#text":"SERVER002\\admin_test"}]}}}
{"Event":{"System":{"Provider":{"@Name":"Microsoft-Windows-Sysmon","@Guid":"5770385f-c22a-43e0-bf4c-06f5698ffbd9"},"EventID":"5","Version":"3","Level":"4","Task":"5","Opcode":"0","Keywords":"0x8000000000000000","TimeCreated":{"@SystemTime":"2024-10-26 17:32:41.3221366"},"EventRecordID":"18420","Correlation":null,"Execution":{"@ProcessID":"3032","@ThreadID":"3964"},"Channel":"Microsoft-Windows-Sysmon/Operational","Computer":"Server002","Security":{"@UserID":"S-1-5-18"}},"EventData":{"Data":[{"@Name":"RuleName","#text":"-"},{"@Name":"UtcTime","#text":"2024-10-26 17:32:41.321"},{"@Name":"ProcessGuid","#text":"dbf410b3-27b9-671d-a901-000000003900"},{"@Name":"ProcessId","#text":"3828"},{"@Name":"Image","#text":"C:\\Windows\\System32\\conhost.exe"},{"@Name":"User","#text":"SERVER002\\admin_test"}]}}}
{"Event":{"System":{"Provider":{"@Name":"Microsoft-Windows-Sysmon","@Guid":"5770385f-c22a-43e0-bf4c-06f5698ffbd9"},"EventID":"1","Version":"5","Level":"4","Task":"1","Opcode":"0","Keywords":"0x8000000000000000","TimeCreated":{"@SystemTime":"2024-10-26 17:32:41.3277927"},"EventRecordID":"18421","Correlation":null,"Execution":{"@ProcessID":"3032","@ThreadID":"3964"},"Channel":"Microsoft-Windows-Sysmon/Operational","Computer":"Server002","Security":{"@UserID":"S-1-5-18"}},"EventData":{"Data":[{"@Name":"RuleName","#text":"-"},{"@Name":"UtcTime","#text":"2024-10-26 17:32:41.325"},{"@Name":"ProcessGuid","#text":"dbf410b3-27b9-671d-aa01-000000003900"},{"@Name":"ProcessId","#text":"5304"},{"@Name":"Image","#text":"C:\\Windows\\SysWOW64\\taskkill.exe"},{"@Name":"FileVersion","#text":"10.0.19041.1 (WinBuild.160101.0800)"},{"@Name":"Description","#text":"Terminates Processes"},{"@Name":"Product","#text":"Microsoft® Windows® Operating System"},{"@Name":"Company","#text":"Microsoft Corporation"},{"@Name":"OriginalFileName","#text":"taskkill.exe"},{"@Name":"CommandLine","#text":"\"taskkill.exe\" /f /im \"UltraViewer_Service.exe\""},{"@Name":"CurrentDirectory","#text":"C:\\Windows\\system32\\"},{"@Name":"User","#text":"SERVER002\\admin_test"},{"@Name":"LogonGuid","#text":"dbf410b3-278d-671d-0cae-120000000000"},{"@Name":"LogonId","#text":"0x12AE0C"},{"@Name":"TerminalSessionId","#text":"0"},{"@Name":"IntegrityLevel","#text":"High"},{"@Name":"Hashes","#text":"SHA256=4E664B35E8DE6C6B38E3231DFAF00744435FFB806E00355FECE1E0CC1D2121C1"},{"@Name":"ParentProcessGuid","#text":"dbf410b3-27a9-671d-d800-000000003900"},{"@Name":"ParentProcessId","#text":"6524"},{"@Name":"ParentImage","#text":"C:\\Users\\ADMIN_~1\\AppData\\Local\\Temp\\is-ETQNB.tmp\\T1219_UltraViewer.tmp"},{"@Name":"ParentCommandLine","#text":"\"C:\\Users\\ADMIN_~1\\AppData\\Local\\Temp\\is-ETQNB.tmp\\T1219_UltraViewer.tmp\" /SL5=\"$F007E,3233452,121344,C:\\Users\\ADMIN_~1\\AppData\\Local\\Temp\\ExternalPayloads\\T1219_UltraViewer.exe\" /silent "},{"@Name":"ParentUser","#text":"SERVER002\\admin_test"}]}}}
{"Event":{"System":{"Provider":{"@Name":"Microsoft-Windows-Sysmon","@Guid":"5770385f-c22a-43e0-bf4c-06f5698ffbd9"},"EventID":"1","Version":"5","Level":"4","Task":"1","Opcode":"0","Keywords":"0x8000000000000000","TimeCreated":{"@SystemTime":"2024-10-26 17:32:41.3331355"},"EventRecordID":"18422","Correlation":null,"Execution":{"@ProcessID":"3032","@ThreadID":"3964"},"Channel":"Microsoft-Windows-Sysmon/Operational","Computer":"Server002","Security":{"@UserID":"S-1-5-18"}},"EventData":{"Data":[{"@Name":"RuleName","#text":"-"},{"@Name":"UtcTime","#text":"2024-10-26 17:32:41.330"},{"@Name":"ProcessGuid","#text":"dbf410b3-27b9-671d-ab01-000000003900"},{"@Name":"ProcessId","#text":"4420"},{"@Name":"Image","#text":"C:\\Windows\\System32\\conhost.exe"},{"@Name":"FileVersion","#text":"10.0.19041.4355 (WinBuild.160101.0800)"},{"@Name":"Description","#text":"Console Window Host"},{"@Name":"Product","#text":"Microsoft® Windows® Operating System"},{"@Name":"Company","#text":"Microsoft Corporation"},{"@Name":"OriginalFileName","#text":"CONHOST.EXE"},{"@Name":"CommandLine","#text":"\\??\\C:\\Windows\\system32\\conhost.exe 0xffffffff -ForceV1"},{"@Name":"CurrentDirectory","#text":"C:\\Windows"},{"@Name":"User","#text":"SERVER002\\admin_test"},{"@Name":"LogonGuid","#text":"dbf410b3-278d-671d-0cae-120000000000"},{"@Name":"LogonId","#text":"0x12AE0C"},{"@Name":"TerminalSessionId","#text":"0"},{"@Name":"IntegrityLevel","#text":"High"},{"@Name":"Hashes","#text":"SHA256=CC0A60CD15FA21E54615E46CD0F10CFBE86F496DC64D14B31D9F3B415D120EE1"},{"@Name":"ParentProcessGuid","#text":"dbf410b3-27b9-671d-aa01-000000003900"},{"@Name":"ParentProcessId","#text":"5304"},{"@Name":"ParentImage","#text":"C:\\Windows\\SysWOW64\\taskkill.exe"},{"@Name":"ParentCommandLine","#text":"\"taskkill.exe\" /f /im \"UltraViewer_Service.exe\""},{"@Name":"ParentUser","#text":"SERVER002\\admin_test"}]}}}
{"Event":{"System":{"Provider":{"@Name":"Microsoft-Windows-Sysmon","@Guid":"5770385f-c22a-43e0-bf4c-06f5698ffbd9"},"EventID":"5","Version":"3","Level":"4","Task":"5","Opcode":"0","Keywords":"0x8000000000000000","TimeCreated":{"@SystemTime":"2024-10-26 17:32:41.4257530"},"EventRecordID":"18423","Correlation":null,"Execution":{"@ProcessID":"3032","@ThreadID":"3964"},"Channel":"Microsoft-Windows-Sysmon/Operational","Computer":"Server002","Security":{"@UserID":"S-1-5-18"}},"EventData":{"Data":[{"@Name":"RuleName","#text":"-"},{"@Name":"UtcTime","#text":"2024-10-26 17:32:41.421"},{"@Name":"ProcessGuid","#text":"dbf410b3-27b9-671d-aa01-000000003900"},{"@Name":"ProcessId","#text":"5304"},{"@Name":"Image","#text":"C:\\Windows\\SysWOW64\\taskkill.exe"},{"@Name":"User","#text":"SERVER002\\admin_test"}]}}}
{"Event":{"System":{"Provider":{"@Name":"Microsoft-Windows-Sysmon","@Guid":"5770385f-c22a-43e0-bf4c-06f5698ffbd9"},"EventID":"5","Version":"3","Level":"4","Task":"5","Opcode":"0","Keywords":"0x8000000000000000","TimeCreated":{"@SystemTime":"2024-10-26 17:32:41.4277544"},"EventRecordID":"18424","Correlation":null,"Execution":{"@ProcessID":"3032","@ThreadID":"3964"},"Channel":"Microsoft-Windows-Sysmon/Operational","Computer":"Server002","Security":{"@UserID":"S-1-5-18"}},"EventData":{"Data":[{"@Name":"RuleName","#text":"-"},{"@Name":"UtcTime","#text":"2024-10-26 17:32:41.426"},{"@Name":"ProcessGuid","#text":"dbf410b3-27b9-671d-ab01-000000003900"},{"@Name":"ProcessId","#text":"4420"},{"@Name":"Image","#text":"C:\\Windows\\System32\\conhost.exe"},{"@Name":"User","#text":"SERVER002\\admin_test"}]}}}
{"Event":{"System":{"Provider":{"@Name":"Microsoft-Windows-Sysmon","@Guid":"5770385f-c22a-43e0-bf4c-06f5698ffbd9"},"EventID":"1","Version":"5","Level":"4","Task":"1","Opcode":"0","Keywords":"0x8000000000000000","TimeCreated":{"@SystemTime":"2024-10-26 17:32:41.4395513"},"EventRecordID":"18425","Correlation":null,"Execution":{"@ProcessID":"3032","@ThreadID":"3964"},"Channel":"Microsoft-Windows-Sysmon/Operational","Computer":"Server002","Security":{"@UserID":"S-1-5-18"}},"EventData":{"Data":[{"@Name":"RuleName","#text":"-"},{"@Name":"UtcTime","#text":"2024-10-26 17:32:41.437"},{"@Name":"ProcessGuid","#text":"dbf410b3-27b9-671d-ac01-000000003900"},{"@Name":"ProcessId","#text":"7140"},{"@Name":"Image","#text":"C:\\Windows\\SysWOW64\\taskkill.exe"},{"@Name":"FileVersion","#text":"10.0.19041.1 (WinBuild.160101.0800)"},{"@Name":"Description","#text":"Terminates Processes"},{"@Name":"Product","#text":"Microsoft® Windows® Operating System"},{"@Name":"Company","#text":"Microsoft Corporation"},{"@Name":"OriginalFileName","#text":"taskkill.exe"},{"@Name":"CommandLine","#text":"\"taskkill.exe\" /f /im \"UltraViewer_Desktop.exe\""},{"@Name":"CurrentDirectory","#text":"C:\\Windows\\system32\\"},{"@Name":"User","#text":"SERVER002\\admin_test"},{"@Name":"LogonGuid","#text":"dbf410b3-278d-671d-0cae-120000000000"},{"@Name":"LogonId","#text":"0x12AE0C"},{"@Name":"TerminalSessionId","#text":"0"},{"@Name":"IntegrityLevel","#text":"High"},{"@Name":"Hashes","#text":"SHA256=4E664B35E8DE6C6B38E3231DFAF00744435FFB806E00355FECE1E0CC1D2121C1"},{"@Name":"ParentProcessGuid","#text":"dbf410b3-27a9-671d-d800-000000003900"},{"@Name":"ParentProcessId","#text":"6524"},{"@Name":"ParentImage","#text":"C:\\Users\\ADMIN_~1\\AppData\\Local\\Temp\\is-ETQNB.tmp\\T1219_UltraViewer.tmp"},{"@Name":"ParentCommandLine","#text":"\"C:\\Users\\ADMIN_~1\\AppData\\Local\\Temp\\is-ETQNB.tmp\\T1219_UltraViewer.tmp\" /SL5=\"$F007E,3233452,121344,C:\\Users\\ADMIN_~1\\AppData\\Local\\Temp\\ExternalPayloads\\T1219_UltraViewer.exe\" /silent "},{"@Name":"ParentUser","#text":"SERVER002\\admin_test"}]}}}
{"Event":{"System":{"Provider":{"@Name":"Microsoft-Windows-Sysmon","@Guid":"5770385f-c22a-43e0-bf4c-06f5698ffbd9"},"EventID":"1","Version":"5","Level":"4","Task":"1","Opcode":"0","Keywords":"0x8000000000000000","TimeCreated":{"@SystemTime":"2024-10-26 17:32:41.4444045"},"EventRecordID":"18426","Correlation":null,"Execution":{"@ProcessID":"3032","@ThreadID":"3964"},"Channel":"Microsoft-Windows-Sysmon/Operational","Computer":"Server002","Security":{"@UserID":"S-1-5-18"}},"EventData":{"Data":[{"@Name":"RuleName","#text":"-"},{"@Name":"UtcTime","#text":"2024-10-26 17:32:41.442"},{"@Name":"ProcessGuid","#text":"dbf410b3-27b9-671d-ad01-000000003900"},{"@Name":"ProcessId","#text":"4884"},{"@Name":"Image","#text":"C:\\Windows\\System32\\conhost.exe"},{"@Name":"FileVersion","#text":"10.0.19041.4355 (WinBuild.160101.0800)"},{"@Name":"Description","#text":"Console Window Host"},{"@Name":"Product","#text":"Microsoft® Windows® Operating System"},{"@Name":"Company","#text":"Microsoft Corporation"},{"@Name":"OriginalFileName","#text":"CONHOST.EXE"},{"@Name":"CommandLine","#text":"\\??\\C:\\Windows\\system32\\conhost.exe 0xffffffff -ForceV1"},{"@Name":"CurrentDirectory","#text":"C:\\Windows"},{"@Name":"User","#text":"SERVER002\\admin_test"},{"@Name":"LogonGuid","#text":"dbf410b3-278d-671d-0cae-120000000000"},{"@Name":"LogonId","#text":"0x12AE0C"},{"@Name":"TerminalSessionId","#text":"0"},{"@Name":"IntegrityLevel","#text":"High"},{"@Name":"Hashes","#text":"SHA256=CC0A60CD15FA21E54615E46CD0F10CFBE86F496DC64D14B31D9F3B415D120EE1"},{"@Name":"ParentProcessGuid","#text":"dbf410b3-27b9-671d-ac01-000000003900"},{"@Name":"ParentProcessId","#text":"7140"},{"@Name":"ParentImage","#text":"C:\\Windows\\SysWOW64\\taskkill.exe"},{"@Name":"ParentCommandLine","#text":"\"taskkill.exe\" /f /im \"UltraViewer_Desktop.exe\""},{"@Name":"ParentUser","#text":"SERVER002\\admin_test"}]}}}
{"Event":{"System":{"Provider":{"@Name":"Microsoft-Windows-Sysmon","@Guid":"5770385f-c22a-43e0-bf4c-06f5698ffbd9"},"EventID":"5","Version":"3","Level":"4","Task":"5","Opcode":"0","Keywords":"0x8000000000000000","TimeCreated":{"@SystemTime":"2024-10-26 17:32:41.5405128"},"EventRecordID":"18427","Correlation":null,"Execution":{"@ProcessID":"3032","@ThreadID":"3964"},"Channel":"Microsoft-Windows-Sysmon/Operational","Computer":"Server002","Security":{"@UserID":"S-1-5-18"}},"EventData":{"Data":[{"@Name":"RuleName","#text":"-"},{"@Name":"UtcTime","#text":"2024-10-26 17:32:41.534"},{"@Name":"ProcessGuid","#text":"dbf410b3-27b9-671d-ac01-000000003900"},{"@Name":"ProcessId","#text":"7140"},{"@Name":"Image","#text":"C:\\Windows\\SysWOW64\\taskkill.exe"},{"@Name":"User","#text":"SERVER002\\admin_test"}]}}}
{"Event":{"System":{"Provider":{"@Name":"Microsoft-Windows-Sysmon","@Guid":"5770385f-c22a-43e0-bf4c-06f5698ffbd9"},"EventID":"5","Version":"3","Level":"4","Task":"5","Opcode":"0","Keywords":"0x8000000000000000","TimeCreated":{"@SystemTime":"2024-10-26 17:32:41.5425663"},"EventRecordID":"18428","Correlation":null,"Execution":{"@ProcessID":"3032","@ThreadID":"3964"},"Channel":"Microsoft-Windows-Sysmon/Operational","Computer":"Server002","Security":{"@UserID":"S-1-5-18"}},"EventData":{"Data":[{"@Name":"RuleName","#text":"-"},{"@Name":"UtcTime","#text":"2024-10-26 17:32:41.534"},{"@Name":"ProcessGuid","#text":"dbf410b3-27b9-671d-ad01-000000003900"},{"@Name":"ProcessId","#text":"4884"},{"@Name":"Image","#text":"C:\\Windows\\System32\\conhost.exe"},{"@Name":"User","#text":"SERVER002\\admin_test"}]}}}
{"Event":{"System":{"Provider":{"@Name":"Microsoft-Windows-Sysmon","@Guid":"5770385f-c22a-43e0-bf4c-06f5698ffbd9"},"EventID":"1","Version":"5","Level":"4","Task":"1","Opcode":"0","Keywords":"0x8000000000000000","TimeCreated":{"@SystemTime":"2024-10-26 17:32:41.5478339"},"EventRecordID":"18429","Correlation":null,"Execution":{"@ProcessID":"3032","@ThreadID":"3964"},"Channel":"Microsoft-Windows-Sysmon/Operational","Computer":"Server002","Security":{"@UserID":"S-1-5-18"}},"EventData":{"Data":[{"@Name":"RuleName","#text":"-"},{"@Name":"UtcTime","#text":"2024-10-26 17:32:41.545"},{"@Name":"ProcessGuid","#text":"dbf410b3-27b9-671d-ae01-000000003900"},{"@Name":"ProcessId","#text":"1896"},{"@Name":"Image","#text":"C:\\Windows\\SysWOW64\\taskkill.exe"},{"@Name":"FileVersion","#text":"10.0.19041.1 (WinBuild.160101.0800)"},{"@Name":"Description","#text":"Terminates Processes"},{"@Name":"Product","#text":"Microsoft® Windows® Operating System"},{"@Name":"Company","#text":"Microsoft Corporation"},{"@Name":"OriginalFileName","#text":"taskkill.exe"},{"@Name":"CommandLine","#text":"\"taskkill.exe\" /f /im \"UltraViewer_Service.exe\""},{"@Name":"CurrentDirectory","#text":"C:\\Windows\\system32\\"},{"@Name":"User","#text":"SERVER002\\admin_test"},{"@Name":"LogonGuid","#text":"dbf410b3-278d-671d-0cae-120000000000"},{"@Name":"LogonId","#text":"0x12AE0C"},{"@Name":"TerminalSessionId","#text":"0"},{"@Name":"IntegrityLevel","#text":"High"},{"@Name":"Hashes","#text":"SHA256=4E664B35E8DE6C6B38E3231DFAF00744435FFB806E00355FECE1E0CC1D2121C1"},{"@Name":"ParentProcessGuid","#text":"dbf410b3-27a9-671d-d800-000000003900"},{"@Name":"ParentProcessId","#text":"6524"},{"@Name":"ParentImage","#text":"C:\\Users\\ADMIN_~1\\AppData\\Local\\Temp\\is-ETQNB.tmp\\T1219_UltraViewer.tmp"},{"@Name":"ParentCommandLine","#text":"\"C:\\Users\\ADMIN_~1\\AppData\\Local\\Temp\\is-ETQNB.tmp\\T1219_UltraViewer.tmp\" /SL5=\"$F007E,3233452,121344,C:\\Users\\ADMIN_~1\\AppData\\Local\\Temp\\ExternalPayloads\\T1219_UltraViewer.exe\" /silent "},{"@Name":"ParentUser","#text":"SERVER002\\admin_test"}]}}}
{"Event":{"System":{"Provider":{"@Name":"Microsoft-Windows-Sysmon","@Guid":"5770385f-c22a-43e0-bf4c-06f5698ffbd9"},"EventID":"1","Version":"5","Level":"4","Task":"1","Opcode":"0","Keywords":"0x8000000000000000","TimeCreated":{"@SystemTime":"2024-10-26 17:32:41.5525316"},"EventRecordID":"18430","Correlation":null,"Execution":{"@ProcessID":"3032","@ThreadID":"3964"},"Channel":"Microsoft-Windows-Sysmon/Operational","Computer":"Server002","Security":{"@UserID":"S-1-5-18"}},"EventData":{"Data":[{"@Name":"RuleName","#text":"-"},{"@Name":"UtcTime","#text":"2024-10-26 17:32:41.550"},{"@Name":"ProcessGuid","#text":"dbf410b3-27b9-671d-af01-000000003900"},{"@Name":"ProcessId","#text":"2236"},{"@Name":"Image","#text":"C:\\Windows\\System32\\conhost.exe"},{"@Name":"FileVersion","#text":"10.0.19041.4355 (WinBuild.160101.0800)"},{"@Name":"Description","#text":"Console Window Host"},{"@Name":"Product","#text":"Microsoft® Windows® Operating System"},{"@Name":"Company","#text":"Microsoft Corporation"},{"@Name":"OriginalFileName","#text":"CONHOST.EXE"},{"@Name":"CommandLine","#text":"\\??\\C:\\Windows\\system32\\conhost.exe 0xffffffff -ForceV1"},{"@Name":"CurrentDirectory","#text":"C:\\Windows"},{"@Name":"User","#text":"SERVER002\\admin_test"},{"@Name":"LogonGuid","#text":"dbf410b3-278d-671d-0cae-120000000000"},{"@Name":"LogonId","#text":"0x12AE0C"},{"@Name":"TerminalSessionId","#text":"0"},{"@Name":"IntegrityLevel","#text":"High"},{"@Name":"Hashes","#text":"SHA256=CC0A60CD15FA21E54615E46CD0F10CFBE86F496DC64D14B31D9F3B415D120EE1"},{"@Name":"ParentProcessGuid","#text":"dbf410b3-27b9-671d-ae01-000000003900"},{"@Name":"ParentProcessId","#text":"1896"},{"@Name":"ParentImage","#text":"C:\\Windows\\SysWOW64\\taskkill.exe"},{"@Name":"ParentCommandLine","#text":"\"taskkill.exe\" /f /im \"UltraViewer_Service.exe\""},{"@Name":"ParentUser","#text":"SERVER002\\admin_test"}]}}}
{"Event":{"System":{"Provider":{"@Name":"Microsoft-Windows-Sysmon","@Guid":"5770385f-c22a-43e0-bf4c-06f5698ffbd9"},"EventID":"5","Version":"3","Level":"4","Task":"5","Opcode":"0","Keywords":"0x8000000000000000","TimeCreated":{"@SystemTime":"2024-10-26 17:32:41.6484987"},"EventRecordID":"18431","Correlation":null,"Execution":{"@ProcessID":"3032","@ThreadID":"3964"},"Channel":"Microsoft-Windows-Sysmon/Operational","Computer":"Server002","Security":{"@UserID":"S-1-5-18"}},"EventData":{"Data":[{"@Name":"RuleName","#text":"-"},{"@Name":"UtcTime","#text":"2024-10-26 17:32:41.647"},{"@Name":"ProcessGuid","#text":"dbf410b3-27b9-671d-ae01-000000003900"},{"@Name":"ProcessId","#text":"1896"},{"@Name":"Image","#text":"C:\\Windows\\SysWOW64\\taskkill.exe"},{"@Name":"User","#text":"SERVER002\\admin_test"}]}}}
{"Event":{"System":{"Provider":{"@Name":"Microsoft-Windows-Sysmon","@Guid":"5770385f-c22a-43e0-bf4c-06f5698ffbd9"},"EventID":"5","Version":"3","Level":"4","Task":"5","Opcode":"0","Keywords":"0x8000000000000000","TimeCreated":{"@SystemTime":"2024-10-26 17:32:41.6498010"},"EventRecordID":"18432","Correlation":null,"Execution":{"@ProcessID":"3032","@ThreadID":"3964"},"Channel":"Microsoft-Windows-Sysmon/Operational","Computer":"Server002","Security":{"@UserID":"S-1-5-18"}},"EventData":{"Data":[{"@Name":"RuleName","#text":"-"},{"@Name":"UtcTime","#text":"2024-10-26 17:32:41.647"},{"@Name":"ProcessGuid","#text":"dbf410b3-27b9-671d-af01-000000003900"},{"@Name":"ProcessId","#text":"2236"},{"@Name":"Image","#text":"C:\\Windows\\System32\\conhost.exe"},{"@Name":"User","#text":"SERVER002\\admin_test"}]}}}
{"Event":{"System":{"Provider":{"@Name":"Microsoft-Windows-Sysmon","@Guid":"5770385f-c22a-43e0-bf4c-06f5698ffbd9"},"EventID":"1","Version":"5","Level":"4","Task":"1","Opcode":"0","Keywords":"0x8000000000000000","TimeCreated":{"@SystemTime":"2024-10-26 17:32:41.6601766"},"EventRecordID":"18433","Correlation":null,"Execution":{"@ProcessID":"3032","@ThreadID":"3964"},"Channel":"Microsoft-Windows-Sysmon/Operational","Computer":"Server002","Security":{"@UserID":"S-1-5-18"}},"EventData":{"Data":[{"@Name":"RuleName","#text":"-"},{"@Name":"UtcTime","#text":"2024-10-26 17:32:41.655"},{"@Name":"ProcessGuid","#text":"dbf410b3-27b9-671d-b001-000000003900"},{"@Name":"ProcessId","#text":"4404"},{"@Name":"Image","#text":"C:\\Windows\\SysWOW64\\taskkill.exe"},{"@Name":"FileVersion","#text":"10.0.19041.1 (WinBuild.160101.0800)"},{"@Name":"Description","#text":"Terminates Processes"},{"@Name":"Product","#text":"Microsoft® Windows® Operating System"},{"@Name":"Company","#text":"Microsoft Corporation"},{"@Name":"OriginalFileName","#text":"taskkill.exe"},{"@Name":"CommandLine","#text":"\"taskkill.exe\" /f /im \"UltraViewer_Desktop.exe\""},{"@Name":"CurrentDirectory","#text":"C:\\Windows\\system32\\"},{"@Name":"User","#text":"SERVER002\\admin_test"},{"@Name":"LogonGuid","#text":"dbf410b3-278d-671d-0cae-120000000000"},{"@Name":"LogonId","#text":"0x12AE0C"},{"@Name":"TerminalSessionId","#text":"0"},{"@Name":"IntegrityLevel","#text":"High"},{"@Name":"Hashes","#text":"SHA256=4E664B35E8DE6C6B38E3231DFAF00744435FFB806E00355FECE1E0CC1D2121C1"},{"@Name":"ParentProcessGuid","#text":"dbf410b3-27a9-671d-d800-000000003900"},{"@Name":"ParentProcessId","#text":"6524"},{"@Name":"ParentImage","#text":"C:\\Users\\ADMIN_~1\\AppData\\Local\\Temp\\is-ETQNB.tmp\\T1219_UltraViewer.tmp"},{"@Name":"ParentCommandLine","#text":"\"C:\\Users\\ADMIN_~1\\AppData\\Local\\Temp\\is-ETQNB.tmp\\T1219_UltraViewer.tmp\" /SL5=\"$F007E,3233452,121344,C:\\Users\\ADMIN_~1\\AppData\\Local\\Temp\\ExternalPayloads\\T1219_UltraViewer.exe\" /silent "},{"@Name":"ParentUser","#text":"SERVER002\\admin_test"}]}}}
{"Event":{"System":{"Provider":{"@Name":"Microsoft-Windows-Sysmon","@Guid":"5770385f-c22a-43e0-bf4c-06f5698ffbd9"},"EventID":"1","Version":"5","Level":"4","Task":"1","Opcode":"0","Keywords":"0x8000000000000000","TimeCreated":{"@SystemTime":"2024-10-26 17:32:41.6632980"},"EventRecordID":"18434","Correlation":null,"Execution":{"@ProcessID":"3032","@ThreadID":"3964"},"Channel":"Microsoft-Windows-Sysmon/Operational","Computer":"Server002","Security":{"@UserID":"S-1-5-18"}},"EventData":{"Data":[{"@Name":"RuleName","#text":"-"},{"@Name":"UtcTime","#text":"2024-10-26 17:32:41.660"},{"@Name":"ProcessGuid","#text":"dbf410b3-27b9-671d-b101-000000003900"},{"@Name":"ProcessId","#text":"3708"},{"@Name":"Image","#text":"C:\\Windows\\System32\\conhost.exe"},{"@Name":"FileVersion","#text":"10.0.19041.4355 (WinBuild.160101.0800)"},{"@Name":"Description","#text":"Console Window Host"},{"@Name":"Product","#text":"Microsoft® Windows® Operating System"},{"@Name":"Company","#text":"Microsoft Corporation"},{"@Name":"OriginalFileName","#text":"CONHOST.EXE"},{"@Name":"CommandLine","#text":"\\??\\C:\\Windows\\system32\\conhost.exe 0xffffffff -ForceV1"},{"@Name":"CurrentDirectory","#text":"C:\\Windows"},{"@Name":"User","#text":"SERVER002\\admin_test"},{"@Name":"LogonGuid","#text":"dbf410b3-278d-671d-0cae-120000000000"},{"@Name":"LogonId","#text":"0x12AE0C"},{"@Name":"TerminalSessionId","#text":"0"},{"@Name":"IntegrityLevel","#text":"High"},{"@Name":"Hashes","#text":"SHA256=CC0A60CD15FA21E54615E46CD0F10CFBE86F496DC64D14B31D9F3B415D120EE1"},{"@Name":"ParentProcessGuid","#text":"dbf410b3-27b9-671d-b001-000000003900"},{"@Name":"ParentProcessId","#text":"4404"},{"@Name":"ParentImage","#text":"C:\\Windows\\SysWOW64\\taskkill.exe"},{"@Name":"ParentCommandLine","#text":"\"taskkill.exe\" /f /im \"UltraViewer_Desktop.exe\""},{"@Name":"ParentUser","#text":"SERVER002\\admin_test"}]}}}
{"Event":{"System":{"Provider":{"@Name":"Microsoft-Windows-Sysmon","@Guid":"5770385f-c22a-43e0-bf4c-06f5698ffbd9"},"EventID":"5","Version":"3","Level":"4","Task":"5","Opcode":"0","Keywords":"0x8000000000000000","TimeCreated":{"@SystemTime":"2024-10-26 17:32:41.7537488"},"EventRecordID":"18435","Correlation":null,"Execution":{"@ProcessID":"3032","@ThreadID":"3964"},"Channel":"Microsoft-Windows-Sysmon/Operational","Computer":"Server002","Security":{"@UserID":"S-1-5-18"}},"EventData":{"Data":[{"@Name":"RuleName","#text":"-"},{"@Name":"UtcTime","#text":"2024-10-26 17:32:41.748"},{"@Name":"ProcessGuid","#text":"dbf410b3-27b9-671d-b001-000000003900"},{"@Name":"ProcessId","#text":"4404"},{"@Name":"Image","#text":"C:\\Windows\\SysWOW64\\taskkill.exe"},{"@Name":"User","#text":"SERVER002\\admin_test"}]}}}
{"Event":{"System":{"Provider":{"@Name":"Microsoft-Windows-Sysmon","@Guid":"5770385f-c22a-43e0-bf4c-06f5698ffbd9"},"EventID":"5","Version":"3","Level":"4","Task":"5","Opcode":"0","Keywords":"0x8000000000000000","TimeCreated":{"@SystemTime":"2024-10-26 17:32:41.7559314"},"EventRecordID":"18436","Correlation":null,"Execution":{"@ProcessID":"3032","@ThreadID":"3964"},"Channel":"Microsoft-Windows-Sysmon/Operational","Computer":"Server002","Security":{"@UserID":"S-1-5-18"}},"EventData":{"Data":[{"@Name":"RuleName","#text":"-"},{"@Name":"UtcTime","#text":"2024-10-26 17:32:41.754"},{"@Name":"ProcessGuid","#text":"dbf410b3-27b9-671d-b101-000000003900"},{"@Name":"ProcessId","#text":"3708"},{"@Name":"Image","#text":"C:\\Windows\\System32\\conhost.exe"},{"@Name":"User","#text":"SERVER002\\admin_test"}]}}}
{"Event":{"System":{"Provider":{"@Name":"Microsoft-Windows-Sysmon","@Guid":"5770385f-c22a-43e0-bf4c-06f5698ffbd9"},"EventID":"1","Version":"5","Level":"4","Task":"1","Opcode":"0","Keywords":"0x8000000000000000","TimeCreated":{"@SystemTime":"2024-10-26 17:32:41.7618579"},"EventRecordID":"18437","Correlation":null,"Execution":{"@ProcessID":"3032","@ThreadID":"3964"},"Channel":"Microsoft-Windows-Sysmon/Operational","Computer":"Server002","Security":{"@UserID":"S-1-5-18"}},"EventData":{"Data":[{"@Name":"RuleName","#text":"-"},{"@Name":"UtcTime","#text":"2024-10-26 17:32:41.758"},{"@Name":"ProcessGuid","#text":"dbf410b3-27b9-671d-b201-000000003900"},{"@Name":"ProcessId","#text":"5048"},{"@Name":"Image","#text":"C:\\Windows\\SysWOW64\\taskkill.exe"},{"@Name":"FileVersion","#text":"10.0.19041.1 (WinBuild.160101.0800)"},{"@Name":"Description","#text":"Terminates Processes"},{"@Name":"Product","#text":"Microsoft® Windows® Operating System"},{"@Name":"Company","#text":"Microsoft Corporation"},{"@Name":"OriginalFileName","#text":"taskkill.exe"},{"@Name":"CommandLine","#text":"\"taskkill.exe\" /f /im \"UltraViewer_Service.exe\""},{"@Name":"CurrentDirectory","#text":"C:\\Windows\\system32\\"},{"@Name":"User","#text":"SERVER002\\admin_test"},{"@Name":"LogonGuid","#text":"dbf410b3-278d-671d-0cae-120000000000"},{"@Name":"LogonId","#text":"0x12AE0C"},{"@Name":"TerminalSessionId","#text":"0"},{"@Name":"IntegrityLevel","#text":"High"},{"@Name":"Hashes","#text":"SHA256=4E664B35E8DE6C6B38E3231DFAF00744435FFB806E00355FECE1E0CC1D2121C1"},{"@Name":"ParentProcessGuid","#text":"dbf410b3-27a9-671d-d800-000000003900"},{"@Name":"ParentProcessId","#text":"6524"},{"@Name":"ParentImage","#text":"C:\\Users\\ADMIN_~1\\AppData\\Local\\Temp\\is-ETQNB.tmp\\T1219_UltraViewer.tmp"},{"@Name":"ParentCommandLine","#text":"\"C:\\Users\\ADMIN_~1\\AppData\\Local\\Temp\\is-ETQNB.tmp\\T1219_UltraViewer.tmp\" /SL5=\"$F007E,3233452,121344,C:\\Users\\ADMIN_~1\\AppData\\Local\\Temp\\ExternalPayloads\\T1219_UltraViewer.exe\" /silent "},{"@Name":"ParentUser","#text":"SERVER002\\admin_test"}]}}}
{"Event":{"System":{"Provider":{"@Name":"Microsoft-Windows-Sysmon","@Guid":"5770385f-c22a-43e0-bf4c-06f5698ffbd9"},"EventID":"1","Version":"5","Level":"4","Task":"1","Opcode":"0","Keywords":"0x8000000000000000","TimeCreated":{"@SystemTime":"2024-10-26 17:32:41.7681762"},"EventRecordID":"18438","Correlation":null,"Execution":{"@ProcessID":"3032","@ThreadID":"3964"},"Channel":"Microsoft-Windows-Sysmon/Operational","Computer":"Server002","Security":{"@UserID":"S-1-5-18"}},"EventData":{"Data":[{"@Name":"RuleName","#text":"-"},{"@Name":"UtcTime","#text":"2024-10-26 17:32:41.766"},{"@Name":"ProcessGuid","#text":"dbf410b3-27b9-671d-b301-000000003900"},{"@Name":"ProcessId","#text":"5492"},{"@Name":"Image","#text":"C:\\Windows\\System32\\conhost.exe"},{"@Name":"FileVersion","#text":"10.0.19041.4355 (WinBuild.160101.0800)"},{"@Name":"Description","#text":"Console Window Host"},{"@Name":"Product","#text":"Microsoft® Windows® Operating System"},{"@Name":"Company","#text":"Microsoft Corporation"},{"@Name":"OriginalFileName","#text":"CONHOST.EXE"},{"@Name":"CommandLine","#text":"\\??\\C:\\Windows\\system32\\conhost.exe 0xffffffff -ForceV1"},{"@Name":"CurrentDirectory","#text":"C:\\Windows"},{"@Name":"User","#text":"SERVER002\\admin_test"},{"@Name":"LogonGuid","#text":"dbf410b3-278d-671d-0cae-120000000000"},{"@Name":"LogonId","#text":"0x12AE0C"},{"@Name":"TerminalSessionId","#text":"0"},{"@Name":"IntegrityLevel","#text":"High"},{"@Name":"Hashes","#text":"SHA256=CC0A60CD15FA21E54615E46CD0F10CFBE86F496DC64D14B31D9F3B415D120EE1"},{"@Name":"ParentProcessGuid","#text":"dbf410b3-27b9-671d-b201-000000003900"},{"@Name":"ParentProcessId","#text":"5048"},{"@Name":"ParentImage","#text":"C:\\Windows\\SysWOW64\\taskkill.exe"},{"@Name":"ParentCommandLine","#text":"\"taskkill.exe\" /f /im \"UltraViewer_Service.exe\""},{"@Name":"ParentUser","#text":"SERVER002\\admin_test"}]}}}
{"Event":{"System":{"Provider":{"@Name":"Microsoft-Windows-Sysmon","@Guid":"5770385f-c22a-43e0-bf4c-06f5698ffbd9"},"EventID":"5","Version":"3","Level":"4","Task":"5","Opcode":"0","Keywords":"0x8000000000000000","TimeCreated":{"@SystemTime":"2024-10-26 17:32:41.8637860"},"EventRecordID":"18439","Correlation":null,"Execution":{"@ProcessID":"3032","@ThreadID":"3964"},"Channel":"Microsoft-Windows-Sysmon/Operational","Computer":"Server002","Security":{"@UserID":"S-1-5-18"}},"EventData":{"Data":[{"@Name":"RuleName","#text":"-"},{"@Name":"UtcTime","#text":"2024-10-26 17:32:41.859"},{"@Name":"ProcessGuid","#text":"dbf410b3-27b9-671d-b201-000000003900"},{"@Name":"ProcessId","#text":"5048"},{"@Name":"Image","#text":"C:\\Windows\\SysWOW64\\taskkill.exe"},{"@Name":"User","#text":"SERVER002\\admin_test"}]}}}
{"Event":{"System":{"Provider":{"@Name":"Microsoft-Windows-Sysmon","@Guid":"5770385f-c22a-43e0-bf4c-06f5698ffbd9"},"EventID":"5","Version":"3","Level":"4","Task":"5","Opcode":"0","Keywords":"0x8000000000000000","TimeCreated":{"@SystemTime":"2024-10-26 17:32:41.8663336"},"EventRecordID":"18440","Correlation":null,"Execution":{"@ProcessID":"3032","@ThreadID":"3964"},"Channel":"Microsoft-Windows-Sysmon/Operational","Computer":"Server002","Security":{"@UserID":"S-1-5-18"}},"EventData":{"Data":[{"@Name":"RuleName","#text":"-"},{"@Name":"UtcTime","#text":"2024-10-26 17:32:41.859"},{"@Name":"ProcessGuid","#text":"dbf410b3-27b9-671d-b301-000000003900"},{"@Name":"ProcessId","#text":"5492"},{"@Name":"Image","#text":"C:\\Windows\\System32\\conhost.exe"},{"@Name":"User","#text":"SERVER002\\admin_test"}]}}}
{"Event":{"System":{"Provider":{"@Name":"Microsoft-Windows-Sysmon","@Guid":"5770385f-c22a-43e0-bf4c-06f5698ffbd9"},"EventID":"1","Version":"5","Level":"4","Task":"1","Opcode":"0","Keywords":"0x8000000000000000","TimeCreated":{"@SystemTime":"2024-10-26 17:32:41.8712490"},"EventRecordID":"18441","Correlation":null,"Execution":{"@ProcessID":"3032","@ThreadID":"3964"},"Channel":"Microsoft-Windows-Sysmon/Operational","Computer":"Server002","Security":{"@UserID":"S-1-5-18"}},"EventData":{"Data":[{"@Name":"RuleName","#text":"-"},{"@Name":"UtcTime","#text":"2024-10-26 17:32:41.868"},{"@Name":"ProcessGuid","#text":"dbf410b3-27b9-671d-b401-000000003900"},{"@Name":"ProcessId","#text":"5044"},{"@Name":"Image","#text":"C:\\Windows\\SysWOW64\\taskkill.exe"},{"@Name":"FileVersion","#text":"10.0.19041.1 (WinBuild.160101.0800)"},{"@Name":"Description","#text":"Terminates Processes"},{"@Name":"Product","#text":"Microsoft® Windows® Operating System"},{"@Name":"Company","#text":"Microsoft Corporation"},{"@Name":"OriginalFileName","#text":"taskkill.exe"},{"@Name":"CommandLine","#text":"\"taskkill.exe\" /f /im \"UltraViewer_Desktop.exe\""},{"@Name":"CurrentDirectory","#text":"C:\\Windows\\system32\\"},{"@Name":"User","#text":"SERVER002\\admin_test"},{"@Name":"LogonGuid","#text":"dbf410b3-278d-671d-0cae-120000000000"},{"@Name":"LogonId","#text":"0x12AE0C"},{"@Name":"TerminalSessionId","#text":"0"},{"@Name":"IntegrityLevel","#text":"High"},{"@Name":"Hashes","#text":"SHA256=4E664B35E8DE6C6B38E3231DFAF00744435FFB806E00355FECE1E0CC1D2121C1"},{"@Name":"ParentProcessGuid","#text":"dbf410b3-27a9-671d-d800-000000003900"},{"@Name":"ParentProcessId","#text":"6524"},{"@Name":"ParentImage","#text":"C:\\Users\\ADMIN_~1\\AppData\\Local\\Temp\\is-ETQNB.tmp\\T1219_UltraViewer.tmp"},{"@Name":"ParentCommandLine","#text":"\"C:\\Users\\ADMIN_~1\\AppData\\Local\\Temp\\is-ETQNB.tmp\\T1219_UltraViewer.tmp\" /SL5=\"$F007E,3233452,121344,C:\\Users\\ADMIN_~1\\AppData\\Local\\Temp\\ExternalPayloads\\T1219_UltraViewer.exe\" /silent "},{"@Name":"ParentUser","#text":"SERVER002\\admin_test"}]}}}
{"Event":{"System":{"Provider":{"@Name":"Microsoft-Windows-Sysmon","@Guid":"5770385f-c22a-43e0-bf4c-06f5698ffbd9"},"EventID":"1","Version":"5","Level":"4","Task":"1","Opcode":"0","Keywords":"0x8000000000000000","TimeCreated":{"@SystemTime":"2024-10-26 17:32:41.8764989"},"EventRecordID":"18442","Correlation":null,"Execution":{"@ProcessID":"3032","@ThreadID":"3964"},"Channel":"Microsoft-Windows-Sysmon/Operational","Computer":"Server002","Security":{"@UserID":"S-1-5-18"}},"EventData":{"Data":[{"@Name":"RuleName","#text":"-"},{"@Name":"UtcTime","#text":"2024-10-26 17:32:41.874"},{"@Name":"ProcessGuid","#text":"dbf410b3-27b9-671d-b501-000000003900"},{"@Name":"ProcessId","#text":"5656"},{"@Name":"Image","#text":"C:\\Windows\\System32\\conhost.exe"},{"@Name":"FileVersion","#text":"10.0.19041.4355 (WinBuild.160101.0800)"},{"@Name":"Description","#text":"Console Window Host"},{"@Name":"Product","#text":"Microsoft® Windows® Operating System"},{"@Name":"Company","#text":"Microsoft Corporation"},{"@Name":"OriginalFileName","#text":"CONHOST.EXE"},{"@Name":"CommandLine","#text":"\\??\\C:\\Windows\\system32\\conhost.exe 0xffffffff -ForceV1"},{"@Name":"CurrentDirectory","#text":"C:\\Windows"},{"@Name":"User","#text":"SERVER002\\admin_test"},{"@Name":"LogonGuid","#text":"dbf410b3-278d-671d-0cae-120000000000"},{"@Name":"LogonId","#text":"0x12AE0C"},{"@Name":"TerminalSessionId","#text":"0"},{"@Name":"IntegrityLevel","#text":"High"},{"@Name":"Hashes","#text":"SHA256=CC0A60CD15FA21E54615E46CD0F10CFBE86F496DC64D14B31D9F3B415D120EE1"},{"@Name":"ParentProcessGuid","#text":"dbf410b3-27b9-671d-b401-000000003900"},{"@Name":"ParentProcessId","#text":"5044"},{"@Name":"ParentImage","#text":"C:\\Windows\\SysWOW64\\taskkill.exe"},{"@Name":"ParentCommandLine","#text":"\"taskkill.exe\" /f /im \"UltraViewer_Desktop.exe\""},{"@Name":"ParentUser","#text":"SERVER002\\admin_test"}]}}}
{"Event":{"System":{"Provider":{"@Name":"Microsoft-Windows-Sysmon","@Guid":"5770385f-c22a-43e0-bf4c-06f5698ffbd9"},"EventID":"5","Version":"3","Level":"4","Task":"5","Opcode":"0","Keywords":"0x8000000000000000","TimeCreated":{"@SystemTime":"2024-10-26 17:32:41.9695692"},"EventRecordID":"18443","Correlation":null,"Execution":{"@ProcessID":"3032","@ThreadID":"3964"},"Channel":"Microsoft-Windows-Sysmon/Operational","Computer":"Server002","Security":{"@UserID":"S-1-5-18"}},"EventData":{"Data":[{"@Name":"RuleName","#text":"-"},{"@Name":"UtcTime","#text":"2024-10-26 17:32:41.968"},{"@Name":"ProcessGuid","#text":"dbf410b3-27b9-671d-b401-000000003900"},{"@Name":"ProcessId","#text":"5044"},{"@Name":"Image","#text":"C:\\Windows\\SysWOW64\\taskkill.exe"},{"@Name":"User","#text":"SERVER002\\admin_test"}]}}}
{"Event":{"System":{"Provider":{"@Name":"Microsoft-Windows-Sysmon","@Guid":"5770385f-c22a-43e0-bf4c-06f5698ffbd9"},"EventID":"5","Version":"3","Level":"4","Task":"5","Opcode":"0","Keywords":"0x8000000000000000","TimeCreated":{"@SystemTime":"2024-10-26 17:32:41.9715160"},"EventRecordID":"18444","Correlation":null,"Execution":{"@ProcessID":"3032","@ThreadID":"3964"},"Channel":"Microsoft-Windows-Sysmon/Operational","Computer":"Server002","Security":{"@UserID":"S-1-5-18"}},"EventData":{"Data":[{"@Name":"RuleName","#text":"-"},{"@Name":"UtcTime","#text":"2024-10-26 17:32:41.970"},{"@Name":"ProcessGuid","#text":"dbf410b3-27b9-671d-b501-000000003900"},{"@Name":"ProcessId","#text":"5656"},{"@Name":"Image","#text":"C:\\Windows\\System32\\conhost.exe"},{"@Name":"User","#text":"SERVER002\\admin_test"}]}}}
{"Event":{"System":{"Provider":{"@Name":"Microsoft-Windows-Sysmon","@Guid":"5770385f-c22a-43e0-bf4c-06f5698ffbd9"},"EventID":"1","Version":"5","Level":"4","Task":"1","Opcode":"0","Keywords":"0x8000000000000000","TimeCreated":{"@SystemTime":"2024-10-26 17:32:41.9765768"},"EventRecordID":"18445","Correlation":null,"Execution":{"@ProcessID":"3032","@ThreadID":"3964"},"Channel":"Microsoft-Windows-Sysmon/Operational","Computer":"Server002","Security":{"@UserID":"S-1-5-18"}},"EventData":{"Data":[{"@Name":"RuleName","#text":"-"},{"@Name":"UtcTime","#text":"2024-10-26 17:32:41.974"},{"@Name":"ProcessGuid","#text":"dbf410b3-27b9-671d-b601-000000003900"},{"@Name":"ProcessId","#text":"5896"},{"@Name":"Image","#text":"C:\\Windows\\SysWOW64\\taskkill.exe"},{"@Name":"FileVersion","#text":"10.0.19041.1 (WinBuild.160101.0800)"},{"@Name":"Description","#text":"Terminates Processes"},{"@Name":"Product","#text":"Microsoft® Windows® Operating System"},{"@Name":"Company","#text":"Microsoft Corporation"},{"@Name":"OriginalFileName","#text":"taskkill.exe"},{"@Name":"CommandLine","#text":"\"taskkill.exe\" /f /im \"UltraViewer_Service.exe\""},{"@Name":"CurrentDirectory","#text":"C:\\Windows\\system32\\"},{"@Name":"User","#text":"SERVER002\\admin_test"},{"@Name":"LogonGuid","#text":"dbf410b3-278d-671d-0cae-120000000000"},{"@Name":"LogonId","#text":"0x12AE0C"},{"@Name":"TerminalSessionId","#text":"0"},{"@Name":"IntegrityLevel","#text":"High"},{"@Name":"Hashes","#text":"SHA256=4E664B35E8DE6C6B38E3231DFAF00744435FFB806E00355FECE1E0CC1D2121C1"},{"@Name":"ParentProcessGuid","#text":"dbf410b3-27a9-671d-d800-000000003900"},{"@Name":"ParentProcessId","#text":"6524"},{"@Name":"ParentImage","#text":"C:\\Users\\ADMIN_~1\\AppData\\Local\\Temp\\is-ETQNB.tmp\\T1219_UltraViewer.tmp"},{"@Name":"ParentCommandLine","#text":"\"C:\\Users\\ADMIN_~1\\AppData\\Local\\Temp\\is-ETQNB.tmp\\T1219_UltraViewer.tmp\" /SL5=\"$F007E,3233452,121344,C:\\Users\\ADMIN_~1\\AppData\\Local\\Temp\\ExternalPayloads\\T1219_UltraViewer.exe\" /silent "},{"@Name":"ParentUser","#text":"SERVER002\\admin_test"}]}}}
{"Event":{"System":{"Provider":{"@Name":"Microsoft-Windows-Sysmon","@Guid":"5770385f-c22a-43e0-bf4c-06f5698ffbd9"},"EventID":"1","Version":"5","Level":"4","Task":"1","Opcode":"0","Keywords":"0x8000000000000000","TimeCreated":{"@SystemTime":"2024-10-26 17:32:41.9820568"},"EventRecordID":"18446","Correlation":null,"Execution":{"@ProcessID":"3032","@ThreadID":"3964"},"Channel":"Microsoft-Windows-Sysmon/Operational","Computer":"Server002","Security":{"@UserID":"S-1-5-18"}},"EventData":{"Data":[{"@Name":"RuleName","#text":"-"},{"@Name":"UtcTime","#text":"2024-10-26 17:32:41.980"},{"@Name":"ProcessGuid","#text":"dbf410b3-27b9-671d-b701-000000003900"},{"@Name":"ProcessId","#text":"4576"},{"@Name":"Image","#text":"C:\\Windows\\System32\\conhost.exe"},{"@Name":"FileVersion","#text":"10.0.19041.4355 (WinBuild.160101.0800)"},{"@Name":"Description","#text":"Console Window Host"},{"@Name":"Product","#text":"Microsoft® Windows® Operating System"},{"@Name":"Company","#text":"Microsoft Corporation"},{"@Name":"OriginalFileName","#text":"CONHOST.EXE"},{"@Name":"CommandLine","#text":"\\??\\C:\\Windows\\system32\\conhost.exe 0xffffffff -ForceV1"},{"@Name":"CurrentDirectory","#text":"C:\\Windows"},{"@Name":"User","#text":"SERVER002\\admin_test"},{"@Name":"LogonGuid","#text":"dbf410b3-278d-671d-0cae-120000000000"},{"@Name":"LogonId","#text":"0x12AE0C"},{"@Name":"TerminalSessionId","#text":"0"},{"@Name":"IntegrityLevel","#text":"High"},{"@Name":"Hashes","#text":"SHA256=CC0A60CD15FA21E54615E46CD0F10CFBE86F496DC64D14B31D9F3B415D120EE1"},{"@Name":"ParentProcessGuid","#text":"dbf410b3-27b9-671d-b601-000000003900"},{"@Name":"ParentProcessId","#text":"5896"},{"@Name":"ParentImage","#text":"C:\\Windows\\SysWOW64\\taskkill.exe"},{"@Name":"ParentCommandLine","#text":"\"taskkill.exe\" /f /im \"UltraViewer_Service.exe\""},{"@Name":"ParentUser","#text":"SERVER002\\admin_test"}]}}}
{"Event":{"System":{"Provider":{"@Name":"Microsoft-Windows-Sysmon","@Guid":"5770385f-c22a-43e0-bf4c-06f5698ffbd9"},"EventID":"5","Version":"3","Level":"4","Task":"5","Opcode":"0","Keywords":"0x8000000000000000","TimeCreated":{"@SystemTime":"2024-10-26 17:32:42.0770484"},"EventRecordID":"18447","Correlation":null,"Execution":{"@ProcessID":"3032","@ThreadID":"3964"},"Channel":"Microsoft-Windows-Sysmon/Operational","Computer":"Server002","Security":{"@UserID":"S-1-5-18"}},"EventData":{"Data":[{"@Name":"RuleName","#text":"-"},{"@Name":"UtcTime","#text":"2024-10-26 17:32:42.072"},{"@Name":"ProcessGuid","#text":"dbf410b3-27b9-671d-b601-000000003900"},{"@Name":"ProcessId","#text":"5896"},{"@Name":"Image","#text":"C:\\Windows\\SysWOW64\\taskkill.exe"},{"@Name":"User","#text":"SERVER002\\admin_test"}]}}}
