{"Event":{"System":{"Provider":{"@Name":"Microsoft-Windows-Sysmon","@Guid":"5770385f-c22a-43e0-bf4c-06f5698ffbd9"},"EventID":"5","Version":"3","Level":"4","Task":"5","Opcode":"0","Keywords":"0x8000000000000000","TimeCreated":{"@SystemTime":"2024-10-26 17:32:48.5999607"},"EventRecordID":"18694","Correlation":null,"Execution":{"@ProcessID":"3032","@ThreadID":"3964"},"Channel":"Microsoft-Windows-Sysmon/Operational","Computer":"Server002","Security":{"@UserID":"S-1-5-18"}},"EventData":{"Data":[{"@Name":"RuleName","#text":"-"},{"@Name":"UtcTime","#text":"2024-10-26 17:32:48.591"},{"@Name":"ProcessGuid","#text":"dbf410b3-27c0-671d-3702-000000003900"},{"@Name":"ProcessId","#text":"4740"},{"@Name":"Image","#text":"C:\\Windows\\System32\\conhost.exe"},{"@Name":"User","#text":"SERVER002\\admin_test"}]}}}
{"Event":{"System":{"Provider":{"@Name":"Microsoft-Windows-Sysmon","@Guid":"5770385f-c22a-43e0-bf4c-06f5698ffbd9"},"EventID":"1","Version":"5","Level":"4","Task":"1","Opcode":"0","Keywords":"0x8000000000000000","TimeCreated":{"@SystemTime":"2024-10-26 17:32:48.6046323"},"EventRecordID":"18695","Correlation":null,"Execution":{"@ProcessID":"3032","@ThreadID":"3964"},"Channel":"Microsoft-Windows-Sysmon/Operational","Computer":"Server002","Security":{"@UserID":"S-1-5-18"}},"EventData":{"Data":[{"@Name":"RuleName","#text":"-"},{"@Name":"UtcTime","#text":"2024-10-26 17:32:48.602"},{"@Name":"ProcessGuid","#text":"dbf410b3-27c0-671d-3802-000000003900"},{"@Name":"ProcessId","#text":"6968"},{"@Name":"Image","#text":"C:\\Windows\\SysWOW64\\taskkill.exe"},{"@Name":"FileVersion","#text":"10.0.19041.1 (WinBuild.160101.0800)"},{"@Name":"Description","#text":"Terminates Processes"},{"@Name":"Product","#text":"Microsoft® Windows® Operating System"},{"@Name":"Company","#text":"Microsoft Corporation"},{"@Name":"OriginalFileName","#text":"taskkill.exe"},{"@Name":"CommandLine","#text":"\"taskkill.exe\" /f /im \"UltraViewer_Service.exe\""},{"@Name":"CurrentDirectory","#text":"C:\\Windows\\system32\\"},{"@Name":"User","#text":"SERVER002\\admin_test"},{"@Name":"LogonGuid","#text":"dbf410b3-278d-671d-0cae-120000000000"},{"@Name":"LogonId","#text":"0x12AE0C"},{"@Name":"TerminalSessionId","#text":"0"},{"@Name":"IntegrityLevel","#text":"High"},{"@Name":"Hashes","#text":"SHA256=4E664B35E8DE6C6B38E3231DFAF00744435FFB806E00355FECE1E0CC1D2121C1"},{"@Name":"ParentProcessGuid","#text":"dbf410b3-27a9-671d-d800-000000003900"},{"@Name":"ParentProcessId","#text":"6524"},{"@Name":"ParentImage","#text":"C:\\Users\\ADMIN_~1\\AppData\\Local\\Temp\\is-ETQNB.tmp\\T1219_UltraViewer.tmp"},{"@Name":"ParentCommandLine","#text":"\"C:\\Users\\ADMIN_~1\\AppData\\Local\\Temp\\is-ETQNB.tmp\\T1219_UltraViewer.tmp\" /SL5=\"$F007E,3233452,121344,C:\\Users\\ADMIN_~1\\AppData\\Local\\Temp\\ExternalPayloads\\T1219_UltraViewer.exe\" /silent "},{"@Name":"ParentUser","#text":"SERVER002\\admin_test"}]}}}
{"Event":{"System":{"Provider":{"@Name":"Microsoft-Windows-Sysmon","@Guid":"5770385f-c22a-43e0-bf4c-06f5698ffbd9"},"EventID":"1","Version":"5","Level":"4","Task":"1","Opcode":"0","Keywords":"0x8000000000000000","TimeCreated":{"@SystemTime":"2024-10-26 17:32:48.6098365"},"EventRecordID":"18696","Correlation":null,"Execution":{"@ProcessID":"3032","@ThreadID":"3964"},"Channel":"Microsoft-Windows-Sysmon/Operational","Computer":"Server002","Security":{"@UserID":"S-1-5-18"}},"EventData":{"Data":[{"@Name":"RuleName","#text":"-"},{"@Name":"UtcTime","#text":"2024-10-26 17:32:48.607"},{"@Name":"ProcessGuid","#text":"dbf410b3-27c0-671d-3902-000000003900"},{"@Name":"ProcessId","#text":"3900"},{"@Name":"Image","#text":"C:\\Windows\\System32\\conhost.exe"},{"@Name":"FileVersion","#text":"10.0.19041.4355 (WinBuild.160101.0800)"},{"@Name":"Description","#text":"Console Window Host"},{"@Name":"Product","#text":"Microsoft® Windows® Operating System"},{"@Name":"Company","#text":"Microsoft Corporation"},{"@Name":"OriginalFileName","#text":"CONHOST.EXE"},{"@Name":"CommandLine","#text":"\\??\\C:\\Windows\\system32\\conhost.exe 0xffffffff -ForceV1"},{"@Name":"CurrentDirectory","#text":"C:\\Windows"},{"@Name":"User","#text":"SERVER002\\admin_test"},{"@Name":"LogonGuid","#text":"dbf410b3-278d-671d-0cae-120000000000"},{"@Name":"LogonId","#text":"0x12AE0C"},{"@Name":"TerminalSessionId","#text":"0"},{"@Name":"IntegrityLevel","#text":"High"},{"@Name":"Hashes","#text":"SHA256=CC0A60CD15FA21E54615E46CD0F10CFBE86F496DC64D14B31D9F3B415D120EE1"},{"@Name":"ParentProcessGuid","#text":"dbf410b3-27c0-671d-3802-000000003900"},{"@Name":"ParentProcessId","#text":"6968"},{"@Name":"ParentImage","#text":"C:\\Windows\\SysWOW64\\taskkill.exe"},{"@Name":"ParentCommandLine","#text":"\"taskkill.exe\" /f /im \"UltraViewer_Service.exe\""},{"@Name":"ParentUser","#text":"SERVER002\\admin_test"}]}}}
{"Event":{"System":{"Provider":{"@Name":"Microsoft-Windows-Sysmon","@Guid":"5770385f-c22a-43e0-bf4c-06f5698ffbd9"},"EventID":"5","Version":"3","Level":"4","Task":"5","Opcode":"0","Keywords":"0x8000000000000000","TimeCreated":{"@SystemTime":"2024-10-26 17:32:48.8174075"},"EventRecordID":"18697","Correlation":null,"Execution":{"@ProcessID":"3032","@ThreadID":"3964"},"Channel":"Microsoft-Windows-Sysmon/Operational","Computer":"Server002","Security":{"@UserID":"S-1-5-18"}},"EventData":{"Data":[{"@Name":"RuleName","#text":"-"},{"@Name":"UtcTime","#text":"2024-10-26 17:32:48.802"},{"@Name":"ProcessGuid","#text":"dbf410b3-27c0-671d-3802-000000003900"},{"@Name":"ProcessId","#text":"6968"},{"@Name":"Image","#text":"C:\\Windows\\SysWOW64\\taskkill.exe"},{"@Name":"User","#text":"SERVER002\\admin_test"}]}}}
{"Event":{"System":{"Provider":{"@Name":"Microsoft-Windows-Sysmon","@Guid":"5770385f-c22a-43e0-bf4c-06f5698ffbd9"},"EventID":"5","Version":"3","Level":"4","Task":"5","Opcode":"0","Keywords":"0x8000000000000000","TimeCreated":{"@SystemTime":"2024-10-26 17:32:48.8250090"},"EventRecordID":"18698","Correlation":null,"Execution":{"@ProcessID":"3032","@ThreadID":"3964"},"Channel":"Microsoft-Windows-Sysmon/Operational","Computer":"Server002","Security":{"@UserID":"S-1-5-18"}},"EventData":{"Data":[{"@Name":"RuleName","#text":"-"},{"@Name":"UtcTime","#text":"2024-10-26 17:32:48.816"},{"@Name":"ProcessGuid","#text":"dbf410b3-27c0-671d-3902-000000003900"},{"@Name":"ProcessId","#text":"3900"},{"@Name":"Image","#text":"C:\\Windows\\System32\\conhost.exe"},{"@Name":"User","#text":"SERVER002\\admin_test"}]}}}
{"Event":{"System":{"Provider":{"@Name":"Microsoft-Windows-Sysmon","@Guid":"5770385f-c22a-43e0-bf4c-06f5698ffbd9"},"EventID":"1","Version":"5","Level":"4","Task":"1","Opcode":"0","Keywords":"0x8000000000000000","TimeCreated":{"@SystemTime":"2024-10-26 17:32:48.8362300"},"EventRecordID":"18699","Correlation":null,"Execution":{"@ProcessID":"3032","@ThreadID":"3964"},"Channel":"Microsoft-Windows-Sysmon/Operational","Computer":"Server002","Security":{"@UserID":"S-1-5-18"}},"EventData":{"Data":[{"@Name":"RuleName","#text":"-"},{"@Name":"UtcTime","#text":"2024-10-26 17:32:48.824"},{"@Name":"ProcessGuid","#text":"dbf410b3-27c0-671d-3a02-000000003900"},{"@Name":"ProcessId","#text":"6980"},{"@Name":"Image","#text":"C:\\Windows\\SysWOW64\\taskkill.exe"},{"@Name":"FileVersion","#text":"10.0.19041.1 (WinBuild.160101.0800)"},{"@Name":"Description","#text":"Terminates Processes"},{"@Name":"Product","#text":"Microsoft® Windows® Operating System"},{"@Name":"Company","#text":"Microsoft Corporation"},{"@Name":"OriginalFileName","#text":"taskkill.exe"},{"@Name":"CommandLine","#text":"\"taskkill.exe\" /f /im \"UltraViewer_Desktop.exe\""},{"@Name":"CurrentDirectory","#text":"C:\\Windows\\system32\\"},{"@Name":"User","#text":"SERVER002\\admin_test"},{"@Name":"LogonGuid","#text":"dbf410b3-278d-671d-0cae-120000000000"},{"@Name":"LogonId","#text":"0x12AE0C"},{"@Name":"TerminalSessionId","#text":"0"},{"@Name":"IntegrityLevel","#text":"High"},{"@Name":"Hashes","#text":"SHA256=4E664B35E8DE6C6B38E3231DFAF00744435FFB806E00355FECE1E0CC1D2121C1"},{"@Name":"ParentProcessGuid","#text":"dbf410b3-27a9-671d-d800-000000003900"},{"@Name":"ParentProcessId","#text":"6524"},{"@Name":"ParentImage","#text":"C:\\Users\\ADMIN_~1\\AppData\\Local\\Temp\\is-ETQNB.tmp\\T1219_UltraViewer.tmp"},{"@Name":"ParentCommandLine","#text":"\"C:\\Users\\ADMIN_~1\\AppData\\Local\\Temp\\is-ETQNB.tmp\\T1219_UltraViewer.tmp\" /SL5=\"$F007E,3233452,121344,C:\\Users\\ADMIN_~1\\AppData\\Local\\Temp\\ExternalPayloads\\T1219_UltraViewer.exe\" /silent "},{"@Name":"ParentUser","#text":"SERVER002\\admin_test"}]}}}
{"Event":{"System":{"Provider":{"@Name":"Microsoft-Windows-Sysmon","@Guid":"5770385f-c22a-43e0-bf4c-06f5698ffbd9"},"EventID":"1","Version":"5","Level":"4","Task":"1","Opcode":"0","Keywords":"0x8000000000000000","TimeCreated":{"@SystemTime":"2024-10-26 17:32:48.8408055"},"EventRecordID":"18700","Correlation":null,"Execution":{"@ProcessID":"3032","@ThreadID":"3964"},"Channel":"Microsoft-Windows-Sysmon/Operational","Computer":"Server002","Security":{"@UserID":"S-1-5-18"}},"EventData":{"Data":[{"@Name":"RuleName","#text":"-"},{"@Name":"UtcTime","#text":"2024-10-26 17:32:48.838"},{"@Name":"ProcessGuid","#text":"dbf410b3-27c0-671d-3b02-000000003900"},{"@Name":"ProcessId","#text":"2204"},{"@Name":"Image","#text":"C:\\Windows\\System32\\conhost.exe"},{"@Name":"FileVersion","#text":"10.0.19041.4355 (WinBuild.160101.0800)"},{"@Name":"Description","#text":"Console Window Host"},{"@Name":"Product","#text":"Microsoft® Windows® Operating System"},{"@Name":"Company","#text":"Microsoft Corporation"},{"@Name":"OriginalFileName","#text":"CONHOST.EXE"},{"@Name":"CommandLine","#text":"\\??\\C:\\Windows\\system32\\conhost.exe 0xffffffff -ForceV1"},{"@Name":"CurrentDirectory","#text":"C:\\Windows"},{"@Name":"User","#text":"SERVER002\\admin_test"},{"@Name":"LogonGuid","#text":"dbf410b3-278d-671d-0cae-120000000000"},{"@Name":"LogonId","#text":"0x12AE0C"},{"@Name":"TerminalSessionId","#text":"0"},{"@Name":"IntegrityLevel","#text":"High"},{"@Name":"Hashes","#text":"SHA256=CC0A60CD15FA21E54615E46CD0F10CFBE86F496DC64D14B31D9F3B415D120EE1"},{"@Name":"ParentProcessGuid","#text":"dbf410b3-27c0-671d-3a02-000000003900"},{"@Name":"ParentProcessId","#text":"6980"},{"@Name":"ParentImage","#text":"C:\\Windows\\SysWOW64\\taskkill.exe"},{"@Name":"ParentCommandLine","#text":"\"taskkill.exe\" /f /im \"UltraViewer_Desktop.exe\""},{"@Name":"ParentUser","#text":"SERVER002\\admin_test"}]}}}
{"Event":{"System":{"Provider":{"@Name":"Microsoft-Windows-Sysmon","@Guid":"5770385f-c22a-43e0-bf4c-06f5698ffbd9"},"EventID":"5","Version":"3","Level":"4","Task":"5","Opcode":"0","Keywords":"0x8000000000000000","TimeCreated":{"@SystemTime":"2024-10-26 17:32:49.2867390"},"EventRecordID":"18701","Correlation":null,"Execution":{"@ProcessID":"3032","@ThreadID":"3964"},"Channel":"Microsoft-Windows-Sysmon/Operational","Computer":"Server002","Security":{"@UserID":"S-1-5-18"}},"EventData":{"Data":[{"@Name":"RuleName","#text":"-"},{"@Name":"UtcTime","#text":"2024-10-26 17:32:49.283"},{"@Name":"ProcessGuid","#text":"dbf410b3-27c0-671d-3a02-000000003900"},{"@Name":"ProcessId","#text":"6980"},{"@Name":"Image","#text":"C:\\Windows\\SysWOW64\\taskkill.exe"},{"@Name":"User","#text":"SERVER002\\admin_test"}]}}}
{"Event":{"System":{"Provider":{"@Name":"Microsoft-Windows-Sysmon","@Guid":"5770385f-c22a-43e0-bf4c-06f5698ffbd9"},"EventID":"5","Version":"3","Level":"4","Task":"5","Opcode":"0","Keywords":"0x8000000000000000","TimeCreated":{"@SystemTime":"2024-10-26 17:32:49.2913694"},"EventRecordID":"18702","Correlation":null,"Execution":{"@ProcessID":"3032","@ThreadID":"3964"},"Channel":"Microsoft-Windows-Sysmon/Operational","Computer":"Server002","Security":{"@UserID":"S-1-5-18"}},"EventData":{"Data":[{"@Name":"RuleName","#text":"-"},{"@Name":"UtcTime","#text":"2024-10-26 17:32:49.283"},{"@Name":"ProcessGuid","#text":"dbf410b3-27c0-671d-3b02-000000003900"},{"@Name":"ProcessId","#text":"2204"},{"@Name":"Image","#text":"C:\\Windows\\System32\\conhost.exe"},{"@Name":"User","#text":"SERVER002\\admin_test"}]}}}
{"Event":{"System":{"Provider":{"@Name":"Microsoft-Windows-Sysmon","@Guid":"5770385f-c22a-43e0-bf4c-06f5698ffbd9"},"EventID":"1","Version":"5","Level":"4","Task":"1","Opcode":"0","Keywords":"0x8000000000000000","TimeCreated":{"@SystemTime":"2024-10-26 17:32:49.3023892"},"EventRecordID":"18703","Correlation":null,"Execution":{"@ProcessID":"3032","@ThreadID":"3964"},"Channel":"Microsoft-Windows-Sysmon/Operational","Computer":"Server002","Security":{"@UserID":"S-1-5-18"}},"EventData":{"Data":[{"@Name":"RuleName","#text":"-"},{"@Name":"UtcTime","#text":"2024-10-26 17:32:49.293"},{"@Name":"ProcessGuid","#text":"dbf410b3-27c1-671d-3c02-000000003900"},{"@Name":"ProcessId","#text":"3828"},{"@Name":"Image","#text":"C:\\Windows\\SysWOW64\\taskkill.exe"},{"@Name":"FileVersion","#text":"10.0.19041.1 (WinBuild.160101.0800)"},{"@Name":"Description","#text":"Terminates Processes"},{"@Name":"Product","#text":"Microsoft® Windows® Operating System"},{"@Name":"Company","#text":"Microsoft Corporation"},{"@Name":"OriginalFileName","#text":"taskkill.exe"},{"@Name":"CommandLine","#text":"\"taskkill.exe\" /f /im \"UltraViewer_Service.exe\""},{"@Name":"CurrentDirectory","#text":"C:\\Windows\\system32\\"},{"@Name":"User","#text":"SERVER002\\admin_test"},{"@Name":"LogonGuid","#text":"dbf410b3-278d-671d-0cae-120000000000"},{"@Name":"LogonId","#text":"0x12AE0C"},{"@Name":"TerminalSessionId","#text":"0"},{"@Name":"IntegrityLevel","#text":"High"},{"@Name":"Hashes","#text":"SHA256=4E664B35E8DE6C6B38E3231DFAF00744435FFB806E00355FECE1E0CC1D2121C1"},{"@Name":"ParentProcessGuid","#text":"dbf410b3-27a9-671d-d800-000000003900"},{"@Name":"ParentProcessId","#text":"6524"},{"@Name":"ParentImage","#text":"C:\\Users\\ADMIN_~1\\AppData\\Local\\Temp\\is-ETQNB.tmp\\T1219_UltraViewer.tmp"},{"@Name":"ParentCommandLine","#text":"\"C:\\Users\\ADMIN_~1\\AppData\\Local\\Temp\\is-ETQNB.tmp\\T1219_UltraViewer.tmp\" /SL5=\"$F007E,3233452,121344,C:\\Users\\ADMIN_~1\\AppData\\Local\\Temp\\ExternalPayloads\\T1219_UltraViewer.exe\" /silent "},{"@Name":"ParentUser","#text":"SERVER002\\admin_test"}]}}}
{"Event":{"System":{"Provider":{"@Name":"Microsoft-Windows-Sysmon","@Guid":"5770385f-c22a-43e0-bf4c-06f5698ffbd9"},"EventID":"1","Version":"5","Level":"4","Task":"1","Opcode":"0","Keywords":"0x8000000000000000","TimeCreated":{"@SystemTime":"2024-10-26 17:32:49.3419707"},"EventRecordID":"18704","Correlation":null,"Execution":{"@ProcessID":"3032","@ThreadID":"3964"},"Channel":"Microsoft-Windows-Sysmon/Operational","Computer":"Server002","Security":{"@UserID":"S-1-5-18"}},"EventData":{"Data":[{"@Name":"RuleName","#text":"-"},{"@Name":"UtcTime","#text":"2024-10-26 17:32:49.337"},{"@Name":"ProcessGuid","#text":"dbf410b3-27c1-671d-3d02-000000003900"},{"@Name":"ProcessId","#text":"5344"},{"@Name":"Image","#text":"C:\\Windows\\System32\\conhost.exe"},{"@Name":"FileVersion","#text":"10.0.19041.4355 (WinBuild.160101.0800)"},{"@Name":"Description","#text":"Console Window Host"},{"@Name":"Product","#text":"Microsoft® Windows® Operating System"},{"@Name":"Company","#text":"Microsoft Corporation"},{"@Name":"OriginalFileName","#text":"CONHOST.EXE"},{"@Name":"CommandLine","#text":"\\??\\C:\\Windows\\system32\\conhost.exe 0xffffffff -ForceV1"},{"@Name":"CurrentDirectory","#text":"C:\\Windows"},{"@Name":"User","#text":"SERVER002\\admin_test"},{"@Name":"LogonGuid","#text":"dbf410b3-278d-671d-0cae-120000000000"},{"@Name":"LogonId","#text":"0x12AE0C"},{"@Name":"TerminalSessionId","#text":"0"},{"@Name":"IntegrityLevel","#text":"High"},{"@Name":"Hashes","#text":"SHA256=CC0A60CD15FA21E54615E46CD0F10CFBE86F496DC64D14B31D9F3B415D120EE1"},{"@Name":"ParentProcessGuid","#text":"dbf410b3-27c1-671d-3c02-000000003900"},{"@Name":"ParentProcessId","#text":"3828"},{"@Name":"ParentImage","#text":"C:\\Windows\\SysWOW64\\taskkill.exe"},{"@Name":"ParentCommandLine","#text":"\"taskkill.exe\" /f /im \"UltraViewer_Service.exe\""},{"@Name":"ParentUser","#text":"SERVER002\\admin_test"}]}}}
{"Event":{"System":{"Provider":{"@Name":"Microsoft-Windows-Sysmon","@Guid":"5770385f-c22a-43e0-bf4c-06f5698ffbd9"},"EventID":"5","Version":"3","Level":"4","Task":"5","Opcode":"0","Keywords":"0x8000000000000000","TimeCreated":{"@SystemTime":"2024-10-26 17:32:49.6375540"},"EventRecordID":"18705","Correlation":null,"Execution":{"@ProcessID":"3032","@ThreadID":"3964"},"Channel":"Microsoft-Windows-Sysmon/Operational","Computer":"Server002","Security":{"@UserID":"S-1-5-18"}},"EventData":{"Data":[{"@Name":"RuleName","#text":"-"},{"@Name":"UtcTime","#text":"2024-10-26 17:32:49.629"},{"@Name":"ProcessGuid","#text":"dbf410b3-27c1-671d-3c02-000000003900"},{"@Name":"ProcessId","#text":"3828"},{"@Name":"Image","#text":"C:\\Windows\\SysWOW64\\taskkill.exe"},{"@Name":"User","#text":"SERVER002\\admin_test"}]}}}
{"Event":{"System":{"Provider":{"@Name":"Microsoft-Windows-Sysmon","@Guid":"5770385f-c22a-43e0-bf4c-06f5698ffbd9"},"EventID":"5","Version":"3","Level":"4","Task":"5","Opcode":"0","Keywords":"0x8000000000000000","TimeCreated":{"@SystemTime":"2024-10-26 17:32:49.6471677"},"EventRecordID":"18706","Correlation":null,"Execution":{"@ProcessID":"3032","@ThreadID":"3964"},"Channel":"Microsoft-Windows-Sysmon/Operational","Computer":"Server002","Security":{"@UserID":"S-1-5-18"}},"EventData":{"Data":[{"@Name":"RuleName","#text":"-"},{"@Name":"UtcTime","#text":"2024-10-26 17:32:49.629"},{"@Name":"ProcessGuid","#text":"dbf410b3-27c1-671d-3d02-000000003900"},{"@Name":"ProcessId","#text":"5344"},{"@Name":"Image","#text":"C:\\Windows\\System32\\conhost.exe"},{"@Name":"User","#text":"SERVER002\\admin_test"}]}}}
{"Event":{"System":{"Provider":{"@Name":"Microsoft-Windows-Sysmon","@Guid":"5770385f-c22a-43e0-bf4c-06f5698ffbd9"},"EventID":"1","Version":"5","Level":"4","Task":"1","Opcode":"0","Keywords":"0x8000000000000000","TimeCreated":{"@SystemTime":"2024-10-26 17:32:49.6499870"},"EventRecordID":"18707","Correlation":null,"Execution":{"@ProcessID":"3032","@ThreadID":"3964"},"Channel":"Microsoft-Windows-Sysmon/Operational","Computer":"Server002","Security":{"@UserID":"S-1-5-18"}},"EventData":{"Data":[{"@Name":"RuleName","#text":"-"},{"@Name":"UtcTime","#text":"2024-10-26 17:32:49.646"},{"@Name":"ProcessGuid","#text":"dbf410b3-27c1-671d-3e02-000000003900"},{"@Name":"ProcessId","#text":"3008"},{"@Name":"Image","#text":"C:\\Windows\\SysWOW64\\taskkill.exe"},{"@Name":"FileVersion","#text":"10.0.19041.1 (WinBuild.160101.0800)"},{"@Name":"Description","#text":"Terminates Processes"},{"@Name":"Product","#text":"Microsoft® Windows® Operating System"},{"@Name":"Company","#text":"Microsoft Corporation"},{"@Name":"OriginalFileName","#text":"taskkill.exe"},{"@Name":"CommandLine","#text":"\"taskkill.exe\" /f /im \"UltraViewer_Desktop.exe\""},{"@Name":"CurrentDirectory","#text":"C:\\Windows\\system32\\"},{"@Name":"User","#text":"SERVER002\\admin_test"},{"@Name":"LogonGuid","#text":"dbf410b3-278d-671d-0cae-120000000000"},{"@Name":"LogonId","#text":"0x12AE0C"},{"@Name":"TerminalSessionId","#text":"0"},{"@Name":"IntegrityLevel","#text":"High"},{"@Name":"Hashes","#text":"SHA256=4E664B35E8DE6C6B38E3231DFAF00744435FFB806E00355FECE1E0CC1D2121C1"},{"@Name":"ParentProcessGuid","#text":"dbf410b3-27a9-671d-d800-000000003900"},{"@Name":"ParentProcessId","#text":"6524"},{"@Name":"ParentImage","#text":"C:\\Users\\ADMIN_~1\\AppData\\Local\\Temp\\is-ETQNB.tmp\\T1219_UltraViewer.tmp"},{"@Name":"ParentCommandLine","#text":"\"C:\\Users\\ADMIN_~1\\AppData\\Local\\Temp\\is-ETQNB.tmp\\T1219_UltraViewer.tmp\" /SL5=\"$F007E,3233452,121344,C:\\Users\\ADMIN_~1\\AppData\\Local\\Temp\\ExternalPayloads\\T1219_UltraViewer.exe\" /silent "},{"@Name":"ParentUser","#text":"SERVER002\\admin_test"}]}}}
{"Event":{"System":{"Provider":{"@Name":"Microsoft-Windows-Sysmon","@Guid":"5770385f-c22a-43e0-bf4c-06f5698ffbd9"},"EventID":"1","Version":"5","Level":"4","Task":"1","Opcode":"0","Keywords":"0x8000000000000000","TimeCreated":{"@SystemTime":"2024-10-26 17:32:49.6573222"},"EventRecordID":"18708","Correlation":null,"Execution":{"@ProcessID":"3032","@ThreadID":"3964"},"Channel":"Microsoft-Windows-Sysmon/Operational","Computer":"Server002","Security":{"@UserID":"S-1-5-18"}},"EventData":{"Data":[{"@Name":"RuleName","#text":"-"},{"@Name":"UtcTime","#text":"2024-10-26 17:32:49.653"},{"@Name":"ProcessGuid","#text":"dbf410b3-27c1-671d-3f02-000000003900"},{"@Name":"ProcessId","#text":"5804"},{"@Name":"Image","#text":"C:\\Windows\\System32\\conhost.exe"},{"@Name":"FileVersion","#text":"10.0.19041.4355 (WinBuild.160101.0800)"},{"@Name":"Description","#text":"Console Window Host"},{"@Name":"Product","#text":"Microsoft® Windows® Operating System"},{"@Name":"Company","#text":"Microsoft Corporation"},{"@Name":"OriginalFileName","#text":"CONHOST.EXE"},{"@Name":"CommandLine","#text":"\\??\\C:\\Windows\\system32\\conhost.exe 0xffffffff -ForceV1"},{"@Name":"CurrentDirectory","#text":"C:\\Windows"},{"@Name":"User","#text":"SERVER002\\admin_test"},{"@Name":"LogonGuid","#text":"dbf410b3-278d-671d-0cae-120000000000"},{"@Name":"LogonId","#text":"0x12AE0C"},{"@Name":"TerminalSessionId","#text":"0"},{"@Name":"IntegrityLevel","#text":"High"},{"@Name":"Hashes","#text":"SHA256=CC0A60CD15FA21E54615E46CD0F10CFBE86F496DC64D14B31D9F3B415D120EE1"},{"@Name":"ParentProcessGuid","#text":"dbf410b3-27c1-671d-3e02-000000003900"},{"@Name":"ParentProcessId","#text":"3008"},{"@Name":"ParentImage","#text":"C:\\Windows\\SysWOW64\\taskkill.exe"},{"@Name":"ParentCommandLine","#text":"\"taskkill.exe\" /f /im \"UltraViewer_Desktop.exe\""},{"@Name":"ParentUser","#text":"SERVER002\\admin_test"}]}}}
{"Event":{"System":{"Provider":{"@Name":"Microsoft-Windows-Sysmon","@Guid":"5770385f-c22a-43e0-bf4c-06f5698ffbd9"},"EventID":"5","Version":"3","Level":"4","Task":"5","Opcode":"0","Keywords":"0x8000000000000000","TimeCreated":{"@SystemTime":"2024-10-26 17:32:49.7954372"},"EventRecordID":"18709","Correlation":null,"Execution":{"@ProcessID":"3032","@ThreadID":"3964"},"Channel":"Microsoft-Windows-Sysmon/Operational","Computer":"Server002","Security":{"@UserID":"S-1-5-18"}},"EventData":{"Data":[{"@Name":"RuleName","#text":"-"},{"@Name":"UtcTime","#text":"2024-10-26 17:32:49.776"},{"@Name":"ProcessGuid","#text":"dbf410b3-27c1-671d-3e02-000000003900"},{"@Name":"ProcessId","#text":"3008"},{"@Name":"Image","#text":"C:\\Windows\\SysWOW64\\taskkill.exe"},{"@Name":"User","#text":"SERVER002\\admin_test"}]}}}
{"Event":{"System":{"Provider":{"@Name":"Microsoft-Windows-Sysmon","@Guid":"5770385f-c22a-43e0-bf4c-06f5698ffbd9"},"EventID":"5","Version":"3","Level":"4","Task":"5","Opcode":"0","Keywords":"0x8000000000000000","TimeCreated":{"@SystemTime":"2024-10-26 17:32:49.8034555"},"EventRecordID":"18710","Correlation":null,"Execution":{"@ProcessID":"3032","@ThreadID":"3964"},"Channel":"Microsoft-Windows-Sysmon/Operational","Computer":"Server002","Security":{"@UserID":"S-1-5-18"}},"EventData":{"Data":[{"@Name":"RuleName","#text":"-"},{"@Name":"UtcTime","#text":"2024-10-26 17:32:49.776"},{"@Name":"ProcessGuid","#text":"dbf410b3-27c1-671d-3f02-000000003900"},{"@Name":"ProcessId","#text":"5804"},{"@Name":"Image","#text":"C:\\Windows\\System32\\conhost.exe"},{"@Name":"User","#text":"SERVER002\\admin_test"}]}}}
{"Event":{"System":{"Provider":{"@Name":"Microsoft-Windows-Sysmon","@Guid":"5770385f-c22a-43e0-bf4c-06f5698ffbd9"},"EventID":"1","Version":"5","Level":"4","Task":"1","Opcode":"0","Keywords":"0x8000000000000000","TimeCreated":{"@SystemTime":"2024-10-26 17:32:49.8038446"},"EventRecordID":"18711","Correlation":null,"Execution":{"@ProcessID":"3032","@ThreadID":"3964"},"Channel":"Microsoft-Windows-Sysmon/Operational","Computer":"Server002","Security":{"@UserID":"S-1-5-18"}},"EventData":{"Data":[{"@Name":"RuleName","#text":"-"},{"@Name":"UtcTime","#text":"2024-10-26 17:32:49.799"},{"@Name":"ProcessGuid","#text":"dbf410b3-27c1-671d-4002-000000003900"},{"@Name":"ProcessId","#text":"6536"},{"@Name":"Image","#text":"C:\\Windows\\SysWOW64\\taskkill.exe"},{"@Name":"FileVersion","#text":"10.0.19041.1 (WinBuild.160101.0800)"},{"@Name":"Description","#text":"Terminates Processes"},{"@Name":"Product","#text":"Microsoft® Windows® Operating System"},{"@Name":"Company","#text":"Microsoft Corporation"},{"@Name":"OriginalFileName","#text":"taskkill.exe"},{"@Name":"CommandLine","#text":"\"taskkill.exe\" /f /im \"UltraViewer_Service.exe\""},{"@Name":"CurrentDirectory","#text":"C:\\Windows\\system32\\"},{"@Name":"User","#text":"SERVER002\\admin_test"},{"@Name":"LogonGuid","#text":"dbf410b3-278d-671d-0cae-120000000000"},{"@Name":"LogonId","#text":"0x12AE0C"},{"@Name":"TerminalSessionId","#text":"0"},{"@Name":"IntegrityLevel","#text":"High"},{"@Name":"Hashes","#text":"SHA256=4E664B35E8DE6C6B38E3231DFAF00744435FFB806E00355FECE1E0CC1D2121C1"},{"@Name":"ParentProcessGuid","#text":"dbf410b3-27a9-671d-d800-000000003900"},{"@Name":"ParentProcessId","#text":"6524"},{"@Name":"ParentImage","#text":"C:\\Users\\ADMIN_~1\\AppData\\Local\\Temp\\is-ETQNB.tmp\\T1219_UltraViewer.tmp"},{"@Name":"ParentCommandLine","#text":"\"C:\\Users\\ADMIN_~1\\AppData\\Local\\Temp\\is-ETQNB.tmp\\T1219_UltraViewer.tmp\" /SL5=\"$F007E,3233452,121344,C:\\Users\\ADMIN_~1\\AppData\\Local\\Temp\\ExternalPayloads\\T1219_UltraViewer.exe\" /silent "},{"@Name":"ParentUser","#text":"SERVER002\\admin_test"}]}}}
{"Event":{"System":{"Provider":{"@Name":"Microsoft-Windows-Sysmon","@Guid":"5770385f-c22a-43e0-bf4c-06f5698ffbd9"},"EventID":"1","Version":"5","Level":"4","Task":"1","Opcode":"0","Keywords":"0x8000000000000000","TimeCreated":{"@SystemTime":"2024-10-26 17:32:49.8132476"},"EventRecordID":"18712","Correlation":null,"Execution":{"@ProcessID":"3032","@ThreadID":"3964"},"Channel":"Microsoft-Windows-Sysmon/Operational","Computer":"Server002","Security":{"@UserID":"S-1-5-18"}},"EventData":{"Data":[{"@Name":"RuleName","#text":"-"},{"@Name":"UtcTime","#text":"2024-10-26 17:32:49.810"},{"@Name":"ProcessGuid","#text":"dbf410b3-27c1-671d-4102-000000003900"},{"@Name":"ProcessId","#text":"1700"},{"@Name":"Image","#text":"C:\\Windows\\System32\\conhost.exe"},{"@Name":"FileVersion","#text":"10.0.19041.4355 (WinBuild.160101.0800)"},{"@Name":"Description","#text":"Console Window Host"},{"@Name":"Product","#text":"Microsoft® Windows® Operating System"},{"@Name":"Company","#text":"Microsoft Corporation"},{"@Name":"OriginalFileName","#text":"CONHOST.EXE"},{"@Name":"CommandLine","#text":"\\??\\C:\\Windows\\system32\\conhost.exe 0xffffffff -ForceV1"},{"@Name":"CurrentDirectory","#text":"C:\\Windows"},{"@Name":"User","#text":"SERVER002\\admin_test"},{"@Name":"LogonGuid","#text":"dbf410b3-278d-671d-0cae-120000000000"},{"@Name":"LogonId","#text":"0x12AE0C"},{"@Name":"TerminalSessionId","#text":"0"},{"@Name":"IntegrityLevel","#text":"High"},{"@Name":"Hashes","#text":"SHA256=CC0A60CD15FA21E54615E46CD0F10CFBE86F496DC64D14B31D9F3B415D120EE1"},{"@Name":"ParentProcessGuid","#text":"dbf410b3-27c1-671d-4002-000000003900"},{"@Name":"ParentProcessId","#text":"6536"},{"@Name":"ParentImage","#text":"C:\\Windows\\SysWOW64\\taskkill.exe"},{"@Name":"ParentCommandLine","#text":"\"taskkill.exe\" /f /im \"UltraViewer_Service.exe\""},{"@Name":"ParentUser","#text":"SERVER002\\admin_test"}]}}}
{"Event":{"System":{"Provider":{"@Name":"Microsoft-Windows-Sysmon","@Guid":"5770385f-c22a-43e0-bf4c-06f5698ffbd9"},"EventID":"5","Version":"3","Level":"4","Task":"5","Opcode":"0","Keywords":"0x8000000000000000","TimeCreated":{"@SystemTime":"2024-10-26 17:32:49.9334375"},"EventRecordID":"18713","Correlation":null,"Execution":{"@ProcessID":"3032","@ThreadID":"3964"},"Channel":"Microsoft-Windows-Sysmon/Operational","Computer":"Server002","Security":{"@UserID":"S-1-5-18"}},"EventData":{"Data":[{"@Name":"RuleName","#text":"-"},{"@Name":"UtcTime","#text":"2024-10-26 17:32:49.929"},{"@Name":"ProcessGuid","#text":"dbf410b3-27c1-671d-4002-000000003900"},{"@Name":"ProcessId","#text":"6536"},{"@Name":"Image","#text":"C:\\Windows\\SysWOW64\\taskkill.exe"},{"@Name":"User","#text":"SERVER002\\admin_test"}]}}}
{"Event":{"System":{"Provider":{"@Name":"Microsoft-Windows-Sysmon","@Guid":"5770385f-c22a-43e0-bf4c-06f5698ffbd9"},"EventID":"5","Version":"3","Level":"4","Task":"5","Opcode":"0","Keywords":"0x8000000000000000","TimeCreated":{"@SystemTime":"2024-10-26 17:32:49.9496921"},"EventRecordID":"18714","Correlation":null,"Execution":{"@ProcessID":"3032","@ThreadID":"3964"},"Channel":"Microsoft-Windows-Sysmon/Operational","Computer":"Server002","Security":{"@UserID":"S-1-5-18"}},"EventData":{"Data":[{"@Name":"RuleName","#text":"-"},{"@Name":"UtcTime","#text":"2024-10-26 17:32:49.941"},{"@Name":"ProcessGuid","#text":"dbf410b3-27c1-671d-4102-000000003900"},{"@Name":"ProcessId","#text":"1700"},{"@Name":"Image","#text":"C:\\Windows\\System32\\conhost.exe"},{"@Name":"User","#text":"SERVER002\\admin_test"}]}}}
{"Event":{"System":{"Provider":{"@Name":"Microsoft-Windows-Sysmon","@Guid":"5770385f-c22a-43e0-bf4c-06f5698ffbd9"},"EventID":"1","Version":"5","Level":"4","Task":"1","Opcode":"0","Keywords":"0x8000000000000000","TimeCreated":{"@SystemTime":"2024-10-26 17:32:49.9675943"},"EventRecordID":"18715","Correlation":null,"Execution":{"@ProcessID":"3032","@ThreadID":"3964"},"Channel":"Microsoft-Windows-Sysmon/Operational","Computer":"Server002","Security":{"@UserID":"S-1-5-18"}},"EventData":{"Data":[{"@Name":"RuleName","#text":"-"},{"@Name":"UtcTime","#text":"2024-10-26 17:32:49.954"},{"@Name":"ProcessGuid","#text":"dbf410b3-27c1-671d-4202-000000003900"},{"@Name":"ProcessId","#text":"2240"},{"@Name":"Image","#text":"C:\\Windows\\SysWOW64\\taskkill.exe"},{"@Name":"FileVersion","#text":"10.0.19041.1 (WinBuild.160101.0800)"},{"@Name":"Description","#text":"Terminates Processes"},{"@Name":"Product","#text":"Microsoft® Windows® Operating System"},{"@Name":"Company","#text":"Microsoft Corporation"},{"@Name":"OriginalFileName","#text":"taskkill.exe"},{"@Name":"CommandLine","#text":"\"taskkill.exe\" /f /im \"UltraViewer_Desktop.exe\""},{"@Name":"CurrentDirectory","#text":"C:\\Windows\\system32\\"},{"@Name":"User","#text":"SERVER002\\admin_test"},{"@Name":"LogonGuid","#text":"dbf410b3-278d-671d-0cae-120000000000"},{"@Name":"LogonId","#text":"0x12AE0C"},{"@Name":"TerminalSessionId","#text":"0"},{"@Name":"IntegrityLevel","#text":"High"},{"@Name":"Hashes","#text":"SHA256=4E664B35E8DE6C6B38E3231DFAF00744435FFB806E00355FECE1E0CC1D2121C1"},{"@Name":"ParentProcessGuid","#text":"dbf410b3-27a9-671d-d800-000000003900"},{"@Name":"ParentProcessId","#text":"6524"},{"@Name":"ParentImage","#text":"C:\\Users\\ADMIN_~1\\AppData\\Local\\Temp\\is-ETQNB.tmp\\T1219_UltraViewer.tmp"},{"@Name":"ParentCommandLine","#text":"\"C:\\Users\\ADMIN_~1\\AppData\\Local\\Temp\\is-ETQNB.tmp\\T1219_UltraViewer.tmp\" /SL5=\"$F007E,3233452,121344,C:\\Users\\ADMIN_~1\\AppData\\Local\\Temp\\ExternalPayloads\\T1219_UltraViewer.exe\" /silent "},{"@Name":"ParentUser","#text":"SERVER002\\admin_test"}]}}}
{"Event":{"System":{"Provider":{"@Name":"Microsoft-Windows-Sysmon","@Guid":"5770385f-c22a-43e0-bf4c-06f5698ffbd9"},"EventID":"1","Version":"5","Level":"4","Task":"1","Opcode":"0","Keywords":"0x8000000000000000","TimeCreated":{"@SystemTime":"2024-10-26 17:32:49.9968408"},"EventRecordID":"18716","Correlation":null,"Execution":{"@ProcessID":"3032","@ThreadID":"3964"},"Channel":"Microsoft-Windows-Sysmon/Operational","Computer":"Server002","Security":{"@UserID":"S-1-5-18"}},"EventData":{"Data":[{"@Name":"RuleName","#text":"-"},{"@Name":"UtcTime","#text":"2024-10-26 17:32:49.978"},{"@Name":"ProcessGuid","#text":"dbf410b3-27c1-671d-4302-000000003900"},{"@Name":"ProcessId","#text":"6480"},{"@Name":"Image","#text":"C:\\Windows\\System32\\conhost.exe"},{"@Name":"FileVersion","#text":"10.0.19041.4355 (WinBuild.160101.0800)"},{"@Name":"Description","#text":"Console Window Host"},{"@Name":"Product","#text":"Microsoft® Windows® Operating System"},{"@Name":"Company","#text":"Microsoft Corporation"},{"@Name":"OriginalFileName","#text":"CONHOST.EXE"},{"@Name":"CommandLine","#text":"\\??\\C:\\Windows\\system32\\conhost.exe 0xffffffff -ForceV1"},{"@Name":"CurrentDirectory","#text":"C:\\Windows"},{"@Name":"User","#text":"SERVER002\\admin_test"},{"@Name":"LogonGuid","#text":"dbf410b3-278d-671d-0cae-120000000000"},{"@Name":"LogonId","#text":"0x12AE0C"},{"@Name":"TerminalSessionId","#text":"0"},{"@Name":"IntegrityLevel","#text":"High"},{"@Name":"Hashes","#text":"SHA256=CC0A60CD15FA21E54615E46CD0F10CFBE86F496DC64D14B31D9F3B415D120EE1"},{"@Name":"ParentProcessGuid","#text":"dbf410b3-27c1-671d-4202-000000003900"},{"@Name":"ParentProcessId","#text":"2240"},{"@Name":"ParentImage","#text":"C:\\Windows\\SysWOW64\\taskkill.exe"},{"@Name":"ParentCommandLine","#text":"\"taskkill.exe\" /f /im \"UltraViewer_Desktop.exe\""},{"@Name":"ParentUser","#text":"SERVER002\\admin_test"}]}}}
{"Event":{"System":{"Provider":{"@Name":"Microsoft-Windows-Sysmon","@Guid":"5770385f-c22a-43e0-bf4c-06f5698ffbd9"},"EventID":"5","Version":"3","Level":"4","Task":"5","Opcode":"0","Keywords":"0x8000000000000000","TimeCreated":{"@SystemTime":"2024-10-26 17:32:50.1077132"},"EventRecordID":"18717","Correlation":null,"Execution":{"@ProcessID":"3032","@ThreadID":"3964"},"Channel":"Microsoft-Windows-Sysmon/Operational","Computer":"Server002","Security":{"@UserID":"S-1-5-18"}},"EventData":{"Data":[{"@Name":"RuleName","#text":"-"},{"@Name":"UtcTime","#text":"2024-10-26 17:32:50.095"},{"@Name":"ProcessGuid","#text":"dbf410b3-27c1-671d-4202-000000003900"},{"@Name":"ProcessId","#text":"2240"},{"@Name":"Image","#text":"C:\\Windows\\SysWOW64\\taskkill.exe"},{"@Name":"User","#text":"SERVER002\\admin_test"}]}}}
{"Event":{"System":{"Provider":{"@Name":"Microsoft-Windows-Sysmon","@Guid":"5770385f-c22a-43e0-bf4c-06f5698ffbd9"},"EventID":"5","Version":"3","Level":"4","Task":"5","Opcode":"0","Keywords":"0x8000000000000000","TimeCreated":{"@SystemTime":"2024-10-26 17:32:50.1100558"},"EventRecordID":"18718","Correlation":null,"Execution":{"@ProcessID":"3032","@ThreadID":"3964"},"Channel":"Microsoft-Windows-Sysmon/Operational","Computer":"Server002","Security":{"@UserID":"S-1-5-18"}},"EventData":{"Data":[{"@Name":"RuleName","#text":"-"},{"@Name":"UtcTime","#text":"2024-10-26 17:32:50.095"},{"@Name":"ProcessGuid","#text":"dbf410b3-27c1-671d-4302-000000003900"},{"@Name":"ProcessId","#text":"6480"},{"@Name":"Image","#text":"C:\\Windows\\System32\\conhost.exe"},{"@Name":"User","#text":"SERVER002\\admin_test"}]}}}
{"Event":{"System":{"Provider":{"@Name":"Microsoft-Windows-Sysmon","@Guid":"5770385f-c22a-43e0-bf4c-06f5698ffbd9"},"EventID":"1","Version":"5","Level":"4","Task":"1","Opcode":"0","Keywords":"0x8000000000000000","TimeCreated":{"@SystemTime":"2024-10-26 17:32:50.1158802"},"EventRecordID":"18719","Correlation":null,"Execution":{"@ProcessID":"3032","@ThreadID":"3964"},"Channel":"Microsoft-Windows-Sysmon/Operational","Computer":"Server002","Security":{"@UserID":"S-1-5-18"}},"EventData":{"Data":[{"@Name":"RuleName","#text":"-"},{"@Name":"UtcTime","#text":"2024-10-26 17:32:50.113"},{"@Name":"ProcessGuid","#text":"dbf410b3-27c2-671d-4402-000000003900"},{"@Name":"ProcessId","#text":"4992"},{"@Name":"Image","#text":"C:\\Windows\\SysWOW64\\taskkill.exe"},{"@Name":"FileVersion","#text":"10.0.19041.1 (WinBuild.160101.0800)"},{"@Name":"Description","#text":"Terminates Processes"},{"@Name":"Product","#text":"Microsoft® Windows® Operating System"},{"@Name":"Company","#text":"Microsoft Corporation"},{"@Name":"OriginalFileName","#text":"taskkill.exe"},{"@Name":"CommandLine","#text":"\"taskkill.exe\" /f /im \"UltraViewer_Service.exe\""},{"@Name":"CurrentDirectory","#text":"C:\\Windows\\system32\\"},{"@Name":"User","#text":"SERVER002\\admin_test"},{"@Name":"LogonGuid","#text":"dbf410b3-278d-671d-0cae-120000000000"},{"@Name":"LogonId","#text":"0x12AE0C"},{"@Name":"TerminalSessionId","#text":"0"},{"@Name":"IntegrityLevel","#text":"High"},{"@Name":"Hashes","#text":"SHA256=4E664B35E8DE6C6B38E3231DFAF00744435FFB806E00355FECE1E0CC1D2121C1"},{"@Name":"ParentProcessGuid","#text":"dbf410b3-27a9-671d-d800-000000003900"},{"@Name":"ParentProcessId","#text":"6524"},{"@Name":"ParentImage","#text":"C:\\Users\\ADMIN_~1\\AppData\\Local\\Temp\\is-ETQNB.tmp\\T1219_UltraViewer.tmp"},{"@Name":"ParentCommandLine","#text":"\"C:\\Users\\ADMIN_~1\\AppData\\Local\\Temp\\is-ETQNB.tmp\\T1219_UltraViewer.tmp\" /SL5=\"$F007E,3233452,121344,C:\\Users\\ADMIN_~1\\AppData\\Local\\Temp\\ExternalPayloads\\T1219_UltraViewer.exe\" /silent "},{"@Name":"ParentUser","#text":"SERVER002\\admin_test"}]}}}
{"Event":{"System":{"Provider":{"@Name":"Microsoft-Windows-Sysmon","@Guid":"5770385f-c22a-43e0-bf4c-06f5698ffbd9"},"EventID":"1","Version":"5","Level":"4","Task":"1","Opcode":"0","Keywords":"0x8000000000000000","TimeCreated":{"@SystemTime":"2024-10-26 17:32:50.1226782"},"EventRecordID":"18720","Correlation":null,"Execution":{"@ProcessID":"3032","@ThreadID":"3964"},"Channel":"Microsoft-Windows-Sysmon/Operational","Computer":"Server002","Security":{"@UserID":"S-1-5-18"}},"EventData":{"Data":[{"@Name":"RuleName","#text":"-"},{"@Name":"UtcTime","#text":"2024-10-26 17:32:50.119"},{"@Name":"ProcessGuid","#text":"dbf410b3-27c2-671d-4502-000000003900"},{"@Name":"ProcessId","#text":"4432"},{"@Name":"Image","#text":"C:\\Windows\\System32\\conhost.exe"},{"@Name":"FileVersion","#text":"10.0.19041.4355 (WinBuild.160101.0800)"},{"@Name":"Description","#text":"Console Window Host"},{"@Name":"Product","#text":"Microsoft® Windows® Operating System"},{"@Name":"Company","#text":"Microsoft Corporation"},{"@Name":"OriginalFileName","#text":"CONHOST.EXE"},{"@Name":"CommandLine","#text":"\\??\\C:\\Windows\\system32\\conhost.exe 0xffffffff -ForceV1"},{"@Name":"CurrentDirectory","#text":"C:\\Windows"},{"@Name":"User","#text":"SERVER002\\admin_test"},{"@Name":"LogonGuid","#text":"dbf410b3-278d-671d-0cae-120000000000"},{"@Name":"LogonId","#text":"0x12AE0C"},{"@Name":"TerminalSessionId","#text":"0"},{"@Name":"IntegrityLevel","#text":"High"},{"@Name":"Hashes","#text":"SHA256=CC0A60CD15FA21E54615E46CD0F10CFBE86F496DC64D14B31D9F3B415D120EE1"},{"@Name":"ParentProcessGuid","#text":"dbf410b3-27c2-671d-4402-000000003900"},{"@Name":"ParentProcessId","#text":"4992"},{"@Name":"ParentImage","#text":"C:\\Windows\\SysWOW64\\taskkill.exe"},{"@Name":"ParentCommandLine","#text":"\"taskkill.exe\" /f /im \"UltraViewer_Service.exe\""},{"@Name":"ParentUser","#text":"SERVER002\\admin_test"}]}}}
{"Event":{"System":{"Provider":{"@Name":"Microsoft-Windows-Sysmon","@Guid":"5770385f-c22a-43e0-bf4c-06f5698ffbd9"},"EventID":"5","Version":"3","Level":"4","Task":"5","Opcode":"0","Keywords":"0x8000000000000000","TimeCreated":{"@SystemTime":"2024-10-26 17:32:50.2289341"},"EventRecordID":"18721","Correlation":null,"Execution":{"@ProcessID":"3032","@ThreadID":"3964"},"Channel":"Microsoft-Windows-Sysmon/Operational","Computer":"Server002","Security":{"@UserID":"S-1-5-18"}},"EventData":{"Data":[{"@Name":"RuleName","#text":"-"},{"@Name":"UtcTime","#text":"2024-10-26 17:32:50.216"},{"@Name":"ProcessGuid","#text":"dbf410b3-27c2-671d-4402-000000003900"},{"@Name":"ProcessId","#text":"4992"},{"@Name":"Image","#text":"C:\\Windows\\SysWOW64\\taskkill.exe"},{"@Name":"User","#text":"SERVER002\\admin_test"}]}}}
{"Event":{"System":{"Provider":{"@Name":"Microsoft-Windows-Sysmon","@Guid":"5770385f-c22a-43e0-bf4c-06f5698ffbd9"},"EventID":"5","Version":"3","Level":"4","Task":"5","Opcode":"0","Keywords":"0x8000000000000000","TimeCreated":{"@SystemTime":"2024-10-26 17:32:50.2315536"},"EventRecordID":"18722","Correlation":null,"Execution":{"@ProcessID":"3032","@ThreadID":"3964"},"Channel":"Microsoft-Windows-Sysmon/Operational","Computer":"Server002","Security":{"@UserID":"S-1-5-18"}},"EventData":{"Data":[{"@Name":"RuleName","#text":"-"},{"@Name":"UtcTime","#text":"2024-10-26 17:32:50.216"},{"@Name":"ProcessGuid","#text":"dbf410b3-27c2-671d-4502-000000003900"},{"@Name":"ProcessId","#text":"4432"},{"@Name":"Image","#text":"C:\\Windows\\System32\\conhost.exe"},{"@Name":"User","#text":"SERVER002\\admin_test"}]}}}
{"Event":{"System":{"Provider":{"@Name":"Microsoft-Windows-Sysmon","@Guid":"5770385f-c22a-43e0-bf4c-06f5698ffbd9"},"EventID":"1","Version":"5","Level":"4","Task":"1","Opcode":"0","Keywords":"0x8000000000000000","TimeCreated":{"@SystemTime":"2024-10-26 17:32:50.2379030"},"EventRecordID":"18723","Correlation":null,"Execution":{"@ProcessID":"3032","@ThreadID":"3964"},"Channel":"Microsoft-Windows-Sysmon/Operational","Computer":"Server002","Security":{"@UserID":"S-1-5-18"}},"EventData":{"Data":[{"@Name":"RuleName","#text":"-"},{"@Name":"UtcTime","#text":"2024-10-26 17:32:50.235"},{"@Name":"ProcessGuid","#text":"dbf410b3-27c2-671d-4602-000000003900"},{"@Name":"ProcessId","#text":"6520"},{"@Name":"Image","#text":"C:\\Windows\\SysWOW64\\taskkill.exe"},{"@Name":"FileVersion","#text":"10.0.19041.1 (WinBuild.160101.0800)"},{"@Name":"Description","#text":"Terminates Processes"},{"@Name":"Product","#text":"Microsoft® Windows® Operating System"},{"@Name":"Company","#text":"Microsoft Corporation"},{"@Name":"OriginalFileName","#text":"taskkill.exe"},{"@Name":"CommandLine","#text":"\"taskkill.exe\" /f /im \"UltraViewer_Desktop.exe\""},{"@Name":"CurrentDirectory","#text":"C:\\Windows\\system32\\"},{"@Name":"User","#text":"SERVER002\\admin_test"},{"@Name":"LogonGuid","#text":"dbf410b3-278d-671d-0cae-120000000000"},{"@Name":"LogonId","#text":"0x12AE0C"},{"@Name":"TerminalSessionId","#text":"0"},{"@Name":"IntegrityLevel","#text":"High"},{"@Name":"Hashes","#text":"SHA256=4E664B35E8DE6C6B38E3231DFAF00744435FFB806E00355FECE1E0CC1D2121C1"},{"@Name":"ParentProcessGuid","#text":"dbf410b3-27a9-671d-d800-000000003900"},{"@Name":"ParentProcessId","#text":"6524"},{"@Name":"ParentImage","#text":"C:\\Users\\ADMIN_~1\\AppData\\Local\\Temp\\is-ETQNB.tmp\\T1219_UltraViewer.tmp"},{"@Name":"ParentCommandLine","#text":"\"C:\\Users\\ADMIN_~1\\AppData\\Local\\Temp\\is-ETQNB.tmp\\T1219_UltraViewer.tmp\" /SL5=\"$F007E,3233452,121344,C:\\Users\\ADMIN_~1\\AppData\\Local\\Temp\\ExternalPayloads\\T1219_UltraViewer.exe\" /silent "},{"@Name":"ParentUser","#text":"SERVER002\\admin_test"}]}}}
{"Event":{"System":{"Provider":{"@Name":"Microsoft-Windows-Sysmon","@Guid":"5770385f-c22a-43e0-bf4c-06f5698ffbd9"},"EventID":"1","Version":"5","Level":"4","Task":"1","Opcode":"0","Keywords":"0x8000000000000000","TimeCreated":{"@SystemTime":"2024-10-26 17:32:50.2438638"},"EventRecordID":"18724","Correlation":null,"Execution":{"@ProcessID":"3032","@ThreadID":"3964"},"Channel":"Microsoft-Windows-Sysmon/Operational","Computer":"Server002","Security":{"@UserID":"S-1-5-18"}},"EventData":{"Data":[{"@Name":"RuleName","#text":"-"},{"@Name":"UtcTime","#text":"2024-10-26 17:32:50.241"},{"@Name":"ProcessGuid","#text":"dbf410b3-27c2-671d-4702-000000003900"},{"@Name":"ProcessId","#text":"6452"},{"@Name":"Image","#text":"C:\\Windows\\System32\\conhost.exe"},{"@Name":"FileVersion","#text":"10.0.19041.4355 (WinBuild.160101.0800)"},{"@Name":"Description","#text":"Console Window Host"},{"@Name":"Product","#text":"Microsoft® Windows® Operating System"},{"@Name":"Company","#text":"Microsoft Corporation"},{"@Name":"OriginalFileName","#text":"CONHOST.EXE"},{"@Name":"CommandLine","#text":"\\??\\C:\\Windows\\system32\\conhost.exe 0xffffffff -ForceV1"},{"@Name":"CurrentDirectory","#text":"C:\\Windows"},{"@Name":"User","#text":"SERVER002\\admin_test"},{"@Name":"LogonGuid","#text":"dbf410b3-278d-671d-0cae-120000000000"},{"@Name":"LogonId","#text":"0x12AE0C"},{"@Name":"TerminalSessionId","#text":"0"},{"@Name":"IntegrityLevel","#text":"High"},{"@Name":"Hashes","#text":"SHA256=CC0A60CD15FA21E54615E46CD0F10CFBE86F496DC64D14B31D9F3B415D120EE1"},{"@Name":"ParentProcessGuid","#text":"dbf410b3-27c2-671d-4602-000000003900"},{"@Name":"ParentProcessId","#text":"6520"},{"@Name":"ParentImage","#text":"C:\\Windows\\SysWOW64\\taskkill.exe"},{"@Name":"ParentCommandLine","#text":"\"taskkill.exe\" /f /im \"UltraViewer_Desktop.exe\""},{"@Name":"ParentUser","#text":"SERVER002\\admin_test"}]}}}
{"Event":{"System":{"Provider":{"@Name":"Microsoft-Windows-Sysmon","@Guid":"5770385f-c22a-43e0-bf4c-06f5698ffbd9"},"EventID":"5","Version":"3","Level":"4","Task":"5","Opcode":"0","Keywords":"0x8000000000000000","TimeCreated":{"@SystemTime":"2024-10-26 17:32:50.3535545"},"EventRecordID":"18725","Correlation":null,"Execution":{"@ProcessID":"3032","@ThreadID":"3964"},"Channel":"Microsoft-Windows-Sysmon/Operational","Computer":"Server002","Security":{"@UserID":"S-1-5-18"}},"EventData":{"Data":[{"@Name":"RuleName","#text":"-"},{"@Name":"UtcTime","#text":"2024-10-26 17:32:50.340"},{"@Name":"ProcessGuid","#text":"dbf410b3-27c2-671d-4602-000000003900"},{"@Name":"ProcessId","#text":"6520"},{"@Name":"Image","#text":"C:\\Windows\\SysWOW64\\taskkill.exe"},{"@Name":"User","#text":"SERVER002\\admin_test"}]}}}
{"Event":{"System":{"Provider":{"@Name":"Microsoft-Windows-Sysmon","@Guid":"5770385f-c22a-43e0-bf4c-06f5698ffbd9"},"EventID":"5","Version":"3","Level":"4","Task":"5","Opcode":"0","Keywords":"0x8000000000000000","TimeCreated":{"@SystemTime":"2024-10-26 17:32:50.3616192"},"EventRecordID":"18726","Correlation":null,"Execution":{"@ProcessID":"3032","@ThreadID":"3964"},"Channel":"Microsoft-Windows-Sysmon/Operational","Computer":"Server002","Security":{"@UserID":"S-1-5-18"}},"EventData":{"Data":[{"@Name":"RuleName","#text":"-"},{"@Name":"UtcTime","#text":"2024-10-26 17:32:50.340"},{"@Name":"ProcessGuid","#text":"dbf410b3-27c2-671d-4702-000000003900"},{"@Name":"ProcessId","#text":"6452"},{"@Name":"Image","#text":"C:\\Windows\\System32\\conhost.exe"},{"@Name":"User","#text":"SERVER002\\admin_test"}]}}}
{"Event":{"System":{"Provider":{"@Name":"Microsoft-Windows-Sysmon","@Guid":"5770385f-c22a-43e0-bf4c-06f5698ffbd9"},"EventID":"1","Version":"5","Level":"4","Task":"1","Opcode":"0","Keywords":"0x8000000000000000","TimeCreated":{"@SystemTime":"2024-10-26 17:32:50.3657003"},"EventRecordID":"18727","Correlation":null,"Execution":{"@ProcessID":"3032","@ThreadID":"3964"},"Channel":"Microsoft-Windows-Sysmon/Operational","Computer":"Server002","Security":{"@UserID":"S-1-5-18"}},"EventData":{"Data":[{"@Name":"RuleName","#text":"-"},{"@Name":"UtcTime","#text":"2024-10-26 17:32:50.360"},{"@Name":"ProcessGuid","#text":"dbf410b3-27c2-671d-4802-000000003900"},{"@Name":"ProcessId","#text":"6676"},{"@Name":"Image","#text":"C:\\Windows\\SysWOW64\\taskkill.exe"},{"@Name":"FileVersion","#text":"10.0.19041.1 (WinBuild.160101.0800)"},{"@Name":"Description","#text":"Terminates Processes"},{"@Name":"Product","#text":"Microsoft® Windows® Operating System"},{"@Name":"Company","#text":"Microsoft Corporation"},{"@Name":"OriginalFileName","#text":"taskkill.exe"},{"@Name":"CommandLine","#text":"\"taskkill.exe\" /f /im \"UltraViewer_Service.exe\""},{"@Name":"CurrentDirectory","#text":"C:\\Windows\\system32\\"},{"@Name":"User","#text":"SERVER002\\admin_test"},{"@Name":"LogonGuid","#text":"dbf410b3-278d-671d-0cae-120000000000"},{"@Name":"LogonId","#text":"0x12AE0C"},{"@Name":"TerminalSessionId","#text":"0"},{"@Name":"IntegrityLevel","#text":"High"},{"@Name":"Hashes","#text":"SHA256=4E664B35E8DE6C6B38E3231DFAF00744435FFB806E00355FECE1E0CC1D2121C1"},{"@Name":"ParentProcessGuid","#text":"dbf410b3-27a9-671d-d800-000000003900"},{"@Name":"ParentProcessId","#text":"6524"},{"@Name":"ParentImage","#text":"C:\\Users\\ADMIN_~1\\AppData\\Local\\Temp\\is-ETQNB.tmp\\T1219_UltraViewer.tmp"},{"@Name":"ParentCommandLine","#text":"\"C:\\Users\\ADMIN_~1\\AppData\\Local\\Temp\\is-ETQNB.tmp\\T1219_UltraViewer.tmp\" /SL5=\"$F007E,3233452,121344,C:\\Users\\ADMIN_~1\\AppData\\Local\\Temp\\ExternalPayloads\\T1219_UltraViewer.exe\" /silent "},{"@Name":"ParentUser","#text":"SERVER002\\admin_test"}]}}}
{"Event":{"System":{"Provider":{"@Name":"Microsoft-Windows-Sysmon","@Guid":"5770385f-c22a-43e0-bf4c-06f5698ffbd9"},"EventID":"1","Version":"5","Level":"4","Task":"1","Opcode":"0","Keywords":"0x8000000000000000","TimeCreated":{"@SystemTime":"2024-10-26 17:32:50.3721081"},"EventRecordID":"18728","Correlation":null,"Execution":{"@ProcessID":"3032","@ThreadID":"3964"},"Channel":"Microsoft-Windows-Sysmon/Operational","Computer":"Server002","Security":{"@UserID":"S-1-5-18"}},"EventData":{"Data":[{"@Name":"RuleName","#text":"-"},{"@Name":"UtcTime","#text":"2024-10-26 17:32:50.370"},{"@Name":"ProcessGuid","#text":"dbf410b3-27c2-671d-4902-000000003900"},{"@Name":"ProcessId","#text":"4660"},{"@Name":"Image","#text":"C:\\Windows\\System32\\conhost.exe"},{"@Name":"FileVersion","#text":"10.0.19041.4355 (WinBuild.160101.0800)"},{"@Name":"Description","#text":"Console Window Host"},{"@Name":"Product","#text":"Microsoft® Windows® Operating System"},{"@Name":"Company","#text":"Microsoft Corporation"},{"@Name":"OriginalFileName","#text":"CONHOST.EXE"},{"@Name":"CommandLine","#text":"\\??\\C:\\Windows\\system32\\conhost.exe 0xffffffff -ForceV1"},{"@Name":"CurrentDirectory","#text":"C:\\Windows"},{"@Name":"User","#text":"SERVER002\\admin_test"},{"@Name":"LogonGuid","#text":"dbf410b3-278d-671d-0cae-120000000000"},{"@Name":"LogonId","#text":"0x12AE0C"},{"@Name":"TerminalSessionId","#text":"0"},{"@Name":"IntegrityLevel","#text":"High"},{"@Name":"Hashes","#text":"SHA256=CC0A60CD15FA21E54615E46CD0F10CFBE86F496DC64D14B31D9F3B415D120EE1"},{"@Name":"ParentProcessGuid","#text":"dbf410b3-27c2-671d-4802-000000003900"},{"@Name":"ParentProcessId","#text":"6676"},{"@Name":"ParentImage","#text":"C:\\Windows\\SysWOW64\\taskkill.exe"},{"@Name":"ParentCommandLine","#text":"\"taskkill.exe\" /f /im \"UltraViewer_Service.exe\""},{"@Name":"ParentUser","#text":"SERVER002\\admin_test"}]}}}
