{"Event":{"System":{"Provider":{"@Name":"Microsoft-Windows-Sysmon","@Guid":"5770385f-c22a-43e0-bf4c-06f5698ffbd9"},"EventID":"1","Version":"5","Level":"4","Task":"1","Opcode":"0","Keywords":"0x8000000000000000","TimeCreated":{"@SystemTime":"2024-10-26 17:32:34.1071498"},"EventRecordID":"18133","Correlation":null,"Execution":{"@ProcessID":"3032","@ThreadID":"3964"},"Channel":"Microsoft-Windows-Sysmon/Operational","Computer":"Server002","Security":{"@UserID":"S-1-5-18"}},"EventData":{"Data":[{"@Name":"RuleName","#text":"-"},{"@Name":"UtcTime","#text":"2024-10-26 17:32:34.105"},{"@Name":"ProcessGuid","#text":"dbf410b3-27b2-671d-1b01-000000003900"},{"@Name":"ProcessId","#text":"1724"},{"@Name":"Image","#text":"C:\\Windows\\System32\\conhost.exe"},{"@Name":"FileVersion","#text":"10.0.19041.4355 (WinBuild.160101.0800)"},{"@Name":"Description","#text":"Console Window Host"},{"@Name":"Product","#text":"Microsoft® Windows® Operating System"},{"@Name":"Company","#text":"Microsoft Corporation"},{"@Name":"OriginalFileName","#text":"CONHOST.EXE"},{"@Name":"CommandLine","#text":"\\??\\C:\\Windows\\system32\\conhost.exe 0xffffffff -ForceV1"},{"@Name":"CurrentDirectory","#text":"C:\\Windows"},{"@Name":"User","#text":"SERVER002\\admin_test"},{"@Name":"LogonGuid","#text":"dbf410b3-278d-671d-0cae-120000000000"},{"@Name":"LogonId","#text":"0x12AE0C"},{"@Name":"TerminalSessionId","#text":"0"},{"@Name":"IntegrityLevel","#text":"High"},{"@Name":"Hashes","#text":"SHA256=CC0A60CD15FA21E54615E46CD0F10CFBE86F496DC64D14B31D9F3B415D120EE1"},{"@Name":"ParentProcessGuid","#text":"dbf410b3-27b2-671d-1a01-000000003900"},{"@Name":"ParentProcessId","#text":"1468"},{"@Name":"ParentImage","#text":"C:\\Windows\\SysWOW64\\taskkill.exe"},{"@Name":"ParentCommandLine","#text":"\"taskkill.exe\" /f /im \"UltraViewer_Service.exe\""},{"@Name":"ParentUser","#text":"SERVER002\\admin_test"}]}}}
{"Event":{"System":{"Provider":{"@Name":"Microsoft-Windows-Sysmon","@Guid":"5770385f-c22a-43e0-bf4c-06f5698ffbd9"},"EventID":"5","Version":"3","Level":"4","Task":"5","Opcode":"0","Keywords":"0x8000000000000000","TimeCreated":{"@SystemTime":"2024-10-26 17:32:34.1982149"},"EventRecordID":"18134","Correlation":null,"Execution":{"@ProcessID":"3032","@ThreadID":"3964"},"Channel":"Microsoft-Windows-Sysmon/Operational","Computer":"Server002","Security":{"@UserID":"S-1-5-18"}},"EventData":{"Data":[{"@Name":"RuleName","#text":"-"},{"@Name":"UtcTime","#text":"2024-10-26 17:32:34.194"},{"@Name":"ProcessGuid","#text":"dbf410b3-27b2-671d-1a01-000000003900"},{"@Name":"ProcessId","#text":"1468"},{"@Name":"Image","#text":"C:\\Windows\\SysWOW64\\taskkill.exe"},{"@Name":"User","#text":"SERVER002\\admin_test"}]}}}
{"Event":{"System":{"Provider":{"@Name":"Microsoft-Windows-Sysmon","@Guid":"5770385f-c22a-43e0-bf4c-06f5698ffbd9"},"EventID":"5","Version":"3","Level":"4","Task":"5","Opcode":"0","Keywords":"0x8000000000000000","TimeCreated":{"@SystemTime":"2024-10-26 17:32:34.1996441"},"EventRecordID":"18135","Correlation":null,"Execution":{"@ProcessID":"3032","@ThreadID":"3964"},"Channel":"Microsoft-Windows-Sysmon/Operational","Computer":"Server002","Security":{"@UserID":"S-1-5-18"}},"EventData":{"Data":[{"@Name":"RuleName","#text":"-"},{"@Name":"UtcTime","#text":"2024-10-26 17:32:34.194"},{"@Name":"ProcessGuid","#text":"dbf410b3-27b2-671d-1b01-000000003900"},{"@Name":"ProcessId","#text":"1724"},{"@Name":"Image","#text":"C:\\Windows\\System32\\conhost.exe"},{"@Name":"User","#text":"SERVER002\\admin_test"}]}}}
{"Event":{"System":{"Provider":{"@Name":"Microsoft-Windows-Sysmon","@Guid":"5770385f-c22a-43e0-bf4c-06f5698ffbd9"},"EventID":"1","Version":"5","Level":"4","Task":"1","Opcode":"0","Keywords":"0x8000000000000000","TimeCreated":{"@SystemTime":"2024-10-26 17:32:34.2109424"},"EventRecordID":"18136","Correlation":null,"Execution":{"@ProcessID":"3032","@ThreadID":"3964"},"Channel":"Microsoft-Windows-Sysmon/Operational","Computer":"Server002","Security":{"@UserID":"S-1-5-18"}},"EventData":{"Data":[{"@Name":"RuleName","#text":"-"},{"@Name":"UtcTime","#text":"2024-10-26 17:32:34.209"},{"@Name":"ProcessGuid","#text":"dbf410b3-27b2-671d-1c01-000000003900"},{"@Name":"ProcessId","#text":"6896"},{"@Name":"Image","#text":"C:\\Windows\\SysWOW64\\taskkill.exe"},{"@Name":"FileVersion","#text":"10.0.19041.1 (WinBuild.160101.0800)"},{"@Name":"Description","#text":"Terminates Processes"},{"@Name":"Product","#text":"Microsoft® Windows® Operating System"},{"@Name":"Company","#text":"Microsoft Corporation"},{"@Name":"OriginalFileName","#text":"taskkill.exe"},{"@Name":"CommandLine","#text":"\"taskkill.exe\" /f /im \"UltraViewer_Desktop.exe\""},{"@Name":"CurrentDirectory","#text":"C:\\Windows\\system32\\"},{"@Name":"User","#text":"SERVER002\\admin_test"},{"@Name":"LogonGuid","#text":"dbf410b3-278d-671d-0cae-120000000000"},{"@Name":"LogonId","#text":"0x12AE0C"},{"@Name":"TerminalSessionId","#text":"0"},{"@Name":"IntegrityLevel","#text":"High"},{"@Name":"Hashes","#text":"SHA256=4E664B35E8DE6C6B38E3231DFAF00744435FFB806E00355FECE1E0CC1D2121C1"},{"@Name":"ParentProcessGuid","#text":"dbf410b3-27a9-671d-d800-000000003900"},{"@Name":"ParentProcessId","#text":"6524"},{"@Name":"ParentImage","#text":"C:\\Users\\ADMIN_~1\\AppData\\Local\\Temp\\is-ETQNB.tmp\\T1219_UltraViewer.tmp"},{"@Name":"ParentCommandLine","#text":"\"C:\\Users\\ADMIN_~1\\AppData\\Local\\Temp\\is-ETQNB.tmp\\T1219_UltraViewer.tmp\" /SL5=\"$F007E,3233452,121344,C:\\Users\\ADMIN_~1\\AppData\\Local\\Temp\\ExternalPayloads\\T1219_UltraViewer.exe\" /silent "},{"@Name":"ParentUser","#text":"SERVER002\\admin_test"}]}}}
{"Event":{"System":{"Provider":{"@Name":"Microsoft-Windows-Sysmon","@Guid":"5770385f-c22a-43e0-bf4c-06f5698ffbd9"},"EventID":"1","Version":"5","Level":"4","Task":"1","Opcode":"0","Keywords":"0x8000000000000000","TimeCreated":{"@SystemTime":"2024-10-26 17:32:34.2157322"},"EventRecordID":"18137","Correlation":null,"Execution":{"@ProcessID":"3032","@ThreadID":"3964"},"Channel":"Microsoft-Windows-Sysmon/Operational","Computer":"Server002","Security":{"@UserID":"S-1-5-18"}},"EventData":{"Data":[{"@Name":"RuleName","#text":"-"},{"@Name":"UtcTime","#text":"2024-10-26 17:32:34.213"},{"@Name":"ProcessGuid","#text":"dbf410b3-27b2-671d-1d01-000000003900"},{"@Name":"ProcessId","#text":"6908"},{"@Name":"Image","#text":"C:\\Windows\\System32\\conhost.exe"},{"@Name":"FileVersion","#text":"10.0.19041.4355 (WinBuild.160101.0800)"},{"@Name":"Description","#text":"Console Window Host"},{"@Name":"Product","#text":"Microsoft® Windows® Operating System"},{"@Name":"Company","#text":"Microsoft Corporation"},{"@Name":"OriginalFileName","#text":"CONHOST.EXE"},{"@Name":"CommandLine","#text":"\\??\\C:\\Windows\\system32\\conhost.exe 0xffffffff -ForceV1"},{"@Name":"CurrentDirectory","#text":"C:\\Windows"},{"@Name":"User","#text":"SERVER002\\admin_test"},{"@Name":"LogonGuid","#text":"dbf410b3-278d-671d-0cae-120000000000"},{"@Name":"LogonId","#text":"0x12AE0C"},{"@Name":"TerminalSessionId","#text":"0"},{"@Name":"IntegrityLevel","#text":"High"},{"@Name":"Hashes","#text":"SHA256=CC0A60CD15FA21E54615E46CD0F10CFBE86F496DC64D14B31D9F3B415D120EE1"},{"@Name":"ParentProcessGuid","#text":"dbf410b3-27b2-671d-1c01-000000003900"},{"@Name":"ParentProcessId","#text":"6896"},{"@Name":"ParentImage","#text":"C:\\Windows\\SysWOW64\\taskkill.exe"},{"@Name":"ParentCommandLine","#text":"\"taskkill.exe\" /f /im \"UltraViewer_Desktop.exe\""},{"@Name":"ParentUser","#text":"SERVER002\\admin_test"}]}}}
{"Event":{"System":{"Provider":{"@Name":"Microsoft-Windows-Sysmon","@Guid":"5770385f-c22a-43e0-bf4c-06f5698ffbd9"},"EventID":"5","Version":"3","Level":"4","Task":"5","Opcode":"0","Keywords":"0x8000000000000000","TimeCreated":{"@SystemTime":"2024-10-26 17:32:34.3073369"},"EventRecordID":"18138","Correlation":null,"Execution":{"@ProcessID":"3032","@ThreadID":"3964"},"Channel":"Microsoft-Windows-Sysmon/Operational","Computer":"Server002","Security":{"@UserID":"S-1-5-18"}},"EventData":{"Data":[{"@Name":"RuleName","#text":"-"},{"@Name":"UtcTime","#text":"2024-10-26 17:32:34.306"},{"@Name":"ProcessGuid","#text":"dbf410b3-27b2-671d-1c01-000000003900"},{"@Name":"ProcessId","#text":"6896"},{"@Name":"Image","#text":"C:\\Windows\\SysWOW64\\taskkill.exe"},{"@Name":"User","#text":"SERVER002\\admin_test"}]}}}
{"Event":{"System":{"Provider":{"@Name":"Microsoft-Windows-Sysmon","@Guid":"5770385f-c22a-43e0-bf4c-06f5698ffbd9"},"EventID":"5","Version":"3","Level":"4","Task":"5","Opcode":"0","Keywords":"0x8000000000000000","TimeCreated":{"@SystemTime":"2024-10-26 17:32:34.3091571"},"EventRecordID":"18139","Correlation":null,"Execution":{"@ProcessID":"3032","@ThreadID":"3964"},"Channel":"Microsoft-Windows-Sysmon/Operational","Computer":"Server002","Security":{"@UserID":"S-1-5-18"}},"EventData":{"Data":[{"@Name":"RuleName","#text":"-"},{"@Name":"UtcTime","#text":"2024-10-26 17:32:34.307"},{"@Name":"ProcessGuid","#text":"dbf410b3-27b2-671d-1d01-000000003900"},{"@Name":"ProcessId","#text":"6908"},{"@Name":"Image","#text":"C:\\Windows\\System32\\conhost.exe"},{"@Name":"User","#text":"SERVER002\\admin_test"}]}}}
{"Event":{"System":{"Provider":{"@Name":"Microsoft-Windows-Sysmon","@Guid":"5770385f-c22a-43e0-bf4c-06f5698ffbd9"},"EventID":"1","Version":"5","Level":"4","Task":"1","Opcode":"0","Keywords":"0x8000000000000000","TimeCreated":{"@SystemTime":"2024-10-26 17:32:34.3133308"},"EventRecordID":"18140","Correlation":null,"Execution":{"@ProcessID":"3032","@ThreadID":"3964"},"Channel":"Microsoft-Windows-Sysmon/Operational","Computer":"Server002","Security":{"@UserID":"S-1-5-18"}},"EventData":{"Data":[{"@Name":"RuleName","#text":"-"},{"@Name":"UtcTime","#text":"2024-10-26 17:32:34.311"},{"@Name":"ProcessGuid","#text":"dbf410b3-27b2-671d-1e01-000000003900"},{"@Name":"ProcessId","#text":"2916"},{"@Name":"Image","#text":"C:\\Windows\\SysWOW64\\taskkill.exe"},{"@Name":"FileVersion","#text":"10.0.19041.1 (WinBuild.160101.0800)"},{"@Name":"Description","#text":"Terminates Processes"},{"@Name":"Product","#text":"Microsoft® Windows® Operating System"},{"@Name":"Company","#text":"Microsoft Corporation"},{"@Name":"OriginalFileName","#text":"taskkill.exe"},{"@Name":"CommandLine","#text":"\"taskkill.exe\" /f /im \"UltraViewer_Service.exe\""},{"@Name":"CurrentDirectory","#text":"C:\\Windows\\system32\\"},{"@Name":"User","#text":"SERVER002\\admin_test"},{"@Name":"LogonGuid","#text":"dbf410b3-278d-671d-0cae-120000000000"},{"@Name":"LogonId","#text":"0x12AE0C"},{"@Name":"TerminalSessionId","#text":"0"},{"@Name":"IntegrityLevel","#text":"High"},{"@Name":"Hashes","#text":"SHA256=4E664B35E8DE6C6B38E3231DFAF00744435FFB806E00355FECE1E0CC1D2121C1"},{"@Name":"ParentProcessGuid","#text":"dbf410b3-27a9-671d-d800-000000003900"},{"@Name":"ParentProcessId","#text":"6524"},{"@Name":"ParentImage","#text":"C:\\Users\\ADMIN_~1\\AppData\\Local\\Temp\\is-ETQNB.tmp\\T1219_UltraViewer.tmp"},{"@Name":"ParentCommandLine","#text":"\"C:\\Users\\ADMIN_~1\\AppData\\Local\\Temp\\is-ETQNB.tmp\\T1219_UltraViewer.tmp\" /SL5=\"$F007E,3233452,121344,C:\\Users\\ADMIN_~1\\AppData\\Local\\Temp\\ExternalPayloads\\T1219_UltraViewer.exe\" /silent "},{"@Name":"ParentUser","#text":"SERVER002\\admin_test"}]}}}
{"Event":{"System":{"Provider":{"@Name":"Microsoft-Windows-Sysmon","@Guid":"5770385f-c22a-43e0-bf4c-06f5698ffbd9"},"EventID":"1","Version":"5","Level":"4","Task":"1","Opcode":"0","Keywords":"0x8000000000000000","TimeCreated":{"@SystemTime":"2024-10-26 17:32:34.3182730"},"EventRecordID":"18141","Correlation":null,"Execution":{"@ProcessID":"3032","@ThreadID":"3964"},"Channel":"Microsoft-Windows-Sysmon/Operational","Computer":"Server002","Security":{"@UserID":"S-1-5-18"}},"EventData":{"Data":[{"@Name":"RuleName","#text":"-"},{"@Name":"UtcTime","#text":"2024-10-26 17:32:34.315"},{"@Name":"ProcessGuid","#text":"dbf410b3-27b2-671d-1f01-000000003900"},{"@Name":"ProcessId","#text":"6224"},{"@Name":"Image","#text":"C:\\Windows\\System32\\conhost.exe"},{"@Name":"FileVersion","#text":"10.0.19041.4355 (WinBuild.160101.0800)"},{"@Name":"Description","#text":"Console Window Host"},{"@Name":"Product","#text":"Microsoft® Windows® Operating System"},{"@Name":"Company","#text":"Microsoft Corporation"},{"@Name":"OriginalFileName","#text":"CONHOST.EXE"},{"@Name":"CommandLine","#text":"\\??\\C:\\Windows\\system32\\conhost.exe 0xffffffff -ForceV1"},{"@Name":"CurrentDirectory","#text":"C:\\Windows"},{"@Name":"User","#text":"SERVER002\\admin_test"},{"@Name":"LogonGuid","#text":"dbf410b3-278d-671d-0cae-120000000000"},{"@Name":"LogonId","#text":"0x12AE0C"},{"@Name":"TerminalSessionId","#text":"0"},{"@Name":"IntegrityLevel","#text":"High"},{"@Name":"Hashes","#text":"SHA256=CC0A60CD15FA21E54615E46CD0F10CFBE86F496DC64D14B31D9F3B415D120EE1"},{"@Name":"ParentProcessGuid","#text":"dbf410b3-27b2-671d-1e01-000000003900"},{"@Name":"ParentProcessId","#text":"2916"},{"@Name":"ParentImage","#text":"C:\\Windows\\SysWOW64\\taskkill.exe"},{"@Name":"ParentCommandLine","#text":"\"taskkill.exe\" /f /im \"UltraViewer_Service.exe\""},{"@Name":"ParentUser","#text":"SERVER002\\admin_test"}]}}}
{"Event":{"System":{"Provider":{"@Name":"Microsoft-Windows-Sysmon","@Guid":"5770385f-c22a-43e0-bf4c-06f5698ffbd9"},"EventID":"5","Version":"3","Level":"4","Task":"5","Opcode":"0","Keywords":"0x8000000000000000","TimeCreated":{"@SystemTime":"2024-10-26 17:32:34.4059943"},"EventRecordID":"18142","Correlation":null,"Execution":{"@ProcessID":"3032","@ThreadID":"3964"},"Channel":"Microsoft-Windows-Sysmon/Operational","Computer":"Server002","Security":{"@UserID":"S-1-5-18"}},"EventData":{"Data":[{"@Name":"RuleName","#text":"-"},{"@Name":"UtcTime","#text":"2024-10-26 17:32:34.399"},{"@Name":"ProcessGuid","#text":"dbf410b3-27b2-671d-1e01-000000003900"},{"@Name":"ProcessId","#text":"2916"},{"@Name":"Image","#text":"C:\\Windows\\SysWOW64\\taskkill.exe"},{"@Name":"User","#text":"SERVER002\\admin_test"}]}}}
{"Event":{"System":{"Provider":{"@Name":"Microsoft-Windows-Sysmon","@Guid":"5770385f-c22a-43e0-bf4c-06f5698ffbd9"},"EventID":"5","Version":"3","Level":"4","Task":"5","Opcode":"0","Keywords":"0x8000000000000000","TimeCreated":{"@SystemTime":"2024-10-26 17:32:34.4074484"},"EventRecordID":"18143","Correlation":null,"Execution":{"@ProcessID":"3032","@ThreadID":"3964"},"Channel":"Microsoft-Windows-Sysmon/Operational","Computer":"Server002","Security":{"@UserID":"S-1-5-18"}},"EventData":{"Data":[{"@Name":"RuleName","#text":"-"},{"@Name":"UtcTime","#text":"2024-10-26 17:32:34.405"},{"@Name":"ProcessGuid","#text":"dbf410b3-27b2-671d-1f01-000000003900"},{"@Name":"ProcessId","#text":"6224"},{"@Name":"Image","#text":"C:\\Windows\\System32\\conhost.exe"},{"@Name":"User","#text":"SERVER002\\admin_test"}]}}}
{"Event":{"System":{"Provider":{"@Name":"Microsoft-Windows-Sysmon","@Guid":"5770385f-c22a-43e0-bf4c-06f5698ffbd9"},"EventID":"1","Version":"5","Level":"4","Task":"1","Opcode":"0","Keywords":"0x8000000000000000","TimeCreated":{"@SystemTime":"2024-10-26 17:32:34.4130780"},"EventRecordID":"18144","Correlation":null,"Execution":{"@ProcessID":"3032","@ThreadID":"3964"},"Channel":"Microsoft-Windows-Sysmon/Operational","Computer":"Server002","Security":{"@UserID":"S-1-5-18"}},"EventData":{"Data":[{"@Name":"RuleName","#text":"-"},{"@Name":"UtcTime","#text":"2024-10-26 17:32:34.411"},{"@Name":"ProcessGuid","#text":"dbf410b3-27b2-671d-2001-000000003900"},{"@Name":"ProcessId","#text":"860"},{"@Name":"Image","#text":"C:\\Windows\\SysWOW64\\taskkill.exe"},{"@Name":"FileVersion","#text":"10.0.19041.1 (WinBuild.160101.0800)"},{"@Name":"Description","#text":"Terminates Processes"},{"@Name":"Product","#text":"Microsoft® Windows® Operating System"},{"@Name":"Company","#text":"Microsoft Corporation"},{"@Name":"OriginalFileName","#text":"taskkill.exe"},{"@Name":"CommandLine","#text":"\"taskkill.exe\" /f /im \"UltraViewer_Desktop.exe\""},{"@Name":"CurrentDirectory","#text":"C:\\Windows\\system32\\"},{"@Name":"User","#text":"SERVER002\\admin_test"},{"@Name":"LogonGuid","#text":"dbf410b3-278d-671d-0cae-120000000000"},{"@Name":"LogonId","#text":"0x12AE0C"},{"@Name":"TerminalSessionId","#text":"0"},{"@Name":"IntegrityLevel","#text":"High"},{"@Name":"Hashes","#text":"SHA256=4E664B35E8DE6C6B38E3231DFAF00744435FFB806E00355FECE1E0CC1D2121C1"},{"@Name":"ParentProcessGuid","#text":"dbf410b3-27a9-671d-d800-000000003900"},{"@Name":"ParentProcessId","#text":"6524"},{"@Name":"ParentImage","#text":"C:\\Users\\ADMIN_~1\\AppData\\Local\\Temp\\is-ETQNB.tmp\\T1219_UltraViewer.tmp"},{"@Name":"ParentCommandLine","#text":"\"C:\\Users\\ADMIN_~1\\AppData\\Local\\Temp\\is-ETQNB.tmp\\T1219_UltraViewer.tmp\" /SL5=\"$F007E,3233452,121344,C:\\Users\\ADMIN_~1\\AppData\\Local\\Temp\\ExternalPayloads\\T1219_UltraViewer.exe\" /silent "},{"@Name":"ParentUser","#text":"SERVER002\\admin_test"}]}}}
{"Event":{"System":{"Provider":{"@Name":"Microsoft-Windows-Sysmon","@Guid":"5770385f-c22a-43e0-bf4c-06f5698ffbd9"},"EventID":"1","Version":"5","Level":"4","Task":"1","Opcode":"0","Keywords":"0x8000000000000000","TimeCreated":{"@SystemTime":"2024-10-26 17:32:34.4179903"},"EventRecordID":"18145","Correlation":null,"Execution":{"@ProcessID":"3032","@ThreadID":"3964"},"Channel":"Microsoft-Windows-Sysmon/Operational","Computer":"Server002","Security":{"@UserID":"S-1-5-18"}},"EventData":{"Data":[{"@Name":"RuleName","#text":"-"},{"@Name":"UtcTime","#text":"2024-10-26 17:32:34.416"},{"@Name":"ProcessGuid","#text":"dbf410b3-27b2-671d-2101-000000003900"},{"@Name":"ProcessId","#text":"6992"},{"@Name":"Image","#text":"C:\\Windows\\System32\\conhost.exe"},{"@Name":"FileVersion","#text":"10.0.19041.4355 (WinBuild.160101.0800)"},{"@Name":"Description","#text":"Console Window Host"},{"@Name":"Product","#text":"Microsoft® Windows® Operating System"},{"@Name":"Company","#text":"Microsoft Corporation"},{"@Name":"OriginalFileName","#text":"CONHOST.EXE"},{"@Name":"CommandLine","#text":"\\??\\C:\\Windows\\system32\\conhost.exe 0xffffffff -ForceV1"},{"@Name":"CurrentDirectory","#text":"C:\\Windows"},{"@Name":"User","#text":"SERVER002\\admin_test"},{"@Name":"LogonGuid","#text":"dbf410b3-278d-671d-0cae-120000000000"},{"@Name":"LogonId","#text":"0x12AE0C"},{"@Name":"TerminalSessionId","#text":"0"},{"@Name":"IntegrityLevel","#text":"High"},{"@Name":"Hashes","#text":"SHA256=CC0A60CD15FA21E54615E46CD0F10CFBE86F496DC64D14B31D9F3B415D120EE1"},{"@Name":"ParentProcessGuid","#text":"dbf410b3-27b2-671d-2001-000000003900"},{"@Name":"ParentProcessId","#text":"860"},{"@Name":"ParentImage","#text":"C:\\Windows\\SysWOW64\\taskkill.exe"},{"@Name":"ParentCommandLine","#text":"\"taskkill.exe\" /f /im \"UltraViewer_Desktop.exe\""},{"@Name":"ParentUser","#text":"SERVER002\\admin_test"}]}}}
{"Event":{"System":{"Provider":{"@Name":"Microsoft-Windows-Sysmon","@Guid":"5770385f-c22a-43e0-bf4c-06f5698ffbd9"},"EventID":"5","Version":"3","Level":"4","Task":"5","Opcode":"0","Keywords":"0x8000000000000000","TimeCreated":{"@SystemTime":"2024-10-26 17:32:34.5017267"},"EventRecordID":"18146","Correlation":null,"Execution":{"@ProcessID":"3032","@ThreadID":"3964"},"Channel":"Microsoft-Windows-Sysmon/Operational","Computer":"Server002","Security":{"@UserID":"S-1-5-18"}},"EventData":{"Data":[{"@Name":"RuleName","#text":"-"},{"@Name":"UtcTime","#text":"2024-10-26 17:32:34.501"},{"@Name":"ProcessGuid","#text":"dbf410b3-27b2-671d-2001-000000003900"},{"@Name":"ProcessId","#text":"860"},{"@Name":"Image","#text":"C:\\Windows\\SysWOW64\\taskkill.exe"},{"@Name":"User","#text":"SERVER002\\admin_test"}]}}}
{"Event":{"System":{"Provider":{"@Name":"Microsoft-Windows-Sysmon","@Guid":"5770385f-c22a-43e0-bf4c-06f5698ffbd9"},"EventID":"5","Version":"3","Level":"4","Task":"5","Opcode":"0","Keywords":"0x8000000000000000","TimeCreated":{"@SystemTime":"2024-10-26 17:32:34.5035546"},"EventRecordID":"18147","Correlation":null,"Execution":{"@ProcessID":"3032","@ThreadID":"3964"},"Channel":"Microsoft-Windows-Sysmon/Operational","Computer":"Server002","Security":{"@UserID":"S-1-5-18"}},"EventData":{"Data":[{"@Name":"RuleName","#text":"-"},{"@Name":"UtcTime","#text":"2024-10-26 17:32:34.501"},{"@Name":"ProcessGuid","#text":"dbf410b3-27b2-671d-2101-000000003900"},{"@Name":"ProcessId","#text":"6992"},{"@Name":"Image","#text":"C:\\Windows\\System32\\conhost.exe"},{"@Name":"User","#text":"SERVER002\\admin_test"}]}}}
{"Event":{"System":{"Provider":{"@Name":"Microsoft-Windows-Sysmon","@Guid":"5770385f-c22a-43e0-bf4c-06f5698ffbd9"},"EventID":"1","Version":"5","Level":"4","Task":"1","Opcode":"0","Keywords":"0x8000000000000000","TimeCreated":{"@SystemTime":"2024-10-26 17:32:34.5070785"},"EventRecordID":"18148","Correlation":null,"Execution":{"@ProcessID":"3032","@ThreadID":"3964"},"Channel":"Microsoft-Windows-Sysmon/Operational","Computer":"Server002","Security":{"@UserID":"S-1-5-18"}},"EventData":{"Data":[{"@Name":"RuleName","#text":"-"},{"@Name":"UtcTime","#text":"2024-10-26 17:32:34.505"},{"@Name":"ProcessGuid","#text":"dbf410b3-27b2-671d-2201-000000003900"},{"@Name":"ProcessId","#text":"4852"},{"@Name":"Image","#text":"C:\\Windows\\SysWOW64\\taskkill.exe"},{"@Name":"FileVersion","#text":"10.0.19041.1 (WinBuild.160101.0800)"},{"@Name":"Description","#text":"Terminates Processes"},{"@Name":"Product","#text":"Microsoft® Windows® Operating System"},{"@Name":"Company","#text":"Microsoft Corporation"},{"@Name":"OriginalFileName","#text":"taskkill.exe"},{"@Name":"CommandLine","#text":"\"taskkill.exe\" /f /im \"UltraViewer_Service.exe\""},{"@Name":"CurrentDirectory","#text":"C:\\Windows\\system32\\"},{"@Name":"User","#text":"SERVER002\\admin_test"},{"@Name":"LogonGuid","#text":"dbf410b3-278d-671d-0cae-120000000000"},{"@Name":"LogonId","#text":"0x12AE0C"},{"@Name":"TerminalSessionId","#text":"0"},{"@Name":"IntegrityLevel","#text":"High"},{"@Name":"Hashes","#text":"SHA256=4E664B35E8DE6C6B38E3231DFAF00744435FFB806E00355FECE1E0CC1D2121C1"},{"@Name":"ParentProcessGuid","#text":"dbf410b3-27a9-671d-d800-000000003900"},{"@Name":"ParentProcessId","#text":"6524"},{"@Name":"ParentImage","#text":"C:\\Users\\ADMIN_~1\\AppData\\Local\\Temp\\is-ETQNB.tmp\\T1219_UltraViewer.tmp"},{"@Name":"ParentCommandLine","#text":"\"C:\\Users\\ADMIN_~1\\AppData\\Local\\Temp\\is-ETQNB.tmp\\T1219_UltraViewer.tmp\" /SL5=\"$F007E,3233452,121344,C:\\Users\\ADMIN_~1\\AppData\\Local\\Temp\\ExternalPayloads\\T1219_UltraViewer.exe\" /silent "},{"@Name":"ParentUser","#text":"SERVER002\\admin_test"}]}}}
{"Event":{"System":{"Provider":{"@Name":"Microsoft-Windows-Sysmon","@Guid":"5770385f-c22a-43e0-bf4c-06f5698ffbd9"},"EventID":"1","Version":"5","Level":"4","Task":"1","Opcode":"0","Keywords":"0x8000000000000000","TimeCreated":{"@SystemTime":"2024-10-26 17:32:34.5114304"},"EventRecordID":"18149","Correlation":null,"Execution":{"@ProcessID":"3032","@ThreadID":"3964"},"Channel":"Microsoft-Windows-Sysmon/Operational","Computer":"Server002","Security":{"@UserID":"S-1-5-18"}},"EventData":{"Data":[{"@Name":"RuleName","#text":"-"},{"@Name":"UtcTime","#text":"2024-10-26 17:32:34.509"},{"@Name":"ProcessGuid","#text":"dbf410b3-27b2-671d-2301-000000003900"},{"@Name":"ProcessId","#text":"5096"},{"@Name":"Image","#text":"C:\\Windows\\System32\\conhost.exe"},{"@Name":"FileVersion","#text":"10.0.19041.4355 (WinBuild.160101.0800)"},{"@Name":"Description","#text":"Console Window Host"},{"@Name":"Product","#text":"Microsoft® Windows® Operating System"},{"@Name":"Company","#text":"Microsoft Corporation"},{"@Name":"OriginalFileName","#text":"CONHOST.EXE"},{"@Name":"CommandLine","#text":"\\??\\C:\\Windows\\system32\\conhost.exe 0xffffffff -ForceV1"},{"@Name":"CurrentDirectory","#text":"C:\\Windows"},{"@Name":"User","#text":"SERVER002\\admin_test"},{"@Name":"LogonGuid","#text":"dbf410b3-278d-671d-0cae-120000000000"},{"@Name":"LogonId","#text":"0x12AE0C"},{"@Name":"TerminalSessionId","#text":"0"},{"@Name":"IntegrityLevel","#text":"High"},{"@Name":"Hashes","#text":"SHA256=CC0A60CD15FA21E54615E46CD0F10CFBE86F496DC64D14B31D9F3B415D120EE1"},{"@Name":"ParentProcessGuid","#text":"dbf410b3-27b2-671d-2201-000000003900"},{"@Name":"ParentProcessId","#text":"4852"},{"@Name":"ParentImage","#text":"C:\\Windows\\SysWOW64\\taskkill.exe"},{"@Name":"ParentCommandLine","#text":"\"taskkill.exe\" /f /im \"UltraViewer_Service.exe\""},{"@Name":"ParentUser","#text":"SERVER002\\admin_test"}]}}}
{"Event":{"System":{"Provider":{"@Name":"Microsoft-Windows-Sysmon","@Guid":"5770385f-c22a-43e0-bf4c-06f5698ffbd9"},"EventID":"5","Version":"3","Level":"4","Task":"5","Opcode":"0","Keywords":"0x8000000000000000","TimeCreated":{"@SystemTime":"2024-10-26 17:32:34.5961311"},"EventRecordID":"18150","Correlation":null,"Execution":{"@ProcessID":"3032","@ThreadID":"3964"},"Channel":"Microsoft-Windows-Sysmon/Operational","Computer":"Server002","Security":{"@UserID":"S-1-5-18"}},"EventData":{"Data":[{"@Name":"RuleName","#text":"-"},{"@Name":"UtcTime","#text":"2024-10-26 17:32:34.592"},{"@Name":"ProcessGuid","#text":"dbf410b3-27b2-671d-2201-000000003900"},{"@Name":"ProcessId","#text":"4852"},{"@Name":"Image","#text":"C:\\Windows\\SysWOW64\\taskkill.exe"},{"@Name":"User","#text":"SERVER002\\admin_test"}]}}}
{"Event":{"System":{"Provider":{"@Name":"Microsoft-Windows-Sysmon","@Guid":"5770385f-c22a-43e0-bf4c-06f5698ffbd9"},"EventID":"5","Version":"3","Level":"4","Task":"5","Opcode":"0","Keywords":"0x8000000000000000","TimeCreated":{"@SystemTime":"2024-10-26 17:32:34.5977897"},"EventRecordID":"18151","Correlation":null,"Execution":{"@ProcessID":"3032","@ThreadID":"3964"},"Channel":"Microsoft-Windows-Sysmon/Operational","Computer":"Server002","Security":{"@UserID":"S-1-5-18"}},"EventData":{"Data":[{"@Name":"RuleName","#text":"-"},{"@Name":"UtcTime","#text":"2024-10-26 17:32:34.592"},{"@Name":"ProcessGuid","#text":"dbf410b3-27b2-671d-2301-000000003900"},{"@Name":"ProcessId","#text":"5096"},{"@Name":"Image","#text":"C:\\Windows\\System32\\conhost.exe"},{"@Name":"User","#text":"SERVER002\\admin_test"}]}}}
{"Event":{"System":{"Provider":{"@Name":"Microsoft-Windows-Sysmon","@Guid":"5770385f-c22a-43e0-bf4c-06f5698ffbd9"},"EventID":"1","Version":"5","Level":"4","Task":"1","Opcode":"0","Keywords":"0x8000000000000000","TimeCreated":{"@SystemTime":"2024-10-26 17:32:34.6053906"},"EventRecordID":"18152","Correlation":null,"Execution":{"@ProcessID":"3032","@ThreadID":"3964"},"Channel":"Microsoft-Windows-Sysmon/Operational","Computer":"Server002","Security":{"@UserID":"S-1-5-18"}},"EventData":{"Data":[{"@Name":"RuleName","#text":"-"},{"@Name":"UtcTime","#text":"2024-10-26 17:32:34.602"},{"@Name":"ProcessGuid","#text":"dbf410b3-27b2-671d-2401-000000003900"},{"@Name":"ProcessId","#text":"6160"},{"@Name":"Image","#text":"C:\\Windows\\SysWOW64\\taskkill.exe"},{"@Name":"FileVersion","#text":"10.0.19041.1 (WinBuild.160101.0800)"},{"@Name":"Description","#text":"Terminates Processes"},{"@Name":"Product","#text":"Microsoft® Windows® Operating System"},{"@Name":"Company","#text":"Microsoft Corporation"},{"@Name":"OriginalFileName","#text":"taskkill.exe"},{"@Name":"CommandLine","#text":"\"taskkill.exe\" /f /im \"UltraViewer_Desktop.exe\""},{"@Name":"CurrentDirectory","#text":"C:\\Windows\\system32\\"},{"@Name":"User","#text":"SERVER002\\admin_test"},{"@Name":"LogonGuid","#text":"dbf410b3-278d-671d-0cae-120000000000"},{"@Name":"LogonId","#text":"0x12AE0C"},{"@Name":"TerminalSessionId","#text":"0"},{"@Name":"IntegrityLevel","#text":"High"},{"@Name":"Hashes","#text":"SHA256=4E664B35E8DE6C6B38E3231DFAF00744435FFB806E00355FECE1E0CC1D2121C1"},{"@Name":"ParentProcessGuid","#text":"dbf410b3-27a9-671d-d800-000000003900"},{"@Name":"ParentProcessId","#text":"6524"},{"@Name":"ParentImage","#text":"C:\\Users\\ADMIN_~1\\AppData\\Local\\Temp\\is-ETQNB.tmp\\T1219_UltraViewer.tmp"},{"@Name":"ParentCommandLine","#text":"\"C:\\Users\\ADMIN_~1\\AppData\\Local\\Temp\\is-ETQNB.tmp\\T1219_UltraViewer.tmp\" /SL5=\"$F007E,3233452,121344,C:\\Users\\ADMIN_~1\\AppData\\Local\\Temp\\ExternalPayloads\\T1219_UltraViewer.exe\" /silent "},{"@Name":"ParentUser","#text":"SERVER002\\admin_test"}]}}}
{"Event":{"System":{"Provider":{"@Name":"Microsoft-Windows-Sysmon","@Guid":"5770385f-c22a-43e0-bf4c-06f5698ffbd9"},"EventID":"1","Version":"5","Level":"4","Task":"1","Opcode":"0","Keywords":"0x8000000000000000","TimeCreated":{"@SystemTime":"2024-10-26 17:32:34.6102230"},"EventRecordID":"18153","Correlation":null,"Execution":{"@ProcessID":"3032","@ThreadID":"3964"},"Channel":"Microsoft-Windows-Sysmon/Operational","Computer":"Server002","Security":{"@UserID":"S-1-5-18"}},"EventData":{"Data":[{"@Name":"RuleName","#text":"-"},{"@Name":"UtcTime","#text":"2024-10-26 17:32:34.608"},{"@Name":"ProcessGuid","#text":"dbf410b3-27b2-671d-2501-000000003900"},{"@Name":"ProcessId","#text":"6628"},{"@Name":"Image","#text":"C:\\Windows\\System32\\conhost.exe"},{"@Name":"FileVersion","#text":"10.0.19041.4355 (WinBuild.160101.0800)"},{"@Name":"Description","#text":"Console Window Host"},{"@Name":"Product","#text":"Microsoft® Windows® Operating System"},{"@Name":"Company","#text":"Microsoft Corporation"},{"@Name":"OriginalFileName","#text":"CONHOST.EXE"},{"@Name":"CommandLine","#text":"\\??\\C:\\Windows\\system32\\conhost.exe 0xffffffff -ForceV1"},{"@Name":"CurrentDirectory","#text":"C:\\Windows"},{"@Name":"User","#text":"SERVER002\\admin_test"},{"@Name":"LogonGuid","#text":"dbf410b3-278d-671d-0cae-120000000000"},{"@Name":"LogonId","#text":"0x12AE0C"},{"@Name":"TerminalSessionId","#text":"0"},{"@Name":"IntegrityLevel","#text":"High"},{"@Name":"Hashes","#text":"SHA256=CC0A60CD15FA21E54615E46CD0F10CFBE86F496DC64D14B31D9F3B415D120EE1"},{"@Name":"ParentProcessGuid","#text":"dbf410b3-27b2-671d-2401-000000003900"},{"@Name":"ParentProcessId","#text":"6160"},{"@Name":"ParentImage","#text":"C:\\Windows\\SysWOW64\\taskkill.exe"},{"@Name":"ParentCommandLine","#text":"\"taskkill.exe\" /f /im \"UltraViewer_Desktop.exe\""},{"@Name":"ParentUser","#text":"SERVER002\\admin_test"}]}}}
{"Event":{"System":{"Provider":{"@Name":"Microsoft-Windows-Sysmon","@Guid":"5770385f-c22a-43e0-bf4c-06f5698ffbd9"},"EventID":"5","Version":"3","Level":"4","Task":"5","Opcode":"0","Keywords":"0x8000000000000000","TimeCreated":{"@SystemTime":"2024-10-26 17:32:34.6963003"},"EventRecordID":"18154","Correlation":null,"Execution":{"@ProcessID":"3032","@ThreadID":"3964"},"Channel":"Microsoft-Windows-Sysmon/Operational","Computer":"Server002","Security":{"@UserID":"S-1-5-18"}},"EventData":{"Data":[{"@Name":"RuleName","#text":"-"},{"@Name":"UtcTime","#text":"2024-10-26 17:32:34.695"},{"@Name":"ProcessGuid","#text":"dbf410b3-27b2-671d-2401-000000003900"},{"@Name":"ProcessId","#text":"6160"},{"@Name":"Image","#text":"C:\\Windows\\SysWOW64\\taskkill.exe"},{"@Name":"User","#text":"SERVER002\\admin_test"}]}}}
{"Event":{"System":{"Provider":{"@Name":"Microsoft-Windows-Sysmon","@Guid":"5770385f-c22a-43e0-bf4c-06f5698ffbd9"},"EventID":"5","Version":"3","Level":"4","Task":"5","Opcode":"0","Keywords":"0x8000000000000000","TimeCreated":{"@SystemTime":"2024-10-26 17:32:34.6981807"},"EventRecordID":"18155","Correlation":null,"Execution":{"@ProcessID":"3032","@ThreadID":"3964"},"Channel":"Microsoft-Windows-Sysmon/Operational","Computer":"Server002","Security":{"@UserID":"S-1-5-18"}},"EventData":{"Data":[{"@Name":"RuleName","#text":"-"},{"@Name":"UtcTime","#text":"2024-10-26 17:32:34.695"},{"@Name":"ProcessGuid","#text":"dbf410b3-27b2-671d-2501-000000003900"},{"@Name":"ProcessId","#text":"6628"},{"@Name":"Image","#text":"C:\\Windows\\System32\\conhost.exe"},{"@Name":"User","#text":"SERVER002\\admin_test"}]}}}
{"Event":{"System":{"Provider":{"@Name":"Microsoft-Windows-Sysmon","@Guid":"5770385f-c22a-43e0-bf4c-06f5698ffbd9"},"EventID":"1","Version":"5","Level":"4","Task":"1","Opcode":"0","Keywords":"0x8000000000000000","TimeCreated":{"@SystemTime":"2024-10-26 17:32:34.7030725"},"EventRecordID":"18156","Correlation":null,"Execution":{"@ProcessID":"3032","@ThreadID":"3964"},"Channel":"Microsoft-Windows-Sysmon/Operational","Computer":"Server002","Security":{"@UserID":"S-1-5-18"}},"EventData":{"Data":[{"@Name":"RuleName","#text":"-"},{"@Name":"UtcTime","#text":"2024-10-26 17:32:34.700"},{"@Name":"ProcessGuid","#text":"dbf410b3-27b2-671d-2601-000000003900"},{"@Name":"ProcessId","#text":"7068"},{"@Name":"Image","#text":"C:\\Windows\\SysWOW64\\taskkill.exe"},{"@Name":"FileVersion","#text":"10.0.19041.1 (WinBuild.160101.0800)"},{"@Name":"Description","#text":"Terminates Processes"},{"@Name":"Product","#text":"Microsoft® Windows® Operating System"},{"@Name":"Company","#text":"Microsoft Corporation"},{"@Name":"OriginalFileName","#text":"taskkill.exe"},{"@Name":"CommandLine","#text":"\"taskkill.exe\" /f /im \"UltraViewer_Service.exe\""},{"@Name":"CurrentDirectory","#text":"C:\\Windows\\system32\\"},{"@Name":"User","#text":"SERVER002\\admin_test"},{"@Name":"LogonGuid","#text":"dbf410b3-278d-671d-0cae-120000000000"},{"@Name":"LogonId","#text":"0x12AE0C"},{"@Name":"TerminalSessionId","#text":"0"},{"@Name":"IntegrityLevel","#text":"High"},{"@Name":"Hashes","#text":"SHA256=4E664B35E8DE6C6B38E3231DFAF00744435FFB806E00355FECE1E0CC1D2121C1"},{"@Name":"ParentProcessGuid","#text":"dbf410b3-27a9-671d-d800-000000003900"},{"@Name":"ParentProcessId","#text":"6524"},{"@Name":"ParentImage","#text":"C:\\Users\\ADMIN_~1\\AppData\\Local\\Temp\\is-ETQNB.tmp\\T1219_UltraViewer.tmp"},{"@Name":"ParentCommandLine","#text":"\"C:\\Users\\ADMIN_~1\\AppData\\Local\\Temp\\is-ETQNB.tmp\\T1219_UltraViewer.tmp\" /SL5=\"$F007E,3233452,121344,C:\\Users\\ADMIN_~1\\AppData\\Local\\Temp\\ExternalPayloads\\T1219_UltraViewer.exe\" /silent "},{"@Name":"ParentUser","#text":"SERVER002\\admin_test"}]}}}
{"Event":{"System":{"Provider":{"@Name":"Microsoft-Windows-Sysmon","@Guid":"5770385f-c22a-43e0-bf4c-06f5698ffbd9"},"EventID":"1","Version":"5","Level":"4","Task":"1","Opcode":"0","Keywords":"0x8000000000000000","TimeCreated":{"@SystemTime":"2024-10-26 17:32:34.7077226"},"EventRecordID":"18157","Correlation":null,"Execution":{"@ProcessID":"3032","@ThreadID":"3964"},"Channel":"Microsoft-Windows-Sysmon/Operational","Computer":"Server002","Security":{"@UserID":"S-1-5-18"}},"EventData":{"Data":[{"@Name":"RuleName","#text":"-"},{"@Name":"UtcTime","#text":"2024-10-26 17:32:34.705"},{"@Name":"ProcessGuid","#text":"dbf410b3-27b2-671d-2701-000000003900"},{"@Name":"ProcessId","#text":"4792"},{"@Name":"Image","#text":"C:\\Windows\\System32\\conhost.exe"},{"@Name":"FileVersion","#text":"10.0.19041.4355 (WinBuild.160101.0800)"},{"@Name":"Description","#text":"Console Window Host"},{"@Name":"Product","#text":"Microsoft® Windows® Operating System"},{"@Name":"Company","#text":"Microsoft Corporation"},{"@Name":"OriginalFileName","#text":"CONHOST.EXE"},{"@Name":"CommandLine","#text":"\\??\\C:\\Windows\\system32\\conhost.exe 0xffffffff -ForceV1"},{"@Name":"CurrentDirectory","#text":"C:\\Windows"},{"@Name":"User","#text":"SERVER002\\admin_test"},{"@Name":"LogonGuid","#text":"dbf410b3-278d-671d-0cae-120000000000"},{"@Name":"LogonId","#text":"0x12AE0C"},{"@Name":"TerminalSessionId","#text":"0"},{"@Name":"IntegrityLevel","#text":"High"},{"@Name":"Hashes","#text":"SHA256=CC0A60CD15FA21E54615E46CD0F10CFBE86F496DC64D14B31D9F3B415D120EE1"},{"@Name":"ParentProcessGuid","#text":"dbf410b3-27b2-671d-2601-000000003900"},{"@Name":"ParentProcessId","#text":"7068"},{"@Name":"ParentImage","#text":"C:\\Windows\\SysWOW64\\taskkill.exe"},{"@Name":"ParentCommandLine","#text":"\"taskkill.exe\" /f /im \"UltraViewer_Service.exe\""},{"@Name":"ParentUser","#text":"SERVER002\\admin_test"}]}}}
{"Event":{"System":{"Provider":{"@Name":"Microsoft-Windows-Sysmon","@Guid":"5770385f-c22a-43e0-bf4c-06f5698ffbd9"},"EventID":"5","Version":"3","Level":"4","Task":"5","Opcode":"0","Keywords":"0x8000000000000000","TimeCreated":{"@SystemTime":"2024-10-26 17:32:34.7920622"},"EventRecordID":"18158","Correlation":null,"Execution":{"@ProcessID":"3032","@ThreadID":"3964"},"Channel":"Microsoft-Windows-Sysmon/Operational","Computer":"Server002","Security":{"@UserID":"S-1-5-18"}},"EventData":{"Data":[{"@Name":"RuleName","#text":"-"},{"@Name":"UtcTime","#text":"2024-10-26 17:32:34.787"},{"@Name":"ProcessGuid","#text":"dbf410b3-27b2-671d-2601-000000003900"},{"@Name":"ProcessId","#text":"7068"},{"@Name":"Image","#text":"C:\\Windows\\SysWOW64\\taskkill.exe"},{"@Name":"User","#text":"SERVER002\\admin_test"}]}}}
{"Event":{"System":{"Provider":{"@Name":"Microsoft-Windows-Sysmon","@Guid":"5770385f-c22a-43e0-bf4c-06f5698ffbd9"},"EventID":"5","Version":"3","Level":"4","Task":"5","Opcode":"0","Keywords":"0x8000000000000000","TimeCreated":{"@SystemTime":"2024-10-26 17:32:34.8001469"},"EventRecordID":"18159","Correlation":null,"Execution":{"@ProcessID":"3032","@ThreadID":"3964"},"Channel":"Microsoft-Windows-Sysmon/Operational","Computer":"Server002","Security":{"@UserID":"S-1-5-18"}},"EventData":{"Data":[{"@Name":"RuleName","#text":"-"},{"@Name":"UtcTime","#text":"2024-10-26 17:32:34.797"},{"@Name":"ProcessGuid","#text":"dbf410b3-27b2-671d-2701-000000003900"},{"@Name":"ProcessId","#text":"4792"},{"@Name":"Image","#text":"C:\\Windows\\System32\\conhost.exe"},{"@Name":"User","#text":"SERVER002\\admin_test"}]}}}
{"Event":{"System":{"Provider":{"@Name":"Microsoft-Windows-Sysmon","@Guid":"5770385f-c22a-43e0-bf4c-06f5698ffbd9"},"EventID":"1","Version":"5","Level":"4","Task":"1","Opcode":"0","Keywords":"0x8000000000000000","TimeCreated":{"@SystemTime":"2024-10-26 17:32:34.8031427"},"EventRecordID":"18160","Correlation":null,"Execution":{"@ProcessID":"3032","@ThreadID":"3964"},"Channel":"Microsoft-Windows-Sysmon/Operational","Computer":"Server002","Security":{"@UserID":"S-1-5-18"}},"EventData":{"Data":[{"@Name":"RuleName","#text":"-"},{"@Name":"UtcTime","#text":"2024-10-26 17:32:34.801"},{"@Name":"ProcessGuid","#text":"dbf410b3-27b2-671d-2801-000000003900"},{"@Name":"ProcessId","#text":"432"},{"@Name":"Image","#text":"C:\\Windows\\SysWOW64\\taskkill.exe"},{"@Name":"FileVersion","#text":"10.0.19041.1 (WinBuild.160101.0800)"},{"@Name":"Description","#text":"Terminates Processes"},{"@Name":"Product","#text":"Microsoft® Windows® Operating System"},{"@Name":"Company","#text":"Microsoft Corporation"},{"@Name":"OriginalFileName","#text":"taskkill.exe"},{"@Name":"CommandLine","#text":"\"taskkill.exe\" /f /im \"UltraViewer_Desktop.exe\""},{"@Name":"CurrentDirectory","#text":"C:\\Windows\\system32\\"},{"@Name":"User","#text":"SERVER002\\admin_test"},{"@Name":"LogonGuid","#text":"dbf410b3-278d-671d-0cae-120000000000"},{"@Name":"LogonId","#text":"0x12AE0C"},{"@Name":"TerminalSessionId","#text":"0"},{"@Name":"IntegrityLevel","#text":"High"},{"@Name":"Hashes","#text":"SHA256=4E664B35E8DE6C6B38E3231DFAF00744435FFB806E00355FECE1E0CC1D2121C1"},{"@Name":"ParentProcessGuid","#text":"dbf410b3-27a9-671d-d800-000000003900"},{"@Name":"ParentProcessId","#text":"6524"},{"@Name":"ParentImage","#text":"C:\\Users\\ADMIN_~1\\AppData\\Local\\Temp\\is-ETQNB.tmp\\T1219_UltraViewer.tmp"},{"@Name":"ParentCommandLine","#text":"\"C:\\Users\\ADMIN_~1\\AppData\\Local\\Temp\\is-ETQNB.tmp\\T1219_UltraViewer.tmp\" /SL5=\"$F007E,3233452,121344,C:\\Users\\ADMIN_~1\\AppData\\Local\\Temp\\ExternalPayloads\\T1219_UltraViewer.exe\" /silent "},{"@Name":"ParentUser","#text":"SERVER002\\admin_test"}]}}}
{"Event":{"System":{"Provider":{"@Name":"Microsoft-Windows-Sysmon","@Guid":"5770385f-c22a-43e0-bf4c-06f5698ffbd9"},"EventID":"1","Version":"5","Level":"4","Task":"1","Opcode":"0","Keywords":"0x8000000000000000","TimeCreated":{"@SystemTime":"2024-10-26 17:32:34.8092825"},"EventRecordID":"18161","Correlation":null,"Execution":{"@ProcessID":"3032","@ThreadID":"3964"},"Channel":"Microsoft-Windows-Sysmon/Operational","Computer":"Server002","Security":{"@UserID":"S-1-5-18"}},"EventData":{"Data":[{"@Name":"RuleName","#text":"-"},{"@Name":"UtcTime","#text":"2024-10-26 17:32:34.806"},{"@Name":"ProcessGuid","#text":"dbf410b3-27b2-671d-2901-000000003900"},{"@Name":"ProcessId","#text":"5772"},{"@Name":"Image","#text":"C:\\Windows\\System32\\conhost.exe"},{"@Name":"FileVersion","#text":"10.0.19041.4355 (WinBuild.160101.0800)"},{"@Name":"Description","#text":"Console Window Host"},{"@Name":"Product","#text":"Microsoft® Windows® Operating System"},{"@Name":"Company","#text":"Microsoft Corporation"},{"@Name":"OriginalFileName","#text":"CONHOST.EXE"},{"@Name":"CommandLine","#text":"\\??\\C:\\Windows\\system32\\conhost.exe 0xffffffff -ForceV1"},{"@Name":"CurrentDirectory","#text":"C:\\Windows"},{"@Name":"User","#text":"SERVER002\\admin_test"},{"@Name":"LogonGuid","#text":"dbf410b3-278d-671d-0cae-120000000000"},{"@Name":"LogonId","#text":"0x12AE0C"},{"@Name":"TerminalSessionId","#text":"0"},{"@Name":"IntegrityLevel","#text":"High"},{"@Name":"Hashes","#text":"SHA256=CC0A60CD15FA21E54615E46CD0F10CFBE86F496DC64D14B31D9F3B415D120EE1"},{"@Name":"ParentProcessGuid","#text":"dbf410b3-27b2-671d-2801-000000003900"},{"@Name":"ParentProcessId","#text":"432"},{"@Name":"ParentImage","#text":"C:\\Windows\\SysWOW64\\taskkill.exe"},{"@Name":"ParentCommandLine","#text":"\"taskkill.exe\" /f /im \"UltraViewer_Desktop.exe\""},{"@Name":"ParentUser","#text":"SERVER002\\admin_test"}]}}}
{"Event":{"System":{"Provider":{"@Name":"Microsoft-Windows-Sysmon","@Guid":"5770385f-c22a-43e0-bf4c-06f5698ffbd9"},"EventID":"5","Version":"3","Level":"4","Task":"5","Opcode":"0","Keywords":"0x8000000000000000","TimeCreated":{"@SystemTime":"2024-10-26 17:32:34.8990267"},"EventRecordID":"18162","Correlation":null,"Execution":{"@ProcessID":"3032","@ThreadID":"3964"},"Channel":"Microsoft-Windows-Sysmon/Operational","Computer":"Server002","Security":{"@UserID":"S-1-5-18"}},"EventData":{"Data":[{"@Name":"RuleName","#text":"-"},{"@Name":"UtcTime","#text":"2024-10-26 17:32:34.897"},{"@Name":"ProcessGuid","#text":"dbf410b3-27b2-671d-2801-000000003900"},{"@Name":"ProcessId","#text":"432"},{"@Name":"Image","#text":"C:\\Windows\\SysWOW64\\taskkill.exe"},{"@Name":"User","#text":"SERVER002\\admin_test"}]}}}
{"Event":{"System":{"Provider":{"@Name":"Microsoft-Windows-Sysmon","@Guid":"5770385f-c22a-43e0-bf4c-06f5698ffbd9"},"EventID":"5","Version":"3","Level":"4","Task":"5","Opcode":"0","Keywords":"0x8000000000000000","TimeCreated":{"@SystemTime":"2024-10-26 17:32:34.9003322"},"EventRecordID":"18163","Correlation":null,"Execution":{"@ProcessID":"3032","@ThreadID":"3964"},"Channel":"Microsoft-Windows-Sysmon/Operational","Computer":"Server002","Security":{"@UserID":"S-1-5-18"}},"EventData":{"Data":[{"@Name":"RuleName","#text":"-"},{"@Name":"UtcTime","#text":"2024-10-26 17:32:34.898"},{"@Name":"ProcessGuid","#text":"dbf410b3-27b2-671d-2901-000000003900"},{"@Name":"ProcessId","#text":"5772"},{"@Name":"Image","#text":"C:\\Windows\\System32\\conhost.exe"},{"@Name":"User","#text":"SERVER002\\admin_test"}]}}}
{"Event":{"System":{"Provider":{"@Name":"Microsoft-Windows-Sysmon","@Guid":"5770385f-c22a-43e0-bf4c-06f5698ffbd9"},"EventID":"1","Version":"5","Level":"4","Task":"1","Opcode":"0","Keywords":"0x8000000000000000","TimeCreated":{"@SystemTime":"2024-10-26 17:32:34.9052117"},"EventRecordID":"18164","Correlation":null,"Execution":{"@ProcessID":"3032","@ThreadID":"3964"},"Channel":"Microsoft-Windows-Sysmon/Operational","Computer":"Server002","Security":{"@UserID":"S-1-5-18"}},"EventData":{"Data":[{"@Name":"RuleName","#text":"-"},{"@Name":"UtcTime","#text":"2024-10-26 17:32:34.903"},{"@Name":"ProcessGuid","#text":"dbf410b3-27b2-671d-2a01-000000003900"},{"@Name":"ProcessId","#text":"6520"},{"@Name":"Image","#text":"C:\\Windows\\SysWOW64\\taskkill.exe"},{"@Name":"FileVersion","#text":"10.0.19041.1 (WinBuild.160101.0800)"},{"@Name":"Description","#text":"Terminates Processes"},{"@Name":"Product","#text":"Microsoft® Windows® Operating System"},{"@Name":"Company","#text":"Microsoft Corporation"},{"@Name":"OriginalFileName","#text":"taskkill.exe"},{"@Name":"CommandLine","#text":"\"taskkill.exe\" /f /im \"UltraViewer_Service.exe\""},{"@Name":"CurrentDirectory","#text":"C:\\Windows\\system32\\"},{"@Name":"User","#text":"SERVER002\\admin_test"},{"@Name":"LogonGuid","#text":"dbf410b3-278d-671d-0cae-120000000000"},{"@Name":"LogonId","#text":"0x12AE0C"},{"@Name":"TerminalSessionId","#text":"0"},{"@Name":"IntegrityLevel","#text":"High"},{"@Name":"Hashes","#text":"SHA256=4E664B35E8DE6C6B38E3231DFAF00744435FFB806E00355FECE1E0CC1D2121C1"},{"@Name":"ParentProcessGuid","#text":"dbf410b3-27a9-671d-d800-000000003900"},{"@Name":"ParentProcessId","#text":"6524"},{"@Name":"ParentImage","#text":"C:\\Users\\ADMIN_~1\\AppData\\Local\\Temp\\is-ETQNB.tmp\\T1219_UltraViewer.tmp"},{"@Name":"ParentCommandLine","#text":"\"C:\\Users\\ADMIN_~1\\AppData\\Local\\Temp\\is-ETQNB.tmp\\T1219_UltraViewer.tmp\" /SL5=\"$F007E,3233452,121344,C:\\Users\\ADMIN_~1\\AppData\\Local\\Temp\\ExternalPayloads\\T1219_UltraViewer.exe\" /silent "},{"@Name":"ParentUser","#text":"SERVER002\\admin_test"}]}}}
{"Event":{"System":{"Provider":{"@Name":"Microsoft-Windows-Sysmon","@Guid":"5770385f-c22a-43e0-bf4c-06f5698ffbd9"},"EventID":"1","Version":"5","Level":"4","Task":"1","Opcode":"0","Keywords":"0x8000000000000000","TimeCreated":{"@SystemTime":"2024-10-26 17:32:34.9098284"},"EventRecordID":"18165","Correlation":null,"Execution":{"@ProcessID":"3032","@ThreadID":"3964"},"Channel":"Microsoft-Windows-Sysmon/Operational","Computer":"Server002","Security":{"@UserID":"S-1-5-18"}},"EventData":{"Data":[{"@Name":"RuleName","#text":"-"},{"@Name":"UtcTime","#text":"2024-10-26 17:32:34.907"},{"@Name":"ProcessGuid","#text":"dbf410b3-27b2-671d-2b01-000000003900"},{"@Name":"ProcessId","#text":"6232"},{"@Name":"Image","#text":"C:\\Windows\\System32\\conhost.exe"},{"@Name":"FileVersion","#text":"10.0.19041.4355 (WinBuild.160101.0800)"},{"@Name":"Description","#text":"Console Window Host"},{"@Name":"Product","#text":"Microsoft® Windows® Operating System"},{"@Name":"Company","#text":"Microsoft Corporation"},{"@Name":"OriginalFileName","#text":"CONHOST.EXE"},{"@Name":"CommandLine","#text":"\\??\\C:\\Windows\\system32\\conhost.exe 0xffffffff -ForceV1"},{"@Name":"CurrentDirectory","#text":"C:\\Windows"},{"@Name":"User","#text":"SERVER002\\admin_test"},{"@Name":"LogonGuid","#text":"dbf410b3-278d-671d-0cae-120000000000"},{"@Name":"LogonId","#text":"0x12AE0C"},{"@Name":"TerminalSessionId","#text":"0"},{"@Name":"IntegrityLevel","#text":"High"},{"@Name":"Hashes","#text":"SHA256=CC0A60CD15FA21E54615E46CD0F10CFBE86F496DC64D14B31D9F3B415D120EE1"},{"@Name":"ParentProcessGuid","#text":"dbf410b3-27b2-671d-2a01-000000003900"},{"@Name":"ParentProcessId","#text":"6520"},{"@Name":"ParentImage","#text":"C:\\Windows\\SysWOW64\\taskkill.exe"},{"@Name":"ParentCommandLine","#text":"\"taskkill.exe\" /f /im \"UltraViewer_Service.exe\""},{"@Name":"ParentUser","#text":"SERVER002\\admin_test"}]}}}
{"Event":{"System":{"Provider":{"@Name":"Microsoft-Windows-Sysmon","@Guid":"5770385f-c22a-43e0-bf4c-06f5698ffbd9"},"EventID":"5","Version":"3","Level":"4","Task":"5","Opcode":"0","Keywords":"0x8000000000000000","TimeCreated":{"@SystemTime":"2024-10-26 17:32:35.0002578"},"EventRecordID":"18166","Correlation":null,"Execution":{"@ProcessID":"3032","@ThreadID":"3964"},"Channel":"Microsoft-Windows-Sysmon/Operational","Computer":"Server002","Security":{"@UserID":"S-1-5-18"}},"EventData":{"Data":[{"@Name":"RuleName","#text":"-"},{"@Name":"UtcTime","#text":"2024-10-26 17:32:34.999"},{"@Name":"ProcessGuid","#text":"dbf410b3-27b2-671d-2a01-000000003900"},{"@Name":"ProcessId","#text":"6520"},{"@Name":"Image","#text":"C:\\Windows\\SysWOW64\\taskkill.exe"},{"@Name":"User","#text":"SERVER002\\admin_test"}]}}}
{"Event":{"System":{"Provider":{"@Name":"Microsoft-Windows-Sysmon","@Guid":"5770385f-c22a-43e0-bf4c-06f5698ffbd9"},"EventID":"5","Version":"3","Level":"4","Task":"5","Opcode":"0","Keywords":"0x8000000000000000","TimeCreated":{"@SystemTime":"2024-10-26 17:32:35.0012674"},"EventRecordID":"18167","Correlation":null,"Execution":{"@ProcessID":"3032","@ThreadID":"3964"},"Channel":"Microsoft-Windows-Sysmon/Operational","Computer":"Server002","Security":{"@UserID":"S-1-5-18"}},"EventData":{"Data":[{"@Name":"RuleName","#text":"-"},{"@Name":"UtcTime","#text":"2024-10-26 17:32:34.999"},{"@Name":"ProcessGuid","#text":"dbf410b3-27b2-671d-2b01-000000003900"},{"@Name":"ProcessId","#text":"6232"},{"@Name":"Image","#text":"C:\\Windows\\System32\\conhost.exe"},{"@Name":"User","#text":"SERVER002\\admin_test"}]}}}
