{"Event":{"System":{"Provider":{"@Name":"Microsoft-Windows-Sysmon","@Guid":"5770385f-c22a-43e0-bf4c-06f5698ffbd9"},"EventID":"1","Version":"5","Level":"4","Task":"1","Opcode":"0","Keywords":"0x8000000000000000","TimeCreated":{"@SystemTime":"2024-10-21 09:26:28.0908540"},"EventRecordID":"18030","Correlation":null,"Execution":{"@ProcessID":"2956","@ThreadID":"3364"},"Channel":"Microsoft-Windows-Sysmon/Operational","Computer":"Server002","Security":{"@UserID":"S-1-5-18"}},"EventData":{"Data":[{"@Name":"RuleName","#text":"-"},{"@Name":"UtcTime","#text":"2024-10-21 09:26:28.082"},{"@Name":"ProcessGuid","#text":"dbf410b3-1e44-6716-e900-000000003900"},{"@Name":"ProcessId","#text":"2104"},{"@Name":"Image","#text":"C:\\Windows\\System32\\PING.EXE"},{"@Name":"FileVersion","#text":"10.0.19041.1 (WinBuild.160101.0800)"},{"@Name":"Description","#text":"TCP/IP Ping Command"},{"@Name":"Product","#text":"Microsoft® Windows® Operating System"},{"@Name":"Company","#text":"Microsoft Corporation"},{"@Name":"OriginalFileName","#text":"ping.exe"},{"@Name":"CommandLine","#text":"ping  -n 1 -w 100 192.168.1.37"},{"@Name":"CurrentDirectory","#text":"C:\\Users\\ADMIN_~1\\AppData\\Local\\Temp\\"},{"@Name":"User","#text":"SERVER002\\admin_test"},{"@Name":"LogonGuid","#text":"dbf410b3-1e30-6716-a98c-090000000000"},{"@Name":"LogonId","#text":"0x98CA9"},{"@Name":"TerminalSessionId","#text":"0"},{"@Name":"IntegrityLevel","#text":"High"},{"@Name":"Hashes","#text":"SHA256=7AF50FA112932EA3284F7821B2EEA2B7582F558DBA897231BB82182003C29F8B"},{"@Name":"ParentProcessGuid","#text":"dbf410b3-1e37-6716-bf00-000000003900"},{"@Name":"ParentProcessId","#text":"5980"},{"@Name":"ParentImage","#text":"C:\\Windows\\System32\\cmd.exe"},{"@Name":"ParentCommandLine","#text":"\"cmd.exe\" /c for /l %i in (1,1,254) do ping -n 1 -w 100 192.168.1.%i"},{"@Name":"ParentUser","#text":"SERVER002\\admin_test"}]}}}
{"Event":{"System":{"Provider":{"@Name":"Microsoft-Windows-Sysmon","@Guid":"5770385f-c22a-43e0-bf4c-06f5698ffbd9"},"EventID":"5","Version":"3","Level":"4","Task":"5","Opcode":"0","Keywords":"0x8000000000000000","TimeCreated":{"@SystemTime":"2024-10-21 09:26:28.5912410"},"EventRecordID":"18031","Correlation":null,"Execution":{"@ProcessID":"2956","@ThreadID":"3364"},"Channel":"Microsoft-Windows-Sysmon/Operational","Computer":"Server002","Security":{"@UserID":"S-1-5-18"}},"EventData":{"Data":[{"@Name":"RuleName","#text":"-"},{"@Name":"UtcTime","#text":"2024-10-21 09:26:28.588"},{"@Name":"ProcessGuid","#text":"dbf410b3-1e44-6716-e900-000000003900"},{"@Name":"ProcessId","#text":"2104"},{"@Name":"Image","#text":"C:\\Windows\\System32\\PING.EXE"},{"@Name":"User","#text":"SERVER002\\admin_test"}]}}}
{"Event":{"System":{"Provider":{"@Name":"Microsoft-Windows-Sysmon","@Guid":"5770385f-c22a-43e0-bf4c-06f5698ffbd9"},"EventID":"1","Version":"5","Level":"4","Task":"1","Opcode":"0","Keywords":"0x8000000000000000","TimeCreated":{"@SystemTime":"2024-10-21 09:26:28.5975367"},"EventRecordID":"18032","Correlation":null,"Execution":{"@ProcessID":"2956","@ThreadID":"3364"},"Channel":"Microsoft-Windows-Sysmon/Operational","Computer":"Server002","Security":{"@UserID":"S-1-5-18"}},"EventData":{"Data":[{"@Name":"RuleName","#text":"-"},{"@Name":"UtcTime","#text":"2024-10-21 09:26:28.593"},{"@Name":"ProcessGuid","#text":"dbf410b3-1e44-6716-ea00-000000003900"},{"@Name":"ProcessId","#text":"1920"},{"@Name":"Image","#text":"C:\\Windows\\System32\\PING.EXE"},{"@Name":"FileVersion","#text":"10.0.19041.1 (WinBuild.160101.0800)"},{"@Name":"Description","#text":"TCP/IP Ping Command"},{"@Name":"Product","#text":"Microsoft® Windows® Operating System"},{"@Name":"Company","#text":"Microsoft Corporation"},{"@Name":"OriginalFileName","#text":"ping.exe"},{"@Name":"CommandLine","#text":"ping  -n 1 -w 100 192.168.1.38"},{"@Name":"CurrentDirectory","#text":"C:\\Users\\ADMIN_~1\\AppData\\Local\\Temp\\"},{"@Name":"User","#text":"SERVER002\\admin_test"},{"@Name":"LogonGuid","#text":"dbf410b3-1e30-6716-a98c-090000000000"},{"@Name":"LogonId","#text":"0x98CA9"},{"@Name":"TerminalSessionId","#text":"0"},{"@Name":"IntegrityLevel","#text":"High"},{"@Name":"Hashes","#text":"SHA256=7AF50FA112932EA3284F7821B2EEA2B7582F558DBA897231BB82182003C29F8B"},{"@Name":"ParentProcessGuid","#text":"dbf410b3-1e37-6716-bf00-000000003900"},{"@Name":"ParentProcessId","#text":"5980"},{"@Name":"ParentImage","#text":"C:\\Windows\\System32\\cmd.exe"},{"@Name":"ParentCommandLine","#text":"\"cmd.exe\" /c for /l %i in (1,1,254) do ping -n 1 -w 100 192.168.1.%i"},{"@Name":"ParentUser","#text":"SERVER002\\admin_test"}]}}}
{"Event":{"System":{"Provider":{"@Name":"Microsoft-Windows-Sysmon","@Guid":"5770385f-c22a-43e0-bf4c-06f5698ffbd9"},"EventID":"5","Version":"3","Level":"4","Task":"5","Opcode":"0","Keywords":"0x8000000000000000","TimeCreated":{"@SystemTime":"2024-10-21 09:26:29.1376017"},"EventRecordID":"18033","Correlation":null,"Execution":{"@ProcessID":"2956","@ThreadID":"3364"},"Channel":"Microsoft-Windows-Sysmon/Operational","Computer":"Server002","Security":{"@UserID":"S-1-5-18"}},"EventData":{"Data":[{"@Name":"RuleName","#text":"-"},{"@Name":"UtcTime","#text":"2024-10-21 09:26:29.136"},{"@Name":"ProcessGuid","#text":"dbf410b3-1e44-6716-ea00-000000003900"},{"@Name":"ProcessId","#text":"1920"},{"@Name":"Image","#text":"C:\\Windows\\System32\\PING.EXE"},{"@Name":"User","#text":"SERVER002\\admin_test"}]}}}
{"Event":{"System":{"Provider":{"@Name":"Microsoft-Windows-Sysmon","@Guid":"5770385f-c22a-43e0-bf4c-06f5698ffbd9"},"EventID":"1","Version":"5","Level":"4","Task":"1","Opcode":"0","Keywords":"0x8000000000000000","TimeCreated":{"@SystemTime":"2024-10-21 09:26:29.1443383"},"EventRecordID":"18034","Correlation":null,"Execution":{"@ProcessID":"2956","@ThreadID":"3364"},"Channel":"Microsoft-Windows-Sysmon/Operational","Computer":"Server002","Security":{"@UserID":"S-1-5-18"}},"EventData":{"Data":[{"@Name":"RuleName","#text":"-"},{"@Name":"UtcTime","#text":"2024-10-21 09:26:29.140"},{"@Name":"ProcessGuid","#text":"dbf410b3-1e45-6716-eb00-000000003900"},{"@Name":"ProcessId","#text":"772"},{"@Name":"Image","#text":"C:\\Windows\\System32\\PING.EXE"},{"@Name":"FileVersion","#text":"10.0.19041.1 (WinBuild.160101.0800)"},{"@Name":"Description","#text":"TCP/IP Ping Command"},{"@Name":"Product","#text":"Microsoft® Windows® Operating System"},{"@Name":"Company","#text":"Microsoft Corporation"},{"@Name":"OriginalFileName","#text":"ping.exe"},{"@Name":"CommandLine","#text":"ping  -n 1 -w 100 192.168.1.39"},{"@Name":"CurrentDirectory","#text":"C:\\Users\\ADMIN_~1\\AppData\\Local\\Temp\\"},{"@Name":"User","#text":"SERVER002\\admin_test"},{"@Name":"LogonGuid","#text":"dbf410b3-1e30-6716-a98c-090000000000"},{"@Name":"LogonId","#text":"0x98CA9"},{"@Name":"TerminalSessionId","#text":"0"},{"@Name":"IntegrityLevel","#text":"High"},{"@Name":"Hashes","#text":"SHA256=7AF50FA112932EA3284F7821B2EEA2B7582F558DBA897231BB82182003C29F8B"},{"@Name":"ParentProcessGuid","#text":"dbf410b3-1e37-6716-bf00-000000003900"},{"@Name":"ParentProcessId","#text":"5980"},{"@Name":"ParentImage","#text":"C:\\Windows\\System32\\cmd.exe"},{"@Name":"ParentCommandLine","#text":"\"cmd.exe\" /c for /l %i in (1,1,254) do ping -n 1 -w 100 192.168.1.%i"},{"@Name":"ParentUser","#text":"SERVER002\\admin_test"}]}}}
{"Event":{"System":{"Provider":{"@Name":"Microsoft-Windows-Sysmon","@Guid":"5770385f-c22a-43e0-bf4c-06f5698ffbd9"},"EventID":"5","Version":"3","Level":"4","Task":"5","Opcode":"0","Keywords":"0x8000000000000000","TimeCreated":{"@SystemTime":"2024-10-21 09:26:29.6783953"},"EventRecordID":"18035","Correlation":null,"Execution":{"@ProcessID":"2956","@ThreadID":"3364"},"Channel":"Microsoft-Windows-Sysmon/Operational","Computer":"Server002","Security":{"@UserID":"S-1-5-18"}},"EventData":{"Data":[{"@Name":"RuleName","#text":"-"},{"@Name":"UtcTime","#text":"2024-10-21 09:26:29.674"},{"@Name":"ProcessGuid","#text":"dbf410b3-1e45-6716-eb00-000000003900"},{"@Name":"ProcessId","#text":"772"},{"@Name":"Image","#text":"C:\\Windows\\System32\\PING.EXE"},{"@Name":"User","#text":"SERVER002\\admin_test"}]}}}
{"Event":{"System":{"Provider":{"@Name":"Microsoft-Windows-Sysmon","@Guid":"5770385f-c22a-43e0-bf4c-06f5698ffbd9"},"EventID":"1","Version":"5","Level":"4","Task":"1","Opcode":"0","Keywords":"0x8000000000000000","TimeCreated":{"@SystemTime":"2024-10-21 09:26:29.6987660"},"EventRecordID":"18036","Correlation":null,"Execution":{"@ProcessID":"2956","@ThreadID":"3364"},"Channel":"Microsoft-Windows-Sysmon/Operational","Computer":"Server002","Security":{"@UserID":"S-1-5-18"}},"EventData":{"Data":[{"@Name":"RuleName","#text":"-"},{"@Name":"UtcTime","#text":"2024-10-21 09:26:29.685"},{"@Name":"ProcessGuid","#text":"dbf410b3-1e45-6716-ec00-000000003900"},{"@Name":"ProcessId","#text":"2904"},{"@Name":"Image","#text":"C:\\Windows\\System32\\PING.EXE"},{"@Name":"FileVersion","#text":"10.0.19041.1 (WinBuild.160101.0800)"},{"@Name":"Description","#text":"TCP/IP Ping Command"},{"@Name":"Product","#text":"Microsoft® Windows® Operating System"},{"@Name":"Company","#text":"Microsoft Corporation"},{"@Name":"OriginalFileName","#text":"ping.exe"},{"@Name":"CommandLine","#text":"ping  -n 1 -w 100 192.168.1.40"},{"@Name":"CurrentDirectory","#text":"C:\\Users\\ADMIN_~1\\AppData\\Local\\Temp\\"},{"@Name":"User","#text":"SERVER002\\admin_test"},{"@Name":"LogonGuid","#text":"dbf410b3-1e30-6716-a98c-090000000000"},{"@Name":"LogonId","#text":"0x98CA9"},{"@Name":"TerminalSessionId","#text":"0"},{"@Name":"IntegrityLevel","#text":"High"},{"@Name":"Hashes","#text":"SHA256=7AF50FA112932EA3284F7821B2EEA2B7582F558DBA897231BB82182003C29F8B"},{"@Name":"ParentProcessGuid","#text":"dbf410b3-1e37-6716-bf00-000000003900"},{"@Name":"ParentProcessId","#text":"5980"},{"@Name":"ParentImage","#text":"C:\\Windows\\System32\\cmd.exe"},{"@Name":"ParentCommandLine","#text":"\"cmd.exe\" /c for /l %i in (1,1,254) do ping -n 1 -w 100 192.168.1.%i"},{"@Name":"ParentUser","#text":"SERVER002\\admin_test"}]}}}
{"Event":{"System":{"Provider":{"@Name":"Microsoft-Windows-Sysmon","@Guid":"5770385f-c22a-43e0-bf4c-06f5698ffbd9"},"EventID":"5","Version":"3","Level":"4","Task":"5","Opcode":"0","Keywords":"0x8000000000000000","TimeCreated":{"@SystemTime":"2024-10-21 09:26:30.2243027"},"EventRecordID":"18037","Correlation":null,"Execution":{"@ProcessID":"2956","@ThreadID":"3364"},"Channel":"Microsoft-Windows-Sysmon/Operational","Computer":"Server002","Security":{"@UserID":"S-1-5-18"}},"EventData":{"Data":[{"@Name":"RuleName","#text":"-"},{"@Name":"UtcTime","#text":"2024-10-21 09:26:30.221"},{"@Name":"ProcessGuid","#text":"dbf410b3-1e45-6716-ec00-000000003900"},{"@Name":"ProcessId","#text":"2904"},{"@Name":"Image","#text":"C:\\Windows\\System32\\PING.EXE"},{"@Name":"User","#text":"SERVER002\\admin_test"}]}}}
{"Event":{"System":{"Provider":{"@Name":"Microsoft-Windows-Sysmon","@Guid":"5770385f-c22a-43e0-bf4c-06f5698ffbd9"},"EventID":"1","Version":"5","Level":"4","Task":"1","Opcode":"0","Keywords":"0x8000000000000000","TimeCreated":{"@SystemTime":"2024-10-21 09:26:30.2307941"},"EventRecordID":"18038","Correlation":null,"Execution":{"@ProcessID":"2956","@ThreadID":"3364"},"Channel":"Microsoft-Windows-Sysmon/Operational","Computer":"Server002","Security":{"@UserID":"S-1-5-18"}},"EventData":{"Data":[{"@Name":"RuleName","#text":"-"},{"@Name":"UtcTime","#text":"2024-10-21 09:26:30.227"},{"@Name":"ProcessGuid","#text":"dbf410b3-1e46-6716-ed00-000000003900"},{"@Name":"ProcessId","#text":"3868"},{"@Name":"Image","#text":"C:\\Windows\\System32\\PING.EXE"},{"@Name":"FileVersion","#text":"10.0.19041.1 (WinBuild.160101.0800)"},{"@Name":"Description","#text":"TCP/IP Ping Command"},{"@Name":"Product","#text":"Microsoft® Windows® Operating System"},{"@Name":"Company","#text":"Microsoft Corporation"},{"@Name":"OriginalFileName","#text":"ping.exe"},{"@Name":"CommandLine","#text":"ping  -n 1 -w 100 192.168.1.41"},{"@Name":"CurrentDirectory","#text":"C:\\Users\\ADMIN_~1\\AppData\\Local\\Temp\\"},{"@Name":"User","#text":"SERVER002\\admin_test"},{"@Name":"LogonGuid","#text":"dbf410b3-1e30-6716-a98c-090000000000"},{"@Name":"LogonId","#text":"0x98CA9"},{"@Name":"TerminalSessionId","#text":"0"},{"@Name":"IntegrityLevel","#text":"High"},{"@Name":"Hashes","#text":"SHA256=7AF50FA112932EA3284F7821B2EEA2B7582F558DBA897231BB82182003C29F8B"},{"@Name":"ParentProcessGuid","#text":"dbf410b3-1e37-6716-bf00-000000003900"},{"@Name":"ParentProcessId","#text":"5980"},{"@Name":"ParentImage","#text":"C:\\Windows\\System32\\cmd.exe"},{"@Name":"ParentCommandLine","#text":"\"cmd.exe\" /c for /l %i in (1,1,254) do ping -n 1 -w 100 192.168.1.%i"},{"@Name":"ParentUser","#text":"SERVER002\\admin_test"}]}}}
{"Event":{"System":{"Provider":{"@Name":"Microsoft-Windows-Sysmon","@Guid":"5770385f-c22a-43e0-bf4c-06f5698ffbd9"},"EventID":"5","Version":"3","Level":"4","Task":"5","Opcode":"0","Keywords":"0x8000000000000000","TimeCreated":{"@SystemTime":"2024-10-21 09:26:30.9695681"},"EventRecordID":"18039","Correlation":null,"Execution":{"@ProcessID":"2956","@ThreadID":"3364"},"Channel":"Microsoft-Windows-Sysmon/Operational","Computer":"Server002","Security":{"@UserID":"S-1-5-18"}},"EventData":{"Data":[{"@Name":"RuleName","#text":"-"},{"@Name":"UtcTime","#text":"2024-10-21 09:26:30.960"},{"@Name":"ProcessGuid","#text":"dbf410b3-1e46-6716-ed00-000000003900"},{"@Name":"ProcessId","#text":"3868"},{"@Name":"Image","#text":"C:\\Windows\\System32\\PING.EXE"},{"@Name":"User","#text":"SERVER002\\admin_test"}]}}}
{"Event":{"System":{"Provider":{"@Name":"Microsoft-Windows-Sysmon","@Guid":"5770385f-c22a-43e0-bf4c-06f5698ffbd9"},"EventID":"1","Version":"5","Level":"4","Task":"1","Opcode":"0","Keywords":"0x8000000000000000","TimeCreated":{"@SystemTime":"2024-10-21 09:26:30.9804139"},"EventRecordID":"18040","Correlation":null,"Execution":{"@ProcessID":"2956","@ThreadID":"3364"},"Channel":"Microsoft-Windows-Sysmon/Operational","Computer":"Server002","Security":{"@UserID":"S-1-5-18"}},"EventData":{"Data":[{"@Name":"RuleName","#text":"-"},{"@Name":"UtcTime","#text":"2024-10-21 09:26:30.973"},{"@Name":"ProcessGuid","#text":"dbf410b3-1e46-6716-ee00-000000003900"},{"@Name":"ProcessId","#text":"4628"},{"@Name":"Image","#text":"C:\\Windows\\System32\\PING.EXE"},{"@Name":"FileVersion","#text":"10.0.19041.1 (WinBuild.160101.0800)"},{"@Name":"Description","#text":"TCP/IP Ping Command"},{"@Name":"Product","#text":"Microsoft® Windows® Operating System"},{"@Name":"Company","#text":"Microsoft Corporation"},{"@Name":"OriginalFileName","#text":"ping.exe"},{"@Name":"CommandLine","#text":"ping  -n 1 -w 100 192.168.1.42"},{"@Name":"CurrentDirectory","#text":"C:\\Users\\ADMIN_~1\\AppData\\Local\\Temp\\"},{"@Name":"User","#text":"SERVER002\\admin_test"},{"@Name":"LogonGuid","#text":"dbf410b3-1e30-6716-a98c-090000000000"},{"@Name":"LogonId","#text":"0x98CA9"},{"@Name":"TerminalSessionId","#text":"0"},{"@Name":"IntegrityLevel","#text":"High"},{"@Name":"Hashes","#text":"SHA256=7AF50FA112932EA3284F7821B2EEA2B7582F558DBA897231BB82182003C29F8B"},{"@Name":"ParentProcessGuid","#text":"dbf410b3-1e37-6716-bf00-000000003900"},{"@Name":"ParentProcessId","#text":"5980"},{"@Name":"ParentImage","#text":"C:\\Windows\\System32\\cmd.exe"},{"@Name":"ParentCommandLine","#text":"\"cmd.exe\" /c for /l %i in (1,1,254) do ping -n 1 -w 100 192.168.1.%i"},{"@Name":"ParentUser","#text":"SERVER002\\admin_test"}]}}}
{"Event":{"System":{"Provider":{"@Name":"Microsoft-Windows-Sysmon","@Guid":"5770385f-c22a-43e0-bf4c-06f5698ffbd9"},"EventID":"5","Version":"3","Level":"4","Task":"5","Opcode":"0","Keywords":"0x8000000000000000","TimeCreated":{"@SystemTime":"2024-10-21 09:26:31.3494736"},"EventRecordID":"18041","Correlation":null,"Execution":{"@ProcessID":"2956","@ThreadID":"3364"},"Channel":"Microsoft-Windows-Sysmon/Operational","Computer":"Server002","Security":{"@UserID":"S-1-5-18"}},"EventData":{"Data":[{"@Name":"RuleName","#text":"-"},{"@Name":"UtcTime","#text":"2024-10-21 09:26:31.346"},{"@Name":"ProcessGuid","#text":"dbf410b3-1e46-6716-ee00-000000003900"},{"@Name":"ProcessId","#text":"4628"},{"@Name":"Image","#text":"C:\\Windows\\System32\\PING.EXE"},{"@Name":"User","#text":"SERVER002\\admin_test"}]}}}
{"Event":{"System":{"Provider":{"@Name":"Microsoft-Windows-Sysmon","@Guid":"5770385f-c22a-43e0-bf4c-06f5698ffbd9"},"EventID":"1","Version":"5","Level":"4","Task":"1","Opcode":"0","Keywords":"0x8000000000000000","TimeCreated":{"@SystemTime":"2024-10-21 09:26:31.3578219"},"EventRecordID":"18042","Correlation":null,"Execution":{"@ProcessID":"2956","@ThreadID":"3364"},"Channel":"Microsoft-Windows-Sysmon/Operational","Computer":"Server002","Security":{"@UserID":"S-1-5-18"}},"EventData":{"Data":[{"@Name":"RuleName","#text":"-"},{"@Name":"UtcTime","#text":"2024-10-21 09:26:31.352"},{"@Name":"ProcessGuid","#text":"dbf410b3-1e47-6716-ef00-000000003900"},{"@Name":"ProcessId","#text":"4232"},{"@Name":"Image","#text":"C:\\Windows\\System32\\PING.EXE"},{"@Name":"FileVersion","#text":"10.0.19041.1 (WinBuild.160101.0800)"},{"@Name":"Description","#text":"TCP/IP Ping Command"},{"@Name":"Product","#text":"Microsoft® Windows® Operating System"},{"@Name":"Company","#text":"Microsoft Corporation"},{"@Name":"OriginalFileName","#text":"ping.exe"},{"@Name":"CommandLine","#text":"ping  -n 1 -w 100 192.168.1.43"},{"@Name":"CurrentDirectory","#text":"C:\\Users\\ADMIN_~1\\AppData\\Local\\Temp\\"},{"@Name":"User","#text":"SERVER002\\admin_test"},{"@Name":"LogonGuid","#text":"dbf410b3-1e30-6716-a98c-090000000000"},{"@Name":"LogonId","#text":"0x98CA9"},{"@Name":"TerminalSessionId","#text":"0"},{"@Name":"IntegrityLevel","#text":"High"},{"@Name":"Hashes","#text":"SHA256=7AF50FA112932EA3284F7821B2EEA2B7582F558DBA897231BB82182003C29F8B"},{"@Name":"ParentProcessGuid","#text":"dbf410b3-1e37-6716-bf00-000000003900"},{"@Name":"ParentProcessId","#text":"5980"},{"@Name":"ParentImage","#text":"C:\\Windows\\System32\\cmd.exe"},{"@Name":"ParentCommandLine","#text":"\"cmd.exe\" /c for /l %i in (1,1,254) do ping -n 1 -w 100 192.168.1.%i"},{"@Name":"ParentUser","#text":"SERVER002\\admin_test"}]}}}
{"Event":{"System":{"Provider":{"@Name":"Microsoft-Windows-Sysmon","@Guid":"5770385f-c22a-43e0-bf4c-06f5698ffbd9"},"EventID":"5","Version":"3","Level":"4","Task":"5","Opcode":"0","Keywords":"0x8000000000000000","TimeCreated":{"@SystemTime":"2024-10-21 09:26:31.9323253"},"EventRecordID":"18043","Correlation":null,"Execution":{"@ProcessID":"2956","@ThreadID":"3364"},"Channel":"Microsoft-Windows-Sysmon/Operational","Computer":"Server002","Security":{"@UserID":"S-1-5-18"}},"EventData":{"Data":[{"@Name":"RuleName","#text":"-"},{"@Name":"UtcTime","#text":"2024-10-21 09:26:31.929"},{"@Name":"ProcessGuid","#text":"dbf410b3-1e47-6716-ef00-000000003900"},{"@Name":"ProcessId","#text":"4232"},{"@Name":"Image","#text":"C:\\Windows\\System32\\PING.EXE"},{"@Name":"User","#text":"SERVER002\\admin_test"}]}}}
{"Event":{"System":{"Provider":{"@Name":"Microsoft-Windows-Sysmon","@Guid":"5770385f-c22a-43e0-bf4c-06f5698ffbd9"},"EventID":"1","Version":"5","Level":"4","Task":"1","Opcode":"0","Keywords":"0x8000000000000000","TimeCreated":{"@SystemTime":"2024-10-21 09:26:31.9411987"},"EventRecordID":"18044","Correlation":null,"Execution":{"@ProcessID":"2956","@ThreadID":"3364"},"Channel":"Microsoft-Windows-Sysmon/Operational","Computer":"Server002","Security":{"@UserID":"S-1-5-18"}},"EventData":{"Data":[{"@Name":"RuleName","#text":"-"},{"@Name":"UtcTime","#text":"2024-10-21 09:26:31.935"},{"@Name":"ProcessGuid","#text":"dbf410b3-1e47-6716-f000-000000003900"},{"@Name":"ProcessId","#text":"4088"},{"@Name":"Image","#text":"C:\\Windows\\System32\\PING.EXE"},{"@Name":"FileVersion","#text":"10.0.19041.1 (WinBuild.160101.0800)"},{"@Name":"Description","#text":"TCP/IP Ping Command"},{"@Name":"Product","#text":"Microsoft® Windows® Operating System"},{"@Name":"Company","#text":"Microsoft Corporation"},{"@Name":"OriginalFileName","#text":"ping.exe"},{"@Name":"CommandLine","#text":"ping  -n 1 -w 100 192.168.1.44"},{"@Name":"CurrentDirectory","#text":"C:\\Users\\ADMIN_~1\\AppData\\Local\\Temp\\"},{"@Name":"User","#text":"SERVER002\\admin_test"},{"@Name":"LogonGuid","#text":"dbf410b3-1e30-6716-a98c-090000000000"},{"@Name":"LogonId","#text":"0x98CA9"},{"@Name":"TerminalSessionId","#text":"0"},{"@Name":"IntegrityLevel","#text":"High"},{"@Name":"Hashes","#text":"SHA256=7AF50FA112932EA3284F7821B2EEA2B7582F558DBA897231BB82182003C29F8B"},{"@Name":"ParentProcessGuid","#text":"dbf410b3-1e37-6716-bf00-000000003900"},{"@Name":"ParentProcessId","#text":"5980"},{"@Name":"ParentImage","#text":"C:\\Windows\\System32\\cmd.exe"},{"@Name":"ParentCommandLine","#text":"\"cmd.exe\" /c for /l %i in (1,1,254) do ping -n 1 -w 100 192.168.1.%i"},{"@Name":"ParentUser","#text":"SERVER002\\admin_test"}]}}}
{"Event":{"System":{"Provider":{"@Name":"Microsoft-Windows-Sysmon","@Guid":"5770385f-c22a-43e0-bf4c-06f5698ffbd9"},"EventID":"1","Version":"5","Level":"4","Task":"1","Opcode":"0","Keywords":"0x8000000000000000","TimeCreated":{"@SystemTime":"2024-10-21 09:26:32.0012609"},"EventRecordID":"18045","Correlation":null,"Execution":{"@ProcessID":"2956","@ThreadID":"3364"},"Channel":"Microsoft-Windows-Sysmon/Operational","Computer":"Server002","Security":{"@UserID":"S-1-5-18"}},"EventData":{"Data":[{"@Name":"RuleName","#text":"-"},{"@Name":"UtcTime","#text":"2024-10-21 09:26:31.998"},{"@Name":"ProcessGuid","#text":"dbf410b3-1e47-6716-f100-000000003900"},{"@Name":"ProcessId","#text":"1564"},{"@Name":"Image","#text":"C:\\Program Files (x86)\\Microsoft\\EdgeUpdate\\MicrosoftEdgeUpdate.exe"},{"@Name":"FileVersion","#text":"1.3.147.37"},{"@Name":"Description","#text":"Microsoft Edge Update"},{"@Name":"Product","#text":"Microsoft Edge Update"},{"@Name":"Company","#text":"Microsoft Corporation"},{"@Name":"OriginalFileName","#text":"msedgeupdate.dll"},{"@Name":"CommandLine","#text":"\"C:\\Program Files (x86)\\Microsoft\\EdgeUpdate\\MicrosoftEdgeUpdate.exe\" /svc"},{"@Name":"CurrentDirectory","#text":"C:\\Windows\\system32\\"},{"@Name":"User","#text":"NT AUTHORITY\\SYSTEM"},{"@Name":"LogonGuid","#text":"dbf410b3-39da-6716-e703-000000000000"},{"@Name":"LogonId","#text":"0x3E7"},{"@Name":"TerminalSessionId","#text":"0"},{"@Name":"IntegrityLevel","#text":"System"},{"@Name":"Hashes","#text":"SHA256=3096D8E82917A9B73F322F4B1743E52E9B0C8B3C5933A957E73E29D6973CDD5B"},{"@Name":"ParentProcessGuid","#text":"00000000-0000-0000-0000-000000000000"},{"@Name":"ParentProcessId","#text":"656"},{"@Name":"ParentImage","#text":"-"},{"@Name":"ParentCommandLine","#text":"-"},{"@Name":"ParentUser","#text":"-"}]}}}
{"Event":{"System":{"Provider":{"@Name":"Microsoft-Windows-Sysmon","@Guid":"5770385f-c22a-43e0-bf4c-06f5698ffbd9"},"EventID":"5","Version":"3","Level":"4","Task":"5","Opcode":"0","Keywords":"0x8000000000000000","TimeCreated":{"@SystemTime":"2024-10-21 09:26:32.6435327"},"EventRecordID":"18046","Correlation":null,"Execution":{"@ProcessID":"2956","@ThreadID":"3364"},"Channel":"Microsoft-Windows-Sysmon/Operational","Computer":"Server002","Security":{"@UserID":"S-1-5-18"}},"EventData":{"Data":[{"@Name":"RuleName","#text":"-"},{"@Name":"UtcTime","#text":"2024-10-21 09:26:32.642"},{"@Name":"ProcessGuid","#text":"dbf410b3-1e47-6716-f000-000000003900"},{"@Name":"ProcessId","#text":"4088"},{"@Name":"Image","#text":"C:\\Windows\\System32\\PING.EXE"},{"@Name":"User","#text":"SERVER002\\admin_test"}]}}}
{"Event":{"System":{"Provider":{"@Name":"Microsoft-Windows-Sysmon","@Guid":"5770385f-c22a-43e0-bf4c-06f5698ffbd9"},"EventID":"1","Version":"5","Level":"4","Task":"1","Opcode":"0","Keywords":"0x8000000000000000","TimeCreated":{"@SystemTime":"2024-10-21 09:26:32.6634651"},"EventRecordID":"18047","Correlation":null,"Execution":{"@ProcessID":"2956","@ThreadID":"3364"},"Channel":"Microsoft-Windows-Sysmon/Operational","Computer":"Server002","Security":{"@UserID":"S-1-5-18"}},"EventData":{"Data":[{"@Name":"RuleName","#text":"-"},{"@Name":"UtcTime","#text":"2024-10-21 09:26:32.649"},{"@Name":"ProcessGuid","#text":"dbf410b3-1e48-6716-f200-000000003900"},{"@Name":"ProcessId","#text":"3708"},{"@Name":"Image","#text":"C:\\Windows\\System32\\PING.EXE"},{"@Name":"FileVersion","#text":"10.0.19041.1 (WinBuild.160101.0800)"},{"@Name":"Description","#text":"TCP/IP Ping Command"},{"@Name":"Product","#text":"Microsoft® Windows® Operating System"},{"@Name":"Company","#text":"Microsoft Corporation"},{"@Name":"OriginalFileName","#text":"ping.exe"},{"@Name":"CommandLine","#text":"ping  -n 1 -w 100 192.168.1.45"},{"@Name":"CurrentDirectory","#text":"C:\\Users\\ADMIN_~1\\AppData\\Local\\Temp\\"},{"@Name":"User","#text":"SERVER002\\admin_test"},{"@Name":"LogonGuid","#text":"dbf410b3-1e30-6716-a98c-090000000000"},{"@Name":"LogonId","#text":"0x98CA9"},{"@Name":"TerminalSessionId","#text":"0"},{"@Name":"IntegrityLevel","#text":"High"},{"@Name":"Hashes","#text":"SHA256=7AF50FA112932EA3284F7821B2EEA2B7582F558DBA897231BB82182003C29F8B"},{"@Name":"ParentProcessGuid","#text":"dbf410b3-1e37-6716-bf00-000000003900"},{"@Name":"ParentProcessId","#text":"5980"},{"@Name":"ParentImage","#text":"C:\\Windows\\System32\\cmd.exe"},{"@Name":"ParentCommandLine","#text":"\"cmd.exe\" /c for /l %i in (1,1,254) do ping -n 1 -w 100 192.168.1.%i"},{"@Name":"ParentUser","#text":"SERVER002\\admin_test"}]}}}
{"Event":{"System":{"Provider":{"@Name":"Microsoft-Windows-Sysmon","@Guid":"5770385f-c22a-43e0-bf4c-06f5698ffbd9"},"EventID":"5","Version":"3","Level":"4","Task":"5","Opcode":"0","Keywords":"0x8000000000000000","TimeCreated":{"@SystemTime":"2024-10-21 09:26:33.1183089"},"EventRecordID":"18048","Correlation":null,"Execution":{"@ProcessID":"2956","@ThreadID":"3364"},"Channel":"Microsoft-Windows-Sysmon/Operational","Computer":"Server002","Security":{"@UserID":"S-1-5-18"}},"EventData":{"Data":[{"@Name":"RuleName","#text":"-"},{"@Name":"UtcTime","#text":"2024-10-21 09:26:33.114"},{"@Name":"ProcessGuid","#text":"dbf410b3-1e48-6716-f200-000000003900"},{"@Name":"ProcessId","#text":"3708"},{"@Name":"Image","#text":"C:\\Windows\\System32\\PING.EXE"},{"@Name":"User","#text":"SERVER002\\admin_test"}]}}}
{"Event":{"System":{"Provider":{"@Name":"Microsoft-Windows-Sysmon","@Guid":"5770385f-c22a-43e0-bf4c-06f5698ffbd9"},"EventID":"1","Version":"5","Level":"4","Task":"1","Opcode":"0","Keywords":"0x8000000000000000","TimeCreated":{"@SystemTime":"2024-10-21 09:26:33.1298294"},"EventRecordID":"18049","Correlation":null,"Execution":{"@ProcessID":"2956","@ThreadID":"3364"},"Channel":"Microsoft-Windows-Sysmon/Operational","Computer":"Server002","Security":{"@UserID":"S-1-5-18"}},"EventData":{"Data":[{"@Name":"RuleName","#text":"-"},{"@Name":"UtcTime","#text":"2024-10-21 09:26:33.123"},{"@Name":"ProcessGuid","#text":"dbf410b3-1e49-6716-f300-000000003900"},{"@Name":"ProcessId","#text":"2776"},{"@Name":"Image","#text":"C:\\Windows\\System32\\PING.EXE"},{"@Name":"FileVersion","#text":"10.0.19041.1 (WinBuild.160101.0800)"},{"@Name":"Description","#text":"TCP/IP Ping Command"},{"@Name":"Product","#text":"Microsoft® Windows® Operating System"},{"@Name":"Company","#text":"Microsoft Corporation"},{"@Name":"OriginalFileName","#text":"ping.exe"},{"@Name":"CommandLine","#text":"ping  -n 1 -w 100 192.168.1.46"},{"@Name":"CurrentDirectory","#text":"C:\\Users\\ADMIN_~1\\AppData\\Local\\Temp\\"},{"@Name":"User","#text":"SERVER002\\admin_test"},{"@Name":"LogonGuid","#text":"dbf410b3-1e30-6716-a98c-090000000000"},{"@Name":"LogonId","#text":"0x98CA9"},{"@Name":"TerminalSessionId","#text":"0"},{"@Name":"IntegrityLevel","#text":"High"},{"@Name":"Hashes","#text":"SHA256=7AF50FA112932EA3284F7821B2EEA2B7582F558DBA897231BB82182003C29F8B"},{"@Name":"ParentProcessGuid","#text":"dbf410b3-1e37-6716-bf00-000000003900"},{"@Name":"ParentProcessId","#text":"5980"},{"@Name":"ParentImage","#text":"C:\\Windows\\System32\\cmd.exe"},{"@Name":"ParentCommandLine","#text":"\"cmd.exe\" /c for /l %i in (1,1,254) do ping -n 1 -w 100 192.168.1.%i"},{"@Name":"ParentUser","#text":"SERVER002\\admin_test"}]}}}
{"Event":{"System":{"Provider":{"@Name":"Microsoft-Windows-Sysmon","@Guid":"5770385f-c22a-43e0-bf4c-06f5698ffbd9"},"EventID":"5","Version":"3","Level":"4","Task":"5","Opcode":"0","Keywords":"0x8000000000000000","TimeCreated":{"@SystemTime":"2024-10-21 09:26:33.7544108"},"EventRecordID":"18050","Correlation":null,"Execution":{"@ProcessID":"2956","@ThreadID":"3364"},"Channel":"Microsoft-Windows-Sysmon/Operational","Computer":"Server002","Security":{"@UserID":"S-1-5-18"}},"EventData":{"Data":[{"@Name":"RuleName","#text":"-"},{"@Name":"UtcTime","#text":"2024-10-21 09:26:33.751"},{"@Name":"ProcessGuid","#text":"dbf410b3-1e49-6716-f300-000000003900"},{"@Name":"ProcessId","#text":"2776"},{"@Name":"Image","#text":"C:\\Windows\\System32\\PING.EXE"},{"@Name":"User","#text":"SERVER002\\admin_test"}]}}}
{"Event":{"System":{"Provider":{"@Name":"Microsoft-Windows-Sysmon","@Guid":"5770385f-c22a-43e0-bf4c-06f5698ffbd9"},"EventID":"1","Version":"5","Level":"4","Task":"1","Opcode":"0","Keywords":"0x8000000000000000","TimeCreated":{"@SystemTime":"2024-10-21 09:26:33.7617135"},"EventRecordID":"18051","Correlation":null,"Execution":{"@ProcessID":"2956","@ThreadID":"3364"},"Channel":"Microsoft-Windows-Sysmon/Operational","Computer":"Server002","Security":{"@UserID":"S-1-5-18"}},"EventData":{"Data":[{"@Name":"RuleName","#text":"-"},{"@Name":"UtcTime","#text":"2024-10-21 09:26:33.757"},{"@Name":"ProcessGuid","#text":"dbf410b3-1e49-6716-f400-000000003900"},{"@Name":"ProcessId","#text":"3664"},{"@Name":"Image","#text":"C:\\Windows\\System32\\PING.EXE"},{"@Name":"FileVersion","#text":"10.0.19041.1 (WinBuild.160101.0800)"},{"@Name":"Description","#text":"TCP/IP Ping Command"},{"@Name":"Product","#text":"Microsoft® Windows® Operating System"},{"@Name":"Company","#text":"Microsoft Corporation"},{"@Name":"OriginalFileName","#text":"ping.exe"},{"@Name":"CommandLine","#text":"ping  -n 1 -w 100 192.168.1.47"},{"@Name":"CurrentDirectory","#text":"C:\\Users\\ADMIN_~1\\AppData\\Local\\Temp\\"},{"@Name":"User","#text":"SERVER002\\admin_test"},{"@Name":"LogonGuid","#text":"dbf410b3-1e30-6716-a98c-090000000000"},{"@Name":"LogonId","#text":"0x98CA9"},{"@Name":"TerminalSessionId","#text":"0"},{"@Name":"IntegrityLevel","#text":"High"},{"@Name":"Hashes","#text":"SHA256=7AF50FA112932EA3284F7821B2EEA2B7582F558DBA897231BB82182003C29F8B"},{"@Name":"ParentProcessGuid","#text":"dbf410b3-1e37-6716-bf00-000000003900"},{"@Name":"ParentProcessId","#text":"5980"},{"@Name":"ParentImage","#text":"C:\\Windows\\System32\\cmd.exe"},{"@Name":"ParentCommandLine","#text":"\"cmd.exe\" /c for /l %i in (1,1,254) do ping -n 1 -w 100 192.168.1.%i"},{"@Name":"ParentUser","#text":"SERVER002\\admin_test"}]}}}
{"Event":{"System":{"Provider":{"@Name":"Microsoft-Windows-Sysmon","@Guid":"5770385f-c22a-43e0-bf4c-06f5698ffbd9"},"EventID":"5","Version":"3","Level":"4","Task":"5","Opcode":"0","Keywords":"0x8000000000000000","TimeCreated":{"@SystemTime":"2024-10-21 09:26:34.3319116"},"EventRecordID":"18052","Correlation":null,"Execution":{"@ProcessID":"2956","@ThreadID":"3364"},"Channel":"Microsoft-Windows-Sysmon/Operational","Computer":"Server002","Security":{"@UserID":"S-1-5-18"}},"EventData":{"Data":[{"@Name":"RuleName","#text":"-"},{"@Name":"UtcTime","#text":"2024-10-21 09:26:34.324"},{"@Name":"ProcessGuid","#text":"dbf410b3-1e49-6716-f400-000000003900"},{"@Name":"ProcessId","#text":"3664"},{"@Name":"Image","#text":"C:\\Windows\\System32\\PING.EXE"},{"@Name":"User","#text":"SERVER002\\admin_test"}]}}}
{"Event":{"System":{"Provider":{"@Name":"Microsoft-Windows-Sysmon","@Guid":"5770385f-c22a-43e0-bf4c-06f5698ffbd9"},"EventID":"1","Version":"5","Level":"4","Task":"1","Opcode":"0","Keywords":"0x8000000000000000","TimeCreated":{"@SystemTime":"2024-10-21 09:26:34.3581906"},"EventRecordID":"18053","Correlation":null,"Execution":{"@ProcessID":"2956","@ThreadID":"3364"},"Channel":"Microsoft-Windows-Sysmon/Operational","Computer":"Server002","Security":{"@UserID":"S-1-5-18"}},"EventData":{"Data":[{"@Name":"RuleName","#text":"-"},{"@Name":"UtcTime","#text":"2024-10-21 09:26:34.341"},{"@Name":"ProcessGuid","#text":"dbf410b3-1e4a-6716-f500-000000003900"},{"@Name":"ProcessId","#text":"4316"},{"@Name":"Image","#text":"C:\\Windows\\System32\\PING.EXE"},{"@Name":"FileVersion","#text":"10.0.19041.1 (WinBuild.160101.0800)"},{"@Name":"Description","#text":"TCP/IP Ping Command"},{"@Name":"Product","#text":"Microsoft® Windows® Operating System"},{"@Name":"Company","#text":"Microsoft Corporation"},{"@Name":"OriginalFileName","#text":"ping.exe"},{"@Name":"CommandLine","#text":"ping  -n 1 -w 100 192.168.1.48"},{"@Name":"CurrentDirectory","#text":"C:\\Users\\ADMIN_~1\\AppData\\Local\\Temp\\"},{"@Name":"User","#text":"SERVER002\\admin_test"},{"@Name":"LogonGuid","#text":"dbf410b3-1e30-6716-a98c-090000000000"},{"@Name":"LogonId","#text":"0x98CA9"},{"@Name":"TerminalSessionId","#text":"0"},{"@Name":"IntegrityLevel","#text":"High"},{"@Name":"Hashes","#text":"SHA256=7AF50FA112932EA3284F7821B2EEA2B7582F558DBA897231BB82182003C29F8B"},{"@Name":"ParentProcessGuid","#text":"dbf410b3-1e37-6716-bf00-000000003900"},{"@Name":"ParentProcessId","#text":"5980"},{"@Name":"ParentImage","#text":"C:\\Windows\\System32\\cmd.exe"},{"@Name":"ParentCommandLine","#text":"\"cmd.exe\" /c for /l %i in (1,1,254) do ping -n 1 -w 100 192.168.1.%i"},{"@Name":"ParentUser","#text":"SERVER002\\admin_test"}]}}}
{"Event":{"System":{"Provider":{"@Name":"Microsoft-Windows-Sysmon","@Guid":"5770385f-c22a-43e0-bf4c-06f5698ffbd9"},"EventID":"5","Version":"3","Level":"4","Task":"5","Opcode":"0","Keywords":"0x8000000000000000","TimeCreated":{"@SystemTime":"2024-10-21 09:26:34.9387141"},"EventRecordID":"18054","Correlation":null,"Execution":{"@ProcessID":"2956","@ThreadID":"3364"},"Channel":"Microsoft-Windows-Sysmon/Operational","Computer":"Server002","Security":{"@UserID":"S-1-5-18"}},"EventData":{"Data":[{"@Name":"RuleName","#text":"-"},{"@Name":"UtcTime","#text":"2024-10-21 09:26:34.932"},{"@Name":"ProcessGuid","#text":"dbf410b3-1e4a-6716-f500-000000003900"},{"@Name":"ProcessId","#text":"4316"},{"@Name":"Image","#text":"C:\\Windows\\System32\\PING.EXE"},{"@Name":"User","#text":"SERVER002\\admin_test"}]}}}
{"Event":{"System":{"Provider":{"@Name":"Microsoft-Windows-Sysmon","@Guid":"5770385f-c22a-43e0-bf4c-06f5698ffbd9"},"EventID":"1","Version":"5","Level":"4","Task":"1","Opcode":"0","Keywords":"0x8000000000000000","TimeCreated":{"@SystemTime":"2024-10-21 09:26:34.9519680"},"EventRecordID":"18055","Correlation":null,"Execution":{"@ProcessID":"2956","@ThreadID":"3364"},"Channel":"Microsoft-Windows-Sysmon/Operational","Computer":"Server002","Security":{"@UserID":"S-1-5-18"}},"EventData":{"Data":[{"@Name":"RuleName","#text":"-"},{"@Name":"UtcTime","#text":"2024-10-21 09:26:34.942"},{"@Name":"ProcessGuid","#text":"dbf410b3-1e4a-6716-f600-000000003900"},{"@Name":"ProcessId","#text":"4152"},{"@Name":"Image","#text":"C:\\Windows\\System32\\PING.EXE"},{"@Name":"FileVersion","#text":"10.0.19041.1 (WinBuild.160101.0800)"},{"@Name":"Description","#text":"TCP/IP Ping Command"},{"@Name":"Product","#text":"Microsoft® Windows® Operating System"},{"@Name":"Company","#text":"Microsoft Corporation"},{"@Name":"OriginalFileName","#text":"ping.exe"},{"@Name":"CommandLine","#text":"ping  -n 1 -w 100 192.168.1.49"},{"@Name":"CurrentDirectory","#text":"C:\\Users\\ADMIN_~1\\AppData\\Local\\Temp\\"},{"@Name":"User","#text":"SERVER002\\admin_test"},{"@Name":"LogonGuid","#text":"dbf410b3-1e30-6716-a98c-090000000000"},{"@Name":"LogonId","#text":"0x98CA9"},{"@Name":"TerminalSessionId","#text":"0"},{"@Name":"IntegrityLevel","#text":"High"},{"@Name":"Hashes","#text":"SHA256=7AF50FA112932EA3284F7821B2EEA2B7582F558DBA897231BB82182003C29F8B"},{"@Name":"ParentProcessGuid","#text":"dbf410b3-1e37-6716-bf00-000000003900"},{"@Name":"ParentProcessId","#text":"5980"},{"@Name":"ParentImage","#text":"C:\\Windows\\System32\\cmd.exe"},{"@Name":"ParentCommandLine","#text":"\"cmd.exe\" /c for /l %i in (1,1,254) do ping -n 1 -w 100 192.168.1.%i"},{"@Name":"ParentUser","#text":"SERVER002\\admin_test"}]}}}
{"Event":{"System":{"Provider":{"@Name":"Microsoft-Windows-Sysmon","@Guid":"5770385f-c22a-43e0-bf4c-06f5698ffbd9"},"EventID":"5","Version":"3","Level":"4","Task":"5","Opcode":"0","Keywords":"0x8000000000000000","TimeCreated":{"@SystemTime":"2024-10-21 09:26:35.5475915"},"EventRecordID":"18056","Correlation":null,"Execution":{"@ProcessID":"2956","@ThreadID":"3364"},"Channel":"Microsoft-Windows-Sysmon/Operational","Computer":"Server002","Security":{"@UserID":"S-1-5-18"}},"EventData":{"Data":[{"@Name":"RuleName","#text":"-"},{"@Name":"UtcTime","#text":"2024-10-21 09:26:35.543"},{"@Name":"ProcessGuid","#text":"dbf410b3-1e4a-6716-f600-000000003900"},{"@Name":"ProcessId","#text":"4152"},{"@Name":"Image","#text":"C:\\Windows\\System32\\PING.EXE"},{"@Name":"User","#text":"SERVER002\\admin_test"}]}}}
{"Event":{"System":{"Provider":{"@Name":"Microsoft-Windows-Sysmon","@Guid":"5770385f-c22a-43e0-bf4c-06f5698ffbd9"},"EventID":"1","Version":"5","Level":"4","Task":"1","Opcode":"0","Keywords":"0x8000000000000000","TimeCreated":{"@SystemTime":"2024-10-21 09:26:35.5625979"},"EventRecordID":"18057","Correlation":null,"Execution":{"@ProcessID":"2956","@ThreadID":"3364"},"Channel":"Microsoft-Windows-Sysmon/Operational","Computer":"Server002","Security":{"@UserID":"S-1-5-18"}},"EventData":{"Data":[{"@Name":"RuleName","#text":"-"},{"@Name":"UtcTime","#text":"2024-10-21 09:26:35.553"},{"@Name":"ProcessGuid","#text":"dbf410b3-1e4b-6716-f700-000000003900"},{"@Name":"ProcessId","#text":"5104"},{"@Name":"Image","#text":"C:\\Windows\\System32\\PING.EXE"},{"@Name":"FileVersion","#text":"10.0.19041.1 (WinBuild.160101.0800)"},{"@Name":"Description","#text":"TCP/IP Ping Command"},{"@Name":"Product","#text":"Microsoft® Windows® Operating System"},{"@Name":"Company","#text":"Microsoft Corporation"},{"@Name":"OriginalFileName","#text":"ping.exe"},{"@Name":"CommandLine","#text":"ping  -n 1 -w 100 192.168.1.50"},{"@Name":"CurrentDirectory","#text":"C:\\Users\\ADMIN_~1\\AppData\\Local\\Temp\\"},{"@Name":"User","#text":"SERVER002\\admin_test"},{"@Name":"LogonGuid","#text":"dbf410b3-1e30-6716-a98c-090000000000"},{"@Name":"LogonId","#text":"0x98CA9"},{"@Name":"TerminalSessionId","#text":"0"},{"@Name":"IntegrityLevel","#text":"High"},{"@Name":"Hashes","#text":"SHA256=7AF50FA112932EA3284F7821B2EEA2B7582F558DBA897231BB82182003C29F8B"},{"@Name":"ParentProcessGuid","#text":"dbf410b3-1e37-6716-bf00-000000003900"},{"@Name":"ParentProcessId","#text":"5980"},{"@Name":"ParentImage","#text":"C:\\Windows\\System32\\cmd.exe"},{"@Name":"ParentCommandLine","#text":"\"cmd.exe\" /c for /l %i in (1,1,254) do ping -n 1 -w 100 192.168.1.%i"},{"@Name":"ParentUser","#text":"SERVER002\\admin_test"}]}}}
{"Event":{"System":{"Provider":{"@Name":"Microsoft-Windows-Sysmon","@Guid":"5770385f-c22a-43e0-bf4c-06f5698ffbd9"},"EventID":"5","Version":"3","Level":"4","Task":"5","Opcode":"0","Keywords":"0x8000000000000000","TimeCreated":{"@SystemTime":"2024-10-21 09:26:36.1436067"},"EventRecordID":"18058","Correlation":null,"Execution":{"@ProcessID":"2956","@ThreadID":"3364"},"Channel":"Microsoft-Windows-Sysmon/Operational","Computer":"Server002","Security":{"@UserID":"S-1-5-18"}},"EventData":{"Data":[{"@Name":"RuleName","#text":"-"},{"@Name":"UtcTime","#text":"2024-10-21 09:26:36.139"},{"@Name":"ProcessGuid","#text":"dbf410b3-1e4b-6716-f700-000000003900"},{"@Name":"ProcessId","#text":"5104"},{"@Name":"Image","#text":"C:\\Windows\\System32\\PING.EXE"},{"@Name":"User","#text":"SERVER002\\admin_test"}]}}}
{"Event":{"System":{"Provider":{"@Name":"Microsoft-Windows-Sysmon","@Guid":"5770385f-c22a-43e0-bf4c-06f5698ffbd9"},"EventID":"1","Version":"5","Level":"4","Task":"1","Opcode":"0","Keywords":"0x8000000000000000","TimeCreated":{"@SystemTime":"2024-10-21 09:26:36.1745203"},"EventRecordID":"18059","Correlation":null,"Execution":{"@ProcessID":"2956","@ThreadID":"3364"},"Channel":"Microsoft-Windows-Sysmon/Operational","Computer":"Server002","Security":{"@UserID":"S-1-5-18"}},"EventData":{"Data":[{"@Name":"RuleName","#text":"-"},{"@Name":"UtcTime","#text":"2024-10-21 09:26:36.161"},{"@Name":"ProcessGuid","#text":"dbf410b3-1e4c-6716-f800-000000003900"},{"@Name":"ProcessId","#text":"5916"},{"@Name":"Image","#text":"C:\\Windows\\System32\\PING.EXE"},{"@Name":"FileVersion","#text":"10.0.19041.1 (WinBuild.160101.0800)"},{"@Name":"Description","#text":"TCP/IP Ping Command"},{"@Name":"Product","#text":"Microsoft® Windows® Operating System"},{"@Name":"Company","#text":"Microsoft Corporation"},{"@Name":"OriginalFileName","#text":"ping.exe"},{"@Name":"CommandLine","#text":"ping  -n 1 -w 100 192.168.1.51"},{"@Name":"CurrentDirectory","#text":"C:\\Users\\ADMIN_~1\\AppData\\Local\\Temp\\"},{"@Name":"User","#text":"SERVER002\\admin_test"},{"@Name":"LogonGuid","#text":"dbf410b3-1e30-6716-a98c-090000000000"},{"@Name":"LogonId","#text":"0x98CA9"},{"@Name":"TerminalSessionId","#text":"0"},{"@Name":"IntegrityLevel","#text":"High"},{"@Name":"Hashes","#text":"SHA256=7AF50FA112932EA3284F7821B2EEA2B7582F558DBA897231BB82182003C29F8B"},{"@Name":"ParentProcessGuid","#text":"dbf410b3-1e37-6716-bf00-000000003900"},{"@Name":"ParentProcessId","#text":"5980"},{"@Name":"ParentImage","#text":"C:\\Windows\\System32\\cmd.exe"},{"@Name":"ParentCommandLine","#text":"\"cmd.exe\" /c for /l %i in (1,1,254) do ping -n 1 -w 100 192.168.1.%i"},{"@Name":"ParentUser","#text":"SERVER002\\admin_test"}]}}}
{"Event":{"System":{"Provider":{"@Name":"Microsoft-Windows-Sysmon","@Guid":"5770385f-c22a-43e0-bf4c-06f5698ffbd9"},"EventID":"5","Version":"3","Level":"4","Task":"5","Opcode":"0","Keywords":"0x8000000000000000","TimeCreated":{"@SystemTime":"2024-10-21 09:26:37.3301493"},"EventRecordID":"18060","Correlation":null,"Execution":{"@ProcessID":"2956","@ThreadID":"3364"},"Channel":"Microsoft-Windows-Sysmon/Operational","Computer":"Server002","Security":{"@UserID":"S-1-5-18"}},"EventData":{"Data":[{"@Name":"RuleName","#text":"-"},{"@Name":"UtcTime","#text":"2024-10-21 09:26:37.327"},{"@Name":"ProcessGuid","#text":"dbf410b3-1e4c-6716-f800-000000003900"},{"@Name":"ProcessId","#text":"5916"},{"@Name":"Image","#text":"C:\\Windows\\System32\\PING.EXE"},{"@Name":"User","#text":"SERVER002\\admin_test"}]}}}
{"Event":{"System":{"Provider":{"@Name":"Microsoft-Windows-Sysmon","@Guid":"5770385f-c22a-43e0-bf4c-06f5698ffbd9"},"EventID":"1","Version":"5","Level":"4","Task":"1","Opcode":"0","Keywords":"0x8000000000000000","TimeCreated":{"@SystemTime":"2024-10-21 09:26:37.3382890"},"EventRecordID":"18061","Correlation":null,"Execution":{"@ProcessID":"2956","@ThreadID":"3364"},"Channel":"Microsoft-Windows-Sysmon/Operational","Computer":"Server002","Security":{"@UserID":"S-1-5-18"}},"EventData":{"Data":[{"@Name":"RuleName","#text":"-"},{"@Name":"UtcTime","#text":"2024-10-21 09:26:37.334"},{"@Name":"ProcessGuid","#text":"dbf410b3-1e4d-6716-f900-000000003900"},{"@Name":"ProcessId","#text":"3152"},{"@Name":"Image","#text":"C:\\Windows\\System32\\PING.EXE"},{"@Name":"FileVersion","#text":"10.0.19041.1 (WinBuild.160101.0800)"},{"@Name":"Description","#text":"TCP/IP Ping Command"},{"@Name":"Product","#text":"Microsoft® Windows® Operating System"},{"@Name":"Company","#text":"Microsoft Corporation"},{"@Name":"OriginalFileName","#text":"ping.exe"},{"@Name":"CommandLine","#text":"ping  -n 1 -w 100 192.168.1.52"},{"@Name":"CurrentDirectory","#text":"C:\\Users\\ADMIN_~1\\AppData\\Local\\Temp\\"},{"@Name":"User","#text":"SERVER002\\admin_test"},{"@Name":"LogonGuid","#text":"dbf410b3-1e30-6716-a98c-090000000000"},{"@Name":"LogonId","#text":"0x98CA9"},{"@Name":"TerminalSessionId","#text":"0"},{"@Name":"IntegrityLevel","#text":"High"},{"@Name":"Hashes","#text":"SHA256=7AF50FA112932EA3284F7821B2EEA2B7582F558DBA897231BB82182003C29F8B"},{"@Name":"ParentProcessGuid","#text":"dbf410b3-1e37-6716-bf00-000000003900"},{"@Name":"ParentProcessId","#text":"5980"},{"@Name":"ParentImage","#text":"C:\\Windows\\System32\\cmd.exe"},{"@Name":"ParentCommandLine","#text":"\"cmd.exe\" /c for /l %i in (1,1,254) do ping -n 1 -w 100 192.168.1.%i"},{"@Name":"ParentUser","#text":"SERVER002\\admin_test"}]}}}
{"Event":{"System":{"Provider":{"@Name":"Microsoft-Windows-Sysmon","@Guid":"5770385f-c22a-43e0-bf4c-06f5698ffbd9"},"EventID":"5","Version":"3","Level":"4","Task":"5","Opcode":"0","Keywords":"0x8000000000000000","TimeCreated":{"@SystemTime":"2024-10-21 09:26:37.9741143"},"EventRecordID":"18062","Correlation":null,"Execution":{"@ProcessID":"2956","@ThreadID":"3364"},"Channel":"Microsoft-Windows-Sysmon/Operational","Computer":"Server002","Security":{"@UserID":"S-1-5-18"}},"EventData":{"Data":[{"@Name":"RuleName","#text":"-"},{"@Name":"UtcTime","#text":"2024-10-21 09:26:37.973"},{"@Name":"ProcessGuid","#text":"dbf410b3-1e4d-6716-f900-000000003900"},{"@Name":"ProcessId","#text":"3152"},{"@Name":"Image","#text":"C:\\Windows\\System32\\PING.EXE"},{"@Name":"User","#text":"SERVER002\\admin_test"}]}}}
{"Event":{"System":{"Provider":{"@Name":"Microsoft-Windows-Sysmon","@Guid":"5770385f-c22a-43e0-bf4c-06f5698ffbd9"},"EventID":"1","Version":"5","Level":"4","Task":"1","Opcode":"0","Keywords":"0x8000000000000000","TimeCreated":{"@SystemTime":"2024-10-21 09:26:37.9818910"},"EventRecordID":"18063","Correlation":null,"Execution":{"@ProcessID":"2956","@ThreadID":"3364"},"Channel":"Microsoft-Windows-Sysmon/Operational","Computer":"Server002","Security":{"@UserID":"S-1-5-18"}},"EventData":{"Data":[{"@Name":"RuleName","#text":"-"},{"@Name":"UtcTime","#text":"2024-10-21 09:26:37.977"},{"@Name":"ProcessGuid","#text":"dbf410b3-1e4d-6716-fa00-000000003900"},{"@Name":"ProcessId","#text":"6108"},{"@Name":"Image","#text":"C:\\Windows\\System32\\PING.EXE"},{"@Name":"FileVersion","#text":"10.0.19041.1 (WinBuild.160101.0800)"},{"@Name":"Description","#text":"TCP/IP Ping Command"},{"@Name":"Product","#text":"Microsoft® Windows® Operating System"},{"@Name":"Company","#text":"Microsoft Corporation"},{"@Name":"OriginalFileName","#text":"ping.exe"},{"@Name":"CommandLine","#text":"ping  -n 1 -w 100 192.168.1.53"},{"@Name":"CurrentDirectory","#text":"C:\\Users\\ADMIN_~1\\AppData\\Local\\Temp\\"},{"@Name":"User","#text":"SERVER002\\admin_test"},{"@Name":"LogonGuid","#text":"dbf410b3-1e30-6716-a98c-090000000000"},{"@Name":"LogonId","#text":"0x98CA9"},{"@Name":"TerminalSessionId","#text":"0"},{"@Name":"IntegrityLevel","#text":"High"},{"@Name":"Hashes","#text":"SHA256=7AF50FA112932EA3284F7821B2EEA2B7582F558DBA897231BB82182003C29F8B"},{"@Name":"ParentProcessGuid","#text":"dbf410b3-1e37-6716-bf00-000000003900"},{"@Name":"ParentProcessId","#text":"5980"},{"@Name":"ParentImage","#text":"C:\\Windows\\System32\\cmd.exe"},{"@Name":"ParentCommandLine","#text":"\"cmd.exe\" /c for /l %i in (1,1,254) do ping -n 1 -w 100 192.168.1.%i"},{"@Name":"ParentUser","#text":"SERVER002\\admin_test"}]}}}
{"Event":{"System":{"Provider":{"@Name":"Microsoft-Windows-Sysmon","@Guid":"5770385f-c22a-43e0-bf4c-06f5698ffbd9"},"EventID":"5","Version":"3","Level":"4","Task":"5","Opcode":"0","Keywords":"0x8000000000000000","TimeCreated":{"@SystemTime":"2024-10-21 09:26:38.5781809"},"EventRecordID":"18064","Correlation":null,"Execution":{"@ProcessID":"2956","@ThreadID":"3364"},"Channel":"Microsoft-Windows-Sysmon/Operational","Computer":"Server002","Security":{"@UserID":"S-1-5-18"}},"EventData":{"Data":[{"@Name":"RuleName","#text":"-"},{"@Name":"UtcTime","#text":"2024-10-21 09:26:38.574"},{"@Name":"ProcessGuid","#text":"dbf410b3-1e4d-6716-fa00-000000003900"},{"@Name":"ProcessId","#text":"6108"},{"@Name":"Image","#text":"C:\\Windows\\System32\\PING.EXE"},{"@Name":"User","#text":"SERVER002\\admin_test"}]}}}
{"Event":{"System":{"Provider":{"@Name":"Microsoft-Windows-Sysmon","@Guid":"5770385f-c22a-43e0-bf4c-06f5698ffbd9"},"EventID":"1","Version":"5","Level":"4","Task":"1","Opcode":"0","Keywords":"0x8000000000000000","TimeCreated":{"@SystemTime":"2024-10-21 09:26:38.5852105"},"EventRecordID":"18065","Correlation":null,"Execution":{"@ProcessID":"2956","@ThreadID":"3364"},"Channel":"Microsoft-Windows-Sysmon/Operational","Computer":"Server002","Security":{"@UserID":"S-1-5-18"}},"EventData":{"Data":[{"@Name":"RuleName","#text":"-"},{"@Name":"UtcTime","#text":"2024-10-21 09:26:38.580"},{"@Name":"ProcessGuid","#text":"dbf410b3-1e4e-6716-fb00-000000003900"},{"@Name":"ProcessId","#text":"5604"},{"@Name":"Image","#text":"C:\\Windows\\System32\\PING.EXE"},{"@Name":"FileVersion","#text":"10.0.19041.1 (WinBuild.160101.0800)"},{"@Name":"Description","#text":"TCP/IP Ping Command"},{"@Name":"Product","#text":"Microsoft® Windows® Operating System"},{"@Name":"Company","#text":"Microsoft Corporation"},{"@Name":"OriginalFileName","#text":"ping.exe"},{"@Name":"CommandLine","#text":"ping  -n 1 -w 100 192.168.1.54"},{"@Name":"CurrentDirectory","#text":"C:\\Users\\ADMIN_~1\\AppData\\Local\\Temp\\"},{"@Name":"User","#text":"SERVER002\\admin_test"},{"@Name":"LogonGuid","#text":"dbf410b3-1e30-6716-a98c-090000000000"},{"@Name":"LogonId","#text":"0x98CA9"},{"@Name":"TerminalSessionId","#text":"0"},{"@Name":"IntegrityLevel","#text":"High"},{"@Name":"Hashes","#text":"SHA256=7AF50FA112932EA3284F7821B2EEA2B7582F558DBA897231BB82182003C29F8B"},{"@Name":"ParentProcessGuid","#text":"dbf410b3-1e37-6716-bf00-000000003900"},{"@Name":"ParentProcessId","#text":"5980"},{"@Name":"ParentImage","#text":"C:\\Windows\\System32\\cmd.exe"},{"@Name":"ParentCommandLine","#text":"\"cmd.exe\" /c for /l %i in (1,1,254) do ping -n 1 -w 100 192.168.1.%i"},{"@Name":"ParentUser","#text":"SERVER002\\admin_test"}]}}}
