{"Event":{"System":{"Provider":{"@Name":"Microsoft-Windows-Sysmon","@Guid":"5770385f-c22a-43e0-bf4c-06f5698ffbd9"},"EventID":"1","Version":"5","Level":"4","Task":"1","Opcode":"0","Keywords":"0x8000000000000000","TimeCreated":{"@SystemTime":"2024-10-21 09:27:40.5016048"},"EventRecordID":"18393","Correlation":null,"Execution":{"@ProcessID":"2956","@ThreadID":"3364"},"Channel":"Microsoft-Windows-Sysmon/Operational","Computer":"Server002","Security":{"@UserID":"S-1-5-18"}},"EventData":{"Data":[{"@Name":"RuleName","#text":"-"},{"@Name":"UtcTime","#text":"2024-10-21 09:27:40.482"},{"@Name":"ProcessGuid","#text":"dbf410b3-1e8c-6716-a101-000000003900"},{"@Name":"ProcessId","#text":"1568"},{"@Name":"Image","#text":"C:\\Windows\\System32\\PING.EXE"},{"@Name":"FileVersion","#text":"10.0.19041.1 (WinBuild.160101.0800)"},{"@Name":"Description","#text":"TCP/IP Ping Command"},{"@Name":"Product","#text":"Microsoft® Windows® Operating System"},{"@Name":"Company","#text":"Microsoft Corporation"},{"@Name":"OriginalFileName","#text":"ping.exe"},{"@Name":"CommandLine","#text":"ping  -n 1 -w 100 192.168.1.190"},{"@Name":"CurrentDirectory","#text":"C:\\Users\\ADMIN_~1\\AppData\\Local\\Temp\\"},{"@Name":"User","#text":"SERVER002\\admin_test"},{"@Name":"LogonGuid","#text":"dbf410b3-1e30-6716-a98c-090000000000"},{"@Name":"LogonId","#text":"0x98CA9"},{"@Name":"TerminalSessionId","#text":"0"},{"@Name":"IntegrityLevel","#text":"High"},{"@Name":"Hashes","#text":"SHA256=7AF50FA112932EA3284F7821B2EEA2B7582F558DBA897231BB82182003C29F8B"},{"@Name":"ParentProcessGuid","#text":"dbf410b3-1e37-6716-bf00-000000003900"},{"@Name":"ParentProcessId","#text":"5980"},{"@Name":"ParentImage","#text":"C:\\Windows\\System32\\cmd.exe"},{"@Name":"ParentCommandLine","#text":"\"cmd.exe\" /c for /l %i in (1,1,254) do ping -n 1 -w 100 192.168.1.%i"},{"@Name":"ParentUser","#text":"SERVER002\\admin_test"}]}}}
{"Event":{"System":{"Provider":{"@Name":"Microsoft-Windows-Sysmon","@Guid":"5770385f-c22a-43e0-bf4c-06f5698ffbd9"},"EventID":"5","Version":"3","Level":"4","Task":"5","Opcode":"0","Keywords":"0x8000000000000000","TimeCreated":{"@SystemTime":"2024-10-21 09:27:41.0919835"},"EventRecordID":"18394","Correlation":null,"Execution":{"@ProcessID":"2956","@ThreadID":"3364"},"Channel":"Microsoft-Windows-Sysmon/Operational","Computer":"Server002","Security":{"@UserID":"S-1-5-18"}},"EventData":{"Data":[{"@Name":"RuleName","#text":"-"},{"@Name":"UtcTime","#text":"2024-10-21 09:27:41.091"},{"@Name":"ProcessGuid","#text":"dbf410b3-1e8c-6716-a101-000000003900"},{"@Name":"ProcessId","#text":"1568"},{"@Name":"Image","#text":"C:\\Windows\\System32\\PING.EXE"},{"@Name":"User","#text":"SERVER002\\admin_test"}]}}}
{"Event":{"System":{"Provider":{"@Name":"Microsoft-Windows-Sysmon","@Guid":"5770385f-c22a-43e0-bf4c-06f5698ffbd9"},"EventID":"1","Version":"5","Level":"4","Task":"1","Opcode":"0","Keywords":"0x8000000000000000","TimeCreated":{"@SystemTime":"2024-10-21 09:27:41.1006260"},"EventRecordID":"18395","Correlation":null,"Execution":{"@ProcessID":"2956","@ThreadID":"3364"},"Channel":"Microsoft-Windows-Sysmon/Operational","Computer":"Server002","Security":{"@UserID":"S-1-5-18"}},"EventData":{"Data":[{"@Name":"RuleName","#text":"-"},{"@Name":"UtcTime","#text":"2024-10-21 09:27:41.095"},{"@Name":"ProcessGuid","#text":"dbf410b3-1e8d-6716-a201-000000003900"},{"@Name":"ProcessId","#text":"1744"},{"@Name":"Image","#text":"C:\\Windows\\System32\\PING.EXE"},{"@Name":"FileVersion","#text":"10.0.19041.1 (WinBuild.160101.0800)"},{"@Name":"Description","#text":"TCP/IP Ping Command"},{"@Name":"Product","#text":"Microsoft® Windows® Operating System"},{"@Name":"Company","#text":"Microsoft Corporation"},{"@Name":"OriginalFileName","#text":"ping.exe"},{"@Name":"CommandLine","#text":"ping  -n 1 -w 100 192.168.1.191"},{"@Name":"CurrentDirectory","#text":"C:\\Users\\ADMIN_~1\\AppData\\Local\\Temp\\"},{"@Name":"User","#text":"SERVER002\\admin_test"},{"@Name":"LogonGuid","#text":"dbf410b3-1e30-6716-a98c-090000000000"},{"@Name":"LogonId","#text":"0x98CA9"},{"@Name":"TerminalSessionId","#text":"0"},{"@Name":"IntegrityLevel","#text":"High"},{"@Name":"Hashes","#text":"SHA256=7AF50FA112932EA3284F7821B2EEA2B7582F558DBA897231BB82182003C29F8B"},{"@Name":"ParentProcessGuid","#text":"dbf410b3-1e37-6716-bf00-000000003900"},{"@Name":"ParentProcessId","#text":"5980"},{"@Name":"ParentImage","#text":"C:\\Windows\\System32\\cmd.exe"},{"@Name":"ParentCommandLine","#text":"\"cmd.exe\" /c for /l %i in (1,1,254) do ping -n 1 -w 100 192.168.1.%i"},{"@Name":"ParentUser","#text":"SERVER002\\admin_test"}]}}}
{"Event":{"System":{"Provider":{"@Name":"Microsoft-Windows-Sysmon","@Guid":"5770385f-c22a-43e0-bf4c-06f5698ffbd9"},"EventID":"5","Version":"3","Level":"4","Task":"5","Opcode":"0","Keywords":"0x8000000000000000","TimeCreated":{"@SystemTime":"2024-10-21 09:27:41.9364284"},"EventRecordID":"18396","Correlation":null,"Execution":{"@ProcessID":"2956","@ThreadID":"3364"},"Channel":"Microsoft-Windows-Sysmon/Operational","Computer":"Server002","Security":{"@UserID":"S-1-5-18"}},"EventData":{"Data":[{"@Name":"RuleName","#text":"-"},{"@Name":"UtcTime","#text":"2024-10-21 09:27:41.926"},{"@Name":"ProcessGuid","#text":"dbf410b3-1e8d-6716-a201-000000003900"},{"@Name":"ProcessId","#text":"1744"},{"@Name":"Image","#text":"C:\\Windows\\System32\\PING.EXE"},{"@Name":"User","#text":"SERVER002\\admin_test"}]}}}
{"Event":{"System":{"Provider":{"@Name":"Microsoft-Windows-Sysmon","@Guid":"5770385f-c22a-43e0-bf4c-06f5698ffbd9"},"EventID":"1","Version":"5","Level":"4","Task":"1","Opcode":"0","Keywords":"0x8000000000000000","TimeCreated":{"@SystemTime":"2024-10-21 09:27:41.9453457"},"EventRecordID":"18397","Correlation":null,"Execution":{"@ProcessID":"2956","@ThreadID":"3364"},"Channel":"Microsoft-Windows-Sysmon/Operational","Computer":"Server002","Security":{"@UserID":"S-1-5-18"}},"EventData":{"Data":[{"@Name":"RuleName","#text":"-"},{"@Name":"UtcTime","#text":"2024-10-21 09:27:41.938"},{"@Name":"ProcessGuid","#text":"dbf410b3-1e8d-6716-a301-000000003900"},{"@Name":"ProcessId","#text":"2044"},{"@Name":"Image","#text":"C:\\Windows\\System32\\PING.EXE"},{"@Name":"FileVersion","#text":"10.0.19041.1 (WinBuild.160101.0800)"},{"@Name":"Description","#text":"TCP/IP Ping Command"},{"@Name":"Product","#text":"Microsoft® Windows® Operating System"},{"@Name":"Company","#text":"Microsoft Corporation"},{"@Name":"OriginalFileName","#text":"ping.exe"},{"@Name":"CommandLine","#text":"ping  -n 1 -w 100 192.168.1.192"},{"@Name":"CurrentDirectory","#text":"C:\\Users\\ADMIN_~1\\AppData\\Local\\Temp\\"},{"@Name":"User","#text":"SERVER002\\admin_test"},{"@Name":"LogonGuid","#text":"dbf410b3-1e30-6716-a98c-090000000000"},{"@Name":"LogonId","#text":"0x98CA9"},{"@Name":"TerminalSessionId","#text":"0"},{"@Name":"IntegrityLevel","#text":"High"},{"@Name":"Hashes","#text":"SHA256=7AF50FA112932EA3284F7821B2EEA2B7582F558DBA897231BB82182003C29F8B"},{"@Name":"ParentProcessGuid","#text":"dbf410b3-1e37-6716-bf00-000000003900"},{"@Name":"ParentProcessId","#text":"5980"},{"@Name":"ParentImage","#text":"C:\\Windows\\System32\\cmd.exe"},{"@Name":"ParentCommandLine","#text":"\"cmd.exe\" /c for /l %i in (1,1,254) do ping -n 1 -w 100 192.168.1.%i"},{"@Name":"ParentUser","#text":"SERVER002\\admin_test"}]}}}
{"Event":{"System":{"Provider":{"@Name":"Microsoft-Windows-Sysmon","@Guid":"5770385f-c22a-43e0-bf4c-06f5698ffbd9"},"EventID":"5","Version":"3","Level":"4","Task":"5","Opcode":"0","Keywords":"0x8000000000000000","TimeCreated":{"@SystemTime":"2024-10-21 09:27:43.1847445"},"EventRecordID":"18398","Correlation":null,"Execution":{"@ProcessID":"2956","@ThreadID":"3364"},"Channel":"Microsoft-Windows-Sysmon/Operational","Computer":"Server002","Security":{"@UserID":"S-1-5-18"}},"EventData":{"Data":[{"@Name":"RuleName","#text":"-"},{"@Name":"UtcTime","#text":"2024-10-21 09:27:43.179"},{"@Name":"ProcessGuid","#text":"dbf410b3-1e8d-6716-a301-000000003900"},{"@Name":"ProcessId","#text":"2044"},{"@Name":"Image","#text":"C:\\Windows\\System32\\PING.EXE"},{"@Name":"User","#text":"SERVER002\\admin_test"}]}}}
{"Event":{"System":{"Provider":{"@Name":"Microsoft-Windows-Sysmon","@Guid":"5770385f-c22a-43e0-bf4c-06f5698ffbd9"},"EventID":"1","Version":"5","Level":"4","Task":"1","Opcode":"0","Keywords":"0x8000000000000000","TimeCreated":{"@SystemTime":"2024-10-21 09:27:43.1923443"},"EventRecordID":"18399","Correlation":null,"Execution":{"@ProcessID":"2956","@ThreadID":"3364"},"Channel":"Microsoft-Windows-Sysmon/Operational","Computer":"Server002","Security":{"@UserID":"S-1-5-18"}},"EventData":{"Data":[{"@Name":"RuleName","#text":"-"},{"@Name":"UtcTime","#text":"2024-10-21 09:27:43.187"},{"@Name":"ProcessGuid","#text":"dbf410b3-1e8f-6716-a401-000000003900"},{"@Name":"ProcessId","#text":"3212"},{"@Name":"Image","#text":"C:\\Windows\\System32\\PING.EXE"},{"@Name":"FileVersion","#text":"10.0.19041.1 (WinBuild.160101.0800)"},{"@Name":"Description","#text":"TCP/IP Ping Command"},{"@Name":"Product","#text":"Microsoft® Windows® Operating System"},{"@Name":"Company","#text":"Microsoft Corporation"},{"@Name":"OriginalFileName","#text":"ping.exe"},{"@Name":"CommandLine","#text":"ping  -n 1 -w 100 192.168.1.193"},{"@Name":"CurrentDirectory","#text":"C:\\Users\\ADMIN_~1\\AppData\\Local\\Temp\\"},{"@Name":"User","#text":"SERVER002\\admin_test"},{"@Name":"LogonGuid","#text":"dbf410b3-1e30-6716-a98c-090000000000"},{"@Name":"LogonId","#text":"0x98CA9"},{"@Name":"TerminalSessionId","#text":"0"},{"@Name":"IntegrityLevel","#text":"High"},{"@Name":"Hashes","#text":"SHA256=7AF50FA112932EA3284F7821B2EEA2B7582F558DBA897231BB82182003C29F8B"},{"@Name":"ParentProcessGuid","#text":"dbf410b3-1e37-6716-bf00-000000003900"},{"@Name":"ParentProcessId","#text":"5980"},{"@Name":"ParentImage","#text":"C:\\Windows\\System32\\cmd.exe"},{"@Name":"ParentCommandLine","#text":"\"cmd.exe\" /c for /l %i in (1,1,254) do ping -n 1 -w 100 192.168.1.%i"},{"@Name":"ParentUser","#text":"SERVER002\\admin_test"}]}}}
{"Event":{"System":{"Provider":{"@Name":"Microsoft-Windows-Sysmon","@Guid":"5770385f-c22a-43e0-bf4c-06f5698ffbd9"},"EventID":"5","Version":"3","Level":"4","Task":"5","Opcode":"0","Keywords":"0x8000000000000000","TimeCreated":{"@SystemTime":"2024-10-21 09:27:43.5064682"},"EventRecordID":"18400","Correlation":null,"Execution":{"@ProcessID":"2956","@ThreadID":"3364"},"Channel":"Microsoft-Windows-Sysmon/Operational","Computer":"Server002","Security":{"@UserID":"S-1-5-18"}},"EventData":{"Data":[{"@Name":"RuleName","#text":"-"},{"@Name":"UtcTime","#text":"2024-10-21 09:27:43.503"},{"@Name":"ProcessGuid","#text":"dbf410b3-1e8f-6716-a401-000000003900"},{"@Name":"ProcessId","#text":"3212"},{"@Name":"Image","#text":"C:\\Windows\\System32\\PING.EXE"},{"@Name":"User","#text":"SERVER002\\admin_test"}]}}}
{"Event":{"System":{"Provider":{"@Name":"Microsoft-Windows-Sysmon","@Guid":"5770385f-c22a-43e0-bf4c-06f5698ffbd9"},"EventID":"1","Version":"5","Level":"4","Task":"1","Opcode":"0","Keywords":"0x8000000000000000","TimeCreated":{"@SystemTime":"2024-10-21 09:27:43.5150600"},"EventRecordID":"18401","Correlation":null,"Execution":{"@ProcessID":"2956","@ThreadID":"3364"},"Channel":"Microsoft-Windows-Sysmon/Operational","Computer":"Server002","Security":{"@UserID":"S-1-5-18"}},"EventData":{"Data":[{"@Name":"RuleName","#text":"-"},{"@Name":"UtcTime","#text":"2024-10-21 09:27:43.510"},{"@Name":"ProcessGuid","#text":"dbf410b3-1e8f-6716-a501-000000003900"},{"@Name":"ProcessId","#text":"5928"},{"@Name":"Image","#text":"C:\\Windows\\System32\\PING.EXE"},{"@Name":"FileVersion","#text":"10.0.19041.1 (WinBuild.160101.0800)"},{"@Name":"Description","#text":"TCP/IP Ping Command"},{"@Name":"Product","#text":"Microsoft® Windows® Operating System"},{"@Name":"Company","#text":"Microsoft Corporation"},{"@Name":"OriginalFileName","#text":"ping.exe"},{"@Name":"CommandLine","#text":"ping  -n 1 -w 100 192.168.1.194"},{"@Name":"CurrentDirectory","#text":"C:\\Users\\ADMIN_~1\\AppData\\Local\\Temp\\"},{"@Name":"User","#text":"SERVER002\\admin_test"},{"@Name":"LogonGuid","#text":"dbf410b3-1e30-6716-a98c-090000000000"},{"@Name":"LogonId","#text":"0x98CA9"},{"@Name":"TerminalSessionId","#text":"0"},{"@Name":"IntegrityLevel","#text":"High"},{"@Name":"Hashes","#text":"SHA256=7AF50FA112932EA3284F7821B2EEA2B7582F558DBA897231BB82182003C29F8B"},{"@Name":"ParentProcessGuid","#text":"dbf410b3-1e37-6716-bf00-000000003900"},{"@Name":"ParentProcessId","#text":"5980"},{"@Name":"ParentImage","#text":"C:\\Windows\\System32\\cmd.exe"},{"@Name":"ParentCommandLine","#text":"\"cmd.exe\" /c for /l %i in (1,1,254) do ping -n 1 -w 100 192.168.1.%i"},{"@Name":"ParentUser","#text":"SERVER002\\admin_test"}]}}}
{"Event":{"System":{"Provider":{"@Name":"Microsoft-Windows-Sysmon","@Guid":"5770385f-c22a-43e0-bf4c-06f5698ffbd9"},"EventID":"5","Version":"3","Level":"4","Task":"5","Opcode":"0","Keywords":"0x8000000000000000","TimeCreated":{"@SystemTime":"2024-10-21 09:27:44.1203374"},"EventRecordID":"18402","Correlation":null,"Execution":{"@ProcessID":"2956","@ThreadID":"3364"},"Channel":"Microsoft-Windows-Sysmon/Operational","Computer":"Server002","Security":{"@UserID":"S-1-5-18"}},"EventData":{"Data":[{"@Name":"RuleName","#text":"-"},{"@Name":"UtcTime","#text":"2024-10-21 09:27:44.116"},{"@Name":"ProcessGuid","#text":"dbf410b3-1e8f-6716-a501-000000003900"},{"@Name":"ProcessId","#text":"5928"},{"@Name":"Image","#text":"C:\\Windows\\System32\\PING.EXE"},{"@Name":"User","#text":"SERVER002\\admin_test"}]}}}
{"Event":{"System":{"Provider":{"@Name":"Microsoft-Windows-Sysmon","@Guid":"5770385f-c22a-43e0-bf4c-06f5698ffbd9"},"EventID":"1","Version":"5","Level":"4","Task":"1","Opcode":"0","Keywords":"0x8000000000000000","TimeCreated":{"@SystemTime":"2024-10-21 09:27:44.1302361"},"EventRecordID":"18403","Correlation":null,"Execution":{"@ProcessID":"2956","@ThreadID":"3364"},"Channel":"Microsoft-Windows-Sysmon/Operational","Computer":"Server002","Security":{"@UserID":"S-1-5-18"}},"EventData":{"Data":[{"@Name":"RuleName","#text":"-"},{"@Name":"UtcTime","#text":"2024-10-21 09:27:44.125"},{"@Name":"ProcessGuid","#text":"dbf410b3-1e90-6716-a601-000000003900"},{"@Name":"ProcessId","#text":"1904"},{"@Name":"Image","#text":"C:\\Windows\\System32\\PING.EXE"},{"@Name":"FileVersion","#text":"10.0.19041.1 (WinBuild.160101.0800)"},{"@Name":"Description","#text":"TCP/IP Ping Command"},{"@Name":"Product","#text":"Microsoft® Windows® Operating System"},{"@Name":"Company","#text":"Microsoft Corporation"},{"@Name":"OriginalFileName","#text":"ping.exe"},{"@Name":"CommandLine","#text":"ping  -n 1 -w 100 192.168.1.195"},{"@Name":"CurrentDirectory","#text":"C:\\Users\\ADMIN_~1\\AppData\\Local\\Temp\\"},{"@Name":"User","#text":"SERVER002\\admin_test"},{"@Name":"LogonGuid","#text":"dbf410b3-1e30-6716-a98c-090000000000"},{"@Name":"LogonId","#text":"0x98CA9"},{"@Name":"TerminalSessionId","#text":"0"},{"@Name":"IntegrityLevel","#text":"High"},{"@Name":"Hashes","#text":"SHA256=7AF50FA112932EA3284F7821B2EEA2B7582F558DBA897231BB82182003C29F8B"},{"@Name":"ParentProcessGuid","#text":"dbf410b3-1e37-6716-bf00-000000003900"},{"@Name":"ParentProcessId","#text":"5980"},{"@Name":"ParentImage","#text":"C:\\Windows\\System32\\cmd.exe"},{"@Name":"ParentCommandLine","#text":"\"cmd.exe\" /c for /l %i in (1,1,254) do ping -n 1 -w 100 192.168.1.%i"},{"@Name":"ParentUser","#text":"SERVER002\\admin_test"}]}}}
{"Event":{"System":{"Provider":{"@Name":"Microsoft-Windows-Sysmon","@Guid":"5770385f-c22a-43e0-bf4c-06f5698ffbd9"},"EventID":"5","Version":"3","Level":"4","Task":"5","Opcode":"0","Keywords":"0x8000000000000000","TimeCreated":{"@SystemTime":"2024-10-21 09:27:44.7196492"},"EventRecordID":"18404","Correlation":null,"Execution":{"@ProcessID":"2956","@ThreadID":"3364"},"Channel":"Microsoft-Windows-Sysmon/Operational","Computer":"Server002","Security":{"@UserID":"S-1-5-18"}},"EventData":{"Data":[{"@Name":"RuleName","#text":"-"},{"@Name":"UtcTime","#text":"2024-10-21 09:27:44.717"},{"@Name":"ProcessGuid","#text":"dbf410b3-1e90-6716-a601-000000003900"},{"@Name":"ProcessId","#text":"1904"},{"@Name":"Image","#text":"C:\\Windows\\System32\\PING.EXE"},{"@Name":"User","#text":"SERVER002\\admin_test"}]}}}
{"Event":{"System":{"Provider":{"@Name":"Microsoft-Windows-Sysmon","@Guid":"5770385f-c22a-43e0-bf4c-06f5698ffbd9"},"EventID":"1","Version":"5","Level":"4","Task":"1","Opcode":"0","Keywords":"0x8000000000000000","TimeCreated":{"@SystemTime":"2024-10-21 09:27:44.7279132"},"EventRecordID":"18405","Correlation":null,"Execution":{"@ProcessID":"2956","@ThreadID":"3364"},"Channel":"Microsoft-Windows-Sysmon/Operational","Computer":"Server002","Security":{"@UserID":"S-1-5-18"}},"EventData":{"Data":[{"@Name":"RuleName","#text":"-"},{"@Name":"UtcTime","#text":"2024-10-21 09:27:44.722"},{"@Name":"ProcessGuid","#text":"dbf410b3-1e90-6716-a701-000000003900"},{"@Name":"ProcessId","#text":"5368"},{"@Name":"Image","#text":"C:\\Windows\\System32\\PING.EXE"},{"@Name":"FileVersion","#text":"10.0.19041.1 (WinBuild.160101.0800)"},{"@Name":"Description","#text":"TCP/IP Ping Command"},{"@Name":"Product","#text":"Microsoft® Windows® Operating System"},{"@Name":"Company","#text":"Microsoft Corporation"},{"@Name":"OriginalFileName","#text":"ping.exe"},{"@Name":"CommandLine","#text":"ping  -n 1 -w 100 192.168.1.196"},{"@Name":"CurrentDirectory","#text":"C:\\Users\\ADMIN_~1\\AppData\\Local\\Temp\\"},{"@Name":"User","#text":"SERVER002\\admin_test"},{"@Name":"LogonGuid","#text":"dbf410b3-1e30-6716-a98c-090000000000"},{"@Name":"LogonId","#text":"0x98CA9"},{"@Name":"TerminalSessionId","#text":"0"},{"@Name":"IntegrityLevel","#text":"High"},{"@Name":"Hashes","#text":"SHA256=7AF50FA112932EA3284F7821B2EEA2B7582F558DBA897231BB82182003C29F8B"},{"@Name":"ParentProcessGuid","#text":"dbf410b3-1e37-6716-bf00-000000003900"},{"@Name":"ParentProcessId","#text":"5980"},{"@Name":"ParentImage","#text":"C:\\Windows\\System32\\cmd.exe"},{"@Name":"ParentCommandLine","#text":"\"cmd.exe\" /c for /l %i in (1,1,254) do ping -n 1 -w 100 192.168.1.%i"},{"@Name":"ParentUser","#text":"SERVER002\\admin_test"}]}}}
{"Event":{"System":{"Provider":{"@Name":"Microsoft-Windows-Sysmon","@Guid":"5770385f-c22a-43e0-bf4c-06f5698ffbd9"},"EventID":"5","Version":"3","Level":"4","Task":"5","Opcode":"0","Keywords":"0x8000000000000000","TimeCreated":{"@SystemTime":"2024-10-21 09:27:45.3342928"},"EventRecordID":"18406","Correlation":null,"Execution":{"@ProcessID":"2956","@ThreadID":"3364"},"Channel":"Microsoft-Windows-Sysmon/Operational","Computer":"Server002","Security":{"@UserID":"S-1-5-18"}},"EventData":{"Data":[{"@Name":"RuleName","#text":"-"},{"@Name":"UtcTime","#text":"2024-10-21 09:27:45.330"},{"@Name":"ProcessGuid","#text":"dbf410b3-1e90-6716-a701-000000003900"},{"@Name":"ProcessId","#text":"5368"},{"@Name":"Image","#text":"C:\\Windows\\System32\\PING.EXE"},{"@Name":"User","#text":"SERVER002\\admin_test"}]}}}
{"Event":{"System":{"Provider":{"@Name":"Microsoft-Windows-Sysmon","@Guid":"5770385f-c22a-43e0-bf4c-06f5698ffbd9"},"EventID":"1","Version":"5","Level":"4","Task":"1","Opcode":"0","Keywords":"0x8000000000000000","TimeCreated":{"@SystemTime":"2024-10-21 09:27:45.3428354"},"EventRecordID":"18407","Correlation":null,"Execution":{"@ProcessID":"2956","@ThreadID":"3364"},"Channel":"Microsoft-Windows-Sysmon/Operational","Computer":"Server002","Security":{"@UserID":"S-1-5-18"}},"EventData":{"Data":[{"@Name":"RuleName","#text":"-"},{"@Name":"UtcTime","#text":"2024-10-21 09:27:45.339"},{"@Name":"ProcessGuid","#text":"dbf410b3-1e91-6716-a801-000000003900"},{"@Name":"ProcessId","#text":"4460"},{"@Name":"Image","#text":"C:\\Windows\\System32\\PING.EXE"},{"@Name":"FileVersion","#text":"10.0.19041.1 (WinBuild.160101.0800)"},{"@Name":"Description","#text":"TCP/IP Ping Command"},{"@Name":"Product","#text":"Microsoft® Windows® Operating System"},{"@Name":"Company","#text":"Microsoft Corporation"},{"@Name":"OriginalFileName","#text":"ping.exe"},{"@Name":"CommandLine","#text":"ping  -n 1 -w 100 192.168.1.197"},{"@Name":"CurrentDirectory","#text":"C:\\Users\\ADMIN_~1\\AppData\\Local\\Temp\\"},{"@Name":"User","#text":"SERVER002\\admin_test"},{"@Name":"LogonGuid","#text":"dbf410b3-1e30-6716-a98c-090000000000"},{"@Name":"LogonId","#text":"0x98CA9"},{"@Name":"TerminalSessionId","#text":"0"},{"@Name":"IntegrityLevel","#text":"High"},{"@Name":"Hashes","#text":"SHA256=7AF50FA112932EA3284F7821B2EEA2B7582F558DBA897231BB82182003C29F8B"},{"@Name":"ParentProcessGuid","#text":"dbf410b3-1e37-6716-bf00-000000003900"},{"@Name":"ParentProcessId","#text":"5980"},{"@Name":"ParentImage","#text":"C:\\Windows\\System32\\cmd.exe"},{"@Name":"ParentCommandLine","#text":"\"cmd.exe\" /c for /l %i in (1,1,254) do ping -n 1 -w 100 192.168.1.%i"},{"@Name":"ParentUser","#text":"SERVER002\\admin_test"}]}}}
{"Event":{"System":{"Provider":{"@Name":"Microsoft-Windows-Sysmon","@Guid":"5770385f-c22a-43e0-bf4c-06f5698ffbd9"},"EventID":"5","Version":"3","Level":"4","Task":"5","Opcode":"0","Keywords":"0x8000000000000000","TimeCreated":{"@SystemTime":"2024-10-21 09:27:45.9373268"},"EventRecordID":"18408","Correlation":null,"Execution":{"@ProcessID":"2956","@ThreadID":"3364"},"Channel":"Microsoft-Windows-Sysmon/Operational","Computer":"Server002","Security":{"@UserID":"S-1-5-18"}},"EventData":{"Data":[{"@Name":"RuleName","#text":"-"},{"@Name":"UtcTime","#text":"2024-10-21 09:27:45.934"},{"@Name":"ProcessGuid","#text":"dbf410b3-1e91-6716-a801-000000003900"},{"@Name":"ProcessId","#text":"4460"},{"@Name":"Image","#text":"C:\\Windows\\System32\\PING.EXE"},{"@Name":"User","#text":"SERVER002\\admin_test"}]}}}
{"Event":{"System":{"Provider":{"@Name":"Microsoft-Windows-Sysmon","@Guid":"5770385f-c22a-43e0-bf4c-06f5698ffbd9"},"EventID":"1","Version":"5","Level":"4","Task":"1","Opcode":"0","Keywords":"0x8000000000000000","TimeCreated":{"@SystemTime":"2024-10-21 09:27:45.9438235"},"EventRecordID":"18409","Correlation":null,"Execution":{"@ProcessID":"2956","@ThreadID":"3364"},"Channel":"Microsoft-Windows-Sysmon/Operational","Computer":"Server002","Security":{"@UserID":"S-1-5-18"}},"EventData":{"Data":[{"@Name":"RuleName","#text":"-"},{"@Name":"UtcTime","#text":"2024-10-21 09:27:45.940"},{"@Name":"ProcessGuid","#text":"dbf410b3-1e91-6716-a901-000000003900"},{"@Name":"ProcessId","#text":"2340"},{"@Name":"Image","#text":"C:\\Windows\\System32\\PING.EXE"},{"@Name":"FileVersion","#text":"10.0.19041.1 (WinBuild.160101.0800)"},{"@Name":"Description","#text":"TCP/IP Ping Command"},{"@Name":"Product","#text":"Microsoft® Windows® Operating System"},{"@Name":"Company","#text":"Microsoft Corporation"},{"@Name":"OriginalFileName","#text":"ping.exe"},{"@Name":"CommandLine","#text":"ping  -n 1 -w 100 192.168.1.198"},{"@Name":"CurrentDirectory","#text":"C:\\Users\\ADMIN_~1\\AppData\\Local\\Temp\\"},{"@Name":"User","#text":"SERVER002\\admin_test"},{"@Name":"LogonGuid","#text":"dbf410b3-1e30-6716-a98c-090000000000"},{"@Name":"LogonId","#text":"0x98CA9"},{"@Name":"TerminalSessionId","#text":"0"},{"@Name":"IntegrityLevel","#text":"High"},{"@Name":"Hashes","#text":"SHA256=7AF50FA112932EA3284F7821B2EEA2B7582F558DBA897231BB82182003C29F8B"},{"@Name":"ParentProcessGuid","#text":"dbf410b3-1e37-6716-bf00-000000003900"},{"@Name":"ParentProcessId","#text":"5980"},{"@Name":"ParentImage","#text":"C:\\Windows\\System32\\cmd.exe"},{"@Name":"ParentCommandLine","#text":"\"cmd.exe\" /c for /l %i in (1,1,254) do ping -n 1 -w 100 192.168.1.%i"},{"@Name":"ParentUser","#text":"SERVER002\\admin_test"}]}}}
{"Event":{"System":{"Provider":{"@Name":"Microsoft-Windows-Sysmon","@Guid":"5770385f-c22a-43e0-bf4c-06f5698ffbd9"},"EventID":"5","Version":"3","Level":"4","Task":"5","Opcode":"0","Keywords":"0x8000000000000000","TimeCreated":{"@SystemTime":"2024-10-21 09:27:46.6282656"},"EventRecordID":"18410","Correlation":null,"Execution":{"@ProcessID":"2956","@ThreadID":"3364"},"Channel":"Microsoft-Windows-Sysmon/Operational","Computer":"Server002","Security":{"@UserID":"S-1-5-18"}},"EventData":{"Data":[{"@Name":"RuleName","#text":"-"},{"@Name":"UtcTime","#text":"2024-10-21 09:27:46.624"},{"@Name":"ProcessGuid","#text":"dbf410b3-1e91-6716-a901-000000003900"},{"@Name":"ProcessId","#text":"2340"},{"@Name":"Image","#text":"C:\\Windows\\System32\\PING.EXE"},{"@Name":"User","#text":"SERVER002\\admin_test"}]}}}
{"Event":{"System":{"Provider":{"@Name":"Microsoft-Windows-Sysmon","@Guid":"5770385f-c22a-43e0-bf4c-06f5698ffbd9"},"EventID":"1","Version":"5","Level":"4","Task":"1","Opcode":"0","Keywords":"0x8000000000000000","TimeCreated":{"@SystemTime":"2024-10-21 09:27:46.6354467"},"EventRecordID":"18411","Correlation":null,"Execution":{"@ProcessID":"2956","@ThreadID":"3364"},"Channel":"Microsoft-Windows-Sysmon/Operational","Computer":"Server002","Security":{"@UserID":"S-1-5-18"}},"EventData":{"Data":[{"@Name":"RuleName","#text":"-"},{"@Name":"UtcTime","#text":"2024-10-21 09:27:46.631"},{"@Name":"ProcessGuid","#text":"dbf410b3-1e92-6716-aa01-000000003900"},{"@Name":"ProcessId","#text":"832"},{"@Name":"Image","#text":"C:\\Windows\\System32\\PING.EXE"},{"@Name":"FileVersion","#text":"10.0.19041.1 (WinBuild.160101.0800)"},{"@Name":"Description","#text":"TCP/IP Ping Command"},{"@Name":"Product","#text":"Microsoft® Windows® Operating System"},{"@Name":"Company","#text":"Microsoft Corporation"},{"@Name":"OriginalFileName","#text":"ping.exe"},{"@Name":"CommandLine","#text":"ping  -n 1 -w 100 192.168.1.199"},{"@Name":"CurrentDirectory","#text":"C:\\Users\\ADMIN_~1\\AppData\\Local\\Temp\\"},{"@Name":"User","#text":"SERVER002\\admin_test"},{"@Name":"LogonGuid","#text":"dbf410b3-1e30-6716-a98c-090000000000"},{"@Name":"LogonId","#text":"0x98CA9"},{"@Name":"TerminalSessionId","#text":"0"},{"@Name":"IntegrityLevel","#text":"High"},{"@Name":"Hashes","#text":"SHA256=7AF50FA112932EA3284F7821B2EEA2B7582F558DBA897231BB82182003C29F8B"},{"@Name":"ParentProcessGuid","#text":"dbf410b3-1e37-6716-bf00-000000003900"},{"@Name":"ParentProcessId","#text":"5980"},{"@Name":"ParentImage","#text":"C:\\Windows\\System32\\cmd.exe"},{"@Name":"ParentCommandLine","#text":"\"cmd.exe\" /c for /l %i in (1,1,254) do ping -n 1 -w 100 192.168.1.%i"},{"@Name":"ParentUser","#text":"SERVER002\\admin_test"}]}}}
{"Event":{"System":{"Provider":{"@Name":"Microsoft-Windows-Sysmon","@Guid":"5770385f-c22a-43e0-bf4c-06f5698ffbd9"},"EventID":"5","Version":"3","Level":"4","Task":"5","Opcode":"0","Keywords":"0x8000000000000000","TimeCreated":{"@SystemTime":"2024-10-21 09:27:47.1765830"},"EventRecordID":"18412","Correlation":null,"Execution":{"@ProcessID":"2956","@ThreadID":"3364"},"Channel":"Microsoft-Windows-Sysmon/Operational","Computer":"Server002","Security":{"@UserID":"S-1-5-18"}},"EventData":{"Data":[{"@Name":"RuleName","#text":"-"},{"@Name":"UtcTime","#text":"2024-10-21 09:27:47.172"},{"@Name":"ProcessGuid","#text":"dbf410b3-1e92-6716-aa01-000000003900"},{"@Name":"ProcessId","#text":"832"},{"@Name":"Image","#text":"C:\\Windows\\System32\\PING.EXE"},{"@Name":"User","#text":"SERVER002\\admin_test"}]}}}
{"Event":{"System":{"Provider":{"@Name":"Microsoft-Windows-Sysmon","@Guid":"5770385f-c22a-43e0-bf4c-06f5698ffbd9"},"EventID":"1","Version":"5","Level":"4","Task":"1","Opcode":"0","Keywords":"0x8000000000000000","TimeCreated":{"@SystemTime":"2024-10-21 09:27:47.1844063"},"EventRecordID":"18413","Correlation":null,"Execution":{"@ProcessID":"2956","@ThreadID":"3364"},"Channel":"Microsoft-Windows-Sysmon/Operational","Computer":"Server002","Security":{"@UserID":"S-1-5-18"}},"EventData":{"Data":[{"@Name":"RuleName","#text":"-"},{"@Name":"UtcTime","#text":"2024-10-21 09:27:47.179"},{"@Name":"ProcessGuid","#text":"dbf410b3-1e93-6716-ab01-000000003900"},{"@Name":"ProcessId","#text":"4328"},{"@Name":"Image","#text":"C:\\Windows\\System32\\PING.EXE"},{"@Name":"FileVersion","#text":"10.0.19041.1 (WinBuild.160101.0800)"},{"@Name":"Description","#text":"TCP/IP Ping Command"},{"@Name":"Product","#text":"Microsoft® Windows® Operating System"},{"@Name":"Company","#text":"Microsoft Corporation"},{"@Name":"OriginalFileName","#text":"ping.exe"},{"@Name":"CommandLine","#text":"ping  -n 1 -w 100 192.168.1.200"},{"@Name":"CurrentDirectory","#text":"C:\\Users\\ADMIN_~1\\AppData\\Local\\Temp\\"},{"@Name":"User","#text":"SERVER002\\admin_test"},{"@Name":"LogonGuid","#text":"dbf410b3-1e30-6716-a98c-090000000000"},{"@Name":"LogonId","#text":"0x98CA9"},{"@Name":"TerminalSessionId","#text":"0"},{"@Name":"IntegrityLevel","#text":"High"},{"@Name":"Hashes","#text":"SHA256=7AF50FA112932EA3284F7821B2EEA2B7582F558DBA897231BB82182003C29F8B"},{"@Name":"ParentProcessGuid","#text":"dbf410b3-1e37-6716-bf00-000000003900"},{"@Name":"ParentProcessId","#text":"5980"},{"@Name":"ParentImage","#text":"C:\\Windows\\System32\\cmd.exe"},{"@Name":"ParentCommandLine","#text":"\"cmd.exe\" /c for /l %i in (1,1,254) do ping -n 1 -w 100 192.168.1.%i"},{"@Name":"ParentUser","#text":"SERVER002\\admin_test"}]}}}
{"Event":{"System":{"Provider":{"@Name":"Microsoft-Windows-Sysmon","@Guid":"5770385f-c22a-43e0-bf4c-06f5698ffbd9"},"EventID":"5","Version":"3","Level":"4","Task":"5","Opcode":"0","Keywords":"0x8000000000000000","TimeCreated":{"@SystemTime":"2024-10-21 09:27:47.7715738"},"EventRecordID":"18414","Correlation":null,"Execution":{"@ProcessID":"2956","@ThreadID":"3364"},"Channel":"Microsoft-Windows-Sysmon/Operational","Computer":"Server002","Security":{"@UserID":"S-1-5-18"}},"EventData":{"Data":[{"@Name":"RuleName","#text":"-"},{"@Name":"UtcTime","#text":"2024-10-21 09:27:47.770"},{"@Name":"ProcessGuid","#text":"dbf410b3-1e93-6716-ab01-000000003900"},{"@Name":"ProcessId","#text":"4328"},{"@Name":"Image","#text":"C:\\Windows\\System32\\PING.EXE"},{"@Name":"User","#text":"SERVER002\\admin_test"}]}}}
{"Event":{"System":{"Provider":{"@Name":"Microsoft-Windows-Sysmon","@Guid":"5770385f-c22a-43e0-bf4c-06f5698ffbd9"},"EventID":"1","Version":"5","Level":"4","Task":"1","Opcode":"0","Keywords":"0x8000000000000000","TimeCreated":{"@SystemTime":"2024-10-21 09:27:47.7807824"},"EventRecordID":"18415","Correlation":null,"Execution":{"@ProcessID":"2956","@ThreadID":"3364"},"Channel":"Microsoft-Windows-Sysmon/Operational","Computer":"Server002","Security":{"@UserID":"S-1-5-18"}},"EventData":{"Data":[{"@Name":"RuleName","#text":"-"},{"@Name":"UtcTime","#text":"2024-10-21 09:27:47.776"},{"@Name":"ProcessGuid","#text":"dbf410b3-1e93-6716-ac01-000000003900"},{"@Name":"ProcessId","#text":"6004"},{"@Name":"Image","#text":"C:\\Windows\\System32\\PING.EXE"},{"@Name":"FileVersion","#text":"10.0.19041.1 (WinBuild.160101.0800)"},{"@Name":"Description","#text":"TCP/IP Ping Command"},{"@Name":"Product","#text":"Microsoft® Windows® Operating System"},{"@Name":"Company","#text":"Microsoft Corporation"},{"@Name":"OriginalFileName","#text":"ping.exe"},{"@Name":"CommandLine","#text":"ping  -n 1 -w 100 192.168.1.201"},{"@Name":"CurrentDirectory","#text":"C:\\Users\\ADMIN_~1\\AppData\\Local\\Temp\\"},{"@Name":"User","#text":"SERVER002\\admin_test"},{"@Name":"LogonGuid","#text":"dbf410b3-1e30-6716-a98c-090000000000"},{"@Name":"LogonId","#text":"0x98CA9"},{"@Name":"TerminalSessionId","#text":"0"},{"@Name":"IntegrityLevel","#text":"High"},{"@Name":"Hashes","#text":"SHA256=7AF50FA112932EA3284F7821B2EEA2B7582F558DBA897231BB82182003C29F8B"},{"@Name":"ParentProcessGuid","#text":"dbf410b3-1e37-6716-bf00-000000003900"},{"@Name":"ParentProcessId","#text":"5980"},{"@Name":"ParentImage","#text":"C:\\Windows\\System32\\cmd.exe"},{"@Name":"ParentCommandLine","#text":"\"cmd.exe\" /c for /l %i in (1,1,254) do ping -n 1 -w 100 192.168.1.%i"},{"@Name":"ParentUser","#text":"SERVER002\\admin_test"}]}}}
{"Event":{"System":{"Provider":{"@Name":"Microsoft-Windows-Sysmon","@Guid":"5770385f-c22a-43e0-bf4c-06f5698ffbd9"},"EventID":"5","Version":"3","Level":"4","Task":"5","Opcode":"0","Keywords":"0x8000000000000000","TimeCreated":{"@SystemTime":"2024-10-21 09:27:48.3836500"},"EventRecordID":"18416","Correlation":null,"Execution":{"@ProcessID":"2956","@ThreadID":"3364"},"Channel":"Microsoft-Windows-Sysmon/Operational","Computer":"Server002","Security":{"@UserID":"S-1-5-18"}},"EventData":{"Data":[{"@Name":"RuleName","#text":"-"},{"@Name":"UtcTime","#text":"2024-10-21 09:27:48.380"},{"@Name":"ProcessGuid","#text":"dbf410b3-1e93-6716-ac01-000000003900"},{"@Name":"ProcessId","#text":"6004"},{"@Name":"Image","#text":"C:\\Windows\\System32\\PING.EXE"},{"@Name":"User","#text":"SERVER002\\admin_test"}]}}}
{"Event":{"System":{"Provider":{"@Name":"Microsoft-Windows-Sysmon","@Guid":"5770385f-c22a-43e0-bf4c-06f5698ffbd9"},"EventID":"1","Version":"5","Level":"4","Task":"1","Opcode":"0","Keywords":"0x8000000000000000","TimeCreated":{"@SystemTime":"2024-10-21 09:27:48.3901690"},"EventRecordID":"18417","Correlation":null,"Execution":{"@ProcessID":"2956","@ThreadID":"3364"},"Channel":"Microsoft-Windows-Sysmon/Operational","Computer":"Server002","Security":{"@UserID":"S-1-5-18"}},"EventData":{"Data":[{"@Name":"RuleName","#text":"-"},{"@Name":"UtcTime","#text":"2024-10-21 09:27:48.386"},{"@Name":"ProcessGuid","#text":"dbf410b3-1e94-6716-ad01-000000003900"},{"@Name":"ProcessId","#text":"4608"},{"@Name":"Image","#text":"C:\\Windows\\System32\\PING.EXE"},{"@Name":"FileVersion","#text":"10.0.19041.1 (WinBuild.160101.0800)"},{"@Name":"Description","#text":"TCP/IP Ping Command"},{"@Name":"Product","#text":"Microsoft® Windows® Operating System"},{"@Name":"Company","#text":"Microsoft Corporation"},{"@Name":"OriginalFileName","#text":"ping.exe"},{"@Name":"CommandLine","#text":"ping  -n 1 -w 100 192.168.1.202"},{"@Name":"CurrentDirectory","#text":"C:\\Users\\ADMIN_~1\\AppData\\Local\\Temp\\"},{"@Name":"User","#text":"SERVER002\\admin_test"},{"@Name":"LogonGuid","#text":"dbf410b3-1e30-6716-a98c-090000000000"},{"@Name":"LogonId","#text":"0x98CA9"},{"@Name":"TerminalSessionId","#text":"0"},{"@Name":"IntegrityLevel","#text":"High"},{"@Name":"Hashes","#text":"SHA256=7AF50FA112932EA3284F7821B2EEA2B7582F558DBA897231BB82182003C29F8B"},{"@Name":"ParentProcessGuid","#text":"dbf410b3-1e37-6716-bf00-000000003900"},{"@Name":"ParentProcessId","#text":"5980"},{"@Name":"ParentImage","#text":"C:\\Windows\\System32\\cmd.exe"},{"@Name":"ParentCommandLine","#text":"\"cmd.exe\" /c for /l %i in (1,1,254) do ping -n 1 -w 100 192.168.1.%i"},{"@Name":"ParentUser","#text":"SERVER002\\admin_test"}]}}}
{"Event":{"System":{"Provider":{"@Name":"Microsoft-Windows-Sysmon","@Guid":"5770385f-c22a-43e0-bf4c-06f5698ffbd9"},"EventID":"5","Version":"3","Level":"4","Task":"5","Opcode":"0","Keywords":"0x8000000000000000","TimeCreated":{"@SystemTime":"2024-10-21 09:27:48.4118361"},"EventRecordID":"18418","Correlation":null,"Execution":{"@ProcessID":"2956","@ThreadID":"3364"},"Channel":"Microsoft-Windows-Sysmon/Operational","Computer":"Server002","Security":{"@UserID":"S-1-5-18"}},"EventData":{"Data":[{"@Name":"RuleName","#text":"-"},{"@Name":"UtcTime","#text":"2024-10-21 09:27:48.399"},{"@Name":"ProcessGuid","#text":"dbf410b3-1e94-6716-ad01-000000003900"},{"@Name":"ProcessId","#text":"4608"},{"@Name":"Image","#text":"C:\\Windows\\System32\\PING.EXE"},{"@Name":"User","#text":"SERVER002\\admin_test"}]}}}
{"Event":{"System":{"Provider":{"@Name":"Microsoft-Windows-Sysmon","@Guid":"5770385f-c22a-43e0-bf4c-06f5698ffbd9"},"EventID":"1","Version":"5","Level":"4","Task":"1","Opcode":"0","Keywords":"0x8000000000000000","TimeCreated":{"@SystemTime":"2024-10-21 09:27:48.4192683"},"EventRecordID":"18419","Correlation":null,"Execution":{"@ProcessID":"2956","@ThreadID":"3364"},"Channel":"Microsoft-Windows-Sysmon/Operational","Computer":"Server002","Security":{"@UserID":"S-1-5-18"}},"EventData":{"Data":[{"@Name":"RuleName","#text":"-"},{"@Name":"UtcTime","#text":"2024-10-21 09:27:48.415"},{"@Name":"ProcessGuid","#text":"dbf410b3-1e94-6716-ae01-000000003900"},{"@Name":"ProcessId","#text":"4652"},{"@Name":"Image","#text":"C:\\Windows\\System32\\PING.EXE"},{"@Name":"FileVersion","#text":"10.0.19041.1 (WinBuild.160101.0800)"},{"@Name":"Description","#text":"TCP/IP Ping Command"},{"@Name":"Product","#text":"Microsoft® Windows® Operating System"},{"@Name":"Company","#text":"Microsoft Corporation"},{"@Name":"OriginalFileName","#text":"ping.exe"},{"@Name":"CommandLine","#text":"ping  -n 1 -w 100 192.168.1.203"},{"@Name":"CurrentDirectory","#text":"C:\\Users\\ADMIN_~1\\AppData\\Local\\Temp\\"},{"@Name":"User","#text":"SERVER002\\admin_test"},{"@Name":"LogonGuid","#text":"dbf410b3-1e30-6716-a98c-090000000000"},{"@Name":"LogonId","#text":"0x98CA9"},{"@Name":"TerminalSessionId","#text":"0"},{"@Name":"IntegrityLevel","#text":"High"},{"@Name":"Hashes","#text":"SHA256=7AF50FA112932EA3284F7821B2EEA2B7582F558DBA897231BB82182003C29F8B"},{"@Name":"ParentProcessGuid","#text":"dbf410b3-1e37-6716-bf00-000000003900"},{"@Name":"ParentProcessId","#text":"5980"},{"@Name":"ParentImage","#text":"C:\\Windows\\System32\\cmd.exe"},{"@Name":"ParentCommandLine","#text":"\"cmd.exe\" /c for /l %i in (1,1,254) do ping -n 1 -w 100 192.168.1.%i"},{"@Name":"ParentUser","#text":"SERVER002\\admin_test"}]}}}
{"Event":{"System":{"Provider":{"@Name":"Microsoft-Windows-Sysmon","@Guid":"5770385f-c22a-43e0-bf4c-06f5698ffbd9"},"EventID":"5","Version":"3","Level":"4","Task":"5","Opcode":"0","Keywords":"0x8000000000000000","TimeCreated":{"@SystemTime":"2024-10-21 09:27:48.4375611"},"EventRecordID":"18420","Correlation":null,"Execution":{"@ProcessID":"2956","@ThreadID":"3364"},"Channel":"Microsoft-Windows-Sysmon/Operational","Computer":"Server002","Security":{"@UserID":"S-1-5-18"}},"EventData":{"Data":[{"@Name":"RuleName","#text":"-"},{"@Name":"UtcTime","#text":"2024-10-21 09:27:48.437"},{"@Name":"ProcessGuid","#text":"dbf410b3-1e94-6716-ae01-000000003900"},{"@Name":"ProcessId","#text":"4652"},{"@Name":"Image","#text":"C:\\Windows\\System32\\PING.EXE"},{"@Name":"User","#text":"SERVER002\\admin_test"}]}}}
{"Event":{"System":{"Provider":{"@Name":"Microsoft-Windows-Sysmon","@Guid":"5770385f-c22a-43e0-bf4c-06f5698ffbd9"},"EventID":"1","Version":"5","Level":"4","Task":"1","Opcode":"0","Keywords":"0x8000000000000000","TimeCreated":{"@SystemTime":"2024-10-21 09:27:48.4472386"},"EventRecordID":"18421","Correlation":null,"Execution":{"@ProcessID":"2956","@ThreadID":"3364"},"Channel":"Microsoft-Windows-Sysmon/Operational","Computer":"Server002","Security":{"@UserID":"S-1-5-18"}},"EventData":{"Data":[{"@Name":"RuleName","#text":"-"},{"@Name":"UtcTime","#text":"2024-10-21 09:27:48.441"},{"@Name":"ProcessGuid","#text":"dbf410b3-1e94-6716-af01-000000003900"},{"@Name":"ProcessId","#text":"2580"},{"@Name":"Image","#text":"C:\\Windows\\System32\\PING.EXE"},{"@Name":"FileVersion","#text":"10.0.19041.1 (WinBuild.160101.0800)"},{"@Name":"Description","#text":"TCP/IP Ping Command"},{"@Name":"Product","#text":"Microsoft® Windows® Operating System"},{"@Name":"Company","#text":"Microsoft Corporation"},{"@Name":"OriginalFileName","#text":"ping.exe"},{"@Name":"CommandLine","#text":"ping  -n 1 -w 100 192.168.1.204"},{"@Name":"CurrentDirectory","#text":"C:\\Users\\ADMIN_~1\\AppData\\Local\\Temp\\"},{"@Name":"User","#text":"SERVER002\\admin_test"},{"@Name":"LogonGuid","#text":"dbf410b3-1e30-6716-a98c-090000000000"},{"@Name":"LogonId","#text":"0x98CA9"},{"@Name":"TerminalSessionId","#text":"0"},{"@Name":"IntegrityLevel","#text":"High"},{"@Name":"Hashes","#text":"SHA256=7AF50FA112932EA3284F7821B2EEA2B7582F558DBA897231BB82182003C29F8B"},{"@Name":"ParentProcessGuid","#text":"dbf410b3-1e37-6716-bf00-000000003900"},{"@Name":"ParentProcessId","#text":"5980"},{"@Name":"ParentImage","#text":"C:\\Windows\\System32\\cmd.exe"},{"@Name":"ParentCommandLine","#text":"\"cmd.exe\" /c for /l %i in (1,1,254) do ping -n 1 -w 100 192.168.1.%i"},{"@Name":"ParentUser","#text":"SERVER002\\admin_test"}]}}}
{"Event":{"System":{"Provider":{"@Name":"Microsoft-Windows-Sysmon","@Guid":"5770385f-c22a-43e0-bf4c-06f5698ffbd9"},"EventID":"5","Version":"3","Level":"4","Task":"5","Opcode":"0","Keywords":"0x8000000000000000","TimeCreated":{"@SystemTime":"2024-10-21 09:27:48.4649466"},"EventRecordID":"18422","Correlation":null,"Execution":{"@ProcessID":"2956","@ThreadID":"3364"},"Channel":"Microsoft-Windows-Sysmon/Operational","Computer":"Server002","Security":{"@UserID":"S-1-5-18"}},"EventData":{"Data":[{"@Name":"RuleName","#text":"-"},{"@Name":"UtcTime","#text":"2024-10-21 09:27:48.456"},{"@Name":"ProcessGuid","#text":"dbf410b3-1e94-6716-af01-000000003900"},{"@Name":"ProcessId","#text":"2580"},{"@Name":"Image","#text":"C:\\Windows\\System32\\PING.EXE"},{"@Name":"User","#text":"SERVER002\\admin_test"}]}}}
{"Event":{"System":{"Provider":{"@Name":"Microsoft-Windows-Sysmon","@Guid":"5770385f-c22a-43e0-bf4c-06f5698ffbd9"},"EventID":"1","Version":"5","Level":"4","Task":"1","Opcode":"0","Keywords":"0x8000000000000000","TimeCreated":{"@SystemTime":"2024-10-21 09:27:48.4715146"},"EventRecordID":"18423","Correlation":null,"Execution":{"@ProcessID":"2956","@ThreadID":"3364"},"Channel":"Microsoft-Windows-Sysmon/Operational","Computer":"Server002","Security":{"@UserID":"S-1-5-18"}},"EventData":{"Data":[{"@Name":"RuleName","#text":"-"},{"@Name":"UtcTime","#text":"2024-10-21 09:27:48.467"},{"@Name":"ProcessGuid","#text":"dbf410b3-1e94-6716-b001-000000003900"},{"@Name":"ProcessId","#text":"3852"},{"@Name":"Image","#text":"C:\\Windows\\System32\\PING.EXE"},{"@Name":"FileVersion","#text":"10.0.19041.1 (WinBuild.160101.0800)"},{"@Name":"Description","#text":"TCP/IP Ping Command"},{"@Name":"Product","#text":"Microsoft® Windows® Operating System"},{"@Name":"Company","#text":"Microsoft Corporation"},{"@Name":"OriginalFileName","#text":"ping.exe"},{"@Name":"CommandLine","#text":"ping  -n 1 -w 100 192.168.1.205"},{"@Name":"CurrentDirectory","#text":"C:\\Users\\ADMIN_~1\\AppData\\Local\\Temp\\"},{"@Name":"User","#text":"SERVER002\\admin_test"},{"@Name":"LogonGuid","#text":"dbf410b3-1e30-6716-a98c-090000000000"},{"@Name":"LogonId","#text":"0x98CA9"},{"@Name":"TerminalSessionId","#text":"0"},{"@Name":"IntegrityLevel","#text":"High"},{"@Name":"Hashes","#text":"SHA256=7AF50FA112932EA3284F7821B2EEA2B7582F558DBA897231BB82182003C29F8B"},{"@Name":"ParentProcessGuid","#text":"dbf410b3-1e37-6716-bf00-000000003900"},{"@Name":"ParentProcessId","#text":"5980"},{"@Name":"ParentImage","#text":"C:\\Windows\\System32\\cmd.exe"},{"@Name":"ParentCommandLine","#text":"\"cmd.exe\" /c for /l %i in (1,1,254) do ping -n 1 -w 100 192.168.1.%i"},{"@Name":"ParentUser","#text":"SERVER002\\admin_test"}]}}}
{"Event":{"System":{"Provider":{"@Name":"Microsoft-Windows-Sysmon","@Guid":"5770385f-c22a-43e0-bf4c-06f5698ffbd9"},"EventID":"5","Version":"3","Level":"4","Task":"5","Opcode":"0","Keywords":"0x8000000000000000","TimeCreated":{"@SystemTime":"2024-10-21 09:27:48.5243431"},"EventRecordID":"18424","Correlation":null,"Execution":{"@ProcessID":"2956","@ThreadID":"3364"},"Channel":"Microsoft-Windows-Sysmon/Operational","Computer":"Server002","Security":{"@UserID":"S-1-5-18"}},"EventData":{"Data":[{"@Name":"RuleName","#text":"-"},{"@Name":"UtcTime","#text":"2024-10-21 09:27:48.523"},{"@Name":"ProcessGuid","#text":"dbf410b3-1e94-6716-b001-000000003900"},{"@Name":"ProcessId","#text":"3852"},{"@Name":"Image","#text":"C:\\Windows\\System32\\PING.EXE"},{"@Name":"User","#text":"SERVER002\\admin_test"}]}}}
{"Event":{"System":{"Provider":{"@Name":"Microsoft-Windows-Sysmon","@Guid":"5770385f-c22a-43e0-bf4c-06f5698ffbd9"},"EventID":"1","Version":"5","Level":"4","Task":"1","Opcode":"0","Keywords":"0x8000000000000000","TimeCreated":{"@SystemTime":"2024-10-21 09:27:48.5309882"},"EventRecordID":"18425","Correlation":null,"Execution":{"@ProcessID":"2956","@ThreadID":"3364"},"Channel":"Microsoft-Windows-Sysmon/Operational","Computer":"Server002","Security":{"@UserID":"S-1-5-18"}},"EventData":{"Data":[{"@Name":"RuleName","#text":"-"},{"@Name":"UtcTime","#text":"2024-10-21 09:27:48.527"},{"@Name":"ProcessGuid","#text":"dbf410b3-1e94-6716-b101-000000003900"},{"@Name":"ProcessId","#text":"2500"},{"@Name":"Image","#text":"C:\\Windows\\System32\\PING.EXE"},{"@Name":"FileVersion","#text":"10.0.19041.1 (WinBuild.160101.0800)"},{"@Name":"Description","#text":"TCP/IP Ping Command"},{"@Name":"Product","#text":"Microsoft® Windows® Operating System"},{"@Name":"Company","#text":"Microsoft Corporation"},{"@Name":"OriginalFileName","#text":"ping.exe"},{"@Name":"CommandLine","#text":"ping  -n 1 -w 100 192.168.1.206"},{"@Name":"CurrentDirectory","#text":"C:\\Users\\ADMIN_~1\\AppData\\Local\\Temp\\"},{"@Name":"User","#text":"SERVER002\\admin_test"},{"@Name":"LogonGuid","#text":"dbf410b3-1e30-6716-a98c-090000000000"},{"@Name":"LogonId","#text":"0x98CA9"},{"@Name":"TerminalSessionId","#text":"0"},{"@Name":"IntegrityLevel","#text":"High"},{"@Name":"Hashes","#text":"SHA256=7AF50FA112932EA3284F7821B2EEA2B7582F558DBA897231BB82182003C29F8B"},{"@Name":"ParentProcessGuid","#text":"dbf410b3-1e37-6716-bf00-000000003900"},{"@Name":"ParentProcessId","#text":"5980"},{"@Name":"ParentImage","#text":"C:\\Windows\\System32\\cmd.exe"},{"@Name":"ParentCommandLine","#text":"\"cmd.exe\" /c for /l %i in (1,1,254) do ping -n 1 -w 100 192.168.1.%i"},{"@Name":"ParentUser","#text":"SERVER002\\admin_test"}]}}}
{"Event":{"System":{"Provider":{"@Name":"Microsoft-Windows-Sysmon","@Guid":"5770385f-c22a-43e0-bf4c-06f5698ffbd9"},"EventID":"5","Version":"3","Level":"4","Task":"5","Opcode":"0","Keywords":"0x8000000000000000","TimeCreated":{"@SystemTime":"2024-10-21 09:27:48.5917210"},"EventRecordID":"18426","Correlation":null,"Execution":{"@ProcessID":"2956","@ThreadID":"3364"},"Channel":"Microsoft-Windows-Sysmon/Operational","Computer":"Server002","Security":{"@UserID":"S-1-5-18"}},"EventData":{"Data":[{"@Name":"RuleName","#text":"-"},{"@Name":"UtcTime","#text":"2024-10-21 09:27:48.590"},{"@Name":"ProcessGuid","#text":"dbf410b3-1e94-6716-b101-000000003900"},{"@Name":"ProcessId","#text":"2500"},{"@Name":"Image","#text":"C:\\Windows\\System32\\PING.EXE"},{"@Name":"User","#text":"SERVER002\\admin_test"}]}}}
{"Event":{"System":{"Provider":{"@Name":"Microsoft-Windows-Sysmon","@Guid":"5770385f-c22a-43e0-bf4c-06f5698ffbd9"},"EventID":"1","Version":"5","Level":"4","Task":"1","Opcode":"0","Keywords":"0x8000000000000000","TimeCreated":{"@SystemTime":"2024-10-21 09:27:48.5997059"},"EventRecordID":"18427","Correlation":null,"Execution":{"@ProcessID":"2956","@ThreadID":"3364"},"Channel":"Microsoft-Windows-Sysmon/Operational","Computer":"Server002","Security":{"@UserID":"S-1-5-18"}},"EventData":{"Data":[{"@Name":"RuleName","#text":"-"},{"@Name":"UtcTime","#text":"2024-10-21 09:27:48.595"},{"@Name":"ProcessGuid","#text":"dbf410b3-1e94-6716-b201-000000003900"},{"@Name":"ProcessId","#text":"2504"},{"@Name":"Image","#text":"C:\\Windows\\System32\\PING.EXE"},{"@Name":"FileVersion","#text":"10.0.19041.1 (WinBuild.160101.0800)"},{"@Name":"Description","#text":"TCP/IP Ping Command"},{"@Name":"Product","#text":"Microsoft® Windows® Operating System"},{"@Name":"Company","#text":"Microsoft Corporation"},{"@Name":"OriginalFileName","#text":"ping.exe"},{"@Name":"CommandLine","#text":"ping  -n 1 -w 100 192.168.1.207"},{"@Name":"CurrentDirectory","#text":"C:\\Users\\ADMIN_~1\\AppData\\Local\\Temp\\"},{"@Name":"User","#text":"SERVER002\\admin_test"},{"@Name":"LogonGuid","#text":"dbf410b3-1e30-6716-a98c-090000000000"},{"@Name":"LogonId","#text":"0x98CA9"},{"@Name":"TerminalSessionId","#text":"0"},{"@Name":"IntegrityLevel","#text":"High"},{"@Name":"Hashes","#text":"SHA256=7AF50FA112932EA3284F7821B2EEA2B7582F558DBA897231BB82182003C29F8B"},{"@Name":"ParentProcessGuid","#text":"dbf410b3-1e37-6716-bf00-000000003900"},{"@Name":"ParentProcessId","#text":"5980"},{"@Name":"ParentImage","#text":"C:\\Windows\\System32\\cmd.exe"},{"@Name":"ParentCommandLine","#text":"\"cmd.exe\" /c for /l %i in (1,1,254) do ping -n 1 -w 100 192.168.1.%i"},{"@Name":"ParentUser","#text":"SERVER002\\admin_test"}]}}}
{"Event":{"System":{"Provider":{"@Name":"Microsoft-Windows-Sysmon","@Guid":"5770385f-c22a-43e0-bf4c-06f5698ffbd9"},"EventID":"5","Version":"3","Level":"4","Task":"5","Opcode":"0","Keywords":"0x8000000000000000","TimeCreated":{"@SystemTime":"2024-10-21 09:27:48.6267386"},"EventRecordID":"18428","Correlation":null,"Execution":{"@ProcessID":"2956","@ThreadID":"3364"},"Channel":"Microsoft-Windows-Sysmon/Operational","Computer":"Server002","Security":{"@UserID":"S-1-5-18"}},"EventData":{"Data":[{"@Name":"RuleName","#text":"-"},{"@Name":"UtcTime","#text":"2024-10-21 09:27:48.608"},{"@Name":"ProcessGuid","#text":"dbf410b3-1e94-6716-b201-000000003900"},{"@Name":"ProcessId","#text":"2504"},{"@Name":"Image","#text":"C:\\Windows\\System32\\PING.EXE"},{"@Name":"User","#text":"SERVER002\\admin_test"}]}}}
