{"Event":{"System":{"Provider":{"@Name":"Microsoft-Windows-Sysmon","@Guid":"5770385f-c22a-43e0-bf4c-06f5698ffbd9"},"EventID":"5","Version":"3","Level":"4","Task":"5","Opcode":"0","Keywords":"0x8000000000000000","TimeCreated":{"@SystemTime":"2024-10-21 09:26:39.1851299"},"EventRecordID":"18066","Correlation":null,"Execution":{"@ProcessID":"2956","@ThreadID":"3364"},"Channel":"Microsoft-Windows-Sysmon/Operational","Computer":"Server002","Security":{"@UserID":"S-1-5-18"}},"EventData":{"Data":[{"@Name":"RuleName","#text":"-"},{"@Name":"UtcTime","#text":"2024-10-21 09:26:39.183"},{"@Name":"ProcessGuid","#text":"dbf410b3-1e4e-6716-fb00-000000003900"},{"@Name":"ProcessId","#text":"5604"},{"@Name":"Image","#text":"C:\\Windows\\System32\\PING.EXE"},{"@Name":"User","#text":"SERVER002\\admin_test"}]}}}
{"Event":{"System":{"Provider":{"@Name":"Microsoft-Windows-Sysmon","@Guid":"5770385f-c22a-43e0-bf4c-06f5698ffbd9"},"EventID":"1","Version":"5","Level":"4","Task":"1","Opcode":"0","Keywords":"0x8000000000000000","TimeCreated":{"@SystemTime":"2024-10-21 09:26:39.2181228"},"EventRecordID":"18067","Correlation":null,"Execution":{"@ProcessID":"2956","@ThreadID":"3364"},"Channel":"Microsoft-Windows-Sysmon/Operational","Computer":"Server002","Security":{"@UserID":"S-1-5-18"}},"EventData":{"Data":[{"@Name":"RuleName","#text":"-"},{"@Name":"UtcTime","#text":"2024-10-21 09:26:39.189"},{"@Name":"ProcessGuid","#text":"dbf410b3-1e4f-6716-fc00-000000003900"},{"@Name":"ProcessId","#text":"6020"},{"@Name":"Image","#text":"C:\\Windows\\System32\\PING.EXE"},{"@Name":"FileVersion","#text":"10.0.19041.1 (WinBuild.160101.0800)"},{"@Name":"Description","#text":"TCP/IP Ping Command"},{"@Name":"Product","#text":"Microsoft® Windows® Operating System"},{"@Name":"Company","#text":"Microsoft Corporation"},{"@Name":"OriginalFileName","#text":"ping.exe"},{"@Name":"CommandLine","#text":"ping  -n 1 -w 100 192.168.1.55"},{"@Name":"CurrentDirectory","#text":"C:\\Users\\ADMIN_~1\\AppData\\Local\\Temp\\"},{"@Name":"User","#text":"SERVER002\\admin_test"},{"@Name":"LogonGuid","#text":"dbf410b3-1e30-6716-a98c-090000000000"},{"@Name":"LogonId","#text":"0x98CA9"},{"@Name":"TerminalSessionId","#text":"0"},{"@Name":"IntegrityLevel","#text":"High"},{"@Name":"Hashes","#text":"SHA256=7AF50FA112932EA3284F7821B2EEA2B7582F558DBA897231BB82182003C29F8B"},{"@Name":"ParentProcessGuid","#text":"dbf410b3-1e37-6716-bf00-000000003900"},{"@Name":"ParentProcessId","#text":"5980"},{"@Name":"ParentImage","#text":"C:\\Windows\\System32\\cmd.exe"},{"@Name":"ParentCommandLine","#text":"\"cmd.exe\" /c for /l %i in (1,1,254) do ping -n 1 -w 100 192.168.1.%i"},{"@Name":"ParentUser","#text":"SERVER002\\admin_test"}]}}}
{"Event":{"System":{"Provider":{"@Name":"Microsoft-Windows-Sysmon","@Guid":"5770385f-c22a-43e0-bf4c-06f5698ffbd9"},"EventID":"5","Version":"3","Level":"4","Task":"5","Opcode":"0","Keywords":"0x8000000000000000","TimeCreated":{"@SystemTime":"2024-10-21 09:26:39.2356033"},"EventRecordID":"18068","Correlation":null,"Execution":{"@ProcessID":"2956","@ThreadID":"3364"},"Channel":"Microsoft-Windows-Sysmon/Operational","Computer":"Server002","Security":{"@UserID":"S-1-5-18"}},"EventData":{"Data":[{"@Name":"RuleName","#text":"-"},{"@Name":"UtcTime","#text":"2024-10-21 09:26:39.232"},{"@Name":"ProcessGuid","#text":"dbf410b3-1e4f-6716-fc00-000000003900"},{"@Name":"ProcessId","#text":"6020"},{"@Name":"Image","#text":"C:\\Windows\\System32\\PING.EXE"},{"@Name":"User","#text":"SERVER002\\admin_test"}]}}}
{"Event":{"System":{"Provider":{"@Name":"Microsoft-Windows-Sysmon","@Guid":"5770385f-c22a-43e0-bf4c-06f5698ffbd9"},"EventID":"1","Version":"5","Level":"4","Task":"1","Opcode":"0","Keywords":"0x8000000000000000","TimeCreated":{"@SystemTime":"2024-10-21 09:26:39.2447701"},"EventRecordID":"18069","Correlation":null,"Execution":{"@ProcessID":"2956","@ThreadID":"3364"},"Channel":"Microsoft-Windows-Sysmon/Operational","Computer":"Server002","Security":{"@UserID":"S-1-5-18"}},"EventData":{"Data":[{"@Name":"RuleName","#text":"-"},{"@Name":"UtcTime","#text":"2024-10-21 09:26:39.240"},{"@Name":"ProcessGuid","#text":"dbf410b3-1e4f-6716-fd00-000000003900"},{"@Name":"ProcessId","#text":"804"},{"@Name":"Image","#text":"C:\\Windows\\System32\\PING.EXE"},{"@Name":"FileVersion","#text":"10.0.19041.1 (WinBuild.160101.0800)"},{"@Name":"Description","#text":"TCP/IP Ping Command"},{"@Name":"Product","#text":"Microsoft® Windows® Operating System"},{"@Name":"Company","#text":"Microsoft Corporation"},{"@Name":"OriginalFileName","#text":"ping.exe"},{"@Name":"CommandLine","#text":"ping  -n 1 -w 100 192.168.1.56"},{"@Name":"CurrentDirectory","#text":"C:\\Users\\ADMIN_~1\\AppData\\Local\\Temp\\"},{"@Name":"User","#text":"SERVER002\\admin_test"},{"@Name":"LogonGuid","#text":"dbf410b3-1e30-6716-a98c-090000000000"},{"@Name":"LogonId","#text":"0x98CA9"},{"@Name":"TerminalSessionId","#text":"0"},{"@Name":"IntegrityLevel","#text":"High"},{"@Name":"Hashes","#text":"SHA256=7AF50FA112932EA3284F7821B2EEA2B7582F558DBA897231BB82182003C29F8B"},{"@Name":"ParentProcessGuid","#text":"dbf410b3-1e37-6716-bf00-000000003900"},{"@Name":"ParentProcessId","#text":"5980"},{"@Name":"ParentImage","#text":"C:\\Windows\\System32\\cmd.exe"},{"@Name":"ParentCommandLine","#text":"\"cmd.exe\" /c for /l %i in (1,1,254) do ping -n 1 -w 100 192.168.1.%i"},{"@Name":"ParentUser","#text":"SERVER002\\admin_test"}]}}}
{"Event":{"System":{"Provider":{"@Name":"Microsoft-Windows-Sysmon","@Guid":"5770385f-c22a-43e0-bf4c-06f5698ffbd9"},"EventID":"5","Version":"3","Level":"4","Task":"5","Opcode":"0","Keywords":"0x8000000000000000","TimeCreated":{"@SystemTime":"2024-10-21 09:26:39.2665083"},"EventRecordID":"18070","Correlation":null,"Execution":{"@ProcessID":"2956","@ThreadID":"3364"},"Channel":"Microsoft-Windows-Sysmon/Operational","Computer":"Server002","Security":{"@UserID":"S-1-5-18"}},"EventData":{"Data":[{"@Name":"RuleName","#text":"-"},{"@Name":"UtcTime","#text":"2024-10-21 09:26:39.259"},{"@Name":"ProcessGuid","#text":"dbf410b3-1e4f-6716-fd00-000000003900"},{"@Name":"ProcessId","#text":"804"},{"@Name":"Image","#text":"C:\\Windows\\System32\\PING.EXE"},{"@Name":"User","#text":"SERVER002\\admin_test"}]}}}
{"Event":{"System":{"Provider":{"@Name":"Microsoft-Windows-Sysmon","@Guid":"5770385f-c22a-43e0-bf4c-06f5698ffbd9"},"EventID":"1","Version":"5","Level":"4","Task":"1","Opcode":"0","Keywords":"0x8000000000000000","TimeCreated":{"@SystemTime":"2024-10-21 09:26:39.2749458"},"EventRecordID":"18071","Correlation":null,"Execution":{"@ProcessID":"2956","@ThreadID":"3364"},"Channel":"Microsoft-Windows-Sysmon/Operational","Computer":"Server002","Security":{"@UserID":"S-1-5-18"}},"EventData":{"Data":[{"@Name":"RuleName","#text":"-"},{"@Name":"UtcTime","#text":"2024-10-21 09:26:39.270"},{"@Name":"ProcessGuid","#text":"dbf410b3-1e4f-6716-fe00-000000003900"},{"@Name":"ProcessId","#text":"1508"},{"@Name":"Image","#text":"C:\\Windows\\System32\\PING.EXE"},{"@Name":"FileVersion","#text":"10.0.19041.1 (WinBuild.160101.0800)"},{"@Name":"Description","#text":"TCP/IP Ping Command"},{"@Name":"Product","#text":"Microsoft® Windows® Operating System"},{"@Name":"Company","#text":"Microsoft Corporation"},{"@Name":"OriginalFileName","#text":"ping.exe"},{"@Name":"CommandLine","#text":"ping  -n 1 -w 100 192.168.1.57"},{"@Name":"CurrentDirectory","#text":"C:\\Users\\ADMIN_~1\\AppData\\Local\\Temp\\"},{"@Name":"User","#text":"SERVER002\\admin_test"},{"@Name":"LogonGuid","#text":"dbf410b3-1e30-6716-a98c-090000000000"},{"@Name":"LogonId","#text":"0x98CA9"},{"@Name":"TerminalSessionId","#text":"0"},{"@Name":"IntegrityLevel","#text":"High"},{"@Name":"Hashes","#text":"SHA256=7AF50FA112932EA3284F7821B2EEA2B7582F558DBA897231BB82182003C29F8B"},{"@Name":"ParentProcessGuid","#text":"dbf410b3-1e37-6716-bf00-000000003900"},{"@Name":"ParentProcessId","#text":"5980"},{"@Name":"ParentImage","#text":"C:\\Windows\\System32\\cmd.exe"},{"@Name":"ParentCommandLine","#text":"\"cmd.exe\" /c for /l %i in (1,1,254) do ping -n 1 -w 100 192.168.1.%i"},{"@Name":"ParentUser","#text":"SERVER002\\admin_test"}]}}}
{"Event":{"System":{"Provider":{"@Name":"Microsoft-Windows-Sysmon","@Guid":"5770385f-c22a-43e0-bf4c-06f5698ffbd9"},"EventID":"5","Version":"3","Level":"4","Task":"5","Opcode":"0","Keywords":"0x8000000000000000","TimeCreated":{"@SystemTime":"2024-10-21 09:26:39.2971756"},"EventRecordID":"18072","Correlation":null,"Execution":{"@ProcessID":"2956","@ThreadID":"3364"},"Channel":"Microsoft-Windows-Sysmon/Operational","Computer":"Server002","Security":{"@UserID":"S-1-5-18"}},"EventData":{"Data":[{"@Name":"RuleName","#text":"-"},{"@Name":"UtcTime","#text":"2024-10-21 09:26:39.295"},{"@Name":"ProcessGuid","#text":"dbf410b3-1e4f-6716-fe00-000000003900"},{"@Name":"ProcessId","#text":"1508"},{"@Name":"Image","#text":"C:\\Windows\\System32\\PING.EXE"},{"@Name":"User","#text":"SERVER002\\admin_test"}]}}}
{"Event":{"System":{"Provider":{"@Name":"Microsoft-Windows-Sysmon","@Guid":"5770385f-c22a-43e0-bf4c-06f5698ffbd9"},"EventID":"1","Version":"5","Level":"4","Task":"1","Opcode":"0","Keywords":"0x8000000000000000","TimeCreated":{"@SystemTime":"2024-10-21 09:26:39.3064759"},"EventRecordID":"18073","Correlation":null,"Execution":{"@ProcessID":"2956","@ThreadID":"3364"},"Channel":"Microsoft-Windows-Sysmon/Operational","Computer":"Server002","Security":{"@UserID":"S-1-5-18"}},"EventData":{"Data":[{"@Name":"RuleName","#text":"-"},{"@Name":"UtcTime","#text":"2024-10-21 09:26:39.301"},{"@Name":"ProcessGuid","#text":"dbf410b3-1e4f-6716-ff00-000000003900"},{"@Name":"ProcessId","#text":"1516"},{"@Name":"Image","#text":"C:\\Windows\\System32\\PING.EXE"},{"@Name":"FileVersion","#text":"10.0.19041.1 (WinBuild.160101.0800)"},{"@Name":"Description","#text":"TCP/IP Ping Command"},{"@Name":"Product","#text":"Microsoft® Windows® Operating System"},{"@Name":"Company","#text":"Microsoft Corporation"},{"@Name":"OriginalFileName","#text":"ping.exe"},{"@Name":"CommandLine","#text":"ping  -n 1 -w 100 192.168.1.58"},{"@Name":"CurrentDirectory","#text":"C:\\Users\\ADMIN_~1\\AppData\\Local\\Temp\\"},{"@Name":"User","#text":"SERVER002\\admin_test"},{"@Name":"LogonGuid","#text":"dbf410b3-1e30-6716-a98c-090000000000"},{"@Name":"LogonId","#text":"0x98CA9"},{"@Name":"TerminalSessionId","#text":"0"},{"@Name":"IntegrityLevel","#text":"High"},{"@Name":"Hashes","#text":"SHA256=7AF50FA112932EA3284F7821B2EEA2B7582F558DBA897231BB82182003C29F8B"},{"@Name":"ParentProcessGuid","#text":"dbf410b3-1e37-6716-bf00-000000003900"},{"@Name":"ParentProcessId","#text":"5980"},{"@Name":"ParentImage","#text":"C:\\Windows\\System32\\cmd.exe"},{"@Name":"ParentCommandLine","#text":"\"cmd.exe\" /c for /l %i in (1,1,254) do ping -n 1 -w 100 192.168.1.%i"},{"@Name":"ParentUser","#text":"SERVER002\\admin_test"}]}}}
{"Event":{"System":{"Provider":{"@Name":"Microsoft-Windows-Sysmon","@Guid":"5770385f-c22a-43e0-bf4c-06f5698ffbd9"},"EventID":"5","Version":"3","Level":"4","Task":"5","Opcode":"0","Keywords":"0x8000000000000000","TimeCreated":{"@SystemTime":"2024-10-21 09:26:39.3225254"},"EventRecordID":"18074","Correlation":null,"Execution":{"@ProcessID":"2956","@ThreadID":"3364"},"Channel":"Microsoft-Windows-Sysmon/Operational","Computer":"Server002","Security":{"@UserID":"S-1-5-18"}},"EventData":{"Data":[{"@Name":"RuleName","#text":"-"},{"@Name":"UtcTime","#text":"2024-10-21 09:26:39.316"},{"@Name":"ProcessGuid","#text":"dbf410b3-1e4f-6716-ff00-000000003900"},{"@Name":"ProcessId","#text":"1516"},{"@Name":"Image","#text":"C:\\Windows\\System32\\PING.EXE"},{"@Name":"User","#text":"SERVER002\\admin_test"}]}}}
{"Event":{"System":{"Provider":{"@Name":"Microsoft-Windows-Sysmon","@Guid":"5770385f-c22a-43e0-bf4c-06f5698ffbd9"},"EventID":"1","Version":"5","Level":"4","Task":"1","Opcode":"0","Keywords":"0x8000000000000000","TimeCreated":{"@SystemTime":"2024-10-21 09:26:39.3302382"},"EventRecordID":"18075","Correlation":null,"Execution":{"@ProcessID":"2956","@ThreadID":"3364"},"Channel":"Microsoft-Windows-Sysmon/Operational","Computer":"Server002","Security":{"@UserID":"S-1-5-18"}},"EventData":{"Data":[{"@Name":"RuleName","#text":"-"},{"@Name":"UtcTime","#text":"2024-10-21 09:26:39.326"},{"@Name":"ProcessGuid","#text":"dbf410b3-1e4f-6716-0001-000000003900"},{"@Name":"ProcessId","#text":"5288"},{"@Name":"Image","#text":"C:\\Windows\\System32\\PING.EXE"},{"@Name":"FileVersion","#text":"10.0.19041.1 (WinBuild.160101.0800)"},{"@Name":"Description","#text":"TCP/IP Ping Command"},{"@Name":"Product","#text":"Microsoft® Windows® Operating System"},{"@Name":"Company","#text":"Microsoft Corporation"},{"@Name":"OriginalFileName","#text":"ping.exe"},{"@Name":"CommandLine","#text":"ping  -n 1 -w 100 192.168.1.59"},{"@Name":"CurrentDirectory","#text":"C:\\Users\\ADMIN_~1\\AppData\\Local\\Temp\\"},{"@Name":"User","#text":"SERVER002\\admin_test"},{"@Name":"LogonGuid","#text":"dbf410b3-1e30-6716-a98c-090000000000"},{"@Name":"LogonId","#text":"0x98CA9"},{"@Name":"TerminalSessionId","#text":"0"},{"@Name":"IntegrityLevel","#text":"High"},{"@Name":"Hashes","#text":"SHA256=7AF50FA112932EA3284F7821B2EEA2B7582F558DBA897231BB82182003C29F8B"},{"@Name":"ParentProcessGuid","#text":"dbf410b3-1e37-6716-bf00-000000003900"},{"@Name":"ParentProcessId","#text":"5980"},{"@Name":"ParentImage","#text":"C:\\Windows\\System32\\cmd.exe"},{"@Name":"ParentCommandLine","#text":"\"cmd.exe\" /c for /l %i in (1,1,254) do ping -n 1 -w 100 192.168.1.%i"},{"@Name":"ParentUser","#text":"SERVER002\\admin_test"}]}}}
{"Event":{"System":{"Provider":{"@Name":"Microsoft-Windows-Sysmon","@Guid":"5770385f-c22a-43e0-bf4c-06f5698ffbd9"},"EventID":"5","Version":"3","Level":"4","Task":"5","Opcode":"0","Keywords":"0x8000000000000000","TimeCreated":{"@SystemTime":"2024-10-21 09:26:39.3534661"},"EventRecordID":"18076","Correlation":null,"Execution":{"@ProcessID":"2956","@ThreadID":"3364"},"Channel":"Microsoft-Windows-Sysmon/Operational","Computer":"Server002","Security":{"@UserID":"S-1-5-18"}},"EventData":{"Data":[{"@Name":"RuleName","#text":"-"},{"@Name":"UtcTime","#text":"2024-10-21 09:26:39.352"},{"@Name":"ProcessGuid","#text":"dbf410b3-1e4f-6716-0001-000000003900"},{"@Name":"ProcessId","#text":"5288"},{"@Name":"Image","#text":"C:\\Windows\\System32\\PING.EXE"},{"@Name":"User","#text":"SERVER002\\admin_test"}]}}}
{"Event":{"System":{"Provider":{"@Name":"Microsoft-Windows-Sysmon","@Guid":"5770385f-c22a-43e0-bf4c-06f5698ffbd9"},"EventID":"1","Version":"5","Level":"4","Task":"1","Opcode":"0","Keywords":"0x8000000000000000","TimeCreated":{"@SystemTime":"2024-10-21 09:26:39.3615505"},"EventRecordID":"18077","Correlation":null,"Execution":{"@ProcessID":"2956","@ThreadID":"3364"},"Channel":"Microsoft-Windows-Sysmon/Operational","Computer":"Server002","Security":{"@UserID":"S-1-5-18"}},"EventData":{"Data":[{"@Name":"RuleName","#text":"-"},{"@Name":"UtcTime","#text":"2024-10-21 09:26:39.357"},{"@Name":"ProcessGuid","#text":"dbf410b3-1e4f-6716-0101-000000003900"},{"@Name":"ProcessId","#text":"5228"},{"@Name":"Image","#text":"C:\\Windows\\System32\\PING.EXE"},{"@Name":"FileVersion","#text":"10.0.19041.1 (WinBuild.160101.0800)"},{"@Name":"Description","#text":"TCP/IP Ping Command"},{"@Name":"Product","#text":"Microsoft® Windows® Operating System"},{"@Name":"Company","#text":"Microsoft Corporation"},{"@Name":"OriginalFileName","#text":"ping.exe"},{"@Name":"CommandLine","#text":"ping  -n 1 -w 100 192.168.1.60"},{"@Name":"CurrentDirectory","#text":"C:\\Users\\ADMIN_~1\\AppData\\Local\\Temp\\"},{"@Name":"User","#text":"SERVER002\\admin_test"},{"@Name":"LogonGuid","#text":"dbf410b3-1e30-6716-a98c-090000000000"},{"@Name":"LogonId","#text":"0x98CA9"},{"@Name":"TerminalSessionId","#text":"0"},{"@Name":"IntegrityLevel","#text":"High"},{"@Name":"Hashes","#text":"SHA256=7AF50FA112932EA3284F7821B2EEA2B7582F558DBA897231BB82182003C29F8B"},{"@Name":"ParentProcessGuid","#text":"dbf410b3-1e37-6716-bf00-000000003900"},{"@Name":"ParentProcessId","#text":"5980"},{"@Name":"ParentImage","#text":"C:\\Windows\\System32\\cmd.exe"},{"@Name":"ParentCommandLine","#text":"\"cmd.exe\" /c for /l %i in (1,1,254) do ping -n 1 -w 100 192.168.1.%i"},{"@Name":"ParentUser","#text":"SERVER002\\admin_test"}]}}}
{"Event":{"System":{"Provider":{"@Name":"Microsoft-Windows-Sysmon","@Guid":"5770385f-c22a-43e0-bf4c-06f5698ffbd9"},"EventID":"5","Version":"3","Level":"4","Task":"5","Opcode":"0","Keywords":"0x8000000000000000","TimeCreated":{"@SystemTime":"2024-10-21 09:26:39.3821761"},"EventRecordID":"18078","Correlation":null,"Execution":{"@ProcessID":"2956","@ThreadID":"3364"},"Channel":"Microsoft-Windows-Sysmon/Operational","Computer":"Server002","Security":{"@UserID":"S-1-5-18"}},"EventData":{"Data":[{"@Name":"RuleName","#text":"-"},{"@Name":"UtcTime","#text":"2024-10-21 09:26:39.372"},{"@Name":"ProcessGuid","#text":"dbf410b3-1e4f-6716-0101-000000003900"},{"@Name":"ProcessId","#text":"5228"},{"@Name":"Image","#text":"C:\\Windows\\System32\\PING.EXE"},{"@Name":"User","#text":"SERVER002\\admin_test"}]}}}
{"Event":{"System":{"Provider":{"@Name":"Microsoft-Windows-Sysmon","@Guid":"5770385f-c22a-43e0-bf4c-06f5698ffbd9"},"EventID":"1","Version":"5","Level":"4","Task":"1","Opcode":"0","Keywords":"0x8000000000000000","TimeCreated":{"@SystemTime":"2024-10-21 09:26:39.3884104"},"EventRecordID":"18079","Correlation":null,"Execution":{"@ProcessID":"2956","@ThreadID":"3364"},"Channel":"Microsoft-Windows-Sysmon/Operational","Computer":"Server002","Security":{"@UserID":"S-1-5-18"}},"EventData":{"Data":[{"@Name":"RuleName","#text":"-"},{"@Name":"UtcTime","#text":"2024-10-21 09:26:39.384"},{"@Name":"ProcessGuid","#text":"dbf410b3-1e4f-6716-0201-000000003900"},{"@Name":"ProcessId","#text":"3924"},{"@Name":"Image","#text":"C:\\Windows\\System32\\PING.EXE"},{"@Name":"FileVersion","#text":"10.0.19041.1 (WinBuild.160101.0800)"},{"@Name":"Description","#text":"TCP/IP Ping Command"},{"@Name":"Product","#text":"Microsoft® Windows® Operating System"},{"@Name":"Company","#text":"Microsoft Corporation"},{"@Name":"OriginalFileName","#text":"ping.exe"},{"@Name":"CommandLine","#text":"ping  -n 1 -w 100 192.168.1.61"},{"@Name":"CurrentDirectory","#text":"C:\\Users\\ADMIN_~1\\AppData\\Local\\Temp\\"},{"@Name":"User","#text":"SERVER002\\admin_test"},{"@Name":"LogonGuid","#text":"dbf410b3-1e30-6716-a98c-090000000000"},{"@Name":"LogonId","#text":"0x98CA9"},{"@Name":"TerminalSessionId","#text":"0"},{"@Name":"IntegrityLevel","#text":"High"},{"@Name":"Hashes","#text":"SHA256=7AF50FA112932EA3284F7821B2EEA2B7582F558DBA897231BB82182003C29F8B"},{"@Name":"ParentProcessGuid","#text":"dbf410b3-1e37-6716-bf00-000000003900"},{"@Name":"ParentProcessId","#text":"5980"},{"@Name":"ParentImage","#text":"C:\\Windows\\System32\\cmd.exe"},{"@Name":"ParentCommandLine","#text":"\"cmd.exe\" /c for /l %i in (1,1,254) do ping -n 1 -w 100 192.168.1.%i"},{"@Name":"ParentUser","#text":"SERVER002\\admin_test"}]}}}
{"Event":{"System":{"Provider":{"@Name":"Microsoft-Windows-Sysmon","@Guid":"5770385f-c22a-43e0-bf4c-06f5698ffbd9"},"EventID":"5","Version":"3","Level":"4","Task":"5","Opcode":"0","Keywords":"0x8000000000000000","TimeCreated":{"@SystemTime":"2024-10-21 09:26:39.4070409"},"EventRecordID":"18080","Correlation":null,"Execution":{"@ProcessID":"2956","@ThreadID":"3364"},"Channel":"Microsoft-Windows-Sysmon/Operational","Computer":"Server002","Security":{"@UserID":"S-1-5-18"}},"EventData":{"Data":[{"@Name":"RuleName","#text":"-"},{"@Name":"UtcTime","#text":"2024-10-21 09:26:39.404"},{"@Name":"ProcessGuid","#text":"dbf410b3-1e4f-6716-0201-000000003900"},{"@Name":"ProcessId","#text":"3924"},{"@Name":"Image","#text":"C:\\Windows\\System32\\PING.EXE"},{"@Name":"User","#text":"SERVER002\\admin_test"}]}}}
{"Event":{"System":{"Provider":{"@Name":"Microsoft-Windows-Sysmon","@Guid":"5770385f-c22a-43e0-bf4c-06f5698ffbd9"},"EventID":"1","Version":"5","Level":"4","Task":"1","Opcode":"0","Keywords":"0x8000000000000000","TimeCreated":{"@SystemTime":"2024-10-21 09:26:39.4165380"},"EventRecordID":"18081","Correlation":null,"Execution":{"@ProcessID":"2956","@ThreadID":"3364"},"Channel":"Microsoft-Windows-Sysmon/Operational","Computer":"Server002","Security":{"@UserID":"S-1-5-18"}},"EventData":{"Data":[{"@Name":"RuleName","#text":"-"},{"@Name":"UtcTime","#text":"2024-10-21 09:26:39.412"},{"@Name":"ProcessGuid","#text":"dbf410b3-1e4f-6716-0301-000000003900"},{"@Name":"ProcessId","#text":"4876"},{"@Name":"Image","#text":"C:\\Windows\\System32\\PING.EXE"},{"@Name":"FileVersion","#text":"10.0.19041.1 (WinBuild.160101.0800)"},{"@Name":"Description","#text":"TCP/IP Ping Command"},{"@Name":"Product","#text":"Microsoft® Windows® Operating System"},{"@Name":"Company","#text":"Microsoft Corporation"},{"@Name":"OriginalFileName","#text":"ping.exe"},{"@Name":"CommandLine","#text":"ping  -n 1 -w 100 192.168.1.62"},{"@Name":"CurrentDirectory","#text":"C:\\Users\\ADMIN_~1\\AppData\\Local\\Temp\\"},{"@Name":"User","#text":"SERVER002\\admin_test"},{"@Name":"LogonGuid","#text":"dbf410b3-1e30-6716-a98c-090000000000"},{"@Name":"LogonId","#text":"0x98CA9"},{"@Name":"TerminalSessionId","#text":"0"},{"@Name":"IntegrityLevel","#text":"High"},{"@Name":"Hashes","#text":"SHA256=7AF50FA112932EA3284F7821B2EEA2B7582F558DBA897231BB82182003C29F8B"},{"@Name":"ParentProcessGuid","#text":"dbf410b3-1e37-6716-bf00-000000003900"},{"@Name":"ParentProcessId","#text":"5980"},{"@Name":"ParentImage","#text":"C:\\Windows\\System32\\cmd.exe"},{"@Name":"ParentCommandLine","#text":"\"cmd.exe\" /c for /l %i in (1,1,254) do ping -n 1 -w 100 192.168.1.%i"},{"@Name":"ParentUser","#text":"SERVER002\\admin_test"}]}}}
{"Event":{"System":{"Provider":{"@Name":"Microsoft-Windows-Sysmon","@Guid":"5770385f-c22a-43e0-bf4c-06f5698ffbd9"},"EventID":"5","Version":"3","Level":"4","Task":"5","Opcode":"0","Keywords":"0x8000000000000000","TimeCreated":{"@SystemTime":"2024-10-21 09:26:39.4351517"},"EventRecordID":"18082","Correlation":null,"Execution":{"@ProcessID":"2956","@ThreadID":"3364"},"Channel":"Microsoft-Windows-Sysmon/Operational","Computer":"Server002","Security":{"@UserID":"S-1-5-18"}},"EventData":{"Data":[{"@Name":"RuleName","#text":"-"},{"@Name":"UtcTime","#text":"2024-10-21 09:26:39.429"},{"@Name":"ProcessGuid","#text":"dbf410b3-1e4f-6716-0301-000000003900"},{"@Name":"ProcessId","#text":"4876"},{"@Name":"Image","#text":"C:\\Windows\\System32\\PING.EXE"},{"@Name":"User","#text":"SERVER002\\admin_test"}]}}}
{"Event":{"System":{"Provider":{"@Name":"Microsoft-Windows-Sysmon","@Guid":"5770385f-c22a-43e0-bf4c-06f5698ffbd9"},"EventID":"1","Version":"5","Level":"4","Task":"1","Opcode":"0","Keywords":"0x8000000000000000","TimeCreated":{"@SystemTime":"2024-10-21 09:26:39.4521459"},"EventRecordID":"18083","Correlation":null,"Execution":{"@ProcessID":"2956","@ThreadID":"3364"},"Channel":"Microsoft-Windows-Sysmon/Operational","Computer":"Server002","Security":{"@UserID":"S-1-5-18"}},"EventData":{"Data":[{"@Name":"RuleName","#text":"-"},{"@Name":"UtcTime","#text":"2024-10-21 09:26:39.445"},{"@Name":"ProcessGuid","#text":"dbf410b3-1e4f-6716-0401-000000003900"},{"@Name":"ProcessId","#text":"5400"},{"@Name":"Image","#text":"C:\\Windows\\System32\\PING.EXE"},{"@Name":"FileVersion","#text":"10.0.19041.1 (WinBuild.160101.0800)"},{"@Name":"Description","#text":"TCP/IP Ping Command"},{"@Name":"Product","#text":"Microsoft® Windows® Operating System"},{"@Name":"Company","#text":"Microsoft Corporation"},{"@Name":"OriginalFileName","#text":"ping.exe"},{"@Name":"CommandLine","#text":"ping  -n 1 -w 100 192.168.1.63"},{"@Name":"CurrentDirectory","#text":"C:\\Users\\ADMIN_~1\\AppData\\Local\\Temp\\"},{"@Name":"User","#text":"SERVER002\\admin_test"},{"@Name":"LogonGuid","#text":"dbf410b3-1e30-6716-a98c-090000000000"},{"@Name":"LogonId","#text":"0x98CA9"},{"@Name":"TerminalSessionId","#text":"0"},{"@Name":"IntegrityLevel","#text":"High"},{"@Name":"Hashes","#text":"SHA256=7AF50FA112932EA3284F7821B2EEA2B7582F558DBA897231BB82182003C29F8B"},{"@Name":"ParentProcessGuid","#text":"dbf410b3-1e37-6716-bf00-000000003900"},{"@Name":"ParentProcessId","#text":"5980"},{"@Name":"ParentImage","#text":"C:\\Windows\\System32\\cmd.exe"},{"@Name":"ParentCommandLine","#text":"\"cmd.exe\" /c for /l %i in (1,1,254) do ping -n 1 -w 100 192.168.1.%i"},{"@Name":"ParentUser","#text":"SERVER002\\admin_test"}]}}}
{"Event":{"System":{"Provider":{"@Name":"Microsoft-Windows-Sysmon","@Guid":"5770385f-c22a-43e0-bf4c-06f5698ffbd9"},"EventID":"5","Version":"3","Level":"4","Task":"5","Opcode":"0","Keywords":"0x8000000000000000","TimeCreated":{"@SystemTime":"2024-10-21 09:26:39.4755583"},"EventRecordID":"18084","Correlation":null,"Execution":{"@ProcessID":"2956","@ThreadID":"3364"},"Channel":"Microsoft-Windows-Sysmon/Operational","Computer":"Server002","Security":{"@UserID":"S-1-5-18"}},"EventData":{"Data":[{"@Name":"RuleName","#text":"-"},{"@Name":"UtcTime","#text":"2024-10-21 09:26:39.467"},{"@Name":"ProcessGuid","#text":"dbf410b3-1e4f-6716-0401-000000003900"},{"@Name":"ProcessId","#text":"5400"},{"@Name":"Image","#text":"C:\\Windows\\System32\\PING.EXE"},{"@Name":"User","#text":"SERVER002\\admin_test"}]}}}
{"Event":{"System":{"Provider":{"@Name":"Microsoft-Windows-Sysmon","@Guid":"5770385f-c22a-43e0-bf4c-06f5698ffbd9"},"EventID":"1","Version":"5","Level":"4","Task":"1","Opcode":"0","Keywords":"0x8000000000000000","TimeCreated":{"@SystemTime":"2024-10-21 09:26:39.4823827"},"EventRecordID":"18085","Correlation":null,"Execution":{"@ProcessID":"2956","@ThreadID":"3364"},"Channel":"Microsoft-Windows-Sysmon/Operational","Computer":"Server002","Security":{"@UserID":"S-1-5-18"}},"EventData":{"Data":[{"@Name":"RuleName","#text":"-"},{"@Name":"UtcTime","#text":"2024-10-21 09:26:39.478"},{"@Name":"ProcessGuid","#text":"dbf410b3-1e4f-6716-0501-000000003900"},{"@Name":"ProcessId","#text":"5684"},{"@Name":"Image","#text":"C:\\Windows\\System32\\PING.EXE"},{"@Name":"FileVersion","#text":"10.0.19041.1 (WinBuild.160101.0800)"},{"@Name":"Description","#text":"TCP/IP Ping Command"},{"@Name":"Product","#text":"Microsoft® Windows® Operating System"},{"@Name":"Company","#text":"Microsoft Corporation"},{"@Name":"OriginalFileName","#text":"ping.exe"},{"@Name":"CommandLine","#text":"ping  -n 1 -w 100 192.168.1.64"},{"@Name":"CurrentDirectory","#text":"C:\\Users\\ADMIN_~1\\AppData\\Local\\Temp\\"},{"@Name":"User","#text":"SERVER002\\admin_test"},{"@Name":"LogonGuid","#text":"dbf410b3-1e30-6716-a98c-090000000000"},{"@Name":"LogonId","#text":"0x98CA9"},{"@Name":"TerminalSessionId","#text":"0"},{"@Name":"IntegrityLevel","#text":"High"},{"@Name":"Hashes","#text":"SHA256=7AF50FA112932EA3284F7821B2EEA2B7582F558DBA897231BB82182003C29F8B"},{"@Name":"ParentProcessGuid","#text":"dbf410b3-1e37-6716-bf00-000000003900"},{"@Name":"ParentProcessId","#text":"5980"},{"@Name":"ParentImage","#text":"C:\\Windows\\System32\\cmd.exe"},{"@Name":"ParentCommandLine","#text":"\"cmd.exe\" /c for /l %i in (1,1,254) do ping -n 1 -w 100 192.168.1.%i"},{"@Name":"ParentUser","#text":"SERVER002\\admin_test"}]}}}
{"Event":{"System":{"Provider":{"@Name":"Microsoft-Windows-Sysmon","@Guid":"5770385f-c22a-43e0-bf4c-06f5698ffbd9"},"EventID":"5","Version":"3","Level":"4","Task":"5","Opcode":"0","Keywords":"0x8000000000000000","TimeCreated":{"@SystemTime":"2024-10-21 09:26:39.7905199"},"EventRecordID":"18086","Correlation":null,"Execution":{"@ProcessID":"2956","@ThreadID":"3364"},"Channel":"Microsoft-Windows-Sysmon/Operational","Computer":"Server002","Security":{"@UserID":"S-1-5-18"}},"EventData":{"Data":[{"@Name":"RuleName","#text":"-"},{"@Name":"UtcTime","#text":"2024-10-21 09:26:39.788"},{"@Name":"ProcessGuid","#text":"dbf410b3-1e4f-6716-0501-000000003900"},{"@Name":"ProcessId","#text":"5684"},{"@Name":"Image","#text":"C:\\Windows\\System32\\PING.EXE"},{"@Name":"User","#text":"SERVER002\\admin_test"}]}}}
{"Event":{"System":{"Provider":{"@Name":"Microsoft-Windows-Sysmon","@Guid":"5770385f-c22a-43e0-bf4c-06f5698ffbd9"},"EventID":"1","Version":"5","Level":"4","Task":"1","Opcode":"0","Keywords":"0x8000000000000000","TimeCreated":{"@SystemTime":"2024-10-21 09:26:39.8017868"},"EventRecordID":"18087","Correlation":null,"Execution":{"@ProcessID":"2956","@ThreadID":"3364"},"Channel":"Microsoft-Windows-Sysmon/Operational","Computer":"Server002","Security":{"@UserID":"S-1-5-18"}},"EventData":{"Data":[{"@Name":"RuleName","#text":"-"},{"@Name":"UtcTime","#text":"2024-10-21 09:26:39.797"},{"@Name":"ProcessGuid","#text":"dbf410b3-1e4f-6716-0601-000000003900"},{"@Name":"ProcessId","#text":"5720"},{"@Name":"Image","#text":"C:\\Windows\\System32\\PING.EXE"},{"@Name":"FileVersion","#text":"10.0.19041.1 (WinBuild.160101.0800)"},{"@Name":"Description","#text":"TCP/IP Ping Command"},{"@Name":"Product","#text":"Microsoft® Windows® Operating System"},{"@Name":"Company","#text":"Microsoft Corporation"},{"@Name":"OriginalFileName","#text":"ping.exe"},{"@Name":"CommandLine","#text":"ping  -n 1 -w 100 192.168.1.65"},{"@Name":"CurrentDirectory","#text":"C:\\Users\\ADMIN_~1\\AppData\\Local\\Temp\\"},{"@Name":"User","#text":"SERVER002\\admin_test"},{"@Name":"LogonGuid","#text":"dbf410b3-1e30-6716-a98c-090000000000"},{"@Name":"LogonId","#text":"0x98CA9"},{"@Name":"TerminalSessionId","#text":"0"},{"@Name":"IntegrityLevel","#text":"High"},{"@Name":"Hashes","#text":"SHA256=7AF50FA112932EA3284F7821B2EEA2B7582F558DBA897231BB82182003C29F8B"},{"@Name":"ParentProcessGuid","#text":"dbf410b3-1e37-6716-bf00-000000003900"},{"@Name":"ParentProcessId","#text":"5980"},{"@Name":"ParentImage","#text":"C:\\Windows\\System32\\cmd.exe"},{"@Name":"ParentCommandLine","#text":"\"cmd.exe\" /c for /l %i in (1,1,254) do ping -n 1 -w 100 192.168.1.%i"},{"@Name":"ParentUser","#text":"SERVER002\\admin_test"}]}}}
{"Event":{"System":{"Provider":{"@Name":"Microsoft-Windows-Sysmon","@Guid":"5770385f-c22a-43e0-bf4c-06f5698ffbd9"},"EventID":"5","Version":"3","Level":"4","Task":"5","Opcode":"0","Keywords":"0x8000000000000000","TimeCreated":{"@SystemTime":"2024-10-21 09:26:40.3794740"},"EventRecordID":"18088","Correlation":null,"Execution":{"@ProcessID":"2956","@ThreadID":"3364"},"Channel":"Microsoft-Windows-Sysmon/Operational","Computer":"Server002","Security":{"@UserID":"S-1-5-18"}},"EventData":{"Data":[{"@Name":"RuleName","#text":"-"},{"@Name":"UtcTime","#text":"2024-10-21 09:26:40.374"},{"@Name":"ProcessGuid","#text":"dbf410b3-1e4f-6716-0601-000000003900"},{"@Name":"ProcessId","#text":"5720"},{"@Name":"Image","#text":"C:\\Windows\\System32\\PING.EXE"},{"@Name":"User","#text":"SERVER002\\admin_test"}]}}}
{"Event":{"System":{"Provider":{"@Name":"Microsoft-Windows-Sysmon","@Guid":"5770385f-c22a-43e0-bf4c-06f5698ffbd9"},"EventID":"1","Version":"5","Level":"4","Task":"1","Opcode":"0","Keywords":"0x8000000000000000","TimeCreated":{"@SystemTime":"2024-10-21 09:26:40.4014890"},"EventRecordID":"18089","Correlation":null,"Execution":{"@ProcessID":"2956","@ThreadID":"3364"},"Channel":"Microsoft-Windows-Sysmon/Operational","Computer":"Server002","Security":{"@UserID":"S-1-5-18"}},"EventData":{"Data":[{"@Name":"RuleName","#text":"-"},{"@Name":"UtcTime","#text":"2024-10-21 09:26:40.390"},{"@Name":"ProcessGuid","#text":"dbf410b3-1e50-6716-0701-000000003900"},{"@Name":"ProcessId","#text":"1512"},{"@Name":"Image","#text":"C:\\Windows\\System32\\PING.EXE"},{"@Name":"FileVersion","#text":"10.0.19041.1 (WinBuild.160101.0800)"},{"@Name":"Description","#text":"TCP/IP Ping Command"},{"@Name":"Product","#text":"Microsoft® Windows® Operating System"},{"@Name":"Company","#text":"Microsoft Corporation"},{"@Name":"OriginalFileName","#text":"ping.exe"},{"@Name":"CommandLine","#text":"ping  -n 1 -w 100 192.168.1.66"},{"@Name":"CurrentDirectory","#text":"C:\\Users\\ADMIN_~1\\AppData\\Local\\Temp\\"},{"@Name":"User","#text":"SERVER002\\admin_test"},{"@Name":"LogonGuid","#text":"dbf410b3-1e30-6716-a98c-090000000000"},{"@Name":"LogonId","#text":"0x98CA9"},{"@Name":"TerminalSessionId","#text":"0"},{"@Name":"IntegrityLevel","#text":"High"},{"@Name":"Hashes","#text":"SHA256=7AF50FA112932EA3284F7821B2EEA2B7582F558DBA897231BB82182003C29F8B"},{"@Name":"ParentProcessGuid","#text":"dbf410b3-1e37-6716-bf00-000000003900"},{"@Name":"ParentProcessId","#text":"5980"},{"@Name":"ParentImage","#text":"C:\\Windows\\System32\\cmd.exe"},{"@Name":"ParentCommandLine","#text":"\"cmd.exe\" /c for /l %i in (1,1,254) do ping -n 1 -w 100 192.168.1.%i"},{"@Name":"ParentUser","#text":"SERVER002\\admin_test"}]}}}
{"Event":{"System":{"Provider":{"@Name":"Microsoft-Windows-Sysmon","@Guid":"5770385f-c22a-43e0-bf4c-06f5698ffbd9"},"EventID":"5","Version":"3","Level":"4","Task":"5","Opcode":"0","Keywords":"0x8000000000000000","TimeCreated":{"@SystemTime":"2024-10-21 09:26:40.9994059"},"EventRecordID":"18090","Correlation":null,"Execution":{"@ProcessID":"2956","@ThreadID":"3364"},"Channel":"Microsoft-Windows-Sysmon/Operational","Computer":"Server002","Security":{"@UserID":"S-1-5-18"}},"EventData":{"Data":[{"@Name":"RuleName","#text":"-"},{"@Name":"UtcTime","#text":"2024-10-21 09:26:40.998"},{"@Name":"ProcessGuid","#text":"dbf410b3-1e50-6716-0701-000000003900"},{"@Name":"ProcessId","#text":"1512"},{"@Name":"Image","#text":"C:\\Windows\\System32\\PING.EXE"},{"@Name":"User","#text":"SERVER002\\admin_test"}]}}}
{"Event":{"System":{"Provider":{"@Name":"Microsoft-Windows-Sysmon","@Guid":"5770385f-c22a-43e0-bf4c-06f5698ffbd9"},"EventID":"1","Version":"5","Level":"4","Task":"1","Opcode":"0","Keywords":"0x8000000000000000","TimeCreated":{"@SystemTime":"2024-10-21 09:26:41.0098621"},"EventRecordID":"18091","Correlation":null,"Execution":{"@ProcessID":"2956","@ThreadID":"3364"},"Channel":"Microsoft-Windows-Sysmon/Operational","Computer":"Server002","Security":{"@UserID":"S-1-5-18"}},"EventData":{"Data":[{"@Name":"RuleName","#text":"-"},{"@Name":"UtcTime","#text":"2024-10-21 09:26:41.005"},{"@Name":"ProcessGuid","#text":"dbf410b3-1e51-6716-0801-000000003900"},{"@Name":"ProcessId","#text":"5856"},{"@Name":"Image","#text":"C:\\Windows\\System32\\PING.EXE"},{"@Name":"FileVersion","#text":"10.0.19041.1 (WinBuild.160101.0800)"},{"@Name":"Description","#text":"TCP/IP Ping Command"},{"@Name":"Product","#text":"Microsoft® Windows® Operating System"},{"@Name":"Company","#text":"Microsoft Corporation"},{"@Name":"OriginalFileName","#text":"ping.exe"},{"@Name":"CommandLine","#text":"ping  -n 1 -w 100 192.168.1.67"},{"@Name":"CurrentDirectory","#text":"C:\\Users\\ADMIN_~1\\AppData\\Local\\Temp\\"},{"@Name":"User","#text":"SERVER002\\admin_test"},{"@Name":"LogonGuid","#text":"dbf410b3-1e30-6716-a98c-090000000000"},{"@Name":"LogonId","#text":"0x98CA9"},{"@Name":"TerminalSessionId","#text":"0"},{"@Name":"IntegrityLevel","#text":"High"},{"@Name":"Hashes","#text":"SHA256=7AF50FA112932EA3284F7821B2EEA2B7582F558DBA897231BB82182003C29F8B"},{"@Name":"ParentProcessGuid","#text":"dbf410b3-1e37-6716-bf00-000000003900"},{"@Name":"ParentProcessId","#text":"5980"},{"@Name":"ParentImage","#text":"C:\\Windows\\System32\\cmd.exe"},{"@Name":"ParentCommandLine","#text":"\"cmd.exe\" /c for /l %i in (1,1,254) do ping -n 1 -w 100 192.168.1.%i"},{"@Name":"ParentUser","#text":"SERVER002\\admin_test"}]}}}
{"Event":{"System":{"Provider":{"@Name":"Microsoft-Windows-Sysmon","@Guid":"5770385f-c22a-43e0-bf4c-06f5698ffbd9"},"EventID":"5","Version":"3","Level":"4","Task":"5","Opcode":"0","Keywords":"0x8000000000000000","TimeCreated":{"@SystemTime":"2024-10-21 09:26:41.5899471"},"EventRecordID":"18092","Correlation":null,"Execution":{"@ProcessID":"2956","@ThreadID":"3364"},"Channel":"Microsoft-Windows-Sysmon/Operational","Computer":"Server002","Security":{"@UserID":"S-1-5-18"}},"EventData":{"Data":[{"@Name":"RuleName","#text":"-"},{"@Name":"UtcTime","#text":"2024-10-21 09:26:41.584"},{"@Name":"ProcessGuid","#text":"dbf410b3-1e51-6716-0801-000000003900"},{"@Name":"ProcessId","#text":"5856"},{"@Name":"Image","#text":"C:\\Windows\\System32\\PING.EXE"},{"@Name":"User","#text":"SERVER002\\admin_test"}]}}}
{"Event":{"System":{"Provider":{"@Name":"Microsoft-Windows-Sysmon","@Guid":"5770385f-c22a-43e0-bf4c-06f5698ffbd9"},"EventID":"1","Version":"5","Level":"4","Task":"1","Opcode":"0","Keywords":"0x8000000000000000","TimeCreated":{"@SystemTime":"2024-10-21 09:26:41.6018953"},"EventRecordID":"18093","Correlation":null,"Execution":{"@ProcessID":"2956","@ThreadID":"3364"},"Channel":"Microsoft-Windows-Sysmon/Operational","Computer":"Server002","Security":{"@UserID":"S-1-5-18"}},"EventData":{"Data":[{"@Name":"RuleName","#text":"-"},{"@Name":"UtcTime","#text":"2024-10-21 09:26:41.595"},{"@Name":"ProcessGuid","#text":"dbf410b3-1e51-6716-0901-000000003900"},{"@Name":"ProcessId","#text":"5800"},{"@Name":"Image","#text":"C:\\Windows\\System32\\PING.EXE"},{"@Name":"FileVersion","#text":"10.0.19041.1 (WinBuild.160101.0800)"},{"@Name":"Description","#text":"TCP/IP Ping Command"},{"@Name":"Product","#text":"Microsoft® Windows® Operating System"},{"@Name":"Company","#text":"Microsoft Corporation"},{"@Name":"OriginalFileName","#text":"ping.exe"},{"@Name":"CommandLine","#text":"ping  -n 1 -w 100 192.168.1.68"},{"@Name":"CurrentDirectory","#text":"C:\\Users\\ADMIN_~1\\AppData\\Local\\Temp\\"},{"@Name":"User","#text":"SERVER002\\admin_test"},{"@Name":"LogonGuid","#text":"dbf410b3-1e30-6716-a98c-090000000000"},{"@Name":"LogonId","#text":"0x98CA9"},{"@Name":"TerminalSessionId","#text":"0"},{"@Name":"IntegrityLevel","#text":"High"},{"@Name":"Hashes","#text":"SHA256=7AF50FA112932EA3284F7821B2EEA2B7582F558DBA897231BB82182003C29F8B"},{"@Name":"ParentProcessGuid","#text":"dbf410b3-1e37-6716-bf00-000000003900"},{"@Name":"ParentProcessId","#text":"5980"},{"@Name":"ParentImage","#text":"C:\\Windows\\System32\\cmd.exe"},{"@Name":"ParentCommandLine","#text":"\"cmd.exe\" /c for /l %i in (1,1,254) do ping -n 1 -w 100 192.168.1.%i"},{"@Name":"ParentUser","#text":"SERVER002\\admin_test"}]}}}
{"Event":{"System":{"Provider":{"@Name":"Microsoft-Windows-Sysmon","@Guid":"5770385f-c22a-43e0-bf4c-06f5698ffbd9"},"EventID":"5","Version":"3","Level":"4","Task":"5","Opcode":"0","Keywords":"0x8000000000000000","TimeCreated":{"@SystemTime":"2024-10-21 09:26:42.2099810"},"EventRecordID":"18094","Correlation":null,"Execution":{"@ProcessID":"2956","@ThreadID":"3364"},"Channel":"Microsoft-Windows-Sysmon/Operational","Computer":"Server002","Security":{"@UserID":"S-1-5-18"}},"EventData":{"Data":[{"@Name":"RuleName","#text":"-"},{"@Name":"UtcTime","#text":"2024-10-21 09:26:42.208"},{"@Name":"ProcessGuid","#text":"dbf410b3-1e51-6716-0901-000000003900"},{"@Name":"ProcessId","#text":"5800"},{"@Name":"Image","#text":"C:\\Windows\\System32\\PING.EXE"},{"@Name":"User","#text":"SERVER002\\admin_test"}]}}}
{"Event":{"System":{"Provider":{"@Name":"Microsoft-Windows-Sysmon","@Guid":"5770385f-c22a-43e0-bf4c-06f5698ffbd9"},"EventID":"1","Version":"5","Level":"4","Task":"1","Opcode":"0","Keywords":"0x8000000000000000","TimeCreated":{"@SystemTime":"2024-10-21 09:26:42.2360158"},"EventRecordID":"18095","Correlation":null,"Execution":{"@ProcessID":"2956","@ThreadID":"3364"},"Channel":"Microsoft-Windows-Sysmon/Operational","Computer":"Server002","Security":{"@UserID":"S-1-5-18"}},"EventData":{"Data":[{"@Name":"RuleName","#text":"-"},{"@Name":"UtcTime","#text":"2024-10-21 09:26:42.216"},{"@Name":"ProcessGuid","#text":"dbf410b3-1e52-6716-0a01-000000003900"},{"@Name":"ProcessId","#text":"5116"},{"@Name":"Image","#text":"C:\\Windows\\System32\\PING.EXE"},{"@Name":"FileVersion","#text":"10.0.19041.1 (WinBuild.160101.0800)"},{"@Name":"Description","#text":"TCP/IP Ping Command"},{"@Name":"Product","#text":"Microsoft® Windows® Operating System"},{"@Name":"Company","#text":"Microsoft Corporation"},{"@Name":"OriginalFileName","#text":"ping.exe"},{"@Name":"CommandLine","#text":"ping  -n 1 -w 100 192.168.1.69"},{"@Name":"CurrentDirectory","#text":"C:\\Users\\ADMIN_~1\\AppData\\Local\\Temp\\"},{"@Name":"User","#text":"SERVER002\\admin_test"},{"@Name":"LogonGuid","#text":"dbf410b3-1e30-6716-a98c-090000000000"},{"@Name":"LogonId","#text":"0x98CA9"},{"@Name":"TerminalSessionId","#text":"0"},{"@Name":"IntegrityLevel","#text":"High"},{"@Name":"Hashes","#text":"SHA256=7AF50FA112932EA3284F7821B2EEA2B7582F558DBA897231BB82182003C29F8B"},{"@Name":"ParentProcessGuid","#text":"dbf410b3-1e37-6716-bf00-000000003900"},{"@Name":"ParentProcessId","#text":"5980"},{"@Name":"ParentImage","#text":"C:\\Windows\\System32\\cmd.exe"},{"@Name":"ParentCommandLine","#text":"\"cmd.exe\" /c for /l %i in (1,1,254) do ping -n 1 -w 100 192.168.1.%i"},{"@Name":"ParentUser","#text":"SERVER002\\admin_test"}]}}}
{"Event":{"System":{"Provider":{"@Name":"Microsoft-Windows-Sysmon","@Guid":"5770385f-c22a-43e0-bf4c-06f5698ffbd9"},"EventID":"5","Version":"3","Level":"4","Task":"5","Opcode":"0","Keywords":"0x8000000000000000","TimeCreated":{"@SystemTime":"2024-10-21 09:26:42.7977817"},"EventRecordID":"18096","Correlation":null,"Execution":{"@ProcessID":"2956","@ThreadID":"3364"},"Channel":"Microsoft-Windows-Sysmon/Operational","Computer":"Server002","Security":{"@UserID":"S-1-5-18"}},"EventData":{"Data":[{"@Name":"RuleName","#text":"-"},{"@Name":"UtcTime","#text":"2024-10-21 09:26:42.794"},{"@Name":"ProcessGuid","#text":"dbf410b3-1e52-6716-0a01-000000003900"},{"@Name":"ProcessId","#text":"5116"},{"@Name":"Image","#text":"C:\\Windows\\System32\\PING.EXE"},{"@Name":"User","#text":"SERVER002\\admin_test"}]}}}
{"Event":{"System":{"Provider":{"@Name":"Microsoft-Windows-Sysmon","@Guid":"5770385f-c22a-43e0-bf4c-06f5698ffbd9"},"EventID":"1","Version":"5","Level":"4","Task":"1","Opcode":"0","Keywords":"0x8000000000000000","TimeCreated":{"@SystemTime":"2024-10-21 09:26:42.8210556"},"EventRecordID":"18097","Correlation":null,"Execution":{"@ProcessID":"2956","@ThreadID":"3364"},"Channel":"Microsoft-Windows-Sysmon/Operational","Computer":"Server002","Security":{"@UserID":"S-1-5-18"}},"EventData":{"Data":[{"@Name":"RuleName","#text":"-"},{"@Name":"UtcTime","#text":"2024-10-21 09:26:42.801"},{"@Name":"ProcessGuid","#text":"dbf410b3-1e52-6716-0b01-000000003900"},{"@Name":"ProcessId","#text":"5376"},{"@Name":"Image","#text":"C:\\Windows\\System32\\PING.EXE"},{"@Name":"FileVersion","#text":"10.0.19041.1 (WinBuild.160101.0800)"},{"@Name":"Description","#text":"TCP/IP Ping Command"},{"@Name":"Product","#text":"Microsoft® Windows® Operating System"},{"@Name":"Company","#text":"Microsoft Corporation"},{"@Name":"OriginalFileName","#text":"ping.exe"},{"@Name":"CommandLine","#text":"ping  -n 1 -w 100 192.168.1.70"},{"@Name":"CurrentDirectory","#text":"C:\\Users\\ADMIN_~1\\AppData\\Local\\Temp\\"},{"@Name":"User","#text":"SERVER002\\admin_test"},{"@Name":"LogonGuid","#text":"dbf410b3-1e30-6716-a98c-090000000000"},{"@Name":"LogonId","#text":"0x98CA9"},{"@Name":"TerminalSessionId","#text":"0"},{"@Name":"IntegrityLevel","#text":"High"},{"@Name":"Hashes","#text":"SHA256=7AF50FA112932EA3284F7821B2EEA2B7582F558DBA897231BB82182003C29F8B"},{"@Name":"ParentProcessGuid","#text":"dbf410b3-1e37-6716-bf00-000000003900"},{"@Name":"ParentProcessId","#text":"5980"},{"@Name":"ParentImage","#text":"C:\\Windows\\System32\\cmd.exe"},{"@Name":"ParentCommandLine","#text":"\"cmd.exe\" /c for /l %i in (1,1,254) do ping -n 1 -w 100 192.168.1.%i"},{"@Name":"ParentUser","#text":"SERVER002\\admin_test"}]}}}
{"Event":{"System":{"Provider":{"@Name":"Microsoft-Windows-Sysmon","@Guid":"5770385f-c22a-43e0-bf4c-06f5698ffbd9"},"EventID":"5","Version":"3","Level":"4","Task":"5","Opcode":"0","Keywords":"0x8000000000000000","TimeCreated":{"@SystemTime":"2024-10-21 09:26:43.4102856"},"EventRecordID":"18098","Correlation":null,"Execution":{"@ProcessID":"2956","@ThreadID":"3364"},"Channel":"Microsoft-Windows-Sysmon/Operational","Computer":"Server002","Security":{"@UserID":"S-1-5-18"}},"EventData":{"Data":[{"@Name":"RuleName","#text":"-"},{"@Name":"UtcTime","#text":"2024-10-21 09:26:43.405"},{"@Name":"ProcessGuid","#text":"dbf410b3-1e52-6716-0b01-000000003900"},{"@Name":"ProcessId","#text":"5376"},{"@Name":"Image","#text":"C:\\Windows\\System32\\PING.EXE"},{"@Name":"User","#text":"SERVER002\\admin_test"}]}}}
{"Event":{"System":{"Provider":{"@Name":"Microsoft-Windows-Sysmon","@Guid":"5770385f-c22a-43e0-bf4c-06f5698ffbd9"},"EventID":"1","Version":"5","Level":"4","Task":"1","Opcode":"0","Keywords":"0x8000000000000000","TimeCreated":{"@SystemTime":"2024-10-21 09:26:43.4204394"},"EventRecordID":"18099","Correlation":null,"Execution":{"@ProcessID":"2956","@ThreadID":"3364"},"Channel":"Microsoft-Windows-Sysmon/Operational","Computer":"Server002","Security":{"@UserID":"S-1-5-18"}},"EventData":{"Data":[{"@Name":"RuleName","#text":"-"},{"@Name":"UtcTime","#text":"2024-10-21 09:26:43.416"},{"@Name":"ProcessGuid","#text":"dbf410b3-1e53-6716-0c01-000000003900"},{"@Name":"ProcessId","#text":"3440"},{"@Name":"Image","#text":"C:\\Windows\\System32\\PING.EXE"},{"@Name":"FileVersion","#text":"10.0.19041.1 (WinBuild.160101.0800)"},{"@Name":"Description","#text":"TCP/IP Ping Command"},{"@Name":"Product","#text":"Microsoft® Windows® Operating System"},{"@Name":"Company","#text":"Microsoft Corporation"},{"@Name":"OriginalFileName","#text":"ping.exe"},{"@Name":"CommandLine","#text":"ping  -n 1 -w 100 192.168.1.71"},{"@Name":"CurrentDirectory","#text":"C:\\Users\\ADMIN_~1\\AppData\\Local\\Temp\\"},{"@Name":"User","#text":"SERVER002\\admin_test"},{"@Name":"LogonGuid","#text":"dbf410b3-1e30-6716-a98c-090000000000"},{"@Name":"LogonId","#text":"0x98CA9"},{"@Name":"TerminalSessionId","#text":"0"},{"@Name":"IntegrityLevel","#text":"High"},{"@Name":"Hashes","#text":"SHA256=7AF50FA112932EA3284F7821B2EEA2B7582F558DBA897231BB82182003C29F8B"},{"@Name":"ParentProcessGuid","#text":"dbf410b3-1e37-6716-bf00-000000003900"},{"@Name":"ParentProcessId","#text":"5980"},{"@Name":"ParentImage","#text":"C:\\Windows\\System32\\cmd.exe"},{"@Name":"ParentCommandLine","#text":"\"cmd.exe\" /c for /l %i in (1,1,254) do ping -n 1 -w 100 192.168.1.%i"},{"@Name":"ParentUser","#text":"SERVER002\\admin_test"}]}}}
{"Event":{"System":{"Provider":{"@Name":"Microsoft-Windows-Sysmon","@Guid":"5770385f-c22a-43e0-bf4c-06f5698ffbd9"},"EventID":"5","Version":"3","Level":"4","Task":"5","Opcode":"0","Keywords":"0x8000000000000000","TimeCreated":{"@SystemTime":"2024-10-21 09:26:44.0596459"},"EventRecordID":"18100","Correlation":null,"Execution":{"@ProcessID":"2956","@ThreadID":"3364"},"Channel":"Microsoft-Windows-Sysmon/Operational","Computer":"Server002","Security":{"@UserID":"S-1-5-18"}},"EventData":{"Data":[{"@Name":"RuleName","#text":"-"},{"@Name":"UtcTime","#text":"2024-10-21 09:26:44.057"},{"@Name":"ProcessGuid","#text":"dbf410b3-1e53-6716-0c01-000000003900"},{"@Name":"ProcessId","#text":"3440"},{"@Name":"Image","#text":"C:\\Windows\\System32\\PING.EXE"},{"@Name":"User","#text":"SERVER002\\admin_test"}]}}}
{"Event":{"System":{"Provider":{"@Name":"Microsoft-Windows-Sysmon","@Guid":"5770385f-c22a-43e0-bf4c-06f5698ffbd9"},"EventID":"1","Version":"5","Level":"4","Task":"1","Opcode":"0","Keywords":"0x8000000000000000","TimeCreated":{"@SystemTime":"2024-10-21 09:26:44.0726058"},"EventRecordID":"18101","Correlation":null,"Execution":{"@ProcessID":"2956","@ThreadID":"3364"},"Channel":"Microsoft-Windows-Sysmon/Operational","Computer":"Server002","Security":{"@UserID":"S-1-5-18"}},"EventData":{"Data":[{"@Name":"RuleName","#text":"-"},{"@Name":"UtcTime","#text":"2024-10-21 09:26:44.066"},{"@Name":"ProcessGuid","#text":"dbf410b3-1e54-6716-0d01-000000003900"},{"@Name":"ProcessId","#text":"1672"},{"@Name":"Image","#text":"C:\\Windows\\System32\\PING.EXE"},{"@Name":"FileVersion","#text":"10.0.19041.1 (WinBuild.160101.0800)"},{"@Name":"Description","#text":"TCP/IP Ping Command"},{"@Name":"Product","#text":"Microsoft® Windows® Operating System"},{"@Name":"Company","#text":"Microsoft Corporation"},{"@Name":"OriginalFileName","#text":"ping.exe"},{"@Name":"CommandLine","#text":"ping  -n 1 -w 100 192.168.1.72"},{"@Name":"CurrentDirectory","#text":"C:\\Users\\ADMIN_~1\\AppData\\Local\\Temp\\"},{"@Name":"User","#text":"SERVER002\\admin_test"},{"@Name":"LogonGuid","#text":"dbf410b3-1e30-6716-a98c-090000000000"},{"@Name":"LogonId","#text":"0x98CA9"},{"@Name":"TerminalSessionId","#text":"0"},{"@Name":"IntegrityLevel","#text":"High"},{"@Name":"Hashes","#text":"SHA256=7AF50FA112932EA3284F7821B2EEA2B7582F558DBA897231BB82182003C29F8B"},{"@Name":"ParentProcessGuid","#text":"dbf410b3-1e37-6716-bf00-000000003900"},{"@Name":"ParentProcessId","#text":"5980"},{"@Name":"ParentImage","#text":"C:\\Windows\\System32\\cmd.exe"},{"@Name":"ParentCommandLine","#text":"\"cmd.exe\" /c for /l %i in (1,1,254) do ping -n 1 -w 100 192.168.1.%i"},{"@Name":"ParentUser","#text":"SERVER002\\admin_test"}]}}}
{"Event":{"System":{"Provider":{"@Name":"Microsoft-Windows-Sysmon","@Guid":"5770385f-c22a-43e0-bf4c-06f5698ffbd9"},"EventID":"5","Version":"3","Level":"4","Task":"5","Opcode":"0","Keywords":"0x8000000000000000","TimeCreated":{"@SystemTime":"2024-10-21 09:26:44.7219150"},"EventRecordID":"18102","Correlation":null,"Execution":{"@ProcessID":"2956","@ThreadID":"3364"},"Channel":"Microsoft-Windows-Sysmon/Operational","Computer":"Server002","Security":{"@UserID":"S-1-5-18"}},"EventData":{"Data":[{"@Name":"RuleName","#text":"-"},{"@Name":"UtcTime","#text":"2024-10-21 09:26:44.718"},{"@Name":"ProcessGuid","#text":"dbf410b3-1e54-6716-0d01-000000003900"},{"@Name":"ProcessId","#text":"1672"},{"@Name":"Image","#text":"C:\\Windows\\System32\\PING.EXE"},{"@Name":"User","#text":"SERVER002\\admin_test"}]}}}
