{"Event":{"System":{"Provider":{"@Name":"Microsoft-Windows-Sysmon","@Guid":"5770385f-c22a-43e0-bf4c-06f5698ffbd9"},"EventID":"1","Version":"5","Level":"4","Task":"1","Opcode":"0","Keywords":"0x8000000000000000","TimeCreated":{"@SystemTime":"2024-10-23 18:32:08.4256578"},"EventRecordID":"18858","Correlation":null,"Execution":{"@ProcessID":"3040","@ThreadID":"4824"},"Channel":"Microsoft-Windows-Sysmon/Operational","Computer":"Server002","Security":{"@UserID":"S-1-5-18"}},"EventData":{"Data":[{"@Name":"RuleName","#text":"-"},{"@Name":"UtcTime","#text":"2024-10-23 18:32:08.420"},{"@Name":"ProcessGuid","#text":"dbf410b3-4128-6719-8e02-000000003900"},{"@Name":"ProcessId","#text":"2116"},{"@Name":"Image","#text":"C:\\Windows\\System32\\PING.EXE"},{"@Name":"FileVersion","#text":"10.0.19041.1 (WinBuild.160101.0800)"},{"@Name":"Description","#text":"TCP/IP Ping Command"},{"@Name":"Product","#text":"Microsoft® Windows® Operating System"},{"@Name":"Company","#text":"Microsoft Corporation"},{"@Name":"OriginalFileName","#text":"ping.exe"},{"@Name":"CommandLine","#text":"\"C:\\Windows\\system32\\PING.EXE\" bing.com -6"},{"@Name":"CurrentDirectory","#text":"C:\\Users\\admin_test\\AppData\\Local\\Temp\\"},{"@Name":"User","#text":"SERVER002\\admin_test"},{"@Name":"LogonGuid","#text":"dbf410b3-40ac-6719-0da5-130000000000"},{"@Name":"LogonId","#text":"0x13A50D"},{"@Name":"TerminalSessionId","#text":"0"},{"@Name":"IntegrityLevel","#text":"High"},{"@Name":"Hashes","#text":"SHA256=7AF50FA112932EA3284F7821B2EEA2B7582F558DBA897231BB82182003C29F8B"},{"@Name":"ParentProcessGuid","#text":"dbf410b3-411c-6719-8502-000000003900"},{"@Name":"ParentProcessId","#text":"5880"},{"@Name":"ParentImage","#text":"C:\\Windows\\System32\\WindowsPowerShell\\v1.0\\powershell.exe"},{"@Name":"ParentCommandLine","#text":"\"C:\\Windows\\System32\\WindowsPowerShell\\v1.0\\powershell.exe\" -command $net_adapter=(Get-NetAdapter -IncludeHidden); $output= ($net_adapter); $output += ($net_adapter | fl *); $output += (Get-NetAdapterAdvancedProperty | fl); $net_adapter_bindings=(Get-NetAdapterBinding -IncludeHidden); $output += ($net_adapter_bindings); $output += ($net_adapter_bindings | fl); $output += (Get-NetIpConfiguration -Detailed); $output += (Get-DnsClientNrptPolicy); $output += (Resolve-DnsName bing.com); $output += (ping bing.com -4); $output += (ping bing.com -6); $output += (Test-NetConnection bing.com -InformationLevel Detailed); $output += (Test-NetConnection bing.com -InformationLevel Detailed -CommonTCPPort HTTP); $output += (Get-NetRoute); $output += (Get-NetIPaddress); $output += (Get-NetLbfoTeam); $output += (Get-Service -Name:VMMS); $output += (Get-VMSwitch); $output += \"(Get-VMNetworkAdapter -all)\"; $output += (Get-DnsClientNrptPolicy); $output += (Get-WindowsOptionalFeature -Online); $output += (Get-Service | fl); $pnp_devices = (Get-PnpDevice); $output += ($pnp_devices); $output += ($pnp_devices | Get-PnpDeviceProperty -KeyName DEVPKEY_Device_InstanceId,DEVPKEY_Device_DevNodeStatus,DEVPKEY_Device_ProblemCode); $output | Out-File config\\PowershellInfo.log"},{"@Name":"ParentUser","#text":"SERVER002\\admin_test"}]}}}
{"Event":{"System":{"Provider":{"@Name":"Microsoft-Windows-Sysmon","@Guid":"5770385f-c22a-43e0-bf4c-06f5698ffbd9"},"EventID":"5","Version":"3","Level":"4","Task":"5","Opcode":"0","Keywords":"0x8000000000000000","TimeCreated":{"@SystemTime":"2024-10-23 18:32:08.4452612"},"EventRecordID":"18859","Correlation":null,"Execution":{"@ProcessID":"3040","@ThreadID":"4824"},"Channel":"Microsoft-Windows-Sysmon/Operational","Computer":"Server002","Security":{"@UserID":"S-1-5-18"}},"EventData":{"Data":[{"@Name":"RuleName","#text":"-"},{"@Name":"UtcTime","#text":"2024-10-23 18:32:08.437"},{"@Name":"ProcessGuid","#text":"dbf410b3-4128-6719-8e02-000000003900"},{"@Name":"ProcessId","#text":"2116"},{"@Name":"Image","#text":"C:\\Windows\\System32\\PING.EXE"},{"@Name":"User","#text":"SERVER002\\admin_test"}]}}}
{"Event":{"System":{"Provider":{"@Name":"Microsoft-Windows-Sysmon","@Guid":"5770385f-c22a-43e0-bf4c-06f5698ffbd9"},"EventID":"1","Version":"5","Level":"4","Task":"1","Opcode":"0","Keywords":"0x8000000000000000","TimeCreated":{"@SystemTime":"2024-10-23 18:32:13.1403187"},"EventRecordID":"18860","Correlation":null,"Execution":{"@ProcessID":"3040","@ThreadID":"4824"},"Channel":"Microsoft-Windows-Sysmon/Operational","Computer":"Server002","Security":{"@UserID":"S-1-5-18"}},"EventData":{"Data":[{"@Name":"RuleName","#text":"-"},{"@Name":"UtcTime","#text":"2024-10-23 18:32:13.134"},{"@Name":"ProcessGuid","#text":"dbf410b3-412d-6719-8f02-000000003900"},{"@Name":"ProcessId","#text":"932"},{"@Name":"Image","#text":"C:\\Users\\ADMIN_~1\\AppData\\Local\\Temp\\33F45445-5E3E-4E60-B6D3-612FC8D50DA4\\DismHost.exe"},{"@Name":"FileVersion","#text":"10.0.19041.3636 (WinBuild.160101.0800)"},{"@Name":"Description","#text":"Dism Host Servicing Process"},{"@Name":"Product","#text":"Microsoft® Windows® Operating System"},{"@Name":"Company","#text":"Microsoft Corporation"},{"@Name":"OriginalFileName","#text":"DismHost.exe"},{"@Name":"CommandLine","#text":"C:\\Users\\ADMIN_~1\\AppData\\Local\\Temp\\33F45445-5E3E-4E60-B6D3-612FC8D50DA4\\dismhost.exe {FAEDDA48-045E-49D6-84A7-F156152C7071}"},{"@Name":"CurrentDirectory","#text":"C:\\Users\\admin_test\\AppData\\Local\\Temp\\"},{"@Name":"User","#text":"SERVER002\\admin_test"},{"@Name":"LogonGuid","#text":"dbf410b3-40ac-6719-0da5-130000000000"},{"@Name":"LogonId","#text":"0x13A50D"},{"@Name":"TerminalSessionId","#text":"0"},{"@Name":"IntegrityLevel","#text":"High"},{"@Name":"Hashes","#text":"SHA256=E36BCF02BC11F560761E943D0FAD37417078F6CBB473F85C72FCBC89E2600C58"},{"@Name":"ParentProcessGuid","#text":"dbf410b3-411c-6719-8502-000000003900"},{"@Name":"ParentProcessId","#text":"5880"},{"@Name":"ParentImage","#text":"C:\\Windows\\System32\\WindowsPowerShell\\v1.0\\powershell.exe"},{"@Name":"ParentCommandLine","#text":"\"C:\\Windows\\System32\\WindowsPowerShell\\v1.0\\powershell.exe\" -command $net_adapter=(Get-NetAdapter -IncludeHidden); $output= ($net_adapter); $output += ($net_adapter | fl *); $output += (Get-NetAdapterAdvancedProperty | fl); $net_adapter_bindings=(Get-NetAdapterBinding -IncludeHidden); $output += ($net_adapter_bindings); $output += ($net_adapter_bindings | fl); $output += (Get-NetIpConfiguration -Detailed); $output += (Get-DnsClientNrptPolicy); $output += (Resolve-DnsName bing.com); $output += (ping bing.com -4); $output += (ping bing.com -6); $output += (Test-NetConnection bing.com -InformationLevel Detailed); $output += (Test-NetConnection bing.com -InformationLevel Detailed -CommonTCPPort HTTP); $output += (Get-NetRoute); $output += (Get-NetIPaddress); $output += (Get-NetLbfoTeam); $output += (Get-Service -Name:VMMS); $output += (Get-VMSwitch); $output += \"(Get-VMNetworkAdapter -all)\"; $output += (Get-DnsClientNrptPolicy); $output += (Get-WindowsOptionalFeature -Online); $output += (Get-Service | fl); $pnp_devices = (Get-PnpDevice); $output += ($pnp_devices); $output += ($pnp_devices | Get-PnpDeviceProperty -KeyName DEVPKEY_Device_InstanceId,DEVPKEY_Device_DevNodeStatus,DEVPKEY_Device_ProblemCode); $output | Out-File config\\PowershellInfo.log"},{"@Name":"ParentUser","#text":"SERVER002\\admin_test"}]}}}
{"Event":{"System":{"Provider":{"@Name":"Microsoft-Windows-Sysmon","@Guid":"5770385f-c22a-43e0-bf4c-06f5698ffbd9"},"EventID":"5","Version":"3","Level":"4","Task":"5","Opcode":"0","Keywords":"0x8000000000000000","TimeCreated":{"@SystemTime":"2024-10-23 18:32:18.0844269"},"EventRecordID":"18861","Correlation":null,"Execution":{"@ProcessID":"3040","@ThreadID":"4824"},"Channel":"Microsoft-Windows-Sysmon/Operational","Computer":"Server002","Security":{"@UserID":"S-1-5-18"}},"EventData":{"Data":[{"@Name":"RuleName","#text":"-"},{"@Name":"UtcTime","#text":"2024-10-23 18:32:18.075"},{"@Name":"ProcessGuid","#text":"dbf410b3-412d-6719-8f02-000000003900"},{"@Name":"ProcessId","#text":"932"},{"@Name":"Image","#text":"C:\\Users\\ADMIN_~1\\AppData\\Local\\Temp\\33F45445-5E3E-4E60-B6D3-612FC8D50DA4\\DismHost.exe"},{"@Name":"User","#text":"SERVER002\\admin_test"}]}}}
{"Event":{"System":{"Provider":{"@Name":"Microsoft-Windows-Sysmon","@Guid":"5770385f-c22a-43e0-bf4c-06f5698ffbd9"},"EventID":"5","Version":"3","Level":"4","Task":"5","Opcode":"0","Keywords":"0x8000000000000000","TimeCreated":{"@SystemTime":"2024-10-23 18:32:21.9009483"},"EventRecordID":"18862","Correlation":null,"Execution":{"@ProcessID":"3040","@ThreadID":"4824"},"Channel":"Microsoft-Windows-Sysmon/Operational","Computer":"Server002","Security":{"@UserID":"S-1-5-18"}},"EventData":{"Data":[{"@Name":"RuleName","#text":"-"},{"@Name":"UtcTime","#text":"2024-10-23 18:32:21.896"},{"@Name":"ProcessGuid","#text":"dbf410b3-411c-6719-8502-000000003900"},{"@Name":"ProcessId","#text":"5880"},{"@Name":"Image","#text":"C:\\Windows\\System32\\WindowsPowerShell\\v1.0\\powershell.exe"},{"@Name":"User","#text":"SERVER002\\admin_test"}]}}}
{"Event":{"System":{"Provider":{"@Name":"Microsoft-Windows-Sysmon","@Guid":"5770385f-c22a-43e0-bf4c-06f5698ffbd9"},"EventID":"5","Version":"3","Level":"4","Task":"5","Opcode":"0","Keywords":"0x8000000000000000","TimeCreated":{"@SystemTime":"2024-10-23 18:32:21.9180396"},"EventRecordID":"18863","Correlation":null,"Execution":{"@ProcessID":"3040","@ThreadID":"4824"},"Channel":"Microsoft-Windows-Sysmon/Operational","Computer":"Server002","Security":{"@UserID":"S-1-5-18"}},"EventData":{"Data":[{"@Name":"RuleName","#text":"-"},{"@Name":"UtcTime","#text":"2024-10-23 18:32:21.900"},{"@Name":"ProcessGuid","#text":"dbf410b3-411c-6719-8602-000000003900"},{"@Name":"ProcessId","#text":"4064"},{"@Name":"Image","#text":"C:\\Windows\\System32\\conhost.exe"},{"@Name":"User","#text":"SERVER002\\admin_test"}]}}}
{"Event":{"System":{"Provider":{"@Name":"Microsoft-Windows-Sysmon","@Guid":"5770385f-c22a-43e0-bf4c-06f5698ffbd9"},"EventID":"5","Version":"3","Level":"4","Task":"5","Opcode":"0","Keywords":"0x8000000000000000","TimeCreated":{"@SystemTime":"2024-10-23 18:32:21.9316611"},"EventRecordID":"18864","Correlation":null,"Execution":{"@ProcessID":"3040","@ThreadID":"4824"},"Channel":"Microsoft-Windows-Sysmon/Operational","Computer":"Server002","Security":{"@UserID":"S-1-5-18"}},"EventData":{"Data":[{"@Name":"RuleName","#text":"-"},{"@Name":"UtcTime","#text":"2024-10-23 18:32:21.929"},{"@Name":"ProcessGuid","#text":"dbf410b3-40b1-6719-cd00-000000003900"},{"@Name":"ProcessId","#text":"1944"},{"@Name":"Image","#text":"C:\\Windows\\System32\\wscript.exe"},{"@Name":"User","#text":"SERVER002\\admin_test"}]}}}
{"Event":{"System":{"Provider":{"@Name":"Microsoft-Windows-Sysmon","@Guid":"5770385f-c22a-43e0-bf4c-06f5698ffbd9"},"EventID":"5","Version":"3","Level":"4","Task":"5","Opcode":"0","Keywords":"0x8000000000000000","TimeCreated":{"@SystemTime":"2024-10-23 18:32:21.9375131"},"EventRecordID":"18865","Correlation":null,"Execution":{"@ProcessID":"3040","@ThreadID":"4824"},"Channel":"Microsoft-Windows-Sysmon/Operational","Computer":"Server002","Security":{"@UserID":"S-1-5-18"}},"EventData":{"Data":[{"@Name":"RuleName","#text":"-"},{"@Name":"UtcTime","#text":"2024-10-23 18:32:21.932"},{"@Name":"ProcessGuid","#text":"dbf410b3-40b1-6719-cb00-000000003900"},{"@Name":"ProcessId","#text":"1552"},{"@Name":"Image","#text":"C:\\Windows\\System32\\cmd.exe"},{"@Name":"User","#text":"SERVER002\\admin_test"}]}}}
{"Event":{"System":{"Provider":{"@Name":"Microsoft-Windows-Sysmon","@Guid":"5770385f-c22a-43e0-bf4c-06f5698ffbd9"},"EventID":"5","Version":"3","Level":"4","Task":"5","Opcode":"0","Keywords":"0x8000000000000000","TimeCreated":{"@SystemTime":"2024-10-23 18:32:21.9405052"},"EventRecordID":"18866","Correlation":null,"Execution":{"@ProcessID":"3040","@ThreadID":"4824"},"Channel":"Microsoft-Windows-Sysmon/Operational","Computer":"Server002","Security":{"@UserID":"S-1-5-18"}},"EventData":{"Data":[{"@Name":"RuleName","#text":"-"},{"@Name":"UtcTime","#text":"2024-10-23 18:32:21.932"},{"@Name":"ProcessGuid","#text":"dbf410b3-40b1-6719-cc00-000000003900"},{"@Name":"ProcessId","#text":"1764"},{"@Name":"Image","#text":"C:\\Windows\\System32\\conhost.exe"},{"@Name":"User","#text":"SERVER002\\admin_test"}]}}}
