{"Event":{"System":{"Provider":{"@Name":"Microsoft-Windows-Sysmon","@Guid":"5770385f-c22a-43e0-bf4c-06f5698ffbd9"},"EventID":"1","Version":"5","Level":"4","Task":"1","Opcode":"0","Keywords":"0x8000000000000000","TimeCreated":{"@SystemTime":"2024-10-23 18:30:15.4979075"},"EventRecordID":"18268","Correlation":null,"Execution":{"@ProcessID":"3040","@ThreadID":"4824"},"Channel":"Microsoft-Windows-Sysmon/Operational","Computer":"Server002","Security":{"@UserID":"S-1-5-18"}},"EventData":{"Data":[{"@Name":"RuleName","#text":"-"},{"@Name":"UtcTime","#text":"2024-10-23 18:30:15.493"},{"@Name":"ProcessGuid","#text":"dbf410b3-40b7-6719-5f01-000000003900"},{"@Name":"ProcessId","#text":"4348"},{"@Name":"Image","#text":"C:\\Windows\\System32\\netsh.exe"},{"@Name":"FileVersion","#text":"10.0.19041.1 (WinBuild.160101.0800)"},{"@Name":"Description","#text":"Network Command Shell"},{"@Name":"Product","#text":"Microsoft® Windows® Operating System"},{"@Name":"Company","#text":"Microsoft Corporation"},{"@Name":"OriginalFileName","#text":"netsh.exe"},{"@Name":"CommandLine","#text":"netsh  advfirewall monitor show firewall "},{"@Name":"CurrentDirectory","#text":"C:\\Users\\ADMIN_~1\\AppData\\Local\\Temp\\"},{"@Name":"User","#text":"SERVER002\\admin_test"},{"@Name":"LogonGuid","#text":"dbf410b3-40ac-6719-0da5-130000000000"},{"@Name":"LogonId","#text":"0x13A50D"},{"@Name":"TerminalSessionId","#text":"0"},{"@Name":"IntegrityLevel","#text":"High"},{"@Name":"Hashes","#text":"SHA256=6B691B06FA865F52C9484EF4F10E2E02ED6D7C3A3F474B8B138A33AF7258B2A9"},{"@Name":"ParentProcessGuid","#text":"dbf410b3-40b7-6719-5d01-000000003900"},{"@Name":"ParentProcessId","#text":"5816"},{"@Name":"ParentImage","#text":"C:\\Windows\\System32\\cmd.exe"},{"@Name":"ParentCommandLine","#text":"\"C:\\Windows\\System32\\cmd.exe\" /c netsh advfirewall monitor show firewall &gt;&gt; config\\WindowsFirewallConfig.txt"},{"@Name":"ParentUser","#text":"SERVER002\\admin_test"}]}}}
{"Event":{"System":{"Provider":{"@Name":"Microsoft-Windows-Sysmon","@Guid":"5770385f-c22a-43e0-bf4c-06f5698ffbd9"},"EventID":"5","Version":"3","Level":"4","Task":"5","Opcode":"0","Keywords":"0x8000000000000000","TimeCreated":{"@SystemTime":"2024-10-23 18:30:15.6251870"},"EventRecordID":"18269","Correlation":null,"Execution":{"@ProcessID":"3040","@ThreadID":"4824"},"Channel":"Microsoft-Windows-Sysmon/Operational","Computer":"Server002","Security":{"@UserID":"S-1-5-18"}},"EventData":{"Data":[{"@Name":"RuleName","#text":"-"},{"@Name":"UtcTime","#text":"2024-10-23 18:30:15.622"},{"@Name":"ProcessGuid","#text":"dbf410b3-40b7-6719-5f01-000000003900"},{"@Name":"ProcessId","#text":"4348"},{"@Name":"Image","#text":"C:\\Windows\\System32\\netsh.exe"},{"@Name":"User","#text":"SERVER002\\admin_test"}]}}}
{"Event":{"System":{"Provider":{"@Name":"Microsoft-Windows-Sysmon","@Guid":"5770385f-c22a-43e0-bf4c-06f5698ffbd9"},"EventID":"5","Version":"3","Level":"4","Task":"5","Opcode":"0","Keywords":"0x8000000000000000","TimeCreated":{"@SystemTime":"2024-10-23 18:30:15.6279477"},"EventRecordID":"18270","Correlation":null,"Execution":{"@ProcessID":"3040","@ThreadID":"4824"},"Channel":"Microsoft-Windows-Sysmon/Operational","Computer":"Server002","Security":{"@UserID":"S-1-5-18"}},"EventData":{"Data":[{"@Name":"RuleName","#text":"-"},{"@Name":"UtcTime","#text":"2024-10-23 18:30:15.622"},{"@Name":"ProcessGuid","#text":"dbf410b3-40b7-6719-5d01-000000003900"},{"@Name":"ProcessId","#text":"5816"},{"@Name":"Image","#text":"C:\\Windows\\System32\\cmd.exe"},{"@Name":"User","#text":"SERVER002\\admin_test"}]}}}
{"Event":{"System":{"Provider":{"@Name":"Microsoft-Windows-Sysmon","@Guid":"5770385f-c22a-43e0-bf4c-06f5698ffbd9"},"EventID":"5","Version":"3","Level":"4","Task":"5","Opcode":"0","Keywords":"0x8000000000000000","TimeCreated":{"@SystemTime":"2024-10-23 18:30:15.6389362"},"EventRecordID":"18271","Correlation":null,"Execution":{"@ProcessID":"3040","@ThreadID":"4824"},"Channel":"Microsoft-Windows-Sysmon/Operational","Computer":"Server002","Security":{"@UserID":"S-1-5-18"}},"EventData":{"Data":[{"@Name":"RuleName","#text":"-"},{"@Name":"UtcTime","#text":"2024-10-23 18:30:15.622"},{"@Name":"ProcessGuid","#text":"dbf410b3-40b7-6719-5e01-000000003900"},{"@Name":"ProcessId","#text":"5832"},{"@Name":"Image","#text":"C:\\Windows\\System32\\conhost.exe"},{"@Name":"User","#text":"SERVER002\\admin_test"}]}}}
{"Event":{"System":{"Provider":{"@Name":"Microsoft-Windows-Sysmon","@Guid":"5770385f-c22a-43e0-bf4c-06f5698ffbd9"},"EventID":"1","Version":"5","Level":"4","Task":"1","Opcode":"0","Keywords":"0x8000000000000000","TimeCreated":{"@SystemTime":"2024-10-23 18:30:15.6638593"},"EventRecordID":"18272","Correlation":null,"Execution":{"@ProcessID":"3040","@ThreadID":"4824"},"Channel":"Microsoft-Windows-Sysmon/Operational","Computer":"Server002","Security":{"@UserID":"S-1-5-18"}},"EventData":{"Data":[{"@Name":"RuleName","#text":"-"},{"@Name":"UtcTime","#text":"2024-10-23 18:30:15.657"},{"@Name":"ProcessGuid","#text":"dbf410b3-40b7-6719-6001-000000003900"},{"@Name":"ProcessId","#text":"4932"},{"@Name":"Image","#text":"C:\\Windows\\System32\\cmd.exe"},{"@Name":"FileVersion","#text":"10.0.19041.4355 (WinBuild.160101.0800)"},{"@Name":"Description","#text":"Windows Command Processor"},{"@Name":"Product","#text":"Microsoft® Windows® Operating System"},{"@Name":"Company","#text":"Microsoft Corporation"},{"@Name":"OriginalFileName","#text":"Cmd.Exe"},{"@Name":"CommandLine","#text":"\"C:\\Windows\\System32\\cmd.exe\" /c echo Connection Security  Configuration: &gt;&gt; config\\WindowsFirewallConfig.txt"},{"@Name":"CurrentDirectory","#text":"C:\\Users\\ADMIN_~1\\AppData\\Local\\Temp\\"},{"@Name":"User","#text":"SERVER002\\admin_test"},{"@Name":"LogonGuid","#text":"dbf410b3-40ac-6719-0da5-130000000000"},{"@Name":"LogonId","#text":"0x13A50D"},{"@Name":"TerminalSessionId","#text":"0"},{"@Name":"IntegrityLevel","#text":"High"},{"@Name":"Hashes","#text":"SHA256=BADF4752413CB0CBDC03FB95820CA167F0CDC63B597CCDB5EF43111180E088B0"},{"@Name":"ParentProcessGuid","#text":"dbf410b3-40b1-6719-cd00-000000003900"},{"@Name":"ParentProcessId","#text":"1944"},{"@Name":"ParentImage","#text":"C:\\Windows\\System32\\wscript.exe"},{"@Name":"ParentCommandLine","#text":"wscript.exe  C:\\Windows\\System32\\gatherNetworkInfo.vbs"},{"@Name":"ParentUser","#text":"SERVER002\\admin_test"}]}}}
{"Event":{"System":{"Provider":{"@Name":"Microsoft-Windows-Sysmon","@Guid":"5770385f-c22a-43e0-bf4c-06f5698ffbd9"},"EventID":"1","Version":"5","Level":"4","Task":"1","Opcode":"0","Keywords":"0x8000000000000000","TimeCreated":{"@SystemTime":"2024-10-23 18:30:15.6688513"},"EventRecordID":"18273","Correlation":null,"Execution":{"@ProcessID":"3040","@ThreadID":"4824"},"Channel":"Microsoft-Windows-Sysmon/Operational","Computer":"Server002","Security":{"@UserID":"S-1-5-18"}},"EventData":{"Data":[{"@Name":"RuleName","#text":"-"},{"@Name":"UtcTime","#text":"2024-10-23 18:30:15.665"},{"@Name":"ProcessGuid","#text":"dbf410b3-40b7-6719-6101-000000003900"},{"@Name":"ProcessId","#text":"4448"},{"@Name":"Image","#text":"C:\\Windows\\System32\\conhost.exe"},{"@Name":"FileVersion","#text":"10.0.19041.4355 (WinBuild.160101.0800)"},{"@Name":"Description","#text":"Console Window Host"},{"@Name":"Product","#text":"Microsoft® Windows® Operating System"},{"@Name":"Company","#text":"Microsoft Corporation"},{"@Name":"OriginalFileName","#text":"CONHOST.EXE"},{"@Name":"CommandLine","#text":"\\??\\C:\\Windows\\system32\\conhost.exe 0xffffffff -ForceV1"},{"@Name":"CurrentDirectory","#text":"C:\\Windows"},{"@Name":"User","#text":"SERVER002\\admin_test"},{"@Name":"LogonGuid","#text":"dbf410b3-40ac-6719-0da5-130000000000"},{"@Name":"LogonId","#text":"0x13A50D"},{"@Name":"TerminalSessionId","#text":"0"},{"@Name":"IntegrityLevel","#text":"High"},{"@Name":"Hashes","#text":"SHA256=CC0A60CD15FA21E54615E46CD0F10CFBE86F496DC64D14B31D9F3B415D120EE1"},{"@Name":"ParentProcessGuid","#text":"dbf410b3-40b7-6719-6001-000000003900"},{"@Name":"ParentProcessId","#text":"4932"},{"@Name":"ParentImage","#text":"C:\\Windows\\System32\\cmd.exe"},{"@Name":"ParentCommandLine","#text":"\"C:\\Windows\\System32\\cmd.exe\" /c echo Connection Security  Configuration: &gt;&gt; config\\WindowsFirewallConfig.txt"},{"@Name":"ParentUser","#text":"SERVER002\\admin_test"}]}}}
{"Event":{"System":{"Provider":{"@Name":"Microsoft-Windows-Sysmon","@Guid":"5770385f-c22a-43e0-bf4c-06f5698ffbd9"},"EventID":"5","Version":"3","Level":"4","Task":"5","Opcode":"0","Keywords":"0x8000000000000000","TimeCreated":{"@SystemTime":"2024-10-23 18:30:15.7041105"},"EventRecordID":"18274","Correlation":null,"Execution":{"@ProcessID":"3040","@ThreadID":"4824"},"Channel":"Microsoft-Windows-Sysmon/Operational","Computer":"Server002","Security":{"@UserID":"S-1-5-18"}},"EventData":{"Data":[{"@Name":"RuleName","#text":"-"},{"@Name":"UtcTime","#text":"2024-10-23 18:30:15.698"},{"@Name":"ProcessGuid","#text":"dbf410b3-40b7-6719-6001-000000003900"},{"@Name":"ProcessId","#text":"4932"},{"@Name":"Image","#text":"C:\\Windows\\System32\\cmd.exe"},{"@Name":"User","#text":"SERVER002\\admin_test"}]}}}
{"Event":{"System":{"Provider":{"@Name":"Microsoft-Windows-Sysmon","@Guid":"5770385f-c22a-43e0-bf4c-06f5698ffbd9"},"EventID":"5","Version":"3","Level":"4","Task":"5","Opcode":"0","Keywords":"0x8000000000000000","TimeCreated":{"@SystemTime":"2024-10-23 18:30:15.7063259"},"EventRecordID":"18275","Correlation":null,"Execution":{"@ProcessID":"3040","@ThreadID":"4824"},"Channel":"Microsoft-Windows-Sysmon/Operational","Computer":"Server002","Security":{"@UserID":"S-1-5-18"}},"EventData":{"Data":[{"@Name":"RuleName","#text":"-"},{"@Name":"UtcTime","#text":"2024-10-23 18:30:15.698"},{"@Name":"ProcessGuid","#text":"dbf410b3-40b7-6719-6101-000000003900"},{"@Name":"ProcessId","#text":"4448"},{"@Name":"Image","#text":"C:\\Windows\\System32\\conhost.exe"},{"@Name":"User","#text":"SERVER002\\admin_test"}]}}}
{"Event":{"System":{"Provider":{"@Name":"Microsoft-Windows-Sysmon","@Guid":"5770385f-c22a-43e0-bf4c-06f5698ffbd9"},"EventID":"1","Version":"5","Level":"4","Task":"1","Opcode":"0","Keywords":"0x8000000000000000","TimeCreated":{"@SystemTime":"2024-10-23 18:30:15.7346664"},"EventRecordID":"18276","Correlation":null,"Execution":{"@ProcessID":"3040","@ThreadID":"4824"},"Channel":"Microsoft-Windows-Sysmon/Operational","Computer":"Server002","Security":{"@UserID":"S-1-5-18"}},"EventData":{"Data":[{"@Name":"RuleName","#text":"-"},{"@Name":"UtcTime","#text":"2024-10-23 18:30:15.731"},{"@Name":"ProcessGuid","#text":"dbf410b3-40b7-6719-6201-000000003900"},{"@Name":"ProcessId","#text":"5580"},{"@Name":"Image","#text":"C:\\Windows\\System32\\cmd.exe"},{"@Name":"FileVersion","#text":"10.0.19041.4355 (WinBuild.160101.0800)"},{"@Name":"Description","#text":"Windows Command Processor"},{"@Name":"Product","#text":"Microsoft® Windows® Operating System"},{"@Name":"Company","#text":"Microsoft Corporation"},{"@Name":"OriginalFileName","#text":"Cmd.Exe"},{"@Name":"CommandLine","#text":"\"C:\\Windows\\System32\\cmd.exe\" /c echo ------------------------------------------------------------------------ &gt;&gt; config\\WindowsFirewallConfig.txt"},{"@Name":"CurrentDirectory","#text":"C:\\Users\\ADMIN_~1\\AppData\\Local\\Temp\\"},{"@Name":"User","#text":"SERVER002\\admin_test"},{"@Name":"LogonGuid","#text":"dbf410b3-40ac-6719-0da5-130000000000"},{"@Name":"LogonId","#text":"0x13A50D"},{"@Name":"TerminalSessionId","#text":"0"},{"@Name":"IntegrityLevel","#text":"High"},{"@Name":"Hashes","#text":"SHA256=BADF4752413CB0CBDC03FB95820CA167F0CDC63B597CCDB5EF43111180E088B0"},{"@Name":"ParentProcessGuid","#text":"dbf410b3-40b1-6719-cd00-000000003900"},{"@Name":"ParentProcessId","#text":"1944"},{"@Name":"ParentImage","#text":"C:\\Windows\\System32\\wscript.exe"},{"@Name":"ParentCommandLine","#text":"wscript.exe  C:\\Windows\\System32\\gatherNetworkInfo.vbs"},{"@Name":"ParentUser","#text":"SERVER002\\admin_test"}]}}}
{"Event":{"System":{"Provider":{"@Name":"Microsoft-Windows-Sysmon","@Guid":"5770385f-c22a-43e0-bf4c-06f5698ffbd9"},"EventID":"1","Version":"5","Level":"4","Task":"1","Opcode":"0","Keywords":"0x8000000000000000","TimeCreated":{"@SystemTime":"2024-10-23 18:30:15.7395213"},"EventRecordID":"18277","Correlation":null,"Execution":{"@ProcessID":"3040","@ThreadID":"4824"},"Channel":"Microsoft-Windows-Sysmon/Operational","Computer":"Server002","Security":{"@UserID":"S-1-5-18"}},"EventData":{"Data":[{"@Name":"RuleName","#text":"-"},{"@Name":"UtcTime","#text":"2024-10-23 18:30:15.736"},{"@Name":"ProcessGuid","#text":"dbf410b3-40b7-6719-6301-000000003900"},{"@Name":"ProcessId","#text":"5500"},{"@Name":"Image","#text":"C:\\Windows\\System32\\conhost.exe"},{"@Name":"FileVersion","#text":"10.0.19041.4355 (WinBuild.160101.0800)"},{"@Name":"Description","#text":"Console Window Host"},{"@Name":"Product","#text":"Microsoft® Windows® Operating System"},{"@Name":"Company","#text":"Microsoft Corporation"},{"@Name":"OriginalFileName","#text":"CONHOST.EXE"},{"@Name":"CommandLine","#text":"\\??\\C:\\Windows\\system32\\conhost.exe 0xffffffff -ForceV1"},{"@Name":"CurrentDirectory","#text":"C:\\Windows"},{"@Name":"User","#text":"SERVER002\\admin_test"},{"@Name":"LogonGuid","#text":"dbf410b3-40ac-6719-0da5-130000000000"},{"@Name":"LogonId","#text":"0x13A50D"},{"@Name":"TerminalSessionId","#text":"0"},{"@Name":"IntegrityLevel","#text":"High"},{"@Name":"Hashes","#text":"SHA256=CC0A60CD15FA21E54615E46CD0F10CFBE86F496DC64D14B31D9F3B415D120EE1"},{"@Name":"ParentProcessGuid","#text":"dbf410b3-40b7-6719-6201-000000003900"},{"@Name":"ParentProcessId","#text":"5580"},{"@Name":"ParentImage","#text":"C:\\Windows\\System32\\cmd.exe"},{"@Name":"ParentCommandLine","#text":"\"C:\\Windows\\System32\\cmd.exe\" /c echo ------------------------------------------------------------------------ &gt;&gt; config\\WindowsFirewallConfig.txt"},{"@Name":"ParentUser","#text":"SERVER002\\admin_test"}]}}}
{"Event":{"System":{"Provider":{"@Name":"Microsoft-Windows-Sysmon","@Guid":"5770385f-c22a-43e0-bf4c-06f5698ffbd9"},"EventID":"5","Version":"3","Level":"4","Task":"5","Opcode":"0","Keywords":"0x8000000000000000","TimeCreated":{"@SystemTime":"2024-10-23 18:30:15.7735192"},"EventRecordID":"18278","Correlation":null,"Execution":{"@ProcessID":"3040","@ThreadID":"4824"},"Channel":"Microsoft-Windows-Sysmon/Operational","Computer":"Server002","Security":{"@UserID":"S-1-5-18"}},"EventData":{"Data":[{"@Name":"RuleName","#text":"-"},{"@Name":"UtcTime","#text":"2024-10-23 18:30:15.762"},{"@Name":"ProcessGuid","#text":"dbf410b3-40b7-6719-6201-000000003900"},{"@Name":"ProcessId","#text":"5580"},{"@Name":"Image","#text":"C:\\Windows\\System32\\cmd.exe"},{"@Name":"User","#text":"SERVER002\\admin_test"}]}}}
{"Event":{"System":{"Provider":{"@Name":"Microsoft-Windows-Sysmon","@Guid":"5770385f-c22a-43e0-bf4c-06f5698ffbd9"},"EventID":"5","Version":"3","Level":"4","Task":"5","Opcode":"0","Keywords":"0x8000000000000000","TimeCreated":{"@SystemTime":"2024-10-23 18:30:15.7821746"},"EventRecordID":"18279","Correlation":null,"Execution":{"@ProcessID":"3040","@ThreadID":"4824"},"Channel":"Microsoft-Windows-Sysmon/Operational","Computer":"Server002","Security":{"@UserID":"S-1-5-18"}},"EventData":{"Data":[{"@Name":"RuleName","#text":"-"},{"@Name":"UtcTime","#text":"2024-10-23 18:30:15.762"},{"@Name":"ProcessGuid","#text":"dbf410b3-40b7-6719-6301-000000003900"},{"@Name":"ProcessId","#text":"5500"},{"@Name":"Image","#text":"C:\\Windows\\System32\\conhost.exe"},{"@Name":"User","#text":"SERVER002\\admin_test"}]}}}
{"Event":{"System":{"Provider":{"@Name":"Microsoft-Windows-Sysmon","@Guid":"5770385f-c22a-43e0-bf4c-06f5698ffbd9"},"EventID":"1","Version":"5","Level":"4","Task":"1","Opcode":"0","Keywords":"0x8000000000000000","TimeCreated":{"@SystemTime":"2024-10-23 18:30:15.8081106"},"EventRecordID":"18280","Correlation":null,"Execution":{"@ProcessID":"3040","@ThreadID":"4824"},"Channel":"Microsoft-Windows-Sysmon/Operational","Computer":"Server002","Security":{"@UserID":"S-1-5-18"}},"EventData":{"Data":[{"@Name":"RuleName","#text":"-"},{"@Name":"UtcTime","#text":"2024-10-23 18:30:15.801"},{"@Name":"ProcessGuid","#text":"dbf410b3-40b7-6719-6401-000000003900"},{"@Name":"ProcessId","#text":"1136"},{"@Name":"Image","#text":"C:\\Windows\\System32\\cmd.exe"},{"@Name":"FileVersion","#text":"10.0.19041.4355 (WinBuild.160101.0800)"},{"@Name":"Description","#text":"Windows Command Processor"},{"@Name":"Product","#text":"Microsoft® Windows® Operating System"},{"@Name":"Company","#text":"Microsoft Corporation"},{"@Name":"OriginalFileName","#text":"Cmd.Exe"},{"@Name":"CommandLine","#text":"\"C:\\Windows\\System32\\cmd.exe\" /c netsh advfirewall monitor show consec &gt;&gt; config\\WindowsFirewallConfig.txt"},{"@Name":"CurrentDirectory","#text":"C:\\Users\\ADMIN_~1\\AppData\\Local\\Temp\\"},{"@Name":"User","#text":"SERVER002\\admin_test"},{"@Name":"LogonGuid","#text":"dbf410b3-40ac-6719-0da5-130000000000"},{"@Name":"LogonId","#text":"0x13A50D"},{"@Name":"TerminalSessionId","#text":"0"},{"@Name":"IntegrityLevel","#text":"High"},{"@Name":"Hashes","#text":"SHA256=BADF4752413CB0CBDC03FB95820CA167F0CDC63B597CCDB5EF43111180E088B0"},{"@Name":"ParentProcessGuid","#text":"dbf410b3-40b1-6719-cd00-000000003900"},{"@Name":"ParentProcessId","#text":"1944"},{"@Name":"ParentImage","#text":"C:\\Windows\\System32\\wscript.exe"},{"@Name":"ParentCommandLine","#text":"wscript.exe  C:\\Windows\\System32\\gatherNetworkInfo.vbs"},{"@Name":"ParentUser","#text":"SERVER002\\admin_test"}]}}}
{"Event":{"System":{"Provider":{"@Name":"Microsoft-Windows-Sysmon","@Guid":"5770385f-c22a-43e0-bf4c-06f5698ffbd9"},"EventID":"1","Version":"5","Level":"4","Task":"1","Opcode":"0","Keywords":"0x8000000000000000","TimeCreated":{"@SystemTime":"2024-10-23 18:30:15.8127384"},"EventRecordID":"18281","Correlation":null,"Execution":{"@ProcessID":"3040","@ThreadID":"4824"},"Channel":"Microsoft-Windows-Sysmon/Operational","Computer":"Server002","Security":{"@UserID":"S-1-5-18"}},"EventData":{"Data":[{"@Name":"RuleName","#text":"-"},{"@Name":"UtcTime","#text":"2024-10-23 18:30:15.809"},{"@Name":"ProcessGuid","#text":"dbf410b3-40b7-6719-6501-000000003900"},{"@Name":"ProcessId","#text":"872"},{"@Name":"Image","#text":"C:\\Windows\\System32\\conhost.exe"},{"@Name":"FileVersion","#text":"10.0.19041.4355 (WinBuild.160101.0800)"},{"@Name":"Description","#text":"Console Window Host"},{"@Name":"Product","#text":"Microsoft® Windows® Operating System"},{"@Name":"Company","#text":"Microsoft Corporation"},{"@Name":"OriginalFileName","#text":"CONHOST.EXE"},{"@Name":"CommandLine","#text":"\\??\\C:\\Windows\\system32\\conhost.exe 0xffffffff -ForceV1"},{"@Name":"CurrentDirectory","#text":"C:\\Windows"},{"@Name":"User","#text":"SERVER002\\admin_test"},{"@Name":"LogonGuid","#text":"dbf410b3-40ac-6719-0da5-130000000000"},{"@Name":"LogonId","#text":"0x13A50D"},{"@Name":"TerminalSessionId","#text":"0"},{"@Name":"IntegrityLevel","#text":"High"},{"@Name":"Hashes","#text":"SHA256=CC0A60CD15FA21E54615E46CD0F10CFBE86F496DC64D14B31D9F3B415D120EE1"},{"@Name":"ParentProcessGuid","#text":"dbf410b3-40b7-6719-6401-000000003900"},{"@Name":"ParentProcessId","#text":"1136"},{"@Name":"ParentImage","#text":"C:\\Windows\\System32\\cmd.exe"},{"@Name":"ParentCommandLine","#text":"\"C:\\Windows\\System32\\cmd.exe\" /c netsh advfirewall monitor show consec &gt;&gt; config\\WindowsFirewallConfig.txt"},{"@Name":"ParentUser","#text":"SERVER002\\admin_test"}]}}}
{"Event":{"System":{"Provider":{"@Name":"Microsoft-Windows-Sysmon","@Guid":"5770385f-c22a-43e0-bf4c-06f5698ffbd9"},"EventID":"1","Version":"5","Level":"4","Task":"1","Opcode":"0","Keywords":"0x8000000000000000","TimeCreated":{"@SystemTime":"2024-10-23 18:30:15.8546550"},"EventRecordID":"18282","Correlation":null,"Execution":{"@ProcessID":"3040","@ThreadID":"4824"},"Channel":"Microsoft-Windows-Sysmon/Operational","Computer":"Server002","Security":{"@UserID":"S-1-5-18"}},"EventData":{"Data":[{"@Name":"RuleName","#text":"-"},{"@Name":"UtcTime","#text":"2024-10-23 18:30:15.851"},{"@Name":"ProcessGuid","#text":"dbf410b3-40b7-6719-6601-000000003900"},{"@Name":"ProcessId","#text":"2928"},{"@Name":"Image","#text":"C:\\Windows\\System32\\netsh.exe"},{"@Name":"FileVersion","#text":"10.0.19041.1 (WinBuild.160101.0800)"},{"@Name":"Description","#text":"Network Command Shell"},{"@Name":"Product","#text":"Microsoft® Windows® Operating System"},{"@Name":"Company","#text":"Microsoft Corporation"},{"@Name":"OriginalFileName","#text":"netsh.exe"},{"@Name":"CommandLine","#text":"netsh  advfirewall monitor show consec "},{"@Name":"CurrentDirectory","#text":"C:\\Users\\ADMIN_~1\\AppData\\Local\\Temp\\"},{"@Name":"User","#text":"SERVER002\\admin_test"},{"@Name":"LogonGuid","#text":"dbf410b3-40ac-6719-0da5-130000000000"},{"@Name":"LogonId","#text":"0x13A50D"},{"@Name":"TerminalSessionId","#text":"0"},{"@Name":"IntegrityLevel","#text":"High"},{"@Name":"Hashes","#text":"SHA256=6B691B06FA865F52C9484EF4F10E2E02ED6D7C3A3F474B8B138A33AF7258B2A9"},{"@Name":"ParentProcessGuid","#text":"dbf410b3-40b7-6719-6401-000000003900"},{"@Name":"ParentProcessId","#text":"1136"},{"@Name":"ParentImage","#text":"C:\\Windows\\System32\\cmd.exe"},{"@Name":"ParentCommandLine","#text":"\"C:\\Windows\\System32\\cmd.exe\" /c netsh advfirewall monitor show consec &gt;&gt; config\\WindowsFirewallConfig.txt"},{"@Name":"ParentUser","#text":"SERVER002\\admin_test"}]}}}
{"Event":{"System":{"Provider":{"@Name":"Microsoft-Windows-Sysmon","@Guid":"5770385f-c22a-43e0-bf4c-06f5698ffbd9"},"EventID":"5","Version":"3","Level":"4","Task":"5","Opcode":"0","Keywords":"0x8000000000000000","TimeCreated":{"@SystemTime":"2024-10-23 18:30:15.9437696"},"EventRecordID":"18283","Correlation":null,"Execution":{"@ProcessID":"3040","@ThreadID":"4824"},"Channel":"Microsoft-Windows-Sysmon/Operational","Computer":"Server002","Security":{"@UserID":"S-1-5-18"}},"EventData":{"Data":[{"@Name":"RuleName","#text":"-"},{"@Name":"UtcTime","#text":"2024-10-23 18:30:15.932"},{"@Name":"ProcessGuid","#text":"dbf410b3-40b7-6719-6601-000000003900"},{"@Name":"ProcessId","#text":"2928"},{"@Name":"Image","#text":"C:\\Windows\\System32\\netsh.exe"},{"@Name":"User","#text":"SERVER002\\admin_test"}]}}}
{"Event":{"System":{"Provider":{"@Name":"Microsoft-Windows-Sysmon","@Guid":"5770385f-c22a-43e0-bf4c-06f5698ffbd9"},"EventID":"5","Version":"3","Level":"4","Task":"5","Opcode":"0","Keywords":"0x8000000000000000","TimeCreated":{"@SystemTime":"2024-10-23 18:30:15.9465665"},"EventRecordID":"18284","Correlation":null,"Execution":{"@ProcessID":"3040","@ThreadID":"4824"},"Channel":"Microsoft-Windows-Sysmon/Operational","Computer":"Server002","Security":{"@UserID":"S-1-5-18"}},"EventData":{"Data":[{"@Name":"RuleName","#text":"-"},{"@Name":"UtcTime","#text":"2024-10-23 18:30:15.932"},{"@Name":"ProcessGuid","#text":"dbf410b3-40b7-6719-6401-000000003900"},{"@Name":"ProcessId","#text":"1136"},{"@Name":"Image","#text":"C:\\Windows\\System32\\cmd.exe"},{"@Name":"User","#text":"SERVER002\\admin_test"}]}}}
{"Event":{"System":{"Provider":{"@Name":"Microsoft-Windows-Sysmon","@Guid":"5770385f-c22a-43e0-bf4c-06f5698ffbd9"},"EventID":"5","Version":"3","Level":"4","Task":"5","Opcode":"0","Keywords":"0x8000000000000000","TimeCreated":{"@SystemTime":"2024-10-23 18:30:15.9558243"},"EventRecordID":"18285","Correlation":null,"Execution":{"@ProcessID":"3040","@ThreadID":"4824"},"Channel":"Microsoft-Windows-Sysmon/Operational","Computer":"Server002","Security":{"@UserID":"S-1-5-18"}},"EventData":{"Data":[{"@Name":"RuleName","#text":"-"},{"@Name":"UtcTime","#text":"2024-10-23 18:30:15.932"},{"@Name":"ProcessGuid","#text":"dbf410b3-40b7-6719-6501-000000003900"},{"@Name":"ProcessId","#text":"872"},{"@Name":"Image","#text":"C:\\Windows\\System32\\conhost.exe"},{"@Name":"User","#text":"SERVER002\\admin_test"}]}}}
{"Event":{"System":{"Provider":{"@Name":"Microsoft-Windows-Sysmon","@Guid":"5770385f-c22a-43e0-bf4c-06f5698ffbd9"},"EventID":"1","Version":"5","Level":"4","Task":"1","Opcode":"0","Keywords":"0x8000000000000000","TimeCreated":{"@SystemTime":"2024-10-23 18:30:15.9806669"},"EventRecordID":"18286","Correlation":null,"Execution":{"@ProcessID":"3040","@ThreadID":"4824"},"Channel":"Microsoft-Windows-Sysmon/Operational","Computer":"Server002","Security":{"@UserID":"S-1-5-18"}},"EventData":{"Data":[{"@Name":"RuleName","#text":"-"},{"@Name":"UtcTime","#text":"2024-10-23 18:30:15.974"},{"@Name":"ProcessGuid","#text":"dbf410b3-40b7-6719-6701-000000003900"},{"@Name":"ProcessId","#text":"2556"},{"@Name":"Image","#text":"C:\\Windows\\System32\\cmd.exe"},{"@Name":"FileVersion","#text":"10.0.19041.4355 (WinBuild.160101.0800)"},{"@Name":"Description","#text":"Windows Command Processor"},{"@Name":"Product","#text":"Microsoft® Windows® Operating System"},{"@Name":"Company","#text":"Microsoft Corporation"},{"@Name":"OriginalFileName","#text":"Cmd.Exe"},{"@Name":"CommandLine","#text":"\"C:\\Windows\\System32\\cmd.exe\" /c echo Firewall Rules : &gt;&gt; config\\WindowsFirewallConfig.txt"},{"@Name":"CurrentDirectory","#text":"C:\\Users\\ADMIN_~1\\AppData\\Local\\Temp\\"},{"@Name":"User","#text":"SERVER002\\admin_test"},{"@Name":"LogonGuid","#text":"dbf410b3-40ac-6719-0da5-130000000000"},{"@Name":"LogonId","#text":"0x13A50D"},{"@Name":"TerminalSessionId","#text":"0"},{"@Name":"IntegrityLevel","#text":"High"},{"@Name":"Hashes","#text":"SHA256=BADF4752413CB0CBDC03FB95820CA167F0CDC63B597CCDB5EF43111180E088B0"},{"@Name":"ParentProcessGuid","#text":"dbf410b3-40b1-6719-cd00-000000003900"},{"@Name":"ParentProcessId","#text":"1944"},{"@Name":"ParentImage","#text":"C:\\Windows\\System32\\wscript.exe"},{"@Name":"ParentCommandLine","#text":"wscript.exe  C:\\Windows\\System32\\gatherNetworkInfo.vbs"},{"@Name":"ParentUser","#text":"SERVER002\\admin_test"}]}}}
{"Event":{"System":{"Provider":{"@Name":"Microsoft-Windows-Sysmon","@Guid":"5770385f-c22a-43e0-bf4c-06f5698ffbd9"},"EventID":"1","Version":"5","Level":"4","Task":"1","Opcode":"0","Keywords":"0x8000000000000000","TimeCreated":{"@SystemTime":"2024-10-23 18:30:15.9855555"},"EventRecordID":"18287","Correlation":null,"Execution":{"@ProcessID":"3040","@ThreadID":"4824"},"Channel":"Microsoft-Windows-Sysmon/Operational","Computer":"Server002","Security":{"@UserID":"S-1-5-18"}},"EventData":{"Data":[{"@Name":"RuleName","#text":"-"},{"@Name":"UtcTime","#text":"2024-10-23 18:30:15.982"},{"@Name":"ProcessGuid","#text":"dbf410b3-40b7-6719-6801-000000003900"},{"@Name":"ProcessId","#text":"2864"},{"@Name":"Image","#text":"C:\\Windows\\System32\\conhost.exe"},{"@Name":"FileVersion","#text":"10.0.19041.4355 (WinBuild.160101.0800)"},{"@Name":"Description","#text":"Console Window Host"},{"@Name":"Product","#text":"Microsoft® Windows® Operating System"},{"@Name":"Company","#text":"Microsoft Corporation"},{"@Name":"OriginalFileName","#text":"CONHOST.EXE"},{"@Name":"CommandLine","#text":"\\??\\C:\\Windows\\system32\\conhost.exe 0xffffffff -ForceV1"},{"@Name":"CurrentDirectory","#text":"C:\\Windows"},{"@Name":"User","#text":"SERVER002\\admin_test"},{"@Name":"LogonGuid","#text":"dbf410b3-40ac-6719-0da5-130000000000"},{"@Name":"LogonId","#text":"0x13A50D"},{"@Name":"TerminalSessionId","#text":"0"},{"@Name":"IntegrityLevel","#text":"High"},{"@Name":"Hashes","#text":"SHA256=CC0A60CD15FA21E54615E46CD0F10CFBE86F496DC64D14B31D9F3B415D120EE1"},{"@Name":"ParentProcessGuid","#text":"dbf410b3-40b7-6719-6701-000000003900"},{"@Name":"ParentProcessId","#text":"2556"},{"@Name":"ParentImage","#text":"C:\\Windows\\System32\\cmd.exe"},{"@Name":"ParentCommandLine","#text":"\"C:\\Windows\\System32\\cmd.exe\" /c echo Firewall Rules : &gt;&gt; config\\WindowsFirewallConfig.txt"},{"@Name":"ParentUser","#text":"SERVER002\\admin_test"}]}}}
{"Event":{"System":{"Provider":{"@Name":"Microsoft-Windows-Sysmon","@Guid":"5770385f-c22a-43e0-bf4c-06f5698ffbd9"},"EventID":"5","Version":"3","Level":"4","Task":"5","Opcode":"0","Keywords":"0x8000000000000000","TimeCreated":{"@SystemTime":"2024-10-23 18:30:16.0218085"},"EventRecordID":"18288","Correlation":null,"Execution":{"@ProcessID":"3040","@ThreadID":"4824"},"Channel":"Microsoft-Windows-Sysmon/Operational","Computer":"Server002","Security":{"@UserID":"S-1-5-18"}},"EventData":{"Data":[{"@Name":"RuleName","#text":"-"},{"@Name":"UtcTime","#text":"2024-10-23 18:30:16.012"},{"@Name":"ProcessGuid","#text":"dbf410b3-40b7-6719-6701-000000003900"},{"@Name":"ProcessId","#text":"2556"},{"@Name":"Image","#text":"C:\\Windows\\System32\\cmd.exe"},{"@Name":"User","#text":"SERVER002\\admin_test"}]}}}
{"Event":{"System":{"Provider":{"@Name":"Microsoft-Windows-Sysmon","@Guid":"5770385f-c22a-43e0-bf4c-06f5698ffbd9"},"EventID":"5","Version":"3","Level":"4","Task":"5","Opcode":"0","Keywords":"0x8000000000000000","TimeCreated":{"@SystemTime":"2024-10-23 18:30:16.0341252"},"EventRecordID":"18289","Correlation":null,"Execution":{"@ProcessID":"3040","@ThreadID":"4824"},"Channel":"Microsoft-Windows-Sysmon/Operational","Computer":"Server002","Security":{"@UserID":"S-1-5-18"}},"EventData":{"Data":[{"@Name":"RuleName","#text":"-"},{"@Name":"UtcTime","#text":"2024-10-23 18:30:16.029"},{"@Name":"ProcessGuid","#text":"dbf410b3-40b7-6719-6801-000000003900"},{"@Name":"ProcessId","#text":"2864"},{"@Name":"Image","#text":"C:\\Windows\\System32\\conhost.exe"},{"@Name":"User","#text":"SERVER002\\admin_test"}]}}}
{"Event":{"System":{"Provider":{"@Name":"Microsoft-Windows-Sysmon","@Guid":"5770385f-c22a-43e0-bf4c-06f5698ffbd9"},"EventID":"1","Version":"5","Level":"4","Task":"1","Opcode":"0","Keywords":"0x8000000000000000","TimeCreated":{"@SystemTime":"2024-10-23 18:30:16.0505535"},"EventRecordID":"18290","Correlation":null,"Execution":{"@ProcessID":"3040","@ThreadID":"4824"},"Channel":"Microsoft-Windows-Sysmon/Operational","Computer":"Server002","Security":{"@UserID":"S-1-5-18"}},"EventData":{"Data":[{"@Name":"RuleName","#text":"-"},{"@Name":"UtcTime","#text":"2024-10-23 18:30:16.047"},{"@Name":"ProcessGuid","#text":"dbf410b3-40b8-6719-6901-000000003900"},{"@Name":"ProcessId","#text":"4616"},{"@Name":"Image","#text":"C:\\Windows\\System32\\cmd.exe"},{"@Name":"FileVersion","#text":"10.0.19041.4355 (WinBuild.160101.0800)"},{"@Name":"Description","#text":"Windows Command Processor"},{"@Name":"Product","#text":"Microsoft® Windows® Operating System"},{"@Name":"Company","#text":"Microsoft Corporation"},{"@Name":"OriginalFileName","#text":"Cmd.Exe"},{"@Name":"CommandLine","#text":"\"C:\\Windows\\System32\\cmd.exe\" /c echo ------------------------------------------------------------------------ &gt;&gt; config\\WindowsFirewallConfig.txt"},{"@Name":"CurrentDirectory","#text":"C:\\Users\\ADMIN_~1\\AppData\\Local\\Temp\\"},{"@Name":"User","#text":"SERVER002\\admin_test"},{"@Name":"LogonGuid","#text":"dbf410b3-40ac-6719-0da5-130000000000"},{"@Name":"LogonId","#text":"0x13A50D"},{"@Name":"TerminalSessionId","#text":"0"},{"@Name":"IntegrityLevel","#text":"High"},{"@Name":"Hashes","#text":"SHA256=BADF4752413CB0CBDC03FB95820CA167F0CDC63B597CCDB5EF43111180E088B0"},{"@Name":"ParentProcessGuid","#text":"dbf410b3-40b1-6719-cd00-000000003900"},{"@Name":"ParentProcessId","#text":"1944"},{"@Name":"ParentImage","#text":"C:\\Windows\\System32\\wscript.exe"},{"@Name":"ParentCommandLine","#text":"wscript.exe  C:\\Windows\\System32\\gatherNetworkInfo.vbs"},{"@Name":"ParentUser","#text":"SERVER002\\admin_test"}]}}}
{"Event":{"System":{"Provider":{"@Name":"Microsoft-Windows-Sysmon","@Guid":"5770385f-c22a-43e0-bf4c-06f5698ffbd9"},"EventID":"1","Version":"5","Level":"4","Task":"1","Opcode":"0","Keywords":"0x8000000000000000","TimeCreated":{"@SystemTime":"2024-10-23 18:30:16.0543679"},"EventRecordID":"18291","Correlation":null,"Execution":{"@ProcessID":"3040","@ThreadID":"4824"},"Channel":"Microsoft-Windows-Sysmon/Operational","Computer":"Server002","Security":{"@UserID":"S-1-5-18"}},"EventData":{"Data":[{"@Name":"RuleName","#text":"-"},{"@Name":"UtcTime","#text":"2024-10-23 18:30:16.051"},{"@Name":"ProcessGuid","#text":"dbf410b3-40b8-6719-6a01-000000003900"},{"@Name":"ProcessId","#text":"6100"},{"@Name":"Image","#text":"C:\\Windows\\System32\\conhost.exe"},{"@Name":"FileVersion","#text":"10.0.19041.4355 (WinBuild.160101.0800)"},{"@Name":"Description","#text":"Console Window Host"},{"@Name":"Product","#text":"Microsoft® Windows® Operating System"},{"@Name":"Company","#text":"Microsoft Corporation"},{"@Name":"OriginalFileName","#text":"CONHOST.EXE"},{"@Name":"CommandLine","#text":"\\??\\C:\\Windows\\system32\\conhost.exe 0xffffffff -ForceV1"},{"@Name":"CurrentDirectory","#text":"C:\\Windows"},{"@Name":"User","#text":"SERVER002\\admin_test"},{"@Name":"LogonGuid","#text":"dbf410b3-40ac-6719-0da5-130000000000"},{"@Name":"LogonId","#text":"0x13A50D"},{"@Name":"TerminalSessionId","#text":"0"},{"@Name":"IntegrityLevel","#text":"High"},{"@Name":"Hashes","#text":"SHA256=CC0A60CD15FA21E54615E46CD0F10CFBE86F496DC64D14B31D9F3B415D120EE1"},{"@Name":"ParentProcessGuid","#text":"dbf410b3-40b8-6719-6901-000000003900"},{"@Name":"ParentProcessId","#text":"4616"},{"@Name":"ParentImage","#text":"C:\\Windows\\System32\\cmd.exe"},{"@Name":"ParentCommandLine","#text":"\"C:\\Windows\\System32\\cmd.exe\" /c echo ------------------------------------------------------------------------ &gt;&gt; config\\WindowsFirewallConfig.txt"},{"@Name":"ParentUser","#text":"SERVER002\\admin_test"}]}}}
{"Event":{"System":{"Provider":{"@Name":"Microsoft-Windows-Sysmon","@Guid":"5770385f-c22a-43e0-bf4c-06f5698ffbd9"},"EventID":"5","Version":"3","Level":"4","Task":"5","Opcode":"0","Keywords":"0x8000000000000000","TimeCreated":{"@SystemTime":"2024-10-23 18:30:16.0934000"},"EventRecordID":"18292","Correlation":null,"Execution":{"@ProcessID":"3040","@ThreadID":"4824"},"Channel":"Microsoft-Windows-Sysmon/Operational","Computer":"Server002","Security":{"@UserID":"S-1-5-18"}},"EventData":{"Data":[{"@Name":"RuleName","#text":"-"},{"@Name":"UtcTime","#text":"2024-10-23 18:30:16.088"},{"@Name":"ProcessGuid","#text":"dbf410b3-40b8-6719-6901-000000003900"},{"@Name":"ProcessId","#text":"4616"},{"@Name":"Image","#text":"C:\\Windows\\System32\\cmd.exe"},{"@Name":"User","#text":"SERVER002\\admin_test"}]}}}
{"Event":{"System":{"Provider":{"@Name":"Microsoft-Windows-Sysmon","@Guid":"5770385f-c22a-43e0-bf4c-06f5698ffbd9"},"EventID":"5","Version":"3","Level":"4","Task":"5","Opcode":"0","Keywords":"0x8000000000000000","TimeCreated":{"@SystemTime":"2024-10-23 18:30:16.1019924"},"EventRecordID":"18293","Correlation":null,"Execution":{"@ProcessID":"3040","@ThreadID":"4824"},"Channel":"Microsoft-Windows-Sysmon/Operational","Computer":"Server002","Security":{"@UserID":"S-1-5-18"}},"EventData":{"Data":[{"@Name":"RuleName","#text":"-"},{"@Name":"UtcTime","#text":"2024-10-23 18:30:16.088"},{"@Name":"ProcessGuid","#text":"dbf410b3-40b8-6719-6a01-000000003900"},{"@Name":"ProcessId","#text":"6100"},{"@Name":"Image","#text":"C:\\Windows\\System32\\conhost.exe"},{"@Name":"User","#text":"SERVER002\\admin_test"}]}}}
{"Event":{"System":{"Provider":{"@Name":"Microsoft-Windows-Sysmon","@Guid":"5770385f-c22a-43e0-bf4c-06f5698ffbd9"},"EventID":"1","Version":"5","Level":"4","Task":"1","Opcode":"0","Keywords":"0x8000000000000000","TimeCreated":{"@SystemTime":"2024-10-23 18:30:16.1261689"},"EventRecordID":"18294","Correlation":null,"Execution":{"@ProcessID":"3040","@ThreadID":"4824"},"Channel":"Microsoft-Windows-Sysmon/Operational","Computer":"Server002","Security":{"@UserID":"S-1-5-18"}},"EventData":{"Data":[{"@Name":"RuleName","#text":"-"},{"@Name":"UtcTime","#text":"2024-10-23 18:30:16.119"},{"@Name":"ProcessGuid","#text":"dbf410b3-40b8-6719-6b01-000000003900"},{"@Name":"ProcessId","#text":"3208"},{"@Name":"Image","#text":"C:\\Windows\\System32\\cmd.exe"},{"@Name":"FileVersion","#text":"10.0.19041.4355 (WinBuild.160101.0800)"},{"@Name":"Description","#text":"Windows Command Processor"},{"@Name":"Product","#text":"Microsoft® Windows® Operating System"},{"@Name":"Company","#text":"Microsoft Corporation"},{"@Name":"OriginalFileName","#text":"Cmd.Exe"},{"@Name":"CommandLine","#text":"\"C:\\Windows\\System32\\cmd.exe\" /c netsh advfirewall firewall show rule name=all verbose &gt;&gt; config\\WindowsFirewallConfig.txt"},{"@Name":"CurrentDirectory","#text":"C:\\Users\\ADMIN_~1\\AppData\\Local\\Temp\\"},{"@Name":"User","#text":"SERVER002\\admin_test"},{"@Name":"LogonGuid","#text":"dbf410b3-40ac-6719-0da5-130000000000"},{"@Name":"LogonId","#text":"0x13A50D"},{"@Name":"TerminalSessionId","#text":"0"},{"@Name":"IntegrityLevel","#text":"High"},{"@Name":"Hashes","#text":"SHA256=BADF4752413CB0CBDC03FB95820CA167F0CDC63B597CCDB5EF43111180E088B0"},{"@Name":"ParentProcessGuid","#text":"dbf410b3-40b1-6719-cd00-000000003900"},{"@Name":"ParentProcessId","#text":"1944"},{"@Name":"ParentImage","#text":"C:\\Windows\\System32\\wscript.exe"},{"@Name":"ParentCommandLine","#text":"wscript.exe  C:\\Windows\\System32\\gatherNetworkInfo.vbs"},{"@Name":"ParentUser","#text":"SERVER002\\admin_test"}]}}}
{"Event":{"System":{"Provider":{"@Name":"Microsoft-Windows-Sysmon","@Guid":"5770385f-c22a-43e0-bf4c-06f5698ffbd9"},"EventID":"1","Version":"5","Level":"4","Task":"1","Opcode":"0","Keywords":"0x8000000000000000","TimeCreated":{"@SystemTime":"2024-10-23 18:30:16.1308392"},"EventRecordID":"18295","Correlation":null,"Execution":{"@ProcessID":"3040","@ThreadID":"4824"},"Channel":"Microsoft-Windows-Sysmon/Operational","Computer":"Server002","Security":{"@UserID":"S-1-5-18"}},"EventData":{"Data":[{"@Name":"RuleName","#text":"-"},{"@Name":"UtcTime","#text":"2024-10-23 18:30:16.127"},{"@Name":"ProcessGuid","#text":"dbf410b3-40b8-6719-6c01-000000003900"},{"@Name":"ProcessId","#text":"3784"},{"@Name":"Image","#text":"C:\\Windows\\System32\\conhost.exe"},{"@Name":"FileVersion","#text":"10.0.19041.4355 (WinBuild.160101.0800)"},{"@Name":"Description","#text":"Console Window Host"},{"@Name":"Product","#text":"Microsoft® Windows® Operating System"},{"@Name":"Company","#text":"Microsoft Corporation"},{"@Name":"OriginalFileName","#text":"CONHOST.EXE"},{"@Name":"CommandLine","#text":"\\??\\C:\\Windows\\system32\\conhost.exe 0xffffffff -ForceV1"},{"@Name":"CurrentDirectory","#text":"C:\\Windows"},{"@Name":"User","#text":"SERVER002\\admin_test"},{"@Name":"LogonGuid","#text":"dbf410b3-40ac-6719-0da5-130000000000"},{"@Name":"LogonId","#text":"0x13A50D"},{"@Name":"TerminalSessionId","#text":"0"},{"@Name":"IntegrityLevel","#text":"High"},{"@Name":"Hashes","#text":"SHA256=CC0A60CD15FA21E54615E46CD0F10CFBE86F496DC64D14B31D9F3B415D120EE1"},{"@Name":"ParentProcessGuid","#text":"dbf410b3-40b8-6719-6b01-000000003900"},{"@Name":"ParentProcessId","#text":"3208"},{"@Name":"ParentImage","#text":"C:\\Windows\\System32\\cmd.exe"},{"@Name":"ParentCommandLine","#text":"\"C:\\Windows\\System32\\cmd.exe\" /c netsh advfirewall firewall show rule name=all verbose &gt;&gt; config\\WindowsFirewallConfig.txt"},{"@Name":"ParentUser","#text":"SERVER002\\admin_test"}]}}}
{"Event":{"System":{"Provider":{"@Name":"Microsoft-Windows-Sysmon","@Guid":"5770385f-c22a-43e0-bf4c-06f5698ffbd9"},"EventID":"1","Version":"5","Level":"4","Task":"1","Opcode":"0","Keywords":"0x8000000000000000","TimeCreated":{"@SystemTime":"2024-10-23 18:30:16.1691096"},"EventRecordID":"18296","Correlation":null,"Execution":{"@ProcessID":"3040","@ThreadID":"4824"},"Channel":"Microsoft-Windows-Sysmon/Operational","Computer":"Server002","Security":{"@UserID":"S-1-5-18"}},"EventData":{"Data":[{"@Name":"RuleName","#text":"-"},{"@Name":"UtcTime","#text":"2024-10-23 18:30:16.166"},{"@Name":"ProcessGuid","#text":"dbf410b3-40b8-6719-6d01-000000003900"},{"@Name":"ProcessId","#text":"1100"},{"@Name":"Image","#text":"C:\\Windows\\System32\\netsh.exe"},{"@Name":"FileVersion","#text":"10.0.19041.1 (WinBuild.160101.0800)"},{"@Name":"Description","#text":"Network Command Shell"},{"@Name":"Product","#text":"Microsoft® Windows® Operating System"},{"@Name":"Company","#text":"Microsoft Corporation"},{"@Name":"OriginalFileName","#text":"netsh.exe"},{"@Name":"CommandLine","#text":"netsh  advfirewall firewall show rule name=all verbose "},{"@Name":"CurrentDirectory","#text":"C:\\Users\\ADMIN_~1\\AppData\\Local\\Temp\\"},{"@Name":"User","#text":"SERVER002\\admin_test"},{"@Name":"LogonGuid","#text":"dbf410b3-40ac-6719-0da5-130000000000"},{"@Name":"LogonId","#text":"0x13A50D"},{"@Name":"TerminalSessionId","#text":"0"},{"@Name":"IntegrityLevel","#text":"High"},{"@Name":"Hashes","#text":"SHA256=6B691B06FA865F52C9484EF4F10E2E02ED6D7C3A3F474B8B138A33AF7258B2A9"},{"@Name":"ParentProcessGuid","#text":"dbf410b3-40b8-6719-6b01-000000003900"},{"@Name":"ParentProcessId","#text":"3208"},{"@Name":"ParentImage","#text":"C:\\Windows\\System32\\cmd.exe"},{"@Name":"ParentCommandLine","#text":"\"C:\\Windows\\System32\\cmd.exe\" /c netsh advfirewall firewall show rule name=all verbose &gt;&gt; config\\WindowsFirewallConfig.txt"},{"@Name":"ParentUser","#text":"SERVER002\\admin_test"}]}}}
{"Event":{"System":{"Provider":{"@Name":"Microsoft-Windows-Sysmon","@Guid":"5770385f-c22a-43e0-bf4c-06f5698ffbd9"},"EventID":"5","Version":"3","Level":"4","Task":"5","Opcode":"0","Keywords":"0x8000000000000000","TimeCreated":{"@SystemTime":"2024-10-23 18:30:20.7278766"},"EventRecordID":"18297","Correlation":null,"Execution":{"@ProcessID":"3040","@ThreadID":"4824"},"Channel":"Microsoft-Windows-Sysmon/Operational","Computer":"Server002","Security":{"@UserID":"S-1-5-18"}},"EventData":{"Data":[{"@Name":"RuleName","#text":"-"},{"@Name":"UtcTime","#text":"2024-10-23 18:30:20.709"},{"@Name":"ProcessGuid","#text":"dbf410b3-40b8-6719-6d01-000000003900"},{"@Name":"ProcessId","#text":"1100"},{"@Name":"Image","#text":"C:\\Windows\\System32\\netsh.exe"},{"@Name":"User","#text":"SERVER002\\admin_test"}]}}}
{"Event":{"System":{"Provider":{"@Name":"Microsoft-Windows-Sysmon","@Guid":"5770385f-c22a-43e0-bf4c-06f5698ffbd9"},"EventID":"5","Version":"3","Level":"4","Task":"5","Opcode":"0","Keywords":"0x8000000000000000","TimeCreated":{"@SystemTime":"2024-10-23 18:30:20.7329557"},"EventRecordID":"18298","Correlation":null,"Execution":{"@ProcessID":"3040","@ThreadID":"4824"},"Channel":"Microsoft-Windows-Sysmon/Operational","Computer":"Server002","Security":{"@UserID":"S-1-5-18"}},"EventData":{"Data":[{"@Name":"RuleName","#text":"-"},{"@Name":"UtcTime","#text":"2024-10-23 18:30:20.729"},{"@Name":"ProcessGuid","#text":"dbf410b3-40b8-6719-6b01-000000003900"},{"@Name":"ProcessId","#text":"3208"},{"@Name":"Image","#text":"C:\\Windows\\System32\\cmd.exe"},{"@Name":"User","#text":"SERVER002\\admin_test"}]}}}
{"Event":{"System":{"Provider":{"@Name":"Microsoft-Windows-Sysmon","@Guid":"5770385f-c22a-43e0-bf4c-06f5698ffbd9"},"EventID":"5","Version":"3","Level":"4","Task":"5","Opcode":"0","Keywords":"0x8000000000000000","TimeCreated":{"@SystemTime":"2024-10-23 18:30:20.7408762"},"EventRecordID":"18299","Correlation":null,"Execution":{"@ProcessID":"3040","@ThreadID":"4824"},"Channel":"Microsoft-Windows-Sysmon/Operational","Computer":"Server002","Security":{"@UserID":"S-1-5-18"}},"EventData":{"Data":[{"@Name":"RuleName","#text":"-"},{"@Name":"UtcTime","#text":"2024-10-23 18:30:20.729"},{"@Name":"ProcessGuid","#text":"dbf410b3-40b8-6719-6c01-000000003900"},{"@Name":"ProcessId","#text":"3784"},{"@Name":"Image","#text":"C:\\Windows\\System32\\conhost.exe"},{"@Name":"User","#text":"SERVER002\\admin_test"}]}}}
{"Event":{"System":{"Provider":{"@Name":"Microsoft-Windows-Sysmon","@Guid":"5770385f-c22a-43e0-bf4c-06f5698ffbd9"},"EventID":"1","Version":"5","Level":"4","Task":"1","Opcode":"0","Keywords":"0x8000000000000000","TimeCreated":{"@SystemTime":"2024-10-23 18:30:20.7720462"},"EventRecordID":"18300","Correlation":null,"Execution":{"@ProcessID":"3040","@ThreadID":"4824"},"Channel":"Microsoft-Windows-Sysmon/Operational","Computer":"Server002","Security":{"@UserID":"S-1-5-18"}},"EventData":{"Data":[{"@Name":"RuleName","#text":"-"},{"@Name":"UtcTime","#text":"2024-10-23 18:30:20.765"},{"@Name":"ProcessGuid","#text":"dbf410b3-40bc-6719-6e01-000000003900"},{"@Name":"ProcessId","#text":"1032"},{"@Name":"Image","#text":"C:\\Windows\\System32\\cmd.exe"},{"@Name":"FileVersion","#text":"10.0.19041.4355 (WinBuild.160101.0800)"},{"@Name":"Description","#text":"Windows Command Processor"},{"@Name":"Product","#text":"Microsoft® Windows® Operating System"},{"@Name":"Company","#text":"Microsoft Corporation"},{"@Name":"OriginalFileName","#text":"Cmd.Exe"},{"@Name":"CommandLine","#text":"\"C:\\Windows\\System32\\cmd.exe\" /c echo Connection Security  Rules : &gt;&gt; config\\WindowsFirewallConfig.txt"},{"@Name":"CurrentDirectory","#text":"C:\\Users\\ADMIN_~1\\AppData\\Local\\Temp\\"},{"@Name":"User","#text":"SERVER002\\admin_test"},{"@Name":"LogonGuid","#text":"dbf410b3-40ac-6719-0da5-130000000000"},{"@Name":"LogonId","#text":"0x13A50D"},{"@Name":"TerminalSessionId","#text":"0"},{"@Name":"IntegrityLevel","#text":"High"},{"@Name":"Hashes","#text":"SHA256=BADF4752413CB0CBDC03FB95820CA167F0CDC63B597CCDB5EF43111180E088B0"},{"@Name":"ParentProcessGuid","#text":"dbf410b3-40b1-6719-cd00-000000003900"},{"@Name":"ParentProcessId","#text":"1944"},{"@Name":"ParentImage","#text":"C:\\Windows\\System32\\wscript.exe"},{"@Name":"ParentCommandLine","#text":"wscript.exe  C:\\Windows\\System32\\gatherNetworkInfo.vbs"},{"@Name":"ParentUser","#text":"SERVER002\\admin_test"}]}}}
{"Event":{"System":{"Provider":{"@Name":"Microsoft-Windows-Sysmon","@Guid":"5770385f-c22a-43e0-bf4c-06f5698ffbd9"},"EventID":"1","Version":"5","Level":"4","Task":"1","Opcode":"0","Keywords":"0x8000000000000000","TimeCreated":{"@SystemTime":"2024-10-23 18:30:20.7769154"},"EventRecordID":"18301","Correlation":null,"Execution":{"@ProcessID":"3040","@ThreadID":"4824"},"Channel":"Microsoft-Windows-Sysmon/Operational","Computer":"Server002","Security":{"@UserID":"S-1-5-18"}},"EventData":{"Data":[{"@Name":"RuleName","#text":"-"},{"@Name":"UtcTime","#text":"2024-10-23 18:30:20.773"},{"@Name":"ProcessGuid","#text":"dbf410b3-40bc-6719-6f01-000000003900"},{"@Name":"ProcessId","#text":"3404"},{"@Name":"Image","#text":"C:\\Windows\\System32\\conhost.exe"},{"@Name":"FileVersion","#text":"10.0.19041.4355 (WinBuild.160101.0800)"},{"@Name":"Description","#text":"Console Window Host"},{"@Name":"Product","#text":"Microsoft® Windows® Operating System"},{"@Name":"Company","#text":"Microsoft Corporation"},{"@Name":"OriginalFileName","#text":"CONHOST.EXE"},{"@Name":"CommandLine","#text":"\\??\\C:\\Windows\\system32\\conhost.exe 0xffffffff -ForceV1"},{"@Name":"CurrentDirectory","#text":"C:\\Windows"},{"@Name":"User","#text":"SERVER002\\admin_test"},{"@Name":"LogonGuid","#text":"dbf410b3-40ac-6719-0da5-130000000000"},{"@Name":"LogonId","#text":"0x13A50D"},{"@Name":"TerminalSessionId","#text":"0"},{"@Name":"IntegrityLevel","#text":"High"},{"@Name":"Hashes","#text":"SHA256=CC0A60CD15FA21E54615E46CD0F10CFBE86F496DC64D14B31D9F3B415D120EE1"},{"@Name":"ParentProcessGuid","#text":"dbf410b3-40bc-6719-6e01-000000003900"},{"@Name":"ParentProcessId","#text":"1032"},{"@Name":"ParentImage","#text":"C:\\Windows\\System32\\cmd.exe"},{"@Name":"ParentCommandLine","#text":"\"C:\\Windows\\System32\\cmd.exe\" /c echo Connection Security  Rules : &gt;&gt; config\\WindowsFirewallConfig.txt"},{"@Name":"ParentUser","#text":"SERVER002\\admin_test"}]}}}
{"Event":{"System":{"Provider":{"@Name":"Microsoft-Windows-Sysmon","@Guid":"5770385f-c22a-43e0-bf4c-06f5698ffbd9"},"EventID":"5","Version":"3","Level":"4","Task":"5","Opcode":"0","Keywords":"0x8000000000000000","TimeCreated":{"@SystemTime":"2024-10-23 18:30:20.8152711"},"EventRecordID":"18302","Correlation":null,"Execution":{"@ProcessID":"3040","@ThreadID":"4824"},"Channel":"Microsoft-Windows-Sysmon/Operational","Computer":"Server002","Security":{"@UserID":"S-1-5-18"}},"EventData":{"Data":[{"@Name":"RuleName","#text":"-"},{"@Name":"UtcTime","#text":"2024-10-23 18:30:20.812"},{"@Name":"ProcessGuid","#text":"dbf410b3-40bc-6719-6e01-000000003900"},{"@Name":"ProcessId","#text":"1032"},{"@Name":"Image","#text":"C:\\Windows\\System32\\cmd.exe"},{"@Name":"User","#text":"SERVER002\\admin_test"}]}}}
{"Event":{"System":{"Provider":{"@Name":"Microsoft-Windows-Sysmon","@Guid":"5770385f-c22a-43e0-bf4c-06f5698ffbd9"},"EventID":"5","Version":"3","Level":"4","Task":"5","Opcode":"0","Keywords":"0x8000000000000000","TimeCreated":{"@SystemTime":"2024-10-23 18:30:20.8281353"},"EventRecordID":"18303","Correlation":null,"Execution":{"@ProcessID":"3040","@ThreadID":"4824"},"Channel":"Microsoft-Windows-Sysmon/Operational","Computer":"Server002","Security":{"@UserID":"S-1-5-18"}},"EventData":{"Data":[{"@Name":"RuleName","#text":"-"},{"@Name":"UtcTime","#text":"2024-10-23 18:30:20.812"},{"@Name":"ProcessGuid","#text":"dbf410b3-40bc-6719-6f01-000000003900"},{"@Name":"ProcessId","#text":"3404"},{"@Name":"Image","#text":"C:\\Windows\\System32\\conhost.exe"},{"@Name":"User","#text":"SERVER002\\admin_test"}]}}}
